17:06:50|order:array (
  'id' => 164,
  'order_sn' => '281061678480425901301',
  'trade_no' => '',
  'uid' => 13,
  'order_status' => 10,
  'shipping_status' => 0,
  'pay_status' => 0,
  'consignee' => '陈鹏威',
  'country' => 1,
  'province' => 440000,
  'city' => 110100,
  'district' => 110111,
  'address' => '广东省市辖区房山区祈福新邨C区10栋4A',
  'mobile' => '13826123474',
  'postscript' => '暂无留言',
  'shipping_fee' => '0.00',
  'pay_name' => '微信支付',
  'pay_id' => 1,
  'actual_price' => '0.01',
  'integral' => 0,
  'integral_money' => '0.00',
  'order_price' => '0.01',
  'goods_price' => '0.01',
  'add_time' => '2019-07-18 17:06:44',
  'confirm_time' => '1970-01-01 08:00:01',
  'pay_time' => 0,
  'freight_price' => 0,
  'coupon_id' => 0,
  'parent_id' => 0,
  'coupon_price' => '0.00',
  'callback_status' => 0,
  'shop_id' => 18,
  'created_at' => '2019-07-18 17:06:44',
  'updated_at' => '2019-07-18 17:06:44',
  'bargain_id' => 0,
  'refund_number' => '',
  'refund_desc' => '',
  'is_new' => 0,
)  result:array (
  'return_code' => 'SUCCESS',
  'return_msg' => 'OK',
  'appid' => 'wx6be14b9c1bbe7bc0',
  'mch_id' => '1543596541',
  'nonce_str' => 'VU0Xy5djtkXL4y0b',
  'sign' => '6771F5AD2125827B43ECFEF1563B652D',
  'result_code' => 'SUCCESS',
  'prepay_id' => 'wx18170650502876b5a5a06ca21448910300',
  'trade_type' => 'JSAPI',
)
| GET:array (
  'order_id' => '164',
  'user_id' => '13',
  'code' => '043odep51GjDjS1m2Wn51Jwfp51odepO',
  'rawData' => '{"nickName":"叫我‘銘睿’可好","gender":1,"language":"zh_CN","city":"Guangzhou","province":"Guangdong","country":"China","avatarUrl":"https://wx.qlogo.cn/mmopen/vi_32/ZdHZ8vlDjCrn6x3YMx7sUicabLQoKj54A6eoicuxxL9KAKuXT4NoFA0RESlPLficA4gcUytKdf6UotlF1hCQLcO3Q/132"}',
)
17:15:28|order:array (
  'id' => 165,
  'order_sn' => '243061678532737701301',
  'trade_no' => '',
  'uid' => 13,
  'order_status' => 10,
  'shipping_status' => 0,
  'pay_status' => 0,
  'consignee' => '陈鹏威',
  'country' => 1,
  'province' => 440000,
  'city' => 110100,
  'district' => 110111,
  'address' => '广东省市辖区房山区祈福新邨C区10栋4A',
  'mobile' => '13826123474',
  'postscript' => '暂无留言',
  'shipping_fee' => '0.00',
  'pay_name' => '微信支付',
  'pay_id' => 1,
  'actual_price' => '0.01',
  'integral' => 0,
  'integral_money' => '0.00',
  'order_price' => '0.01',
  'goods_price' => '0.01',
  'add_time' => '2019-07-18 17:15:27',
  'confirm_time' => '1970-01-01 08:00:01',
  'pay_time' => 0,
  'freight_price' => 0,
  'coupon_id' => 0,
  'parent_id' => 0,
  'coupon_price' => '0.00',
  'callback_status' => 0,
  'shop_id' => 18,
  'created_at' => '2019-07-18 17:15:27',
  'updated_at' => '2019-07-18 17:15:27',
  'bargain_id' => 0,
  'refund_number' => '',
  'refund_desc' => '',
  'is_new' => 0,
)  result:array (
  'return_code' => 'SUCCESS',
  'return_msg' => 'OK',
  'appid' => 'wx6be14b9c1bbe7bc0',
  'mch_id' => '1543596541',
  'nonce_str' => 'hvXWTY0IQ6pJKQUY',
  'sign' => '800A670474709E88448CF8B4DCEB63A2',
  'result_code' => 'SUCCESS',
  'prepay_id' => 'wx1817152870634010122493381285590700',
  'trade_type' => 'JSAPI',
)
| GET:array (
  'order_id' => '165',
  'user_id' => '13',
  'code' => '043odep51GjDjS1m2Wn51Jwfp51odepO',
  'rawData' => '{"nickName":"叫我‘銘睿’可好","gender":1,"language":"zh_CN","city":"Guangzhou","province":"Guangdong","country":"China","avatarUrl":"https://wx.qlogo.cn/mmopen/vi_32/ZdHZ8vlDjCrn6x3YMx7sUicabLQoKj54A6eoicuxxL9KAKuXT4NoFA0RESlPLficA4gcUytKdf6UotlF1hCQLcO3Q/132"}',
)
17:17:26|order:array (
  'id' => 166,
  'order_sn' => '221061678544529701301',
  'trade_no' => '',
  'uid' => 13,
  'order_status' => 10,
  'shipping_status' => 0,
  'pay_status' => 0,
  'consignee' => '陈鹏威',
  'country' => 1,
  'province' => 440000,
  'city' => 110100,
  'district' => 110111,
  'address' => '广东省市辖区房山区祈福新邨C区10栋4A',
  'mobile' => '13826123474',
  'postscript' => '暂无留言',
  'shipping_fee' => '0.00',
  'pay_name' => '微信支付',
  'pay_id' => 1,
  'actual_price' => '0.01',
  'integral' => 0,
  'integral_money' => '0.00',
  'order_price' => '0.01',
  'goods_price' => '0.01',
  'add_time' => '2019-07-18 17:17:25',
  'confirm_time' => '1970-01-01 08:00:01',
  'pay_time' => 0,
  'freight_price' => 0,
  'coupon_id' => 0,
  'parent_id' => 0,
  'coupon_price' => '0.00',
  'callback_status' => 0,
  'shop_id' => 18,
  'created_at' => '2019-07-18 17:17:25',
  'updated_at' => '2019-07-18 17:17:25',
  'bargain_id' => 0,
  'refund_number' => '',
  'refund_desc' => '',
  'is_new' => 0,
)  result:array (
  'return_code' => 'SUCCESS',
  'return_msg' => 'OK',
  'appid' => 'wx6be14b9c1bbe7bc0',
  'mch_id' => '1543596541',
  'nonce_str' => 'NbUfFRSOu5mTsnG4',
  'sign' => '812E4291F939461CE7036592E9C8F9B3',
  'result_code' => 'SUCCESS',
  'prepay_id' => 'wx18171726476860044ae921571525693500',
  'trade_type' => 'JSAPI',
)
| GET:array (
  'order_id' => '166',
  'user_id' => '13',
  'code' => '043odep51GjDjS1m2Wn51Jwfp51odepO',
  'rawData' => '{"nickName":"叫我‘銘睿’可好","gender":1,"language":"zh_CN","city":"Guangzhou","province":"Guangdong","country":"China","avatarUrl":"https://wx.qlogo.cn/mmopen/vi_32/ZdHZ8vlDjCrn6x3YMx7sUicabLQoKj54A6eoicuxxL9KAKuXT4NoFA0RESlPLficA4gcUytKdf6UotlF1hCQLcO3Q/132"}',
)
17:17:44|order:array (
  'id' => 167,
  'order_sn' => '260061678546275801301',
  'trade_no' => '',
  'uid' => 13,
  'order_status' => 10,
  'shipping_status' => 0,
  'pay_status' => 0,
  'consignee' => '陈鹏威',
  'country' => 1,
  'province' => 440000,
  'city' => 110100,
  'district' => 110111,
  'address' => '广东省市辖区房山区祈福新邨C区10栋4A',
  'mobile' => '13826123474',
  'postscript' => '暂无留言',
  'shipping_fee' => '0.00',
  'pay_name' => '微信支付',
  'pay_id' => 1,
  'actual_price' => '0.01',
  'integral' => 0,
  'integral_money' => '0.00',
  'order_price' => '0.01',
  'goods_price' => '0.01',
  'add_time' => '2019-07-18 17:17:42',
  'confirm_time' => '1970-01-01 08:00:01',
  'pay_time' => 0,
  'freight_price' => 0,
  'coupon_id' => 0,
  'parent_id' => 0,
  'coupon_price' => '0.00',
  'callback_status' => 0,
  'shop_id' => 18,
  'created_at' => '2019-07-18 17:17:42',
  'updated_at' => '2019-07-18 17:17:42',
  'bargain_id' => 0,
  'refund_number' => '',
  'refund_desc' => '',
  'is_new' => 0,
)  result:array (
  'return_code' => 'SUCCESS',
  'return_msg' => 'OK',
  'appid' => 'wx6be14b9c1bbe7bc0',
  'mch_id' => '1543596541',
  'nonce_str' => 'RgRypy2zVZDcSEap',
  'sign' => '942535618B3E7410674462EC8CBB93A5',
  'result_code' => 'SUCCESS',
  'prepay_id' => 'wx18171744117679956e6bf3f01848555800',
  'trade_type' => 'JSAPI',
)
| GET:array (
  'order_id' => '167',
  'user_id' => '13',
  'code' => '043odep51GjDjS1m2Wn51Jwfp51odepO',
  'rawData' => '{"nickName":"叫我‘銘睿’可好","gender":1,"language":"zh_CN","city":"Guangzhou","province":"Guangdong","country":"China","avatarUrl":"https://wx.qlogo.cn/mmopen/vi_32/ZdHZ8vlDjCrn6x3YMx7sUicabLQoKj54A6eoicuxxL9KAKuXT4NoFA0RESlPLficA4gcUytKdf6UotlF1hCQLcO3Q/132"}',
)
18:35:43|order:array (
  'id' => 168,
  'order_sn' => '231061679009866201401',
  'trade_no' => '',
  'uid' => 14,
  'order_status' => 10,
  'shipping_status' => 0,
  'pay_status' => 0,
  'consignee' => '黑我',
  'country' => 1,
  'province' => 440000,
  'city' => 440100,
  'district' => 440113,
  'address' => '广东省广州市番禺区祈福新邨算',
  'mobile' => '15976913762',
  'postscript' => '暂无留言',
  'shipping_fee' => '0.00',
  'pay_name' => '微信支付',
  'pay_id' => 1,
  'actual_price' => '0.01',
  'integral' => 0,
  'integral_money' => '0.00',
  'order_price' => '0.01',
  'goods_price' => '0.01',
  'add_time' => '2019-07-18 18:34:58',
  'confirm_time' => '1970-01-01 08:00:01',
  'pay_time' => 0,
  'freight_price' => 0,
  'coupon_id' => 0,
  'parent_id' => 0,
  'coupon_price' => '0.00',
  'callback_status' => 0,
  'shop_id' => 9,
  'created_at' => '2019-07-18 18:34:58',
  'updated_at' => '2019-07-18 18:34:58',
  'bargain_id' => 0,
  'refund_number' => '',
  'refund_desc' => '',
  'is_new' => 0,
)  result:array (
  'return_code' => 'SUCCESS',
  'return_msg' => 'OK',
  'appid' => 'wx6be14b9c1bbe7bc0',
  'mch_id' => '1543596541',
  'nonce_str' => 'Hz9YKQOwoHG37gua',
  'sign' => '952010342AE8F0EC498C7293D8E8E474',
  'result_code' => 'SUCCESS',
  'prepay_id' => 'wx18183543939661bc5f84b7e81758832200',
  'trade_type' => 'JSAPI',
)
| GET:array (
  'order_id' => '168',
  'user_id' => '14',
  'code' => '043L6Rt10XqPUG1E6pr10Og0u10L6Rt5',
  'rawData' => '{"nickName":"第三杯免票","gender":1,"language":"zh_CN","city":"Guangzhou","province":"Guangdong","country":"China","avatarUrl":"https://wx.qlogo.cn/mmopen/vi_32/fKtJn1fWibuFaGsiambNRMIWc6rfDV7iaqePKjlBc4LGkIbJRbceictichvs9d6FhGFSx5kHqPgW6ryDRTWXqIX5l5g/132"}',
)
19:17:33|order:array (
  'id' => 169,
  'order_sn' => '264061679265189601301',
  'trade_no' => '',
  'uid' => 13,
  'order_status' => 10,
  'shipping_status' => 0,
  'pay_status' => 0,
  'consignee' => '陈鹏威',
  'country' => 1,
  'province' => 440000,
  'city' => 110100,
  'district' => 110111,
  'address' => '广东省市辖区房山区祈福新邨C区10栋4A',
  'mobile' => '13826123474',
  'postscript' => '暂无留言',
  'shipping_fee' => '0.00',
  'pay_name' => '微信支付',
  'pay_id' => 1,
  'actual_price' => '0.01',
  'integral' => 0,
  'integral_money' => '0.00',
  'order_price' => '0.01',
  'goods_price' => '0.01',
  'add_time' => '2019-07-18 19:17:31',
  'confirm_time' => '1970-01-01 08:00:01',
  'pay_time' => 0,
  'freight_price' => 0,
  'coupon_id' => 0,
  'parent_id' => 0,
  'coupon_price' => '0.00',
  'callback_status' => 0,
  'shop_id' => 18,
  'created_at' => '2019-07-18 19:17:31',
  'updated_at' => '2019-07-18 19:17:31',
  'bargain_id' => 0,
  'refund_number' => '',
  'refund_desc' => '',
  'is_new' => 0,
)  result:array (
  'return_code' => 'SUCCESS',
  'return_msg' => 'OK',
  'appid' => 'wx6be14b9c1bbe7bc0',
  'mch_id' => '1543596541',
  'nonce_str' => 'tlYMlYGtFAmO90lX',
  'sign' => '11DA4E0212A2EA5E053E117BCFD8A3A1',
  'result_code' => 'SUCCESS',
  'prepay_id' => 'wx1819173326179632e01ee30d1325884300',
  'trade_type' => 'JSAPI',
)
| GET:array (
  'order_id' => '169',
  'user_id' => '13',
  'code' => '043odep51GjDjS1m2Wn51Jwfp51odepO',
  'rawData' => '{"nickName":"叫我‘銘睿’可好","gender":1,"language":"zh_CN","city":"Guangzhou","province":"Guangdong","country":"China","avatarUrl":"https://wx.qlogo.cn/mmopen/vi_32/ZdHZ8vlDjCrn6x3YMx7sUicabLQoKj54A6eoicuxxL9KAKuXT4NoFA0RESlPLficA4gcUytKdf6UotlF1hCQLcO3Q/132"}',
)
19:59:36|order:array (
  'id' => 170,
  'order_sn' => '267061679516652003201',
  'trade_no' => '',
  'uid' => 32,
  'order_status' => 10,
  'shipping_status' => 0,
  'pay_status' => 0,
  'consignee' => '3',
  'country' => 1,
  'province' => 440000,
  'city' => 440100,
  'district' => 440113,
  'address' => '广东省广州市番禺区祈福新邨31',
  'mobile' => '13531513613',
  'postscript' => '暂无留言',
  'shipping_fee' => '0.00',
  'pay_name' => '微信支付',
  'pay_id' => 1,
  'actual_price' => '0.01',
  'integral' => 0,
  'integral_money' => '0.00',
  'order_price' => '0.01',
  'goods_price' => '0.01',
  'add_time' => '2019-07-18 19:59:26',
  'confirm_time' => '1970-01-01 08:00:01',
  'pay_time' => 0,
  'freight_price' => 0,
  'coupon_id' => 0,
  'parent_id' => 0,
  'coupon_price' => '0.00',
  'callback_status' => 0,
  'shop_id' => 9,
  'created_at' => '2019-07-18 19:59:26',
  'updated_at' => '2019-07-18 19:59:26',
  'bargain_id' => 0,
  'refund_number' => '',
  'refund_desc' => '',
  'is_new' => 0,
)  result:array (
  'return_code' => 'SUCCESS',
  'return_msg' => 'OK',
  'appid' => 'wx6be14b9c1bbe7bc0',
  'mch_id' => '1543596541',
  'nonce_str' => '8Pw8wiDf2NmH1P6g',
  'sign' => 'BBB3B2E1300740BBE9B80DE2E911CAEE',
  'result_code' => 'SUCCESS',
  'prepay_id' => 'wx1819593672152896c7efd2c01341523900',
  'trade_type' => 'JSAPI',
)
| GET:array (
  'order_id' => '170',
  'user_id' => '32',
  'code' => '0235KEoi1KBjEv0pNfli1rrJoi15KEoI',
  'rawData' => '{"nickName":"ovlia","gender":0,"language":"zh_CN","city":"","province":"","country":"","avatarUrl":""}',
)
21:58:38|order:array (
  'id' => 171,
  'order_sn' => '263061680231694301301',
  'trade_no' => '',
  'uid' => 13,
  'order_status' => 10,
  'shipping_status' => 0,
  'pay_status' => 0,
  'consignee' => '陈鹏威',
  'country' => 1,
  'province' => 440000,
  'city' => 110100,
  'district' => 110111,
  'address' => '广东省市辖区房山区祈福新邨C区10栋4A',
  'mobile' => '13826123474',
  'postscript' => '暂无留言',
  'shipping_fee' => '0.00',
  'pay_name' => '微信支付',
  'pay_id' => 1,
  'actual_price' => '0.01',
  'integral' => 0,
  'integral_money' => '0.00',
  'order_price' => '0.01',
  'goods_price' => '0.01',
  'add_time' => '2019-07-18 21:58:36',
  'confirm_time' => '1970-01-01 08:00:01',
  'pay_time' => 0,
  'freight_price' => 0,
  'coupon_id' => 0,
  'parent_id' => 0,
  'coupon_price' => '0.00',
  'callback_status' => 0,
  'shop_id' => 18,
  'created_at' => '2019-07-18 21:58:36',
  'updated_at' => '2019-07-18 21:58:36',
  'bargain_id' => 0,
  'refund_number' => '',
  'refund_desc' => '',
  'is_new' => 0,
)  result:array (
  'return_code' => 'SUCCESS',
  'return_msg' => 'OK',
  'appid' => 'wx6be14b9c1bbe7bc0',
  'mch_id' => '1543596541',
  'nonce_str' => 'KtzaiUKeIHqFXd3o',
  'sign' => '05A75EF9292C10A33BB5B8495187E84F',
  'result_code' => 'SUCCESS',
  'prepay_id' => 'wx18215838087959b7fcc0d3821138148100',
  'trade_type' => 'JSAPI',
)
| GET:array (
  'order_id' => '171',
  'user_id' => '13',
  'code' => '043odep51GjDjS1m2Wn51Jwfp51odepO',
  'rawData' => '{"nickName":"叫我‘銘睿’可好","gender":1,"language":"zh_CN","city":"Guangzhou","province":"Guangdong","country":"China","avatarUrl":"https://wx.qlogo.cn/mmopen/vi_32/ZdHZ8vlDjCrn6x3YMx7sUicabLQoKj54A6eoicuxxL9KAKuXT4NoFA0RESlPLficA4gcUytKdf6UotlF1hCQLcO3Q/132"}',
)
22:09:41|order:array (
  'id' => 151,
  'order_sn' => '266061661920169103201',
  'trade_no' => '',
  'uid' => 32,
  'order_status' => 10,
  'shipping_status' => 0,
  'pay_status' => 0,
  'consignee' => '3',
  'country' => 1,
  'province' => 440000,
  'city' => 440100,
  'district' => 440113,
  'address' => '广东省广州市番禺区祈福新邨31',
  'mobile' => '13531513613',
  'postscript' => '暂无留言',
  'shipping_fee' => '0.00',
  'pay_name' => '微信支付',
  'pay_id' => 1,
  'actual_price' => '0.01',
  'integral' => 0,
  'integral_money' => '0.00',
  'order_price' => '0.01',
  'goods_price' => '0.01',
  'add_time' => '2019-07-16 19:06:41',
  'confirm_time' => '1970-01-01 08:00:01',
  'pay_time' => 0,
  'freight_price' => 0,
  'coupon_id' => 0,
  'parent_id' => 0,
  'coupon_price' => '0.00',
  'callback_status' => 0,
  'shop_id' => 9,
  'created_at' => '2019-07-16 19:06:41',
  'updated_at' => '2019-07-16 19:06:41',
  'bargain_id' => 0,
  'refund_number' => '',
  'refund_desc' => '',
  'is_new' => 0,
)  result:array (
  'return_code' => 'SUCCESS',
  'return_msg' => 'OK',
  'appid' => 'wx6be14b9c1bbe7bc0',
  'mch_id' => '1543596541',
  'nonce_str' => 'agcnbhyPuOy3RRnx',
  'sign' => '807F007455CB7C20910518477DC1F547',
  'result_code' => 'SUCCESS',
  'prepay_id' => 'wx18220941483795efa4e8b1151393571700',
  'trade_type' => 'JSAPI',
)
| GET:array (
  'order_id' => '151',
  'user_id' => '32',
  'code' => '0235KEoi1KBjEv0pNfli1rrJoi15KEoI',
  'rawData' => '{"nickName":"ovlia","gender":0,"language":"zh_CN","city":"","province":"","country":"","avatarUrl":""}',
)
