19:42:46|order:array (
  'id' => 87,
  'order_sn' => '226061593016417903201',
  'trade_no' => '',
  'uid' => 32,
  'order_status' => 10,
  'shipping_status' => 0,
  'pay_status' => 0,
  'consignee' => '3',
  'country' => 1,
  'province' => 440000,
  'city' => 440100,
  'district' => 440113,
  'address' => '广东省广州市番禺区祈福新邨31',
  'mobile' => '13531513613',
  'postscript' => '暂无留言',
  'shipping_fee' => '0.00',
  'pay_name' => '微信支付',
  'pay_id' => 1,
  'actual_price' => '0.01',
  'integral' => 0,
  'integral_money' => '0.00',
  'order_price' => '0.01',
  'goods_price' => '0.01',
  'add_time' => '2019-07-08 19:42:44',
  'confirm_time' => '1970-01-01 08:00:01',
  'pay_time' => 0,
  'freight_price' => 0,
  'coupon_id' => 0,
  'parent_id' => 0,
  'coupon_price' => '0.00',
  'callback_status' => 0,
  'shop_id' => 9,
  'created_at' => '2019-07-08 19:42:44',
  'updated_at' => '2019-07-08 19:42:44',
  'bargain_id' => 0,
)  result:array (
  'return_code' => 'SUCCESS',
  'return_msg' => 'OK',
  'appid' => 'wx6be14b9c1bbe7bc0',
  'mch_id' => '1543596541',
  'nonce_str' => 'tm8WMXoVRawdaor3',
  'sign' => '7DC0C0CAA94800FFC6957D35BC6FB42A',
  'result_code' => 'SUCCESS',
  'prepay_id' => 'wx08194246509066aaef2af6b71044333500',
  'trade_type' => 'JSAPI',
)
| GET:array (
  'order_id' => '87',
  'user_id' => '32',
  'code' => '023j8AKc1419Tw0jI2Kc1KfZKc1j8AKJ',
  'rawData' => '{"nickName":"ovlia","gender":0,"language":"zh_CN","city":"","province":"","country":"","avatarUrl":""}',
)
19:42:58|order:array (
  'id' => 87,
  'order_sn' => '226061593016417903201',
  'trade_no' => '',
  'uid' => 32,
  'order_status' => 10,
  'shipping_status' => 0,
  'pay_status' => 0,
  'consignee' => '3',
  'country' => 1,
  'province' => 440000,
  'city' => 440100,
  'district' => 440113,
  'address' => '广东省广州市番禺区祈福新邨31',
  'mobile' => '13531513613',
  'postscript' => '暂无留言',
  'shipping_fee' => '0.00',
  'pay_name' => '微信支付',
  'pay_id' => 1,
  'actual_price' => '0.01',
  'integral' => 0,
  'integral_money' => '0.00',
  'order_price' => '0.01',
  'goods_price' => '0.01',
  'add_time' => '2019-07-08 19:42:44',
  'confirm_time' => '1970-01-01 08:00:01',
  'pay_time' => 0,
  'freight_price' => 0,
  'coupon_id' => 0,
  'parent_id' => 0,
  'coupon_price' => '0.00',
  'callback_status' => 0,
  'shop_id' => 9,
  'created_at' => '2019-07-08 19:42:44',
  'updated_at' => '2019-07-08 19:42:44',
  'bargain_id' => 0,
)  result:array (
  'return_code' => 'SUCCESS',
  'return_msg' => 'OK',
  'appid' => 'wx6be14b9c1bbe7bc0',
  'mch_id' => '1543596541',
  'nonce_str' => '5IxR7NOrTXnZMC8d',
  'sign' => 'AD3330D4B55D8FE305857DBD21311532',
  'result_code' => 'SUCCESS',
  'prepay_id' => 'wx08194257969169aaef2af6b71946905900',
  'trade_type' => 'JSAPI',
)
| GET:array (
  'order_id' => '87',
  'user_id' => '32',
  'code' => '023j8AKc1419Tw0jI2Kc1KfZKc1j8AKJ',
  'rawData' => '{"nickName":"ovlia","gender":0,"language":"zh_CN","city":"","province":"","country":"","avatarUrl":""}',
)
19:53:25|order:array (
  'id' => 88,
  'order_sn' => '218061593080284403201',
  'trade_no' => '',
  'uid' => 32,
  'order_status' => 10,
  'shipping_status' => 0,
  'pay_status' => 0,
  'consignee' => '3',
  'country' => 1,
  'province' => 440000,
  'city' => 440100,
  'district' => 440113,
  'address' => '广东省广州市番禺区祈福新邨31',
  'mobile' => '13531513613',
  'postscript' => '暂无留言',
  'shipping_fee' => '0.00',
  'pay_name' => '微信支付',
  'pay_id' => 1,
  'actual_price' => '0.01',
  'integral' => 0,
  'integral_money' => '0.00',
  'order_price' => '0.01',
  'goods_price' => '0.01',
  'add_time' => '2019-07-08 19:53:22',
  'confirm_time' => '1970-01-01 08:00:01',
  'pay_time' => 0,
  'freight_price' => 0,
  'coupon_id' => 0,
  'parent_id' => 0,
  'coupon_price' => '0.00',
  'callback_status' => 0,
  'shop_id' => 9,
  'created_at' => '2019-07-08 19:53:22',
  'updated_at' => '2019-07-08 19:53:22',
  'bargain_id' => 0,
)  result:array (
  'return_code' => 'SUCCESS',
  'return_msg' => 'OK',
  'appid' => 'wx6be14b9c1bbe7bc0',
  'mch_id' => '1543596541',
  'nonce_str' => 'ywlXPJquFNk0Oj1g',
  'sign' => '2E68A5EEB0C19A3844C651678F3A4537',
  'result_code' => 'SUCCESS',
  'prepay_id' => 'wx0819532585240056a77c9b2c1125854100',
  'trade_type' => 'JSAPI',
)
| GET:array (
  'order_id' => '88',
  'user_id' => '32',
  'code' => '023j8AKc1419Tw0jI2Kc1KfZKc1j8AKJ',
  'rawData' => '{"nickName":"ovlia","gender":0,"language":"zh_CN","city":"","province":"","country":"","avatarUrl":""}',
)
20:01:37|order:array (
  'id' => 89,
  'order_sn' => '258061593129505003201',
  'trade_no' => '',
  'uid' => 32,
  'order_status' => 10,
  'shipping_status' => 0,
  'pay_status' => 0,
  'consignee' => '3',
  'country' => 1,
  'province' => 440000,
  'city' => 440100,
  'district' => 440113,
  'address' => '广东省广州市番禺区祈福新邨31',
  'mobile' => '13531513613',
  'postscript' => '暂无留言',
  'shipping_fee' => '0.00',
  'pay_name' => '微信支付',
  'pay_id' => 1,
  'actual_price' => '0.01',
  'integral' => 0,
  'integral_money' => '0.00',
  'order_price' => '0.01',
  'goods_price' => '0.01',
  'add_time' => '2019-07-08 20:01:35',
  'confirm_time' => '1970-01-01 08:00:01',
  'pay_time' => 0,
  'freight_price' => 0,
  'coupon_id' => 0,
  'parent_id' => 0,
  'coupon_price' => '0.00',
  'callback_status' => 0,
  'shop_id' => 9,
  'created_at' => '2019-07-08 20:01:35',
  'updated_at' => '2019-07-08 20:01:35',
  'bargain_id' => 0,
)  result:array (
  'return_code' => 'SUCCESS',
  'return_msg' => 'OK',
  'appid' => 'wx6be14b9c1bbe7bc0',
  'mch_id' => '1543596541',
  'nonce_str' => 'xFmBgttWw0g8F8x2',
  'sign' => 'D55BE59D00FABAFED0B37747B4856C4B',
  'result_code' => 'SUCCESS',
  'prepay_id' => 'wx0820013786335988214a5ad31002776600',
  'trade_type' => 'JSAPI',
)
| GET:array (
  'order_id' => '89',
  'user_id' => '32',
  'code' => '023j8AKc1419Tw0jI2Kc1KfZKc1j8AKJ',
  'rawData' => '{"nickName":"ovlia","gender":0,"language":"zh_CN","city":"","province":"","country":"","avatarUrl":""}',
)
