13:24:23|order:array (
  'id' => 204,
  'order_sn' => '229061884504974601301',
  'trade_no' => '',
  'uid' => 13,
  'order_status' => 10,
  'shipping_status' => 0,
  'pay_status' => 0,
  'consignee' => '陈鹏威',
  'country' => 1,
  'province' => 440000,
  'city' => 440100,
  'district' => 440113,
  'address' => '广东省广州市番禺区祈福新邨蝶舞10姐12栋4',
  'mobile' => '13826123474',
  'postscript' => '暂无留言',
  'shipping_fee' => '0.00',
  'pay_name' => '微信支付',
  'pay_id' => 1,
  'actual_price' => '0.01',
  'integral' => 0,
  'integral_money' => '0.00',
  'order_price' => '0.01',
  'goods_price' => '0.01',
  'add_time' => '2019-08-11 13:24:09',
  'confirm_time' => '1970-01-01 08:00:01',
  'pay_time' => 0,
  'freight_price' => 0,
  'coupon_id' => 0,
  'parent_id' => 0,
  'coupon_price' => '0.00',
  'callback_status' => 0,
  'shop_id' => 18,
  'created_at' => '2019-08-11 13:24:09',
  'updated_at' => '2019-08-11 13:24:09',
  'bargain_id' => 0,
  'refund_number' => '',
  'refund_desc' => '',
  'is_new' => 0,
)  result:array (
  'return_code' => 'SUCCESS',
  'return_msg' => 'OK',
  'appid' => 'wx6be14b9c1bbe7bc0',
  'mch_id' => '1543596541',
  'nonce_str' => 'nhypiMUUTxi1llOa',
  'sign' => '29AC13A9DCC81D53AB7B764A7C328875',
  'result_code' => 'SUCCESS',
  'prepay_id' => 'wx1113242303100167626a7af71632843200',
  'trade_type' => 'JSAPI',
)
| GET:array (
  'order_id' => '204',
  'user_id' => '13',
  'code' => '033GjN4K0O8bO92at35K0qiC4K0GjN4G',
  'rawData' => '{"nickName":"叫我‘銘睿’可好","gender":1,"language":"zh_CN","city":"Guangzhou","province":"Guangdong","country":"China","avatarUrl":"https://wx.qlogo.cn/mmopen/vi_32/ZdHZ8vlDjCrn6x3YMx7sUicabLQoKj54A6eoicuxxL9KAKuXT4NoFA0RESlPLficA4gcUytKdf6UotlF1hCQLcO3Q/132"}',
)
