19:01:13|order:array (
  'id' => 261,
  'order_sn' => '270062266686677801301',
  'trade_no' => '',
  'uid' => 13,
  'order_status' => 10,
  'shipping_status' => 0,
  'pay_status' => 0,
  'consignee' => '陈鹏威',
  'country' => 1,
  'province' => 440000,
  'city' => 440100,
  'district' => 440113,
  'address' => '广东省广州市番禺区蝶舞10姐12栋4',
  'mobile' => '13826123474',
  'postscript' => '暂无留言',
  'shipping_fee' => '0.00',
  'pay_name' => '微信支付',
  'pay_id' => 1,
  'actual_price' => '1.00',
  'integral' => 0,
  'integral_money' => '0.00',
  'order_price' => '1.00',
  'goods_price' => '1.00',
  'add_time' => '2019-09-24 19:01:06',
  'confirm_time' => '1970-01-01 08:00:01',
  'pay_time' => 0,
  'freight_price' => 0,
  'coupon_id' => 0,
  'parent_id' => 0,
  'coupon_price' => '0.00',
  'callback_status' => 0,
  'shop_id' => 27,
  'created_at' => '2019-09-24 19:01:06',
  'updated_at' => '2019-09-24 19:01:06',
  'refund_number' => '',
  'refund_desc' => '',
  'bargain_id' => 0,
  'is_new' => 0,
  'group_id' => 42,
)  result:array (
  'return_code' => 'SUCCESS',
  'return_msg' => 'OK',
  'appid' => 'wx6be14b9c1bbe7bc0',
  'mch_id' => '1543596541',
  'nonce_str' => 'NeXjQ0y37vFcYBdF',
  'sign' => 'BD3678093A506B1EFB01BDE2D7F2544E',
  'result_code' => 'SUCCESS',
  'prepay_id' => 'wx24190113047253e5a4a142e71449825100',
  'trade_type' => 'JSAPI',
)
| GET:array (
  'order_id' => '261',
  'user_id' => '13',
  'code' => '023SXlyQ11k1p31062BQ1QBxyQ1SXlyn',
  'rawData' => '{"nickName":"叫我‘銘睿’可好","gender":1,"language":"zh_CN","city":"Guangzhou","province":"Guangdong","country":"China","avatarUrl":"https://wx.qlogo.cn/mmopen/vi_32/ZdHZ8vlDjCrn6x3YMx7sUicabLQoKj54A6eoicuxxL9KAKuXT4NoFA0RESlPLficA4gcUytKdf6UotlF1hCQLcO3Q/132"}',
)
19:41:41|order:array (
  'id' => 263,
  'order_sn' => '240062266926817801301',
  'trade_no' => '',
  'uid' => 13,
  'order_status' => 10,
  'shipping_status' => 0,
  'pay_status' => 0,
  'consignee' => '陈鹏威',
  'country' => 1,
  'province' => 440000,
  'city' => 440100,
  'district' => 440113,
  'address' => '广东省广州市番禺区蝶舞10姐12栋4',
  'mobile' => '13826123474',
  'postscript' => '暂无留言',
  'shipping_fee' => '0.00',
  'pay_name' => '微信支付',
  'pay_id' => 1,
  'actual_price' => '3.00',
  'integral' => 0,
  'integral_money' => '0.00',
  'order_price' => '3.00',
  'goods_price' => '3.00',
  'add_time' => '2019-09-24 19:41:08',
  'confirm_time' => '1970-01-01 08:00:01',
  'pay_time' => 0,
  'freight_price' => 0,
  'coupon_id' => 0,
  'parent_id' => 0,
  'coupon_price' => '0.00',
  'callback_status' => 0,
  'shop_id' => 27,
  'created_at' => '2019-09-24 19:41:08',
  'updated_at' => '2019-09-24 19:41:08',
  'refund_number' => '',
  'refund_desc' => '',
  'bargain_id' => 0,
  'is_new' => 0,
  'group_id' => 42,
)  result:array (
  'return_code' => 'SUCCESS',
  'return_msg' => 'OK',
  'appid' => 'wx6be14b9c1bbe7bc0',
  'mch_id' => '1543596541',
  'nonce_str' => 'q1DAzCJvnMlsgvxH',
  'sign' => '9258053EBFDE1A8D00C1308CFBE5B6A1',
  'result_code' => 'SUCCESS',
  'prepay_id' => 'wx241941410777179853e42f6b1876887100',
  'trade_type' => 'JSAPI',
)
| GET:array (
  'order_id' => '263',
  'user_id' => '13',
  'code' => '023SXlyQ11k1p31062BQ1QBxyQ1SXlyn',
  'rawData' => '{"nickName":"叫我‘銘睿’可好","gender":1,"language":"zh_CN","city":"Guangzhou","province":"Guangdong","country":"China","avatarUrl":"https://wx.qlogo.cn/mmopen/vi_32/ZdHZ8vlDjCrn6x3YMx7sUicabLQoKj54A6eoicuxxL9KAKuXT4NoFA0RESlPLficA4gcUytKdf6UotlF1hCQLcO3Q/132"}',
)
19:43:16|order:array (
  'id' => 263,
  'order_sn' => '240062266926817801301',
  'trade_no' => '',
  'uid' => 13,
  'order_status' => 10,
  'shipping_status' => 0,
  'pay_status' => 0,
  'consignee' => '陈鹏威',
  'country' => 1,
  'province' => 440000,
  'city' => 440100,
  'district' => 440113,
  'address' => '广东省广州市番禺区蝶舞10姐12栋4',
  'mobile' => '13826123474',
  'postscript' => '暂无留言',
  'shipping_fee' => '0.00',
  'pay_name' => '微信支付',
  'pay_id' => 1,
  'actual_price' => '3.00',
  'integral' => 0,
  'integral_money' => '0.00',
  'order_price' => '3.00',
  'goods_price' => '3.00',
  'add_time' => '2019-09-24 19:41:08',
  'confirm_time' => '1970-01-01 08:00:01',
  'pay_time' => 0,
  'freight_price' => 0,
  'coupon_id' => 0,
  'parent_id' => 0,
  'coupon_price' => '0.00',
  'callback_status' => 0,
  'shop_id' => 27,
  'created_at' => '2019-09-24 19:41:08',
  'updated_at' => '2019-09-24 19:41:08',
  'refund_number' => '',
  'refund_desc' => '',
  'bargain_id' => 0,
  'is_new' => 0,
  'group_id' => 42,
)  result:array (
  'return_code' => 'SUCCESS',
  'return_msg' => 'OK',
  'appid' => 'wx6be14b9c1bbe7bc0',
  'mch_id' => '1543596541',
  'nonce_str' => 'F6aWUFs99ekIe9Wa',
  'sign' => 'EF708597628813747716BF96F1A864B9',
  'result_code' => 'SUCCESS',
  'prepay_id' => 'wx241943166680939853e42f6b1276906700',
  'trade_type' => 'JSAPI',
)
| GET:array (
  'order_id' => '263',
  'user_id' => '13',
  'code' => '023SXlyQ11k1p31062BQ1QBxyQ1SXlyn',
  'rawData' => '{"nickName":"叫我‘銘睿’可好","gender":1,"language":"zh_CN","city":"Guangzhou","province":"Guangdong","country":"China","avatarUrl":"https://wx.qlogo.cn/mmopen/vi_32/ZdHZ8vlDjCrn6x3YMx7sUicabLQoKj54A6eoicuxxL9KAKuXT4NoFA0RESlPLficA4gcUytKdf6UotlF1hCQLcO3Q/132"}',
)
19:43:21|order:array (
  'id' => 263,
  'order_sn' => '240062266926817801301',
  'trade_no' => '',
  'uid' => 13,
  'order_status' => 10,
  'shipping_status' => 0,
  'pay_status' => 0,
  'consignee' => '陈鹏威',
  'country' => 1,
  'province' => 440000,
  'city' => 440100,
  'district' => 440113,
  'address' => '广东省广州市番禺区蝶舞10姐12栋4',
  'mobile' => '13826123474',
  'postscript' => '暂无留言',
  'shipping_fee' => '0.00',
  'pay_name' => '微信支付',
  'pay_id' => 1,
  'actual_price' => '3.00',
  'integral' => 0,
  'integral_money' => '0.00',
  'order_price' => '3.00',
  'goods_price' => '3.00',
  'add_time' => '2019-09-24 19:41:08',
  'confirm_time' => '1970-01-01 08:00:01',
  'pay_time' => 0,
  'freight_price' => 0,
  'coupon_id' => 0,
  'parent_id' => 0,
  'coupon_price' => '0.00',
  'callback_status' => 0,
  'shop_id' => 27,
  'created_at' => '2019-09-24 19:41:08',
  'updated_at' => '2019-09-24 19:41:08',
  'refund_number' => '',
  'refund_desc' => '',
  'bargain_id' => 0,
  'is_new' => 0,
  'group_id' => 42,
)  result:array (
  'return_code' => 'SUCCESS',
  'return_msg' => 'OK',
  'appid' => 'wx6be14b9c1bbe7bc0',
  'mch_id' => '1543596541',
  'nonce_str' => 'Su4cZwxUUHUTQ2Ol',
  'sign' => 'F56187775CDF59CD05BB72960D7CDF80',
  'result_code' => 'SUCCESS',
  'prepay_id' => 'wx241943217344969853e42f6b1346480800',
  'trade_type' => 'JSAPI',
)
| GET:array (
  'order_id' => '263',
  'user_id' => '13',
  'code' => '023SXlyQ11k1p31062BQ1QBxyQ1SXlyn',
  'rawData' => '{"nickName":"叫我‘銘睿’可好","gender":1,"language":"zh_CN","city":"Guangzhou","province":"Guangdong","country":"China","avatarUrl":"https://wx.qlogo.cn/mmopen/vi_32/ZdHZ8vlDjCrn6x3YMx7sUicabLQoKj54A6eoicuxxL9KAKuXT4NoFA0RESlPLficA4gcUytKdf6UotlF1hCQLcO3Q/132"}',
)
19:46:07|order:array (
  'id' => 263,
  'order_sn' => '240062266926817801301',
  'trade_no' => '',
  'uid' => 13,
  'order_status' => 10,
  'shipping_status' => 0,
  'pay_status' => 0,
  'consignee' => '陈鹏威',
  'country' => 1,
  'province' => 440000,
  'city' => 440100,
  'district' => 440113,
  'address' => '广东省广州市番禺区蝶舞10姐12栋4',
  'mobile' => '13826123474',
  'postscript' => '暂无留言',
  'shipping_fee' => '0.00',
  'pay_name' => '微信支付',
  'pay_id' => 1,
  'actual_price' => '3.00',
  'integral' => 0,
  'integral_money' => '0.00',
  'order_price' => '3.00',
  'goods_price' => '3.00',
  'add_time' => '2019-09-24 19:41:08',
  'confirm_time' => '1970-01-01 08:00:01',
  'pay_time' => 0,
  'freight_price' => 0,
  'coupon_id' => 0,
  'parent_id' => 0,
  'coupon_price' => '0.00',
  'callback_status' => 0,
  'shop_id' => 27,
  'created_at' => '2019-09-24 19:41:08',
  'updated_at' => '2019-09-24 19:41:08',
  'refund_number' => '',
  'refund_desc' => '',
  'bargain_id' => 0,
  'is_new' => 0,
  'group_id' => 42,
)  result:array (
  'return_code' => 'SUCCESS',
  'return_msg' => 'OK',
  'appid' => 'wx6be14b9c1bbe7bc0',
  'mch_id' => '1543596541',
  'nonce_str' => 'c4VZ78POx5kwyIE7',
  'sign' => 'FB80FF8471DEDEEAFBF472D17EA534AB',
  'result_code' => 'SUCCESS',
  'prepay_id' => 'wx241946071129589853e42f6b1024411600',
  'trade_type' => 'JSAPI',
)
| GET:array (
  'order_id' => '263',
  'user_id' => '13',
  'code' => '023SXlyQ11k1p31062BQ1QBxyQ1SXlyn',
  'rawData' => '{"nickName":"叫我‘銘睿’可好","gender":1,"language":"zh_CN","city":"Guangzhou","province":"Guangdong","country":"China","avatarUrl":"https://wx.qlogo.cn/mmopen/vi_32/ZdHZ8vlDjCrn6x3YMx7sUicabLQoKj54A6eoicuxxL9KAKuXT4NoFA0RESlPLficA4gcUytKdf6UotlF1hCQLcO3Q/132"}',
)
19:50:53|order:array (
  'id' => 264,
  'order_sn' => '243062266981160901301',
  'trade_no' => '',
  'uid' => 13,
  'order_status' => 10,
  'shipping_status' => 0,
  'pay_status' => 0,
  'consignee' => '陈鹏威',
  'country' => 1,
  'province' => 440000,
  'city' => 440100,
  'district' => 440113,
  'address' => '广东省广州市番禺区蝶舞10姐12栋4',
  'mobile' => '13826123474',
  'postscript' => '暂无留言',
  'shipping_fee' => '0.00',
  'pay_name' => '微信支付',
  'pay_id' => 1,
  'actual_price' => '1.00',
  'integral' => 0,
  'integral_money' => '0.00',
  'order_price' => '1.00',
  'goods_price' => '1.00',
  'add_time' => '2019-09-24 19:50:11',
  'confirm_time' => '1970-01-01 08:00:01',
  'pay_time' => 0,
  'freight_price' => 0,
  'coupon_id' => 0,
  'parent_id' => 0,
  'coupon_price' => '0.00',
  'callback_status' => 0,
  'shop_id' => 27,
  'created_at' => '2019-09-24 19:50:11',
  'updated_at' => '2019-09-24 19:50:11',
  'refund_number' => '',
  'refund_desc' => '',
  'bargain_id' => 0,
  'is_new' => 0,
  'group_id' => 42,
)  result:array (
  'return_code' => 'SUCCESS',
  'return_msg' => 'OK',
  'appid' => 'wx6be14b9c1bbe7bc0',
  'mch_id' => '1543596541',
  'nonce_str' => 'wuvoRws47d1G0G7W',
  'sign' => '47DBCD6E6AB6C7F880D6AEEEAB4E85D3',
  'result_code' => 'SUCCESS',
  'prepay_id' => 'wx241950533815829a3e4288991388405600',
  'trade_type' => 'JSAPI',
)
| GET:array (
  'order_id' => '264',
  'user_id' => '13',
  'code' => '023SXlyQ11k1p31062BQ1QBxyQ1SXlyn',
  'rawData' => '{"nickName":"叫我‘銘睿’可好","gender":1,"language":"zh_CN","city":"Guangzhou","province":"Guangdong","country":"China","avatarUrl":"https://wx.qlogo.cn/mmopen/vi_32/ZdHZ8vlDjCrn6x3YMx7sUicabLQoKj54A6eoicuxxL9KAKuXT4NoFA0RESlPLficA4gcUytKdf6UotlF1hCQLcO3Q/132"}',
)
19:53:06|order:array (
  'id' => 265,
  'order_sn' => '292062266997190001301',
  'trade_no' => '',
  'uid' => 13,
  'order_status' => 10,
  'shipping_status' => 0,
  'pay_status' => 0,
  'consignee' => '陈鹏威',
  'country' => 1,
  'province' => 440000,
  'city' => 440100,
  'district' => 440113,
  'address' => '广东省广州市番禺区蝶舞10姐12栋4',
  'mobile' => '13826123474',
  'postscript' => '暂无留言',
  'shipping_fee' => '0.00',
  'pay_name' => '微信支付',
  'pay_id' => 1,
  'actual_price' => '1.00',
  'integral' => 0,
  'integral_money' => '0.00',
  'order_price' => '1.00',
  'goods_price' => '1.00',
  'add_time' => '2019-09-24 19:52:51',
  'confirm_time' => '1970-01-01 08:00:01',
  'pay_time' => 0,
  'freight_price' => 0,
  'coupon_id' => 0,
  'parent_id' => 0,
  'coupon_price' => '0.00',
  'callback_status' => 0,
  'shop_id' => 27,
  'created_at' => '2019-09-24 19:52:51',
  'updated_at' => '2019-09-24 19:52:51',
  'refund_number' => '',
  'refund_desc' => '',
  'bargain_id' => 0,
  'is_new' => 0,
  'group_id' => 42,
)  result:array (
  'return_code' => 'SUCCESS',
  'return_msg' => 'OK',
  'appid' => 'wx6be14b9c1bbe7bc0',
  'mch_id' => '1543596541',
  'nonce_str' => '2ujAngkcwHFzsgkT',
  'sign' => 'A990BF0BE3308979395257259BE86759',
  'result_code' => 'SUCCESS',
  'prepay_id' => 'wx24195306176209b3dea8e0ea1028565400',
  'trade_type' => 'JSAPI',
)
| GET:array (
  'order_id' => '265',
  'user_id' => '13',
  'code' => '023SXlyQ11k1p31062BQ1QBxyQ1SXlyn',
  'rawData' => '{"nickName":"叫我‘銘睿’可好","gender":1,"language":"zh_CN","city":"Guangzhou","province":"Guangdong","country":"China","avatarUrl":"https://wx.qlogo.cn/mmopen/vi_32/ZdHZ8vlDjCrn6x3YMx7sUicabLQoKj54A6eoicuxxL9KAKuXT4NoFA0RESlPLficA4gcUytKdf6UotlF1hCQLcO3Q/132"}',
)
23:26:49|order:array (
  'id' => 266,
  'order_sn' => '266062268004915501401',
  'trade_no' => '',
  'uid' => 14,
  'order_status' => 10,
  'shipping_status' => 0,
  'pay_status' => 0,
  'consignee' => '黑我',
  'country' => 1,
  'province' => 440000,
  'city' => 440100,
  'district' => 440113,
  'address' => '广东省广州市番禺区算',
  'mobile' => '15976913762',
  'postscript' => '暂无留言',
  'shipping_fee' => '0.00',
  'pay_name' => '微信支付',
  'pay_id' => 1,
  'actual_price' => '25.00',
  'integral' => 0,
  'integral_money' => '0.00',
  'order_price' => '25.00',
  'goods_price' => '25.00',
  'add_time' => '2019-09-24 22:40:49',
  'confirm_time' => '1970-01-01 08:00:01',
  'pay_time' => 0,
  'freight_price' => 0,
  'coupon_id' => 0,
  'parent_id' => 0,
  'coupon_price' => '0.00',
  'callback_status' => 0,
  'shop_id' => 27,
  'created_at' => '2019-09-24 22:40:49',
  'updated_at' => '2019-09-24 22:40:49',
  'refund_number' => '',
  'refund_desc' => '',
  'bargain_id' => 0,
  'is_new' => 0,
  'group_id' => 41,
)  result:array (
  'return_code' => 'SUCCESS',
  'return_msg' => 'OK',
  'appid' => 'wx6be14b9c1bbe7bc0',
  'mch_id' => '1543596541',
  'nonce_str' => 'm66expZKidMObrae',
  'sign' => '285A1AE36A393350E3EC82B0D633568F',
  'result_code' => 'SUCCESS',
  'prepay_id' => 'wx24232649458483d69394da751525981800',
  'trade_type' => 'JSAPI',
)
| GET:array (
  'order_id' => '266',
  'user_id' => '14',
  'code' => '0232YMM00gLtOH1V59Q00moWM002YMMc',
  'rawData' => '{"nickName":"第三杯免票","gender":1,"language":"zh_CN","city":"Guangzhou","province":"Guangdong","country":"China","avatarUrl":"https://wx.qlogo.cn/mmopen/vi_32/fKtJn1fWibuFaGsiambNRMIWc6rfDV7iaqePKjlBc4LGkIbJRbceictichvs9d6FhGFSx5kHqPgW6ryDRTWXqIX5l5g/132"}',
)
23:27:59|order:array (
  'id' => 271,
  'order_sn' => '295062268285655601401',
  'trade_no' => '',
  'uid' => 14,
  'order_status' => 10,
  'shipping_status' => 0,
  'pay_status' => 0,
  'consignee' => '黑我',
  'country' => 1,
  'province' => 440000,
  'city' => 440100,
  'district' => 440113,
  'address' => '广东省广州市番禺区算',
  'mobile' => '15976913762',
  'postscript' => '暂无留言',
  'shipping_fee' => '0.00',
  'pay_name' => '微信支付',
  'pay_id' => 1,
  'actual_price' => '1.00',
  'integral' => 0,
  'integral_money' => '0.00',
  'order_price' => '1.00',
  'goods_price' => '1.00',
  'add_time' => '2019-09-24 23:27:36',
  'confirm_time' => '1970-01-01 08:00:01',
  'pay_time' => 0,
  'freight_price' => 0,
  'coupon_id' => 0,
  'parent_id' => 0,
  'coupon_price' => '0.00',
  'callback_status' => 0,
  'shop_id' => 27,
  'created_at' => '2019-09-24 23:27:36',
  'updated_at' => '2019-09-24 23:27:36',
  'refund_number' => '',
  'refund_desc' => '',
  'bargain_id' => 0,
  'is_new' => 0,
  'group_id' => 42,
)  result:array (
  'return_code' => 'SUCCESS',
  'return_msg' => 'OK',
  'appid' => 'wx6be14b9c1bbe7bc0',
  'mch_id' => '1543596541',
  'nonce_str' => 'pNmjig1rFX6YKNNc',
  'sign' => '77ED7F84602A714DDC7BDA9475A2D2F8',
  'result_code' => 'SUCCESS',
  'prepay_id' => 'wx2423275913580367882553371017950700',
  'trade_type' => 'JSAPI',
)
| GET:array (
  'order_id' => '271',
  'user_id' => '14',
  'code' => '0232YMM00gLtOH1V59Q00moWM002YMMc',
  'rawData' => '{"nickName":"第三杯免票","gender":1,"language":"zh_CN","city":"Guangzhou","province":"Guangdong","country":"China","avatarUrl":"https://wx.qlogo.cn/mmopen/vi_32/fKtJn1fWibuFaGsiambNRMIWc6rfDV7iaqePKjlBc4LGkIbJRbceictichvs9d6FhGFSx5kHqPgW6ryDRTWXqIX5l5g/132"}',
)
