15:17:57|order:array (
  'id' => 126,
  'order_sn' => '233061643258410001301',
  'trade_no' => '',
  'uid' => 13,
  'order_status' => 10,
  'shipping_status' => 0,
  'pay_status' => 0,
  'consignee' => '陈鹏威',
  'country' => 1,
  'province' => 440000,
  'city' => 110100,
  'district' => 110111,
  'address' => '广东省市辖区房山区祈福新邨C区10栋4A',
  'mobile' => '13826123474',
  'postscript' => '暂无留言',
  'shipping_fee' => '0.00',
  'pay_name' => '微信支付',
  'pay_id' => 1,
  'actual_price' => '0.01',
  'integral' => 0,
  'integral_money' => '0.00',
  'order_price' => '0.01',
  'goods_price' => '0.01',
  'add_time' => '2019-07-14 15:16:24',
  'confirm_time' => '1970-01-01 08:00:01',
  'pay_time' => 0,
  'freight_price' => 0,
  'coupon_id' => 0,
  'parent_id' => 0,
  'coupon_price' => '0.00',
  'callback_status' => 0,
  'shop_id' => 18,
  'created_at' => '2019-07-14 15:16:24',
  'updated_at' => '2019-07-14 15:16:24',
  'bargain_id' => 0,
  'refund_number' => '',
  'refund_desc' => '',
  'is_new' => 0,
)  result:array (
  'return_code' => 'SUCCESS',
  'return_msg' => 'OK',
  'appid' => 'wx6be14b9c1bbe7bc0',
  'mch_id' => '1543596541',
  'nonce_str' => 'gQGyQrKdIrUODzMI',
  'sign' => 'C6496FFF9BC3B6885E39F045A665F65E',
  'result_code' => 'SUCCESS',
  'prepay_id' => 'wx14151757226771d4af750eeb1651871400',
  'trade_type' => 'JSAPI',
)
| GET:array (
  'order_id' => '126',
  'user_id' => '13',
  'code' => '0339Mra22Bb21V0yJt722OMEa229MraE',
  'rawData' => '{"nickName":"叫我‘銘睿’可好","gender":1,"language":"zh_CN","city":"Guangzhou","province":"Guangdong","country":"China","avatarUrl":"https://wx.qlogo.cn/mmopen/vi_32/ZdHZ8vlDjCrn6x3YMx7sUicabLQoKj54A6eoicuxxL9KAKuXT4NoFA0RESlPLficA4gcUytKdf6UotlF1hCQLcO3Q/132"}',
)
23:35:53|order:array (
  'id' => 137,
  'order_sn' => '220061646253216001301',
  'trade_no' => '',
  'uid' => 13,
  'order_status' => 10,
  'shipping_status' => 0,
  'pay_status' => 0,
  'consignee' => '陈鹏威',
  'country' => 1,
  'province' => 440000,
  'city' => 110100,
  'district' => 110111,
  'address' => '广东省市辖区房山区祈福新邨C区10栋4A',
  'mobile' => '13826123474',
  'postscript' => '暂无留言',
  'shipping_fee' => '0.00',
  'pay_name' => '微信支付',
  'pay_id' => 1,
  'actual_price' => '0.01',
  'integral' => 0,
  'integral_money' => '0.00',
  'order_price' => '0.01',
  'goods_price' => '0.01',
  'add_time' => '2019-07-14 23:35:32',
  'confirm_time' => '1970-01-01 08:00:01',
  'pay_time' => 0,
  'freight_price' => 0,
  'coupon_id' => 0,
  'parent_id' => 0,
  'coupon_price' => '0.00',
  'callback_status' => 0,
  'shop_id' => 9,
  'created_at' => '2019-07-14 23:35:32',
  'updated_at' => '2019-07-14 23:35:32',
  'bargain_id' => 0,
  'refund_number' => '',
  'refund_desc' => '',
  'is_new' => 0,
)  result:array (
  'return_code' => 'SUCCESS',
  'return_msg' => 'OK',
  'appid' => 'wx6be14b9c1bbe7bc0',
  'mch_id' => '1543596541',
  'nonce_str' => 'nLbus6tQwGHHqBSk',
  'sign' => 'FE8E7EEBBFEFB2C88D72D64D4B76E5FC',
  'result_code' => 'SUCCESS',
  'prepay_id' => 'wx14233553920815632076d25d1301394600',
  'trade_type' => 'JSAPI',
)
| GET:array (
  'order_id' => '137',
  'user_id' => '13',
  'code' => '0339Mra22Bb21V0yJt722OMEa229MraE',
  'rawData' => '{"nickName":"叫我‘銘睿’可好","gender":1,"language":"zh_CN","city":"Guangzhou","province":"Guangdong","country":"China","avatarUrl":"https://wx.qlogo.cn/mmopen/vi_32/ZdHZ8vlDjCrn6x3YMx7sUicabLQoKj54A6eoicuxxL9KAKuXT4NoFA0RESlPLficA4gcUytKdf6UotlF1hCQLcO3Q/132"}',
)
