13:27:14|order:array (
  'id' => 175,
  'order_sn' => '247061694424608201301',
  'trade_no' => '',
  'uid' => 13,
  'order_status' => 10,
  'shipping_status' => 0,
  'pay_status' => 0,
  'consignee' => '陈鹏威',
  'country' => 1,
  'province' => 440000,
  'city' => 440100,
  'district' => 440113,
  'address' => '广东省广州市番禺区祈福新邨C区10栋4A',
  'mobile' => '13826123474',
  'postscript' => '暂无留言',
  'shipping_fee' => '0.00',
  'pay_name' => '微信支付',
  'pay_id' => 1,
  'actual_price' => '0.01',
  'integral' => 0,
  'integral_money' => '0.00',
  'order_price' => '0.01',
  'goods_price' => '0.01',
  'add_time' => '2019-07-20 13:24:06',
  'confirm_time' => '1970-01-01 08:00:01',
  'pay_time' => 0,
  'freight_price' => 0,
  'coupon_id' => 0,
  'parent_id' => 0,
  'coupon_price' => '0.00',
  'callback_status' => 0,
  'shop_id' => 18,
  'created_at' => '2019-07-20 13:24:06',
  'updated_at' => '2019-07-20 13:24:06',
  'bargain_id' => 0,
  'refund_number' => '',
  'refund_desc' => '',
  'is_new' => 0,
)  result:array (
  'return_code' => 'SUCCESS',
  'return_msg' => 'OK',
  'appid' => 'wx6be14b9c1bbe7bc0',
  'mch_id' => '1543596541',
  'nonce_str' => 'DJp2rznTnNnfW4u4',
  'sign' => '7E1C573BD88E73B5D1B80C109F1E0CAC',
  'result_code' => 'SUCCESS',
  'prepay_id' => 'wx201327143138846867bc74981737936800',
  'trade_type' => 'JSAPI',
)
| GET:array (
  'order_id' => '175',
  'user_id' => '13',
  'code' => '043odep51GjDjS1m2Wn51Jwfp51odepO',
  'rawData' => '{"nickName":"叫我‘銘睿’可好","gender":1,"language":"zh_CN","city":"Guangzhou","province":"Guangdong","country":"China","avatarUrl":"https://wx.qlogo.cn/mmopen/vi_32/ZdHZ8vlDjCrn6x3YMx7sUicabLQoKj54A6eoicuxxL9KAKuXT4NoFA0RESlPLficA4gcUytKdf6UotlF1hCQLcO3Q/132"}',
)
15:31:57|order:array (
  'id' => 160,
  'order_sn' => '215061671193395204901',
  'trade_no' => '',
  'uid' => 49,
  'order_status' => 10,
  'shipping_status' => 0,
  'pay_status' => 0,
  'consignee' => '班生',
  'country' => 1,
  'province' => 440000,
  'city' => 440100,
  'district' => 440113,
  'address' => '广东省广州市番禺区祈福新邨一号',
  'mobile' => '15697738224',
  'postscript' => '暂无留言',
  'shipping_fee' => '0.00',
  'pay_name' => '微信支付',
  'pay_id' => 1,
  'actual_price' => '0.01',
  'integral' => 0,
  'integral_money' => '0.00',
  'order_price' => '0.01',
  'goods_price' => '0.01',
  'add_time' => '2019-07-17 20:52:13',
  'confirm_time' => '1970-01-01 08:00:01',
  'pay_time' => 0,
  'freight_price' => 0,
  'coupon_id' => 0,
  'parent_id' => 0,
  'coupon_price' => '0.00',
  'callback_status' => 0,
  'shop_id' => 9,
  'created_at' => '2019-07-17 20:52:13',
  'updated_at' => '2019-07-17 20:52:13',
  'bargain_id' => 0,
  'refund_number' => '',
  'refund_desc' => '',
  'is_new' => 0,
)  result:array (
  'return_code' => 'SUCCESS',
  'return_msg' => 'OK',
  'appid' => 'wx6be14b9c1bbe7bc0',
  'mch_id' => '1543596541',
  'nonce_str' => '9EKjxldCDqodjHez',
  'sign' => '7F3C91976437DE409D800D945797B163',
  'result_code' => 'SUCCESS',
  'prepay_id' => 'wx2015315705220789b1cf4aa81012679400',
  'trade_type' => 'JSAPI',
)
| GET:array (
  'order_id' => '160',
  'user_id' => '49',
  'code' => '071m8oyX0eN0DV1PcuAX0JoryX0m8oyb',
  'rawData' => '{"nickName":"Ben","gender":1,"language":"zh_TW","city":"","province":"","country":"Finland","avatarUrl":"https://wx.qlogo.cn/mmopen/vi_32/DYAIOgq83epILbOcVGhF0h9vE6mAxnza1v8OMyibbEHVa7Q1jD49EH3Eu99YNkZTYSWMEgdPCoHazZCrpvbR7dA/132"}',
)
15:32:04|order:array (
  'id' => 160,
  'order_sn' => '215061671193395204901',
  'trade_no' => '',
  'uid' => 49,
  'order_status' => 10,
  'shipping_status' => 0,
  'pay_status' => 0,
  'consignee' => '班生',
  'country' => 1,
  'province' => 440000,
  'city' => 440100,
  'district' => 440113,
  'address' => '广东省广州市番禺区祈福新邨一号',
  'mobile' => '15697738224',
  'postscript' => '暂无留言',
  'shipping_fee' => '0.00',
  'pay_name' => '微信支付',
  'pay_id' => 1,
  'actual_price' => '0.01',
  'integral' => 0,
  'integral_money' => '0.00',
  'order_price' => '0.01',
  'goods_price' => '0.01',
  'add_time' => '2019-07-17 20:52:13',
  'confirm_time' => '1970-01-01 08:00:01',
  'pay_time' => 0,
  'freight_price' => 0,
  'coupon_id' => 0,
  'parent_id' => 0,
  'coupon_price' => '0.00',
  'callback_status' => 0,
  'shop_id' => 9,
  'created_at' => '2019-07-17 20:52:13',
  'updated_at' => '2019-07-17 20:52:13',
  'bargain_id' => 0,
  'refund_number' => '',
  'refund_desc' => '',
  'is_new' => 0,
)  result:array (
  'return_code' => 'SUCCESS',
  'return_msg' => 'OK',
  'appid' => 'wx6be14b9c1bbe7bc0',
  'mch_id' => '1543596541',
  'nonce_str' => 'HvBej0gnWL8gfjl1',
  'sign' => 'F46847EE0716BA18B30F95992DBFCFD0',
  'result_code' => 'SUCCESS',
  'prepay_id' => 'wx2015320413323489b1cf4aa81682805100',
  'trade_type' => 'JSAPI',
)
| GET:array (
  'order_id' => '160',
  'user_id' => '49',
  'code' => '071m8oyX0eN0DV1PcuAX0JoryX0m8oyb',
  'rawData' => '{"nickName":"Ben","gender":1,"language":"zh_TW","city":"","province":"","country":"Finland","avatarUrl":"https://wx.qlogo.cn/mmopen/vi_32/DYAIOgq83epILbOcVGhF0h9vE6mAxnza1v8OMyibbEHVa7Q1jD49EH3Eu99YNkZTYSWMEgdPCoHazZCrpvbR7dA/132"}',
)
