13:44:31|order:array (
  'id' => 228,
  'order_sn' => '291062136995330603201',
  'trade_no' => '',
  'uid' => 32,
  'order_status' => 10,
  'shipping_status' => 0,
  'pay_status' => 0,
  'consignee' => '3',
  'country' => 1,
  'province' => 440000,
  'city' => 440100,
  'district' => 440113,
  'address' => '广东省广州市番禺区31',
  'mobile' => '13531513613',
  'postscript' => '暂无留言',
  'shipping_fee' => '0.00',
  'pay_name' => '微信支付',
  'pay_id' => 1,
  'actual_price' => '5.00',
  'integral' => 0,
  'integral_money' => '0.00',
  'order_price' => '5.00',
  'goods_price' => '5.00',
  'add_time' => '2019-09-09 18:45:53',
  'confirm_time' => '1970-01-01 08:00:01',
  'pay_time' => 0,
  'freight_price' => 0,
  'coupon_id' => 0,
  'parent_id' => 0,
  'coupon_price' => '0.00',
  'callback_status' => 0,
  'shop_id' => 23,
  'created_at' => '2019-09-09 18:45:53',
  'updated_at' => '2019-09-09 18:45:53',
  'refund_number' => '',
  'refund_desc' => '',
  'bargain_id' => 0,
  'is_new' => 0,
  'group_id' => 23,
)  result:array (
  'return_code' => 'SUCCESS',
  'return_msg' => 'OK',
  'appid' => 'wx6be14b9c1bbe7bc0',
  'mch_id' => '1543596541',
  'nonce_str' => 'zdttQqgN6BKGexOf',
  'sign' => 'E793BAC85106C4B09F5168BB59D1882D',
  'result_code' => 'SUCCESS',
  'prepay_id' => 'wx111344315482533170b261361327463500',
  'trade_type' => 'JSAPI',
)
| GET:array (
  'order_id' => '228',
  'user_id' => '32',
  'code' => '043mASY92BIYkN0ymQ1a2M8SY92mASYs',
  'rawData' => '{"nickName":"ovlia","gender":0,"language":"zh_CN","city":"","province":"","country":"","avatarUrl":"https://wx.qlogo.cn/mmopen/vi_32/tN4JzuyicspolYpqIwAxvrZdK61FKPm9vzrEOurmm2gkfpZOJdgcWetAyBZLOzvbkRhVF3Vs9l0yVfA71VBecJg/132"}',
)
13:49:59|order:array (
  'id' => 228,
  'order_sn' => '291062136995330603201',
  'trade_no' => '',
  'uid' => 32,
  'order_status' => 10,
  'shipping_status' => 0,
  'pay_status' => 0,
  'consignee' => '3',
  'country' => 1,
  'province' => 440000,
  'city' => 440100,
  'district' => 440113,
  'address' => '广东省广州市番禺区31',
  'mobile' => '13531513613',
  'postscript' => '暂无留言',
  'shipping_fee' => '0.00',
  'pay_name' => '微信支付',
  'pay_id' => 1,
  'actual_price' => '5.00',
  'integral' => 0,
  'integral_money' => '0.00',
  'order_price' => '5.00',
  'goods_price' => '5.00',
  'add_time' => '2019-09-09 18:45:53',
  'confirm_time' => '1970-01-01 08:00:01',
  'pay_time' => 0,
  'freight_price' => 0,
  'coupon_id' => 0,
  'parent_id' => 0,
  'coupon_price' => '0.00',
  'callback_status' => 0,
  'shop_id' => 23,
  'created_at' => '2019-09-09 18:45:53',
  'updated_at' => '2019-09-09 18:45:53',
  'refund_number' => '',
  'refund_desc' => '',
  'bargain_id' => 0,
  'is_new' => 0,
  'group_id' => 23,
)  result:array (
  'return_code' => 'SUCCESS',
  'return_msg' => 'OK',
  'appid' => 'wx6be14b9c1bbe7bc0',
  'mch_id' => '1543596541',
  'nonce_str' => '2VNVB7AHan5HxDBn',
  'sign' => '4743AC3E364F6C771015AAD17B847421',
  'result_code' => 'SUCCESS',
  'prepay_id' => 'wx111349590748123170b261361645085900',
  'trade_type' => 'JSAPI',
)
| GET:array (
  'order_id' => '228',
  'user_id' => '32',
  'code' => '043mASY92BIYkN0ymQ1a2M8SY92mASYs',
  'rawData' => '{"nickName":"ovlia","gender":0,"language":"zh_CN","city":"","province":"","country":"","avatarUrl":"https://wx.qlogo.cn/mmopen/vi_32/tN4JzuyicspolYpqIwAxvrZdK61FKPm9vzrEOurmm2gkfpZOJdgcWetAyBZLOzvbkRhVF3Vs9l0yVfA71VBecJg/132"}',
)
13:51:48|order:array (
  'id' => 228,
  'order_sn' => '291062136995330603201',
  'trade_no' => '',
  'uid' => 32,
  'order_status' => 10,
  'shipping_status' => 0,
  'pay_status' => 0,
  'consignee' => '3',
  'country' => 1,
  'province' => 440000,
  'city' => 440100,
  'district' => 440113,
  'address' => '广东省广州市番禺区31',
  'mobile' => '13531513613',
  'postscript' => '暂无留言',
  'shipping_fee' => '0.00',
  'pay_name' => '微信支付',
  'pay_id' => 1,
  'actual_price' => '5.00',
  'integral' => 0,
  'integral_money' => '0.00',
  'order_price' => '5.00',
  'goods_price' => '5.00',
  'add_time' => '2019-09-09 18:45:53',
  'confirm_time' => '1970-01-01 08:00:01',
  'pay_time' => 0,
  'freight_price' => 0,
  'coupon_id' => 0,
  'parent_id' => 0,
  'coupon_price' => '0.00',
  'callback_status' => 0,
  'shop_id' => 23,
  'created_at' => '2019-09-09 18:45:53',
  'updated_at' => '2019-09-09 18:45:53',
  'refund_number' => '',
  'refund_desc' => '',
  'bargain_id' => 0,
  'is_new' => 0,
  'group_id' => 23,
)  result:array (
  'return_code' => 'SUCCESS',
  'return_msg' => 'OK',
  'appid' => 'wx6be14b9c1bbe7bc0',
  'mch_id' => '1543596541',
  'nonce_str' => 'pJCm1LeOhlBzLpY7',
  'sign' => '7827A87E111F4C5CAD2B7C40A47F5181',
  'result_code' => 'SUCCESS',
  'prepay_id' => 'wx111351486699983170b261361982866200',
  'trade_type' => 'JSAPI',
)
| GET:array (
  'order_id' => '228',
  'user_id' => '32',
  'code' => '043mASY92BIYkN0ymQ1a2M8SY92mASYs',
  'rawData' => '{"nickName":"ovlia","gender":0,"language":"zh_CN","city":"","province":"","country":"","avatarUrl":"https://wx.qlogo.cn/mmopen/vi_32/tN4JzuyicspolYpqIwAxvrZdK61FKPm9vzrEOurmm2gkfpZOJdgcWetAyBZLOzvbkRhVF3Vs9l0yVfA71VBecJg/132"}',
)
13:53:37|order:array (
  'id' => 228,
  'order_sn' => '291062136995330603201',
  'trade_no' => '',
  'uid' => 32,
  'order_status' => 10,
  'shipping_status' => 0,
  'pay_status' => 0,
  'consignee' => '3',
  'country' => 1,
  'province' => 440000,
  'city' => 440100,
  'district' => 440113,
  'address' => '广东省广州市番禺区31',
  'mobile' => '13531513613',
  'postscript' => '暂无留言',
  'shipping_fee' => '0.00',
  'pay_name' => '微信支付',
  'pay_id' => 1,
  'actual_price' => '5.00',
  'integral' => 0,
  'integral_money' => '0.00',
  'order_price' => '5.00',
  'goods_price' => '5.00',
  'add_time' => '2019-09-09 18:45:53',
  'confirm_time' => '1970-01-01 08:00:01',
  'pay_time' => 0,
  'freight_price' => 0,
  'coupon_id' => 0,
  'parent_id' => 0,
  'coupon_price' => '0.00',
  'callback_status' => 0,
  'shop_id' => 23,
  'created_at' => '2019-09-09 18:45:53',
  'updated_at' => '2019-09-09 18:45:53',
  'refund_number' => '',
  'refund_desc' => '',
  'bargain_id' => 0,
  'is_new' => 0,
  'group_id' => 23,
)  result:array (
  'return_code' => 'SUCCESS',
  'return_msg' => 'OK',
  'appid' => 'wx6be14b9c1bbe7bc0',
  'mch_id' => '1543596541',
  'nonce_str' => 'VDxTlGoHMQSDa9RT',
  'sign' => 'E4CA037482C76645A74769A07DEE53C4',
  'result_code' => 'SUCCESS',
  'prepay_id' => 'wx111353369628323170b261361514295100',
  'trade_type' => 'JSAPI',
)
| GET:array (
  'order_id' => '228',
  'user_id' => '32',
  'code' => '043mASY92BIYkN0ymQ1a2M8SY92mASYs',
  'rawData' => '{"nickName":"ovlia","gender":0,"language":"zh_CN","city":"","province":"","country":"","avatarUrl":"https://wx.qlogo.cn/mmopen/vi_32/tN4JzuyicspolYpqIwAxvrZdK61FKPm9vzrEOurmm2gkfpZOJdgcWetAyBZLOzvbkRhVF3Vs9l0yVfA71VBecJg/132"}',
)
13:53:47|order:array (
  'id' => 228,
  'order_sn' => '291062136995330603201',
  'trade_no' => '',
  'uid' => 32,
  'order_status' => 10,
  'shipping_status' => 0,
  'pay_status' => 0,
  'consignee' => '3',
  'country' => 1,
  'province' => 440000,
  'city' => 440100,
  'district' => 440113,
  'address' => '广东省广州市番禺区31',
  'mobile' => '13531513613',
  'postscript' => '暂无留言',
  'shipping_fee' => '0.00',
  'pay_name' => '微信支付',
  'pay_id' => 1,
  'actual_price' => '5.00',
  'integral' => 0,
  'integral_money' => '0.00',
  'order_price' => '5.00',
  'goods_price' => '5.00',
  'add_time' => '2019-09-09 18:45:53',
  'confirm_time' => '1970-01-01 08:00:01',
  'pay_time' => 0,
  'freight_price' => 0,
  'coupon_id' => 0,
  'parent_id' => 0,
  'coupon_price' => '0.00',
  'callback_status' => 0,
  'shop_id' => 23,
  'created_at' => '2019-09-09 18:45:53',
  'updated_at' => '2019-09-09 18:45:53',
  'refund_number' => '',
  'refund_desc' => '',
  'bargain_id' => 0,
  'is_new' => 0,
  'group_id' => 23,
)  result:array (
  'return_code' => 'SUCCESS',
  'return_msg' => 'OK',
  'appid' => 'wx6be14b9c1bbe7bc0',
  'mch_id' => '1543596541',
  'nonce_str' => 'aWDkka8oJ1aZQL0H',
  'sign' => '72B6988408B8D9635E4E21E31BB305DD',
  'result_code' => 'SUCCESS',
  'prepay_id' => 'wx111353469822913170b261361874786000',
  'trade_type' => 'JSAPI',
)
| GET:array (
  'order_id' => '228',
  'user_id' => '32',
  'code' => '043mASY92BIYkN0ymQ1a2M8SY92mASYs',
  'rawData' => '{"nickName":"ovlia","gender":0,"language":"zh_CN","city":"","province":"","country":"","avatarUrl":"https://wx.qlogo.cn/mmopen/vi_32/tN4JzuyicspolYpqIwAxvrZdK61FKPm9vzrEOurmm2gkfpZOJdgcWetAyBZLOzvbkRhVF3Vs9l0yVfA71VBecJg/132"}',
)
13:55:12|order:array (
  'id' => 228,
  'order_sn' => '291062136995330603201',
  'trade_no' => '',
  'uid' => 32,
  'order_status' => 10,
  'shipping_status' => 0,
  'pay_status' => 0,
  'consignee' => '3',
  'country' => 1,
  'province' => 440000,
  'city' => 440100,
  'district' => 440113,
  'address' => '广东省广州市番禺区31',
  'mobile' => '13531513613',
  'postscript' => '暂无留言',
  'shipping_fee' => '0.00',
  'pay_name' => '微信支付',
  'pay_id' => 1,
  'actual_price' => '5.00',
  'integral' => 0,
  'integral_money' => '0.00',
  'order_price' => '5.00',
  'goods_price' => '5.00',
  'add_time' => '2019-09-09 18:45:53',
  'confirm_time' => '1970-01-01 08:00:01',
  'pay_time' => 0,
  'freight_price' => 0,
  'coupon_id' => 0,
  'parent_id' => 0,
  'coupon_price' => '0.00',
  'callback_status' => 0,
  'shop_id' => 23,
  'created_at' => '2019-09-09 18:45:53',
  'updated_at' => '2019-09-09 18:45:53',
  'refund_number' => '',
  'refund_desc' => '',
  'bargain_id' => 0,
  'is_new' => 0,
  'group_id' => 23,
)  result:array (
  'return_code' => 'SUCCESS',
  'return_msg' => 'OK',
  'appid' => 'wx6be14b9c1bbe7bc0',
  'mch_id' => '1543596541',
  'nonce_str' => 'PG9Ya3OJjFcrXZHH',
  'sign' => '5A8DC28327B16B5A63863D9D2558854C',
  'result_code' => 'SUCCESS',
  'prepay_id' => 'wx111355124122973170b261361359012200',
  'trade_type' => 'JSAPI',
)
| GET:array (
  'order_id' => '228',
  'user_id' => '32',
  'code' => '043mASY92BIYkN0ymQ1a2M8SY92mASYs',
  'rawData' => '{"nickName":"ovlia","gender":0,"language":"zh_CN","city":"","province":"","country":"","avatarUrl":"https://wx.qlogo.cn/mmopen/vi_32/tN4JzuyicspolYpqIwAxvrZdK61FKPm9vzrEOurmm2gkfpZOJdgcWetAyBZLOzvbkRhVF3Vs9l0yVfA71VBecJg/132"}',
)
