11:01:12|order:array (
  'id' => 403,
  'order_sn' => '218062464764842501301',
  'trade_no' => '',
  'uid' => 13,
  'order_status' => 10,
  'shipping_status' => 0,
  'pay_status' => 0,
  'consignee' => '陈鹏威',
  'country' => 1,
  'province' => 440000,
  'city' => 440100,
  'district' => 440113,
  'address' => '广东省广州市番禺区蝶舞10姐12栋4',
  'mobile' => '13826123474',
  'postscript' => '暂无留言',
  'shipping_fee' => '0.00',
  'pay_name' => '微信支付',
  'pay_id' => 1,
  'actual_price' => '0.10',
  'integral' => 0,
  'integral_money' => '0.00',
  'order_price' => '0.10',
  'goods_price' => '0.10',
  'add_time' => '2019-10-17 17:14:08',
  'confirm_time' => '1970-01-01 08:00:01',
  'pay_time' => 0,
  'freight_price' => 0,
  'coupon_id' => 0,
  'parent_id' => 0,
  'coupon_price' => '0.00',
  'callback_status' => 0,
  'shop_id' => 18,
  'created_at' => '2019-10-17 17:14:08',
  'updated_at' => '2019-10-17 17:14:08',
  'refund_number' => '',
  'refund_desc' => '',
  'bargain_id' => 0,
  'is_new' => 0,
  'group_id' => 54,
)  result:array (
  'return_code' => 'SUCCESS',
  'return_msg' => 'OK',
  'appid' => 'wx6be14b9c1bbe7bc0',
  'mch_id' => '1543596541',
  'nonce_str' => 'Uj1YaNOpmoB60Kx8',
  'sign' => 'E24DBEB53F732F0DF47930FE04E7E125',
  'result_code' => 'SUCCESS',
  'prepay_id' => 'wx18110112145953b2cab683781732135300',
  'trade_type' => 'JSAPI',
)
| GET:array (
  'order_id' => '403',
  'user_id' => '13',
  'code' => '043jWEQb0J8MFB166dQb0p6uQb0jWEQY',
  'rawData' => '{"nickName":"叫我‘銘睿’可好","gender":1,"language":"zh_CN","city":"Guangzhou","province":"Guangdong","country":"China","avatarUrl":"https://wx.qlogo.cn/mmopen/vi_32/ZdHZ8vlDjCrn6x3YMx7sUicabLQoKj54A6eoicuxxL9KAKuXT4NoFA0RESlPLficA4gcUytKdf6UotlF1hCQLcO3Q/132"}',
)
11:01:35|order:array (
  'id' => 479,
  'order_sn' => '288062471169175701301',
  'trade_no' => '',
  'uid' => 13,
  'order_status' => 10,
  'shipping_status' => 0,
  'pay_status' => 0,
  'consignee' => '陈鹏威',
  'country' => 1,
  'province' => 440000,
  'city' => 440100,
  'district' => 440113,
  'address' => '广东省广州市番禺区蝶舞10姐12栋4',
  'mobile' => '13826123474',
  'postscript' => '暂无留言',
  'shipping_fee' => '0.00',
  'pay_name' => '微信支付',
  'pay_id' => 1,
  'actual_price' => '0.10',
  'integral' => 0,
  'integral_money' => '0.00',
  'order_price' => '0.10',
  'goods_price' => '0.10',
  'add_time' => '2019-10-18 11:01:31',
  'confirm_time' => '1970-01-01 08:00:01',
  'pay_time' => 0,
  'freight_price' => 0,
  'coupon_id' => 0,
  'parent_id' => 0,
  'coupon_price' => '0.00',
  'callback_status' => 0,
  'shop_id' => 18,
  'created_at' => '2019-10-18 11:01:31',
  'updated_at' => '2019-10-18 11:01:31',
  'refund_number' => '',
  'refund_desc' => '',
  'bargain_id' => 0,
  'is_new' => 0,
  'group_id' => 54,
)  result:array (
  'return_code' => 'SUCCESS',
  'return_msg' => 'OK',
  'appid' => 'wx6be14b9c1bbe7bc0',
  'mch_id' => '1543596541',
  'nonce_str' => 'uhzj2srAgz0sHJd7',
  'sign' => 'E37C24FD0900989D45C6AEAE433B7822',
  'result_code' => 'SUCCESS',
  'prepay_id' => 'wx1811013525263830137d3aa71362431000',
  'trade_type' => 'JSAPI',
)
| GET:array (
  'order_id' => '479',
  'user_id' => '13',
  'code' => '043jWEQb0J8MFB166dQb0p6uQb0jWEQY',
  'rawData' => '{"nickName":"叫我‘銘睿’可好","gender":1,"language":"zh_CN","city":"Guangzhou","province":"Guangdong","country":"China","avatarUrl":"https://wx.qlogo.cn/mmopen/vi_32/ZdHZ8vlDjCrn6x3YMx7sUicabLQoKj54A6eoicuxxL9KAKuXT4NoFA0RESlPLficA4gcUytKdf6UotlF1hCQLcO3Q/132"}',
)
14:05:28|order:array (
  'id' => 571,
  'order_sn' => '234062472272544501301',
  'trade_no' => '',
  'uid' => 13,
  'order_status' => 10,
  'shipping_status' => 0,
  'pay_status' => 0,
  'consignee' => '陈銘睿',
  'country' => 1,
  'province' => 440000,
  'city' => 440100,
  'district' => 440113,
  'address' => '广东省广州市番禺区20栋4',
  'mobile' => '13826123474',
  'postscript' => '暂无留言',
  'shipping_fee' => '0.00',
  'pay_name' => '微信支付',
  'pay_id' => 1,
  'actual_price' => '0.10',
  'integral' => 0,
  'integral_money' => '0.00',
  'order_price' => '0.10',
  'goods_price' => '0.10',
  'add_time' => '2019-10-18 14:05:25',
  'confirm_time' => '1970-01-01 08:00:01',
  'pay_time' => 0,
  'freight_price' => 0,
  'coupon_id' => 0,
  'parent_id' => 0,
  'coupon_price' => '0.00',
  'callback_status' => 0,
  'shop_id' => 18,
  'created_at' => '2019-10-18 14:05:25',
  'updated_at' => '2019-10-18 14:05:25',
  'refund_number' => '',
  'refund_desc' => '',
  'bargain_id' => 0,
  'is_new' => 0,
  'group_id' => 54,
)  result:array (
  'return_code' => 'SUCCESS',
  'return_msg' => 'OK',
  'appid' => 'wx6be14b9c1bbe7bc0',
  'mch_id' => '1543596541',
  'nonce_str' => 'MYSE5GTiKvgaUayh',
  'sign' => 'E68E048D42A87BB561F47DED295187D6',
  'result_code' => 'SUCCESS',
  'prepay_id' => 'wx18140528489244ed2f48c7f81118640400',
  'trade_type' => 'JSAPI',
)
| GET:array (
  'order_id' => '571',
  'user_id' => '13',
  'code' => '043jWEQb0J8MFB166dQb0p6uQb0jWEQY',
  'rawData' => '{"nickName":"叫我‘銘睿’可好","gender":1,"language":"zh_CN","city":"Guangzhou","province":"Guangdong","country":"China","avatarUrl":"https://wx.qlogo.cn/mmopen/vi_32/ZdHZ8vlDjCrn6x3YMx7sUicabLQoKj54A6eoicuxxL9KAKuXT4NoFA0RESlPLficA4gcUytKdf6UotlF1hCQLcO3Q/132"}',
)
16:43:09|order:array (
  'id' => 587,
  'order_sn' => '222062473218620105401',
  'trade_no' => '',
  'uid' => 54,
  'order_status' => 10,
  'shipping_status' => 0,
  'pay_status' => 0,
  'consignee' => '陈銘睿',
  'country' => 1,
  'province' => 440000,
  'city' => 440100,
  'district' => 440113,
  'address' => '广东省广州市番禺区20栋1204',
  'mobile' => '13826123474',
  'postscript' => '暂无留言',
  'shipping_fee' => '0.00',
  'pay_name' => '微信支付',
  'pay_id' => 1,
  'actual_price' => '0.10',
  'integral' => 0,
  'integral_money' => '0.00',
  'order_price' => '0.10',
  'goods_price' => '0.10',
  'add_time' => '2019-10-18 16:43:06',
  'confirm_time' => '1970-01-01 08:00:01',
  'pay_time' => 0,
  'freight_price' => 0,
  'coupon_id' => 0,
  'parent_id' => 0,
  'coupon_price' => '0.00',
  'callback_status' => 0,
  'shop_id' => 18,
  'created_at' => '2019-10-18 16:43:06',
  'updated_at' => '2019-10-18 16:43:06',
  'refund_number' => '',
  'refund_desc' => '',
  'bargain_id' => 0,
  'is_new' => 0,
  'group_id' => 54,
)  result:array (
  'return_code' => 'SUCCESS',
  'return_msg' => 'OK',
  'appid' => 'wx6be14b9c1bbe7bc0',
  'mch_id' => '1543596541',
  'nonce_str' => 'RVMKk6ZjhYluhQMG',
  'sign' => '11E328A3EC18EEC9ED48B8572F9FD426',
  'result_code' => 'SUCCESS',
  'prepay_id' => 'wx18164309052607148c8ce3c51827375700',
  'trade_type' => 'JSAPI',
)
| GET:array (
  'order_id' => '587',
  'user_id' => '54',
  'code' => '023xc20E1VN9350yKs1E1mvOZD1xc20y',
  'rawData' => '{"nickName":"无为亦有所为","gender":1,"language":"zh_CN","city":"Guangzhou","province":"Guangdong","country":"China","avatarUrl":"https://wx.qlogo.cn/mmopen/vi_32/IVAjTlueibhJ0skCcialcLesro55297LtXictocVYh6ib4ru3icVE9QaqfaWSyNygKmmfh3bvibq6FPvYwjKCziaxzeIg/132"}',
)
