13:37:53|order:array (
  'id' => 379,
  'order_sn' => '225062454826883004101',
  'trade_no' => '',
  'uid' => 41,
  'order_status' => 10,
  'shipping_status' => 0,
  'pay_status' => 0,
  'consignee' => 'myt',
  'country' => 1,
  'province' => 440000,
  'city' => 440100,
  'district' => 440113,
  'address' => '广东省广州市番禺区qqq',
  'mobile' => '15504055776',
  'postscript' => '暂无留言',
  'shipping_fee' => '0.00',
  'pay_name' => '微信支付',
  'pay_id' => 1,
  'actual_price' => '0.01',
  'integral' => 0,
  'integral_money' => '0.00',
  'order_price' => '0.01',
  'goods_price' => '0.01',
  'add_time' => '2019-10-16 13:37:48',
  'confirm_time' => '1970-01-01 08:00:01',
  'pay_time' => 0,
  'freight_price' => 0,
  'coupon_id' => 0,
  'parent_id' => 0,
  'coupon_price' => '0.00',
  'callback_status' => 0,
  'shop_id' => 9,
  'created_at' => '2019-10-16 13:37:48',
  'updated_at' => '2019-10-16 13:37:48',
  'refund_number' => '',
  'refund_desc' => '',
  'bargain_id' => 0,
  'is_new' => 0,
  'group_id' => 0,
)  result:array (
  'return_code' => 'SUCCESS',
  'return_msg' => 'OK',
  'appid' => 'wx6be14b9c1bbe7bc0',
  'mch_id' => '1543596541',
  'nonce_str' => 'vlfNYvBhMJ4tkAn6',
  'sign' => 'A2470F5A1E133C80D0FCBA8E40C26725',
  'result_code' => 'SUCCESS',
  'prepay_id' => 'wx16133753674493cdddc7d5cd1040636600',
  'trade_type' => 'JSAPI',
)
| GET:array (
  'order_id' => '379',
  'user_id' => '41',
  'code' => '01117W2Q1cmLF31Cgo2Q1Nqh3Q117W2X',
  'rawData' => '{"nickName":"v1","gender":0,"language":"zh_CN","city":"Guangzhou","province":"Guangdong","country":"China","avatarUrl":"https://wx.qlogo.cn/mmopen/vi_32/Q0j4TwGTfTLia2EwyyEVs3s1IoAHIn5XLmwRQGkGQ78N2gfEH49KQES6h1fno9v8yPT1827xcD8uno0IwKQTIew/132"}',
)
23:21:46|order:array (
  'id' => 380,
  'order_sn' => '234062458330540801301',
  'trade_no' => '',
  'uid' => 13,
  'order_status' => 10,
  'shipping_status' => 0,
  'pay_status' => 0,
  'consignee' => '陈鹏威',
  'country' => 1,
  'province' => 440000,
  'city' => 440100,
  'district' => 440113,
  'address' => '广东省广州市番禺区蝶舞10姐12栋4',
  'mobile' => '13826123474',
  'postscript' => '暂无留言',
  'shipping_fee' => '0.00',
  'pay_name' => '微信支付',
  'pay_id' => 1,
  'actual_price' => '1.00',
  'integral' => 0,
  'integral_money' => '0.00',
  'order_price' => '1.00',
  'goods_price' => '1.00',
  'add_time' => '2019-10-16 23:21:45',
  'confirm_time' => '1970-01-01 08:00:01',
  'pay_time' => 0,
  'freight_price' => 0,
  'coupon_id' => 0,
  'parent_id' => 0,
  'coupon_price' => '0.00',
  'callback_status' => 0,
  'shop_id' => 18,
  'created_at' => '2019-10-16 23:21:45',
  'updated_at' => '2019-10-16 23:21:45',
  'refund_number' => '',
  'refund_desc' => '',
  'bargain_id' => 0,
  'is_new' => 0,
  'group_id' => 0,
)  result:array (
  'return_code' => 'SUCCESS',
  'return_msg' => 'OK',
  'appid' => 'wx6be14b9c1bbe7bc0',
  'mch_id' => '1543596541',
  'nonce_str' => 'S6YCeyfKhuvJKx1O',
  'sign' => '3A48AA5EB97084124868B6578506ADD4',
  'result_code' => 'SUCCESS',
  'prepay_id' => 'wx162321465462406a0f806f7e1243931000',
  'trade_type' => 'JSAPI',
)
| GET:array (
  'order_id' => '380',
  'user_id' => '13',
  'code' => '043jWEQb0J8MFB166dQb0p6uQb0jWEQY',
  'rawData' => '{"nickName":"叫我‘銘睿’可好","gender":1,"language":"zh_CN","city":"Guangzhou","province":"Guangdong","country":"China","avatarUrl":"https://wx.qlogo.cn/mmopen/vi_32/ZdHZ8vlDjCrn6x3YMx7sUicabLQoKj54A6eoicuxxL9KAKuXT4NoFA0RESlPLficA4gcUytKdf6UotlF1hCQLcO3Q/132"}',
)
23:27:03|order:array (
  'id' => 381,
  'order_sn' => '268062458362195901301',
  'trade_no' => '',
  'uid' => 13,
  'order_status' => 10,
  'shipping_status' => 0,
  'pay_status' => 0,
  'consignee' => '陈鹏威',
  'country' => 1,
  'province' => 440000,
  'city' => 440100,
  'district' => 440113,
  'address' => '广东省广州市番禺区蝶舞10姐12栋4',
  'mobile' => '13826123474',
  'postscript' => '暂无留言',
  'shipping_fee' => '0.00',
  'pay_name' => '微信支付',
  'pay_id' => 1,
  'actual_price' => '1.50',
  'integral' => 0,
  'integral_money' => '0.00',
  'order_price' => '1.50',
  'goods_price' => '1.50',
  'add_time' => '2019-10-16 23:27:01',
  'confirm_time' => '1970-01-01 08:00:01',
  'pay_time' => 0,
  'freight_price' => 0,
  'coupon_id' => 0,
  'parent_id' => 0,
  'coupon_price' => '0.00',
  'callback_status' => 0,
  'shop_id' => 18,
  'created_at' => '2019-10-16 23:27:01',
  'updated_at' => '2019-10-16 23:27:01',
  'refund_number' => '',
  'refund_desc' => '',
  'bargain_id' => 0,
  'is_new' => 0,
  'group_id' => 0,
)  result:array (
  'return_code' => 'SUCCESS',
  'return_msg' => 'OK',
  'appid' => 'wx6be14b9c1bbe7bc0',
  'mch_id' => '1543596541',
  'nonce_str' => 'mGtX18yqPn4z2S34',
  'sign' => '713D810A8F288FE04807D95A76265AE5',
  'result_code' => 'SUCCESS',
  'prepay_id' => 'wx16232703274821b73a44e2b31870756400',
  'trade_type' => 'JSAPI',
)
| GET:array (
  'order_id' => '381',
  'user_id' => '13',
  'code' => '043jWEQb0J8MFB166dQb0p6uQb0jWEQY',
  'rawData' => '{"nickName":"叫我‘銘睿’可好","gender":1,"language":"zh_CN","city":"Guangzhou","province":"Guangdong","country":"China","avatarUrl":"https://wx.qlogo.cn/mmopen/vi_32/ZdHZ8vlDjCrn6x3YMx7sUicabLQoKj54A6eoicuxxL9KAKuXT4NoFA0RESlPLficA4gcUytKdf6UotlF1hCQLcO3Q/132"}',
)
