15:39:39|order:array (
  'id' => 138,
  'order_sn' => '267061652037679401301',
  'trade_no' => '',
  'uid' => 13,
  'order_status' => 10,
  'shipping_status' => 0,
  'pay_status' => 0,
  'consignee' => '陈鹏威',
  'country' => 1,
  'province' => 440000,
  'city' => 110100,
  'district' => 110111,
  'address' => '广东省市辖区房山区祈福新邨C区10栋4A',
  'mobile' => '13826123474',
  'postscript' => '暂无留言',
  'shipping_fee' => '0.00',
  'pay_name' => '微信支付',
  'pay_id' => 1,
  'actual_price' => '0.01',
  'integral' => 0,
  'integral_money' => '0.00',
  'order_price' => '0.01',
  'goods_price' => '0.01',
  'add_time' => '2019-07-15 15:39:36',
  'confirm_time' => '1970-01-01 08:00:01',
  'pay_time' => 0,
  'freight_price' => 0,
  'coupon_id' => 0,
  'parent_id' => 0,
  'coupon_price' => '0.00',
  'callback_status' => 0,
  'shop_id' => 18,
  'created_at' => '2019-07-15 15:39:36',
  'updated_at' => '2019-07-15 15:39:36',
  'bargain_id' => 0,
  'refund_number' => '',
  'refund_desc' => '',
  'is_new' => 0,
)  result:array (
  'return_code' => 'SUCCESS',
  'return_msg' => 'OK',
  'appid' => 'wx6be14b9c1bbe7bc0',
  'mch_id' => '1543596541',
  'nonce_str' => 'vaHu1dhwOTgaQs0f',
  'sign' => '9E80EF24D977CD7C818A181DA19F35A5',
  'result_code' => 'SUCCESS',
  'prepay_id' => 'wx151539393878981cd5cc02c21818732300',
  'trade_type' => 'JSAPI',
)
| GET:array (
  'order_id' => '138',
  'user_id' => '13',
  'code' => '0339Mra22Bb21V0yJt722OMEa229MraE',
  'rawData' => '{"nickName":"叫我‘銘睿’可好","gender":1,"language":"zh_CN","city":"Guangzhou","province":"Guangdong","country":"China","avatarUrl":"https://wx.qlogo.cn/mmopen/vi_32/ZdHZ8vlDjCrn6x3YMx7sUicabLQoKj54A6eoicuxxL9KAKuXT4NoFA0RESlPLficA4gcUytKdf6UotlF1hCQLcO3Q/132"}',
)
15:40:02|order:array (
  'id' => 138,
  'order_sn' => '267061652037679401301',
  'trade_no' => '',
  'uid' => 13,
  'order_status' => 10,
  'shipping_status' => 0,
  'pay_status' => 0,
  'consignee' => '陈鹏威',
  'country' => 1,
  'province' => 440000,
  'city' => 110100,
  'district' => 110111,
  'address' => '广东省市辖区房山区祈福新邨C区10栋4A',
  'mobile' => '13826123474',
  'postscript' => '暂无留言',
  'shipping_fee' => '0.00',
  'pay_name' => '微信支付',
  'pay_id' => 1,
  'actual_price' => '0.01',
  'integral' => 0,
  'integral_money' => '0.00',
  'order_price' => '0.01',
  'goods_price' => '0.01',
  'add_time' => '2019-07-15 15:39:36',
  'confirm_time' => '1970-01-01 08:00:01',
  'pay_time' => 0,
  'freight_price' => 0,
  'coupon_id' => 0,
  'parent_id' => 0,
  'coupon_price' => '0.00',
  'callback_status' => 0,
  'shop_id' => 18,
  'created_at' => '2019-07-15 15:39:36',
  'updated_at' => '2019-07-15 15:39:36',
  'bargain_id' => 0,
  'refund_number' => '',
  'refund_desc' => '',
  'is_new' => 0,
)  result:array (
  'return_code' => 'SUCCESS',
  'return_msg' => 'OK',
  'appid' => 'wx6be14b9c1bbe7bc0',
  'mch_id' => '1543596541',
  'nonce_str' => 'i4ELWUkuIk6ZS5IH',
  'sign' => '0C63502A85F8BFF91B1B554C196E4265',
  'result_code' => 'SUCCESS',
  'prepay_id' => 'wx151540020608601cd5cc02c21490905900',
  'trade_type' => 'JSAPI',
)
| GET:array (
  'order_id' => '138',
  'user_id' => '13',
  'code' => '0339Mra22Bb21V0yJt722OMEa229MraE',
  'rawData' => '{"nickName":"叫我‘銘睿’可好","gender":1,"language":"zh_CN","city":"Guangzhou","province":"Guangdong","country":"China","avatarUrl":"https://wx.qlogo.cn/mmopen/vi_32/ZdHZ8vlDjCrn6x3YMx7sUicabLQoKj54A6eoicuxxL9KAKuXT4NoFA0RESlPLficA4gcUytKdf6UotlF1hCQLcO3Q/132"}',
)
15:43:28|order:array (
  'id' => 139,
  'order_sn' => '289061652058807701301',
  'trade_no' => '',
  'uid' => 13,
  'order_status' => 10,
  'shipping_status' => 0,
  'pay_status' => 0,
  'consignee' => '陈鹏威',
  'country' => 1,
  'province' => 440000,
  'city' => 110100,
  'district' => 110111,
  'address' => '广东省市辖区房山区祈福新邨C区10栋4A',
  'mobile' => '13826123474',
  'postscript' => '暂无留言',
  'shipping_fee' => '0.00',
  'pay_name' => '微信支付',
  'pay_id' => 1,
  'actual_price' => '0.01',
  'integral' => 0,
  'integral_money' => '0.00',
  'order_price' => '0.01',
  'goods_price' => '0.01',
  'add_time' => '2019-07-15 15:43:08',
  'confirm_time' => '1970-01-01 08:00:01',
  'pay_time' => 0,
  'freight_price' => 0,
  'coupon_id' => 0,
  'parent_id' => 0,
  'coupon_price' => '0.00',
  'callback_status' => 0,
  'shop_id' => 18,
  'created_at' => '2019-07-15 15:43:08',
  'updated_at' => '2019-07-15 15:43:08',
  'bargain_id' => 0,
  'refund_number' => '',
  'refund_desc' => '',
  'is_new' => 0,
)  result:array (
  'return_code' => 'SUCCESS',
  'return_msg' => 'OK',
  'appid' => 'wx6be14b9c1bbe7bc0',
  'mch_id' => '1543596541',
  'nonce_str' => 'FdjjXaMoXn98NJME',
  'sign' => 'C7FB8AC31A5A057DEC67F1DFD57D5BF9',
  'result_code' => 'SUCCESS',
  'prepay_id' => 'wx1515432846179269a2b80a591616472800',
  'trade_type' => 'JSAPI',
)
| GET:array (
  'order_id' => '139',
  'user_id' => '13',
  'code' => '0339Mra22Bb21V0yJt722OMEa229MraE',
  'rawData' => '{"nickName":"叫我‘銘睿’可好","gender":1,"language":"zh_CN","city":"Guangzhou","province":"Guangdong","country":"China","avatarUrl":"https://wx.qlogo.cn/mmopen/vi_32/ZdHZ8vlDjCrn6x3YMx7sUicabLQoKj54A6eoicuxxL9KAKuXT4NoFA0RESlPLficA4gcUytKdf6UotlF1hCQLcO3Q/132"}',
)
18:48:29|order:array (
  'id' => 136,
  'order_sn' => '272061646117661103201',
  'trade_no' => '',
  'uid' => 32,
  'order_status' => 10,
  'shipping_status' => 0,
  'pay_status' => 0,
  'consignee' => '1',
  'country' => 1,
  'province' => 440000,
  'city' => 440100,
  'district' => 440105,
  'address' => '广东省广州市海珠区广州医科大学第二附属医院k',
  'mobile' => '13534351367',
  'postscript' => '暂无留言',
  'shipping_fee' => '0.00',
  'pay_name' => '微信支付',
  'pay_id' => 1,
  'actual_price' => '16.80',
  'integral' => 0,
  'integral_money' => '0.00',
  'order_price' => '16.80',
  'goods_price' => '16.80',
  'add_time' => '2019-07-14 23:12:56',
  'confirm_time' => '1970-01-01 08:00:01',
  'pay_time' => 0,
  'freight_price' => 0,
  'coupon_id' => 0,
  'parent_id' => 0,
  'coupon_price' => '0.00',
  'callback_status' => 0,
  'shop_id' => 12,
  'created_at' => '2019-07-14 23:12:56',
  'updated_at' => '2019-07-14 23:12:56',
  'bargain_id' => 0,
  'refund_number' => '',
  'refund_desc' => '',
  'is_new' => 0,
)  result:array (
  'return_code' => 'SUCCESS',
  'return_msg' => 'OK',
  'appid' => 'wx6be14b9c1bbe7bc0',
  'mch_id' => '1543596541',
  'nonce_str' => 'nCanHcfVG3lJ3Cs4',
  'sign' => 'A48E4A10B1B8A25C2706A14E3F837E91',
  'result_code' => 'SUCCESS',
  'prepay_id' => 'wx15184829931025feb2b4d9481632691800',
  'trade_type' => 'JSAPI',
)
| GET:array (
  'order_id' => '136',
  'user_id' => '32',
  'code' => '023j8AKc1419Tw0jI2Kc1KfZKc1j8AKJ',
  'rawData' => '{"nickName":"ovlia","gender":0,"language":"zh_CN","city":"","province":"","country":"","avatarUrl":""}',
)
22:22:10|order:array (
  'id' => 140,
  'order_sn' => '250061654441963303201',
  'trade_no' => '',
  'uid' => 32,
  'order_status' => 10,
  'shipping_status' => 0,
  'pay_status' => 0,
  'consignee' => '3',
  'country' => 1,
  'province' => 440000,
  'city' => 440100,
  'district' => 440113,
  'address' => '广东省广州市番禺区祈福新邨31',
  'mobile' => '13531513613',
  'postscript' => '暂无留言',
  'shipping_fee' => '0.00',
  'pay_name' => '微信支付',
  'pay_id' => 1,
  'actual_price' => '0.01',
  'integral' => 0,
  'integral_money' => '0.00',
  'order_price' => '0.01',
  'goods_price' => '0.01',
  'add_time' => '2019-07-15 22:20:19',
  'confirm_time' => '1970-01-01 08:00:01',
  'pay_time' => 0,
  'freight_price' => 0,
  'coupon_id' => 0,
  'parent_id' => 0,
  'coupon_price' => '0.00',
  'callback_status' => 0,
  'shop_id' => 9,
  'created_at' => '2019-07-15 22:20:19',
  'updated_at' => '2019-07-15 22:20:19',
  'bargain_id' => 0,
  'refund_number' => '',
  'refund_desc' => '',
  'is_new' => 0,
)  result:array (
  'return_code' => 'SUCCESS',
  'return_msg' => 'OK',
  'appid' => 'wx6be14b9c1bbe7bc0',
  'mch_id' => '1543596541',
  'nonce_str' => 'MjRGSwOFQyDCHmF8',
  'sign' => 'F69AA30E3A895D6A5ACA55CD9A085D49',
  'result_code' => 'SUCCESS',
  'prepay_id' => 'wx15222210184150d0a0dab4b51190645100',
  'trade_type' => 'JSAPI',
)
| GET:array (
  'order_id' => '140',
  'user_id' => '32',
  'code' => '023j8AKc1419Tw0jI2Kc1KfZKc1j8AKJ',
  'rawData' => '{"nickName":"ovlia","gender":0,"language":"zh_CN","city":"","province":"","country":"","avatarUrl":""}',
)
22:22:15|order:array (
  'id' => 140,
  'order_sn' => '250061654441963303201',
  'trade_no' => '',
  'uid' => 32,
  'order_status' => 10,
  'shipping_status' => 0,
  'pay_status' => 0,
  'consignee' => '3',
  'country' => 1,
  'province' => 440000,
  'city' => 440100,
  'district' => 440113,
  'address' => '广东省广州市番禺区祈福新邨31',
  'mobile' => '13531513613',
  'postscript' => '暂无留言',
  'shipping_fee' => '0.00',
  'pay_name' => '微信支付',
  'pay_id' => 1,
  'actual_price' => '0.01',
  'integral' => 0,
  'integral_money' => '0.00',
  'order_price' => '0.01',
  'goods_price' => '0.01',
  'add_time' => '2019-07-15 22:20:19',
  'confirm_time' => '1970-01-01 08:00:01',
  'pay_time' => 0,
  'freight_price' => 0,
  'coupon_id' => 0,
  'parent_id' => 0,
  'coupon_price' => '0.00',
  'callback_status' => 0,
  'shop_id' => 9,
  'created_at' => '2019-07-15 22:20:19',
  'updated_at' => '2019-07-15 22:20:19',
  'bargain_id' => 0,
  'refund_number' => '',
  'refund_desc' => '',
  'is_new' => 0,
)  result:array (
  'return_code' => 'SUCCESS',
  'return_msg' => 'OK',
  'appid' => 'wx6be14b9c1bbe7bc0',
  'mch_id' => '1543596541',
  'nonce_str' => '4OLSnGFNA2OrVKER',
  'sign' => 'E91CFF34DF11D3C729BAE65C4534A064',
  'result_code' => 'SUCCESS',
  'prepay_id' => 'wx15222215576399d0a0dab4b51200974400',
  'trade_type' => 'JSAPI',
)
| GET:array (
  'order_id' => '140',
  'user_id' => '32',
  'code' => '023j8AKc1419Tw0jI2Kc1KfZKc1j8AKJ',
  'rawData' => '{"nickName":"ovlia","gender":0,"language":"zh_CN","city":"","province":"","country":"","avatarUrl":""}',
)
22:31:17|order:array (
  'id' => 141,
  'order_sn' => '232061654507570303201',
  'trade_no' => '',
  'uid' => 32,
  'order_status' => 10,
  'shipping_status' => 0,
  'pay_status' => 0,
  'consignee' => '3',
  'country' => 1,
  'province' => 440000,
  'city' => 440100,
  'district' => 440113,
  'address' => '广东省广州市番禺区祈福新邨31',
  'mobile' => '13531513613',
  'postscript' => '暂无留言',
  'shipping_fee' => '0.00',
  'pay_name' => '微信支付',
  'pay_id' => 1,
  'actual_price' => '0.01',
  'integral' => 0,
  'integral_money' => '0.00',
  'order_price' => '0.01',
  'goods_price' => '0.01',
  'add_time' => '2019-07-15 22:31:15',
  'confirm_time' => '1970-01-01 08:00:01',
  'pay_time' => 0,
  'freight_price' => 0,
  'coupon_id' => 0,
  'parent_id' => 0,
  'coupon_price' => '0.00',
  'callback_status' => 0,
  'shop_id' => 9,
  'created_at' => '2019-07-15 22:31:15',
  'updated_at' => '2019-07-15 22:31:15',
  'bargain_id' => 0,
  'refund_number' => '',
  'refund_desc' => '',
  'is_new' => 0,
)  result:array (
  'return_code' => 'SUCCESS',
  'return_msg' => 'OK',
  'appid' => 'wx6be14b9c1bbe7bc0',
  'mch_id' => '1543596541',
  'nonce_str' => 'BjQM4KBiUuQuq1e0',
  'sign' => 'EEBF99C566DA522E6AB1015F640A6461',
  'result_code' => 'SUCCESS',
  'prepay_id' => 'wx1522311755036871e63a68f11007133100',
  'trade_type' => 'JSAPI',
)
| GET:array (
  'order_id' => '141',
  'user_id' => '32',
  'code' => '023j8AKc1419Tw0jI2Kc1KfZKc1j8AKJ',
  'rawData' => '{"nickName":"ovlia","gender":0,"language":"zh_CN","city":"","province":"","country":"","avatarUrl":""}',
)
22:59:46|order:array (
  'id' => 145,
  'order_sn' => '274061654677776601301',
  'trade_no' => '',
  'uid' => 13,
  'order_status' => 10,
  'shipping_status' => 0,
  'pay_status' => 0,
  'consignee' => '陈鹏威',
  'country' => 1,
  'province' => 440000,
  'city' => 110100,
  'district' => 110111,
  'address' => '广东省市辖区房山区祈福新邨C区10栋4A',
  'mobile' => '13826123474',
  'postscript' => '暂无留言',
  'shipping_fee' => '0.00',
  'pay_name' => '微信支付',
  'pay_id' => 1,
  'actual_price' => '0.01',
  'integral' => 0,
  'integral_money' => '0.00',
  'order_price' => '0.01',
  'goods_price' => '0.01',
  'add_time' => '2019-07-15 22:59:37',
  'confirm_time' => '1970-01-01 08:00:01',
  'pay_time' => 0,
  'freight_price' => 0,
  'coupon_id' => 0,
  'parent_id' => 0,
  'coupon_price' => '0.00',
  'callback_status' => 0,
  'shop_id' => 18,
  'created_at' => '2019-07-15 22:59:37',
  'updated_at' => '2019-07-15 22:59:37',
  'bargain_id' => 0,
  'refund_number' => '',
  'refund_desc' => '',
  'is_new' => 0,
)  result:array (
  'return_code' => 'SUCCESS',
  'return_msg' => 'OK',
  'appid' => 'wx6be14b9c1bbe7bc0',
  'mch_id' => '1543596541',
  'nonce_str' => 'hc0kvaMJ1gIS37NJ',
  'sign' => '7BFB50881DC7E24AB805E208FA0550D5',
  'result_code' => 'SUCCESS',
  'prepay_id' => 'wx15225946149358969438430e1017681000',
  'trade_type' => 'JSAPI',
)
| GET:array (
  'order_id' => '145',
  'user_id' => '13',
  'code' => '0339Mra22Bb21V0yJt722OMEa229MraE',
  'rawData' => '{"nickName":"叫我‘銘睿’可好","gender":1,"language":"zh_CN","city":"Guangzhou","province":"Guangdong","country":"China","avatarUrl":"https://wx.qlogo.cn/mmopen/vi_32/ZdHZ8vlDjCrn6x3YMx7sUicabLQoKj54A6eoicuxxL9KAKuXT4NoFA0RESlPLficA4gcUytKdf6UotlF1hCQLcO3Q/132"}',
)
