17:11:43|order:array (
  'id' => 209,
  'order_sn' => '210061954990128903201',
  'trade_no' => '',
  'uid' => 32,
  'order_status' => 10,
  'shipping_status' => 0,
  'pay_status' => 0,
  'consignee' => '3',
  'country' => 1,
  'province' => 440000,
  'city' => 440100,
  'district' => 440113,
  'address' => '广东省广州市番禺区祈福新邨31',
  'mobile' => '13531513613',
  'postscript' => '暂无留言',
  'shipping_fee' => '0.00',
  'pay_name' => '微信支付',
  'pay_id' => 1,
  'actual_price' => '0.01',
  'integral' => 0,
  'integral_money' => '0.00',
  'order_price' => '0.01',
  'goods_price' => '0.01',
  'add_time' => '2019-08-19 17:11:41',
  'confirm_time' => '1970-01-01 08:00:01',
  'pay_time' => 0,
  'freight_price' => 0,
  'coupon_id' => 0,
  'parent_id' => 0,
  'coupon_price' => '0.00',
  'callback_status' => 0,
  'shop_id' => 9,
  'created_at' => '2019-08-19 17:11:41',
  'updated_at' => '2019-08-19 17:11:41',
  'bargain_id' => 0,
  'refund_number' => '',
  'refund_desc' => '',
  'is_new' => 0,
)  result:array (
  'return_code' => 'SUCCESS',
  'return_msg' => 'OK',
  'appid' => 'wx6be14b9c1bbe7bc0',
  'mch_id' => '1543596541',
  'nonce_str' => 'bIkye7g5qaOT7lve',
  'sign' => '04DBC76C32DB246B9339F9DD2656E2BD',
  'result_code' => 'SUCCESS',
  'prepay_id' => 'wx19171143275976150f60b4dd1639402400',
  'trade_type' => 'JSAPI',
)
| GET:array (
  'order_id' => '209',
  'user_id' => '32',
  'code' => '023O1rk70IDgAF1mIJk70Cjok70O1rkw',
  'rawData' => '{"nickName":"ovlia","gender":0,"language":"zh_CN","city":"","province":"","country":"","avatarUrl":"https://wx.qlogo.cn/mmopen/vi_32/tN4JzuyicspolYpqIwAxvrZdK61FKPm9vzrEOurmm2gkfpZOJdgcWetAyBZLOzvbkRhVF3Vs9l0yVfA71VBecJg/132"}',
)
18:05:43|order:array (
  'id' => 210,
  'order_sn' => '230061955312381903201',
  'trade_no' => '',
  'uid' => 32,
  'order_status' => 10,
  'shipping_status' => 0,
  'pay_status' => 0,
  'consignee' => '3',
  'country' => 1,
  'province' => 440000,
  'city' => 440100,
  'district' => 440113,
  'address' => '广东省广州市番禺区祈福新邨31',
  'mobile' => '13531513613',
  'postscript' => '暂无留言',
  'shipping_fee' => '0.00',
  'pay_name' => '微信支付',
  'pay_id' => 1,
  'actual_price' => '0.01',
  'integral' => 0,
  'integral_money' => '0.00',
  'order_price' => '0.01',
  'goods_price' => '0.01',
  'add_time' => '2019-08-19 18:05:23',
  'confirm_time' => '1970-01-01 08:00:01',
  'pay_time' => 0,
  'freight_price' => 0,
  'coupon_id' => 0,
  'parent_id' => 0,
  'coupon_price' => '0.00',
  'callback_status' => 0,
  'shop_id' => 9,
  'created_at' => '2019-08-19 18:05:23',
  'updated_at' => '2019-08-19 18:05:23',
  'bargain_id' => 0,
  'refund_number' => '',
  'refund_desc' => '',
  'is_new' => 0,
)  result:array (
  'return_code' => 'SUCCESS',
  'return_msg' => 'OK',
  'appid' => 'wx6be14b9c1bbe7bc0',
  'mch_id' => '1543596541',
  'nonce_str' => 'Tm0BLMEp9RvSXIKz',
  'sign' => '4124F63BE330CDB4DEF221C01CB5CCBE',
  'result_code' => 'SUCCESS',
  'prepay_id' => 'wx1918054316635885917d0bd81415575600',
  'trade_type' => 'JSAPI',
)
| GET:array (
  'order_id' => '210',
  'user_id' => '32',
  'code' => '0330wGlb2mBebM0ltpmb2q8Slb20wGl4',
  'rawData' => '{"nickName":"ovlia","gender":0,"language":"zh_CN","city":"","province":"","country":"","avatarUrl":"https://wx.qlogo.cn/mmopen/vi_32/tN4JzuyicspolYpqIwAxvrZdK61FKPm9vzrEOurmm2gkfpZOJdgcWetAyBZLOzvbkRhVF3Vs9l0yVfA71VBecJg/132"}',
)
18:07:30|order:array (
  'id' => 211,
  'order_sn' => '292061955324493604101',
  'trade_no' => '',
  'uid' => 41,
  'order_status' => 10,
  'shipping_status' => 0,
  'pay_status' => 0,
  'consignee' => 'myt',
  'country' => 1,
  'province' => 440000,
  'city' => 440100,
  'district' => 440113,
  'address' => '广东省广州市番禺区祈福新邨qqq',
  'mobile' => '15504055776',
  'postscript' => '暂无留言',
  'shipping_fee' => '0.00',
  'pay_name' => '微信支付',
  'pay_id' => 1,
  'actual_price' => '0.01',
  'integral' => 0,
  'integral_money' => '0.00',
  'order_price' => '0.01',
  'goods_price' => '0.01',
  'add_time' => '2019-08-19 18:07:24',
  'confirm_time' => '1970-01-01 08:00:01',
  'pay_time' => 0,
  'freight_price' => 0,
  'coupon_id' => 0,
  'parent_id' => 0,
  'coupon_price' => '0.00',
  'callback_status' => 0,
  'shop_id' => 9,
  'created_at' => '2019-08-19 18:07:24',
  'updated_at' => '2019-08-19 18:07:24',
  'bargain_id' => 0,
  'refund_number' => '',
  'refund_desc' => '',
  'is_new' => 0,
)  result:array (
  'return_code' => 'SUCCESS',
  'return_msg' => 'OK',
  'appid' => 'wx6be14b9c1bbe7bc0',
  'mch_id' => '1543596541',
  'nonce_str' => 'MMwq3g8sGIrZQ9Rk',
  'sign' => '8CCC4EBA70F7C66C77ED5B4DE64A9EEF',
  'result_code' => 'SUCCESS',
  'prepay_id' => 'wx19180730422715ba61a35f591021195800',
  'trade_type' => 'JSAPI',
)
| GET:array (
  'order_id' => '211',
  'user_id' => '41',
  'code' => '001qDzWK0ZE3M72U4mXK0XmGWK0qDzWj',
  'rawData' => '{"nickName":"v1","gender":0,"language":"zh_CN","city":"Guangzhou","province":"Guangdong","country":"China","avatarUrl":"https://wx.qlogo.cn/mmopen/vi_32/Q0j4TwGTfTLia2EwyyEVs3s1IoAHIn5XLmwRQGkGQ78N2gfEH49KQES6h1fno9v8yPT1827xcD8uno0IwKQTIew/132"}',
)
22:02:09|order:array (
  'id' => 212,
  'order_sn' => '228061956732797701301',
  'trade_no' => '',
  'uid' => 13,
  'order_status' => 10,
  'shipping_status' => 0,
  'pay_status' => 0,
  'consignee' => '陈鹏威',
  'country' => 1,
  'province' => 440000,
  'city' => 440100,
  'district' => 440113,
  'address' => '广东省广州市番禺区祈福新邨蝶舞10姐12栋4',
  'mobile' => '13826123474',
  'postscript' => '暂无留言',
  'shipping_fee' => '0.00',
  'pay_name' => '微信支付',
  'pay_id' => 1,
  'actual_price' => '0.01',
  'integral' => 0,
  'integral_money' => '0.00',
  'order_price' => '0.01',
  'goods_price' => '0.01',
  'add_time' => '2019-08-19 22:02:07',
  'confirm_time' => '1970-01-01 08:00:01',
  'pay_time' => 0,
  'freight_price' => 0,
  'coupon_id' => 0,
  'parent_id' => 0,
  'coupon_price' => '0.00',
  'callback_status' => 0,
  'shop_id' => 18,
  'created_at' => '2019-08-19 22:02:07',
  'updated_at' => '2019-08-19 22:02:07',
  'bargain_id' => 0,
  'refund_number' => '',
  'refund_desc' => '',
  'is_new' => 0,
)  result:array (
  'return_code' => 'SUCCESS',
  'return_msg' => 'OK',
  'appid' => 'wx6be14b9c1bbe7bc0',
  'mch_id' => '1543596541',
  'nonce_str' => 'fjuSpFC70gTdaa2v',
  'sign' => 'FFB3D7B137517F4EF6D85D4BC9F25ABB',
  'result_code' => 'SUCCESS',
  'prepay_id' => 'wx19220209923783b1793a98ed1860823300',
  'trade_type' => 'JSAPI',
)
| GET:array (
  'order_id' => '212',
  'user_id' => '13',
  'code' => '043pY7Zy1k4jm90NwKWy1HYeZy1pY7ZD',
  'rawData' => '{"nickName":"叫我‘銘睿’可好","gender":1,"language":"zh_CN","city":"Guangzhou","province":"Guangdong","country":"China","avatarUrl":"https://wx.qlogo.cn/mmopen/vi_32/ZdHZ8vlDjCrn6x3YMx7sUicabLQoKj54A6eoicuxxL9KAKuXT4NoFA0RESlPLficA4gcUytKdf6UotlF1hCQLcO3Q/132"}',
)
