22:31:56|order:array (
  'id' => 206,
  'order_sn' => '226061896431529801401',
  'trade_no' => '',
  'uid' => 14,
  'order_status' => 10,
  'shipping_status' => 0,
  'pay_status' => 0,
  'consignee' => '黑我',
  'country' => 1,
  'province' => 440000,
  'city' => 440100,
  'district' => 440113,
  'address' => '广东省广州市番禺区祈福新邨算',
  'mobile' => '15976913762',
  'postscript' => '暂无留言',
  'shipping_fee' => '0.00',
  'pay_name' => '微信支付',
  'pay_id' => 1,
  'actual_price' => '0.01',
  'integral' => 0,
  'integral_money' => '0.00',
  'order_price' => '0.01',
  'goods_price' => '0.01',
  'add_time' => '2019-08-12 22:31:55',
  'confirm_time' => '1970-01-01 08:00:01',
  'pay_time' => 0,
  'freight_price' => 0,
  'coupon_id' => 0,
  'parent_id' => 0,
  'coupon_price' => '0.00',
  'callback_status' => 0,
  'shop_id' => 9,
  'created_at' => '2019-08-12 22:31:55',
  'updated_at' => '2019-08-12 22:31:55',
  'bargain_id' => 0,
  'refund_number' => '',
  'refund_desc' => '',
  'is_new' => 0,
)  result:array (
  'return_code' => 'SUCCESS',
  'return_msg' => 'OK',
  'appid' => 'wx6be14b9c1bbe7bc0',
  'mch_id' => '1543596541',
  'nonce_str' => '4ClNPwfYlOyTVJzI',
  'sign' => '8584B627660F1FB16D4CA3A343E28555',
  'result_code' => 'SUCCESS',
  'prepay_id' => 'wx1222315664000361e210e0931888002700',
  'trade_type' => 'JSAPI',
)
| GET:array (
  'order_id' => '206',
  'user_id' => '14',
  'code' => '033USBhW1FLUKX0UCJiW1jgChW1USBhD',
  'rawData' => '{"nickName":"第三杯免票","gender":1,"language":"zh_CN","city":"Guangzhou","province":"Guangdong","country":"China","avatarUrl":"https://wx.qlogo.cn/mmopen/vi_32/fKtJn1fWibuFaGsiambNRMIWc6rfDV7iaqePKjlBc4LGkIbJRbceictichvs9d6FhGFSx5kHqPgW6ryDRTWXqIX5l5g/132"}',
)
