19:12:54|order:array (
  'id' => 114,
  'order_sn' => '259061618608080501301',
  'trade_no' => '',
  'uid' => 13,
  'order_status' => 10,
  'shipping_status' => 0,
  'pay_status' => 0,
  'consignee' => '陈鹏威',
  'country' => 1,
  'province' => 440000,
  'city' => 110100,
  'district' => 110111,
  'address' => '广东省市辖区房山区祈福新邨C区10栋4A',
  'mobile' => '13826123474',
  'postscript' => '暂无留言',
  'shipping_fee' => '0.00',
  'pay_name' => '微信支付',
  'pay_id' => 1,
  'actual_price' => '0.01',
  'integral' => 0,
  'integral_money' => '0.00',
  'order_price' => '0.01',
  'goods_price' => '0.01',
  'add_time' => '2019-07-11 18:48:00',
  'confirm_time' => '1970-01-01 08:00:01',
  'pay_time' => 0,
  'freight_price' => 0,
  'coupon_id' => 0,
  'parent_id' => 0,
  'coupon_price' => '0.00',
  'callback_status' => 0,
  'shop_id' => 9,
  'created_at' => '2019-07-11 18:48:00',
  'updated_at' => '2019-07-11 18:48:00',
  'bargain_id' => 0,
  'refund_number' => '',
  'refund_desc' => '',
  'is_new' => 0,
)  result:array (
  'return_code' => 'SUCCESS',
  'return_msg' => 'OK',
  'appid' => 'wx6be14b9c1bbe7bc0',
  'mch_id' => '1543596541',
  'nonce_str' => '2jwQ4BybhGEZU6j8',
  'sign' => '30A41F3299E822680A57B6BF25351ABC',
  'result_code' => 'SUCCESS',
  'prepay_id' => 'wx11191254221110891a4996bf1566434800',
  'trade_type' => 'JSAPI',
)
| GET:array (
  'order_id' => '114',
  'user_id' => '13',
  'code' => '023HwXLR0JZCJ521wPJR02jWLR0HwXLg',
  'rawData' => '{"nickName":"叫我‘銘睿’可好","gender":1,"language":"zh_CN","city":"Guangzhou","province":"Guangdong","country":"China","avatarUrl":"https://wx.qlogo.cn/mmopen/vi_32/ZdHZ8vlDjCrn6x3YMx7sUicabLQoKj54A6eoicuxxL9KAKuXT4NoFA0RESlPLficA4gcUytKdf6UotlF1hCQLcO3Q/132"}',
)
20:32:54|order:array (
  'id' => 115,
  'order_sn' => '210061619236707401301',
  'trade_no' => '',
  'uid' => 13,
  'order_status' => 10,
  'shipping_status' => 0,
  'pay_status' => 0,
  'consignee' => '陈鹏威',
  'country' => 1,
  'province' => 440000,
  'city' => 110100,
  'district' => 110111,
  'address' => '广东省市辖区房山区祈福新邨C区10栋4A',
  'mobile' => '13826123474',
  'postscript' => '无',
  'shipping_fee' => '0.00',
  'pay_name' => '微信支付',
  'pay_id' => 1,
  'actual_price' => '0.01',
  'integral' => 0,
  'integral_money' => '0.00',
  'order_price' => '0.01',
  'goods_price' => '0.01',
  'add_time' => '2019-07-11 20:32:47',
  'confirm_time' => '1970-01-01 08:00:01',
  'pay_time' => 0,
  'freight_price' => 0,
  'coupon_id' => 0,
  'parent_id' => 0,
  'coupon_price' => '0.00',
  'callback_status' => 0,
  'shop_id' => 9,
  'created_at' => '2019-07-11 20:32:47',
  'updated_at' => '2019-07-11 20:32:47',
  'bargain_id' => 0,
  'refund_number' => '',
  'refund_desc' => '',
  'is_new' => 0,
)  result:array (
  'return_code' => 'SUCCESS',
  'return_msg' => 'OK',
  'appid' => 'wx6be14b9c1bbe7bc0',
  'mch_id' => '1543596541',
  'nonce_str' => 'Yk3jstGMgNH8hsyP',
  'sign' => '51A464CFF970D8F753BB3798F0107843',
  'result_code' => 'SUCCESS',
  'prepay_id' => 'wx112032543470560a46711a311374354000',
  'trade_type' => 'JSAPI',
)
| GET:array (
  'order_id' => '115',
  'user_id' => '13',
  'code' => '023HwXLR0JZCJ521wPJR02jWLR0HwXLg',
  'rawData' => '{"nickName":"叫我‘銘睿’可好","gender":1,"language":"zh_CN","city":"Guangzhou","province":"Guangdong","country":"China","avatarUrl":"https://wx.qlogo.cn/mmopen/vi_32/ZdHZ8vlDjCrn6x3YMx7sUicabLQoKj54A6eoicuxxL9KAKuXT4NoFA0RESlPLficA4gcUytKdf6UotlF1hCQLcO3Q/132"}',
)
