15:58:31|order:array (
  'id' => 239,
  'order_sn' => '264062187713701301301',
  'trade_no' => '',
  'uid' => 13,
  'order_status' => 10,
  'shipping_status' => 0,
  'pay_status' => 0,
  'consignee' => '陈鹏威',
  'country' => 1,
  'province' => 440000,
  'city' => 440100,
  'district' => 440113,
  'address' => '广东省广州市番禺区蝶舞10姐12栋4',
  'mobile' => '13826123474',
  'postscript' => '暂无留言',
  'shipping_fee' => '0.00',
  'pay_name' => '微信支付',
  'pay_id' => 1,
  'actual_price' => '0.10',
  'integral' => 0,
  'integral_money' => '0.00',
  'order_price' => '0.10',
  'goods_price' => '0.10',
  'add_time' => '2019-09-15 15:38:57',
  'confirm_time' => '1970-01-01 08:00:01',
  'pay_time' => 0,
  'freight_price' => 0,
  'coupon_id' => 0,
  'parent_id' => 0,
  'coupon_price' => '0.00',
  'callback_status' => 0,
  'shop_id' => 18,
  'created_at' => '2019-09-15 15:38:57',
  'updated_at' => '2019-09-15 15:38:57',
  'refund_number' => '',
  'refund_desc' => '',
  'bargain_id' => 0,
  'is_new' => 0,
  'group_id' => 25,
)  result:array (
  'return_code' => 'SUCCESS',
  'return_msg' => 'OK',
  'appid' => 'wx6be14b9c1bbe7bc0',
  'mch_id' => '1543596541',
  'nonce_str' => 'Ngiq70pkT5rVnWsC',
  'sign' => 'A265917AC51CB7B89A50A25BFE83C389',
  'result_code' => 'SUCCESS',
  'prepay_id' => 'wx151558311897160d15ea04041475218500',
  'trade_type' => 'JSAPI',
)
| GET:array (
  'order_id' => '239',
  'user_id' => '13',
  'code' => '023hhHQ91BtxnN1BDzO91DxpQ91hhHQu',
  'rawData' => '{"nickName":"叫我‘銘睿’可好","gender":1,"language":"zh_CN","city":"Guangzhou","province":"Guangdong","country":"China","avatarUrl":"https://wx.qlogo.cn/mmopen/vi_32/ZdHZ8vlDjCrn6x3YMx7sUicabLQoKj54A6eoicuxxL9KAKuXT4NoFA0RESlPLficA4gcUytKdf6UotlF1hCQLcO3Q/132"}',
)
19:20:25|order:array (
  'id' => 240,
  'order_sn' => '224062188207262703201',
  'trade_no' => '',
  'uid' => 32,
  'order_status' => 10,
  'shipping_status' => 0,
  'pay_status' => 0,
  'consignee' => '3',
  'country' => 1,
  'province' => 440000,
  'city' => 440100,
  'district' => 440113,
  'address' => '广东省广州市番禺区31',
  'mobile' => '13531513613',
  'postscript' => '暂无留言',
  'shipping_fee' => '0.00',
  'pay_name' => '微信支付',
  'pay_id' => 1,
  'actual_price' => '0.10',
  'integral' => 0,
  'integral_money' => '0.00',
  'order_price' => '0.10',
  'goods_price' => '0.10',
  'add_time' => '2019-09-15 17:01:12',
  'confirm_time' => '1970-01-01 08:00:01',
  'pay_time' => 0,
  'freight_price' => 0,
  'coupon_id' => 0,
  'parent_id' => 0,
  'coupon_price' => '0.00',
  'callback_status' => 0,
  'shop_id' => 18,
  'created_at' => '2019-09-15 17:01:12',
  'updated_at' => '2019-09-15 17:01:12',
  'refund_number' => '',
  'refund_desc' => '',
  'bargain_id' => 0,
  'is_new' => 0,
  'group_id' => 25,
)  result:array (
  'return_code' => 'SUCCESS',
  'return_msg' => 'OK',
  'appid' => 'wx6be14b9c1bbe7bc0',
  'mch_id' => '1543596541',
  'nonce_str' => 'esuXLcDWLJTfI6jG',
  'sign' => '5A769BD05181277CC55440B8D292E2DC',
  'result_code' => 'SUCCESS',
  'prepay_id' => 'wx15192025640459188c2552ef1753629000',
  'trade_type' => 'JSAPI',
)
| GET:array (
  'order_id' => '240',
  'user_id' => '32',
  'code' => '033NcAQd2LL9YE0QfORd2X4xQd2NcAQC',
  'rawData' => '{"nickName":"ovlia","gender":0,"language":"zh_CN","city":"","province":"","country":"","avatarUrl":"https://wx.qlogo.cn/mmopen/vi_32/tN4JzuyicspolYpqIwAxvrZdK61FKPm9vzrEOurmm2gkfpZOJdgcWetAyBZLOzvbkRhVF3Vs9l0yVfA71VBecJg/132"}',
)
19:26:07|order:array (
  'id' => 239,
  'order_sn' => '264062187713701301301',
  'trade_no' => '',
  'uid' => 13,
  'order_status' => 10,
  'shipping_status' => 0,
  'pay_status' => 0,
  'consignee' => '陈鹏威',
  'country' => 1,
  'province' => 440000,
  'city' => 440100,
  'district' => 440113,
  'address' => '广东省广州市番禺区蝶舞10姐12栋4',
  'mobile' => '13826123474',
  'postscript' => '暂无留言',
  'shipping_fee' => '0.00',
  'pay_name' => '微信支付',
  'pay_id' => 1,
  'actual_price' => '0.10',
  'integral' => 0,
  'integral_money' => '0.00',
  'order_price' => '0.10',
  'goods_price' => '0.10',
  'add_time' => '2019-09-15 15:38:57',
  'confirm_time' => '1970-01-01 08:00:01',
  'pay_time' => 0,
  'freight_price' => 0,
  'coupon_id' => 0,
  'parent_id' => 0,
  'coupon_price' => '0.00',
  'callback_status' => 0,
  'shop_id' => 18,
  'created_at' => '2019-09-15 15:38:57',
  'updated_at' => '2019-09-15 15:38:57',
  'refund_number' => '',
  'refund_desc' => '',
  'bargain_id' => 0,
  'is_new' => 0,
  'group_id' => 25,
)  result:array (
  'return_code' => 'SUCCESS',
  'return_msg' => 'OK',
  'appid' => 'wx6be14b9c1bbe7bc0',
  'mch_id' => '1543596541',
  'nonce_str' => 'cwiTzcWZvk4XtN5i',
  'sign' => 'C1FA97C37E621D467BFD845BA594D12A',
  'result_code' => 'SUCCESS',
  'prepay_id' => 'wx151926076297960d15ea04041883806800',
  'trade_type' => 'JSAPI',
)
| GET:array (
  'order_id' => '239',
  'user_id' => '13',
  'code' => '023SXlyQ11k1p31062BQ1QBxyQ1SXlyn',
  'rawData' => '{"nickName":"叫我‘銘睿’可好","gender":1,"language":"zh_CN","city":"Guangzhou","province":"Guangdong","country":"China","avatarUrl":"https://wx.qlogo.cn/mmopen/vi_32/ZdHZ8vlDjCrn6x3YMx7sUicabLQoKj54A6eoicuxxL9KAKuXT4NoFA0RESlPLficA4gcUytKdf6UotlF1hCQLcO3Q/132"}',
)
19:41:25|order:array (
  'id' => 243,
  'order_sn' => '290062189168357801301',
  'trade_no' => '',
  'uid' => 13,
  'order_status' => 10,
  'shipping_status' => 0,
  'pay_status' => 0,
  'consignee' => '陈鹏威',
  'country' => 1,
  'province' => 440000,
  'city' => 440100,
  'district' => 440113,
  'address' => '广东省广州市番禺区蝶舞10姐12栋4',
  'mobile' => '13826123474',
  'postscript' => '暂无留言',
  'shipping_fee' => '0.00',
  'pay_name' => '微信支付',
  'pay_id' => 1,
  'actual_price' => '0.10',
  'integral' => 0,
  'integral_money' => '0.00',
  'order_price' => '0.10',
  'goods_price' => '0.10',
  'add_time' => '2019-09-15 19:41:23',
  'confirm_time' => '1970-01-01 08:00:01',
  'pay_time' => 0,
  'freight_price' => 0,
  'coupon_id' => 0,
  'parent_id' => 0,
  'coupon_price' => '0.00',
  'callback_status' => 0,
  'shop_id' => 18,
  'created_at' => '2019-09-15 19:41:23',
  'updated_at' => '2019-09-15 19:41:23',
  'refund_number' => '',
  'refund_desc' => '',
  'bargain_id' => 0,
  'is_new' => 0,
  'group_id' => 25,
)  result:array (
  'return_code' => 'SUCCESS',
  'return_msg' => 'OK',
  'appid' => 'wx6be14b9c1bbe7bc0',
  'mch_id' => '1543596541',
  'nonce_str' => 'RSrUOJW4Zk0Gx7jq',
  'sign' => '34530F31D7810E29295F8AF5D630574E',
  'result_code' => 'SUCCESS',
  'prepay_id' => 'wx15194125939123ccdf85f2211029380700',
  'trade_type' => 'JSAPI',
)
| GET:array (
  'order_id' => '243',
  'user_id' => '13',
  'code' => '023SXlyQ11k1p31062BQ1QBxyQ1SXlyn',
  'rawData' => '{"nickName":"叫我‘銘睿’可好","gender":1,"language":"zh_CN","city":"Guangzhou","province":"Guangdong","country":"China","avatarUrl":"https://wx.qlogo.cn/mmopen/vi_32/ZdHZ8vlDjCrn6x3YMx7sUicabLQoKj54A6eoicuxxL9KAKuXT4NoFA0RESlPLficA4gcUytKdf6UotlF1hCQLcO3Q/132"}',
)
19:43:33|order:array (
  'id' => 242,
  'order_sn' => '252062189158495501401',
  'trade_no' => '',
  'uid' => 14,
  'order_status' => 10,
  'shipping_status' => 0,
  'pay_status' => 0,
  'consignee' => '黑我',
  'country' => 1,
  'province' => 440000,
  'city' => 440100,
  'district' => 440113,
  'address' => '广东省广州市番禺区算',
  'mobile' => '15976913762',
  'postscript' => '暂无留言',
  'shipping_fee' => '0.00',
  'pay_name' => '微信支付',
  'pay_id' => 1,
  'actual_price' => '0.10',
  'integral' => 0,
  'integral_money' => '0.00',
  'order_price' => '0.10',
  'goods_price' => '0.10',
  'add_time' => '2019-09-15 19:39:44',
  'confirm_time' => '1970-01-01 08:00:01',
  'pay_time' => 0,
  'freight_price' => 0,
  'coupon_id' => 0,
  'parent_id' => 0,
  'coupon_price' => '0.00',
  'callback_status' => 0,
  'shop_id' => 18,
  'created_at' => '2019-09-15 19:39:44',
  'updated_at' => '2019-09-15 19:39:44',
  'refund_number' => '',
  'refund_desc' => '',
  'bargain_id' => 0,
  'is_new' => 0,
  'group_id' => 25,
)  result:array (
  'return_code' => 'SUCCESS',
  'return_msg' => 'OK',
  'appid' => 'wx6be14b9c1bbe7bc0',
  'mch_id' => '1543596541',
  'nonce_str' => 'ZE4fdTGcdmYj868t',
  'sign' => '92AC90C419F231B451CCE0C8275EF79C',
  'result_code' => 'SUCCESS',
  'prepay_id' => 'wx15194333538443e8ae15d4cb1748518900',
  'trade_type' => 'JSAPI',
)
| GET:array (
  'order_id' => '242',
  'user_id' => '14',
  'code' => '023vQA7k2zLInE0dlc4k2qZL7k2vQA7l',
  'rawData' => '{"nickName":"第三杯免票","gender":1,"language":"zh_CN","city":"Guangzhou","province":"Guangdong","country":"China","avatarUrl":"https://wx.qlogo.cn/mmopen/vi_32/fKtJn1fWibuFaGsiambNRMIWc6rfDV7iaqePKjlBc4LGkIbJRbceictichvs9d6FhGFSx5kHqPgW6ryDRTWXqIX5l5g/132"}',
)
20:12:06|order:array (
  'id' => 244,
  'order_sn' => '231062189352075301301',
  'trade_no' => '',
  'uid' => 13,
  'order_status' => 10,
  'shipping_status' => 0,
  'pay_status' => 0,
  'consignee' => '陈鹏威',
  'country' => 1,
  'province' => 440000,
  'city' => 440100,
  'district' => 440113,
  'address' => '广东省广州市番禺区蝶舞10姐12栋4',
  'mobile' => '13826123474',
  'postscript' => '暂无留言',
  'shipping_fee' => '0.00',
  'pay_name' => '微信支付',
  'pay_id' => 1,
  'actual_price' => '0.00',
  'integral' => 0,
  'integral_money' => '0.00',
  'order_price' => '0.00',
  'goods_price' => '0.00',
  'add_time' => '2019-09-15 20:12:00',
  'confirm_time' => '1970-01-01 08:00:01',
  'pay_time' => 0,
  'freight_price' => 0,
  'coupon_id' => 0,
  'parent_id' => 0,
  'coupon_price' => '0.00',
  'callback_status' => 0,
  'shop_id' => 18,
  'created_at' => '2019-09-15 20:12:00',
  'updated_at' => '2019-09-15 20:12:00',
  'refund_number' => '',
  'refund_desc' => '',
  'bargain_id' => 0,
  'is_new' => 0,
  'group_id' => 28,
)  result:array (
  'return_code' => 'FAIL',
  'return_msg' => '缺少参数',
)
| GET:array (
  'order_id' => '244',
  'user_id' => '13',
  'code' => '023SXlyQ11k1p31062BQ1QBxyQ1SXlyn',
  'rawData' => '{"nickName":"叫我‘銘睿’可好","gender":1,"language":"zh_CN","city":"Guangzhou","province":"Guangdong","country":"China","avatarUrl":"https://wx.qlogo.cn/mmopen/vi_32/ZdHZ8vlDjCrn6x3YMx7sUicabLQoKj54A6eoicuxxL9KAKuXT4NoFA0RESlPLficA4gcUytKdf6UotlF1hCQLcO3Q/132"}',
)
20:12:06|json_preparearray (
  'return_code' => 'FAIL',
  'return_msg' => '缺少参数',
)
| GET:array (
  'order_id' => '244',
  'user_id' => '13',
  'code' => '023SXlyQ11k1p31062BQ1QBxyQ1SXlyn',
  'rawData' => '{"nickName":"叫我‘銘睿’可好","gender":1,"language":"zh_CN","city":"Guangzhou","province":"Guangdong","country":"China","avatarUrl":"https://wx.qlogo.cn/mmopen/vi_32/ZdHZ8vlDjCrn6x3YMx7sUicabLQoKj54A6eoicuxxL9KAKuXT4NoFA0RESlPLficA4gcUytKdf6UotlF1hCQLcO3Q/132"}',
)
20:12:10|order:array (
  'id' => 244,
  'order_sn' => '231062189352075301301',
  'trade_no' => '',
  'uid' => 13,
  'order_status' => 10,
  'shipping_status' => 0,
  'pay_status' => 0,
  'consignee' => '陈鹏威',
  'country' => 1,
  'province' => 440000,
  'city' => 440100,
  'district' => 440113,
  'address' => '广东省广州市番禺区蝶舞10姐12栋4',
  'mobile' => '13826123474',
  'postscript' => '暂无留言',
  'shipping_fee' => '0.00',
  'pay_name' => '微信支付',
  'pay_id' => 1,
  'actual_price' => '0.00',
  'integral' => 0,
  'integral_money' => '0.00',
  'order_price' => '0.00',
  'goods_price' => '0.00',
  'add_time' => '2019-09-15 20:12:00',
  'confirm_time' => '1970-01-01 08:00:01',
  'pay_time' => 0,
  'freight_price' => 0,
  'coupon_id' => 0,
  'parent_id' => 0,
  'coupon_price' => '0.00',
  'callback_status' => 0,
  'shop_id' => 18,
  'created_at' => '2019-09-15 20:12:00',
  'updated_at' => '2019-09-15 20:12:00',
  'refund_number' => '',
  'refund_desc' => '',
  'bargain_id' => 0,
  'is_new' => 0,
  'group_id' => 28,
)  result:array (
  'return_code' => 'FAIL',
  'return_msg' => '缺少参数',
)
| GET:array (
  'order_id' => '244',
  'user_id' => '13',
  'code' => '023SXlyQ11k1p31062BQ1QBxyQ1SXlyn',
  'rawData' => '{"nickName":"叫我‘銘睿’可好","gender":1,"language":"zh_CN","city":"Guangzhou","province":"Guangdong","country":"China","avatarUrl":"https://wx.qlogo.cn/mmopen/vi_32/ZdHZ8vlDjCrn6x3YMx7sUicabLQoKj54A6eoicuxxL9KAKuXT4NoFA0RESlPLficA4gcUytKdf6UotlF1hCQLcO3Q/132"}',
)
20:12:10|json_preparearray (
  'return_code' => 'FAIL',
  'return_msg' => '缺少参数',
)
| GET:array (
  'order_id' => '244',
  'user_id' => '13',
  'code' => '023SXlyQ11k1p31062BQ1QBxyQ1SXlyn',
  'rawData' => '{"nickName":"叫我‘銘睿’可好","gender":1,"language":"zh_CN","city":"Guangzhou","province":"Guangdong","country":"China","avatarUrl":"https://wx.qlogo.cn/mmopen/vi_32/ZdHZ8vlDjCrn6x3YMx7sUicabLQoKj54A6eoicuxxL9KAKuXT4NoFA0RESlPLficA4gcUytKdf6UotlF1hCQLcO3Q/132"}',
)
20:12:27|order:array (
  'id' => 244,
  'order_sn' => '231062189352075301301',
  'trade_no' => '',
  'uid' => 13,
  'order_status' => 10,
  'shipping_status' => 0,
  'pay_status' => 0,
  'consignee' => '陈鹏威',
  'country' => 1,
  'province' => 440000,
  'city' => 440100,
  'district' => 440113,
  'address' => '广东省广州市番禺区蝶舞10姐12栋4',
  'mobile' => '13826123474',
  'postscript' => '暂无留言',
  'shipping_fee' => '0.00',
  'pay_name' => '微信支付',
  'pay_id' => 1,
  'actual_price' => '0.00',
  'integral' => 0,
  'integral_money' => '0.00',
  'order_price' => '0.00',
  'goods_price' => '0.00',
  'add_time' => '2019-09-15 20:12:00',
  'confirm_time' => '1970-01-01 08:00:01',
  'pay_time' => 0,
  'freight_price' => 0,
  'coupon_id' => 0,
  'parent_id' => 0,
  'coupon_price' => '0.00',
  'callback_status' => 0,
  'shop_id' => 18,
  'created_at' => '2019-09-15 20:12:00',
  'updated_at' => '2019-09-15 20:12:00',
  'refund_number' => '',
  'refund_desc' => '',
  'bargain_id' => 0,
  'is_new' => 0,
  'group_id' => 28,
)  result:array (
  'return_code' => 'FAIL',
  'return_msg' => '缺少参数',
)
| GET:array (
  'order_id' => '244',
  'user_id' => '13',
  'code' => '023SXlyQ11k1p31062BQ1QBxyQ1SXlyn',
  'rawData' => '{"nickName":"叫我‘銘睿’可好","gender":1,"language":"zh_CN","city":"Guangzhou","province":"Guangdong","country":"China","avatarUrl":"https://wx.qlogo.cn/mmopen/vi_32/ZdHZ8vlDjCrn6x3YMx7sUicabLQoKj54A6eoicuxxL9KAKuXT4NoFA0RESlPLficA4gcUytKdf6UotlF1hCQLcO3Q/132"}',
)
20:12:27|json_preparearray (
  'return_code' => 'FAIL',
  'return_msg' => '缺少参数',
)
| GET:array (
  'order_id' => '244',
  'user_id' => '13',
  'code' => '023SXlyQ11k1p31062BQ1QBxyQ1SXlyn',
  'rawData' => '{"nickName":"叫我‘銘睿’可好","gender":1,"language":"zh_CN","city":"Guangzhou","province":"Guangdong","country":"China","avatarUrl":"https://wx.qlogo.cn/mmopen/vi_32/ZdHZ8vlDjCrn6x3YMx7sUicabLQoKj54A6eoicuxxL9KAKuXT4NoFA0RESlPLficA4gcUytKdf6UotlF1hCQLcO3Q/132"}',
)
20:12:28|order:array (
  'id' => 244,
  'order_sn' => '231062189352075301301',
  'trade_no' => '',
  'uid' => 13,
  'order_status' => 10,
  'shipping_status' => 0,
  'pay_status' => 0,
  'consignee' => '陈鹏威',
  'country' => 1,
  'province' => 440000,
  'city' => 440100,
  'district' => 440113,
  'address' => '广东省广州市番禺区蝶舞10姐12栋4',
  'mobile' => '13826123474',
  'postscript' => '暂无留言',
  'shipping_fee' => '0.00',
  'pay_name' => '微信支付',
  'pay_id' => 1,
  'actual_price' => '0.00',
  'integral' => 0,
  'integral_money' => '0.00',
  'order_price' => '0.00',
  'goods_price' => '0.00',
  'add_time' => '2019-09-15 20:12:00',
  'confirm_time' => '1970-01-01 08:00:01',
  'pay_time' => 0,
  'freight_price' => 0,
  'coupon_id' => 0,
  'parent_id' => 0,
  'coupon_price' => '0.00',
  'callback_status' => 0,
  'shop_id' => 18,
  'created_at' => '2019-09-15 20:12:00',
  'updated_at' => '2019-09-15 20:12:00',
  'refund_number' => '',
  'refund_desc' => '',
  'bargain_id' => 0,
  'is_new' => 0,
  'group_id' => 28,
)  result:array (
  'return_code' => 'FAIL',
  'return_msg' => '缺少参数',
)
| GET:array (
  'order_id' => '244',
  'user_id' => '13',
  'code' => '023SXlyQ11k1p31062BQ1QBxyQ1SXlyn',
  'rawData' => '{"nickName":"叫我‘銘睿’可好","gender":1,"language":"zh_CN","city":"Guangzhou","province":"Guangdong","country":"China","avatarUrl":"https://wx.qlogo.cn/mmopen/vi_32/ZdHZ8vlDjCrn6x3YMx7sUicabLQoKj54A6eoicuxxL9KAKuXT4NoFA0RESlPLficA4gcUytKdf6UotlF1hCQLcO3Q/132"}',
)
20:12:28|json_preparearray (
  'return_code' => 'FAIL',
  'return_msg' => '缺少参数',
)
| GET:array (
  'order_id' => '244',
  'user_id' => '13',
  'code' => '023SXlyQ11k1p31062BQ1QBxyQ1SXlyn',
  'rawData' => '{"nickName":"叫我‘銘睿’可好","gender":1,"language":"zh_CN","city":"Guangzhou","province":"Guangdong","country":"China","avatarUrl":"https://wx.qlogo.cn/mmopen/vi_32/ZdHZ8vlDjCrn6x3YMx7sUicabLQoKj54A6eoicuxxL9KAKuXT4NoFA0RESlPLficA4gcUytKdf6UotlF1hCQLcO3Q/132"}',
)
20:13:42|order:array (
  'id' => 244,
  'order_sn' => '231062189352075301301',
  'trade_no' => '',
  'uid' => 13,
  'order_status' => 10,
  'shipping_status' => 0,
  'pay_status' => 0,
  'consignee' => '陈鹏威',
  'country' => 1,
  'province' => 440000,
  'city' => 440100,
  'district' => 440113,
  'address' => '广东省广州市番禺区蝶舞10姐12栋4',
  'mobile' => '13826123474',
  'postscript' => '暂无留言',
  'shipping_fee' => '0.00',
  'pay_name' => '微信支付',
  'pay_id' => 1,
  'actual_price' => '0.00',
  'integral' => 0,
  'integral_money' => '0.00',
  'order_price' => '0.00',
  'goods_price' => '0.00',
  'add_time' => '2019-09-15 20:12:00',
  'confirm_time' => '1970-01-01 08:00:01',
  'pay_time' => 0,
  'freight_price' => 0,
  'coupon_id' => 0,
  'parent_id' => 0,
  'coupon_price' => '0.00',
  'callback_status' => 0,
  'shop_id' => 18,
  'created_at' => '2019-09-15 20:12:00',
  'updated_at' => '2019-09-15 20:12:00',
  'refund_number' => '',
  'refund_desc' => '',
  'bargain_id' => 0,
  'is_new' => 0,
  'group_id' => 28,
)  result:array (
  'return_code' => 'FAIL',
  'return_msg' => '缺少参数',
)
| GET:array (
  'order_id' => '244',
  'user_id' => '13',
  'code' => '023SXlyQ11k1p31062BQ1QBxyQ1SXlyn',
  'rawData' => '{"nickName":"叫我‘銘睿’可好","gender":1,"language":"zh_CN","city":"Guangzhou","province":"Guangdong","country":"China","avatarUrl":"https://wx.qlogo.cn/mmopen/vi_32/ZdHZ8vlDjCrn6x3YMx7sUicabLQoKj54A6eoicuxxL9KAKuXT4NoFA0RESlPLficA4gcUytKdf6UotlF1hCQLcO3Q/132"}',
)
20:13:42|json_preparearray (
  'return_code' => 'FAIL',
  'return_msg' => '缺少参数',
)
| GET:array (
  'order_id' => '244',
  'user_id' => '13',
  'code' => '023SXlyQ11k1p31062BQ1QBxyQ1SXlyn',
  'rawData' => '{"nickName":"叫我‘銘睿’可好","gender":1,"language":"zh_CN","city":"Guangzhou","province":"Guangdong","country":"China","avatarUrl":"https://wx.qlogo.cn/mmopen/vi_32/ZdHZ8vlDjCrn6x3YMx7sUicabLQoKj54A6eoicuxxL9KAKuXT4NoFA0RESlPLficA4gcUytKdf6UotlF1hCQLcO3Q/132"}',
)
20:13:43|order:array (
  'id' => 244,
  'order_sn' => '231062189352075301301',
  'trade_no' => '',
  'uid' => 13,
  'order_status' => 10,
  'shipping_status' => 0,
  'pay_status' => 0,
  'consignee' => '陈鹏威',
  'country' => 1,
  'province' => 440000,
  'city' => 440100,
  'district' => 440113,
  'address' => '广东省广州市番禺区蝶舞10姐12栋4',
  'mobile' => '13826123474',
  'postscript' => '暂无留言',
  'shipping_fee' => '0.00',
  'pay_name' => '微信支付',
  'pay_id' => 1,
  'actual_price' => '0.00',
  'integral' => 0,
  'integral_money' => '0.00',
  'order_price' => '0.00',
  'goods_price' => '0.00',
  'add_time' => '2019-09-15 20:12:00',
  'confirm_time' => '1970-01-01 08:00:01',
  'pay_time' => 0,
  'freight_price' => 0,
  'coupon_id' => 0,
  'parent_id' => 0,
  'coupon_price' => '0.00',
  'callback_status' => 0,
  'shop_id' => 18,
  'created_at' => '2019-09-15 20:12:00',
  'updated_at' => '2019-09-15 20:12:00',
  'refund_number' => '',
  'refund_desc' => '',
  'bargain_id' => 0,
  'is_new' => 0,
  'group_id' => 28,
)  result:array (
  'return_code' => 'FAIL',
  'return_msg' => '缺少参数',
)
| GET:array (
  'order_id' => '244',
  'user_id' => '13',
  'code' => '023SXlyQ11k1p31062BQ1QBxyQ1SXlyn',
  'rawData' => '{"nickName":"叫我‘銘睿’可好","gender":1,"language":"zh_CN","city":"Guangzhou","province":"Guangdong","country":"China","avatarUrl":"https://wx.qlogo.cn/mmopen/vi_32/ZdHZ8vlDjCrn6x3YMx7sUicabLQoKj54A6eoicuxxL9KAKuXT4NoFA0RESlPLficA4gcUytKdf6UotlF1hCQLcO3Q/132"}',
)
20:13:43|json_preparearray (
  'return_code' => 'FAIL',
  'return_msg' => '缺少参数',
)
| GET:array (
  'order_id' => '244',
  'user_id' => '13',
  'code' => '023SXlyQ11k1p31062BQ1QBxyQ1SXlyn',
  'rawData' => '{"nickName":"叫我‘銘睿’可好","gender":1,"language":"zh_CN","city":"Guangzhou","province":"Guangdong","country":"China","avatarUrl":"https://wx.qlogo.cn/mmopen/vi_32/ZdHZ8vlDjCrn6x3YMx7sUicabLQoKj54A6eoicuxxL9KAKuXT4NoFA0RESlPLficA4gcUytKdf6UotlF1hCQLcO3Q/132"}',
)
20:14:40|order:array (
  'id' => 244,
  'order_sn' => '231062189352075301301',
  'trade_no' => '',
  'uid' => 13,
  'order_status' => 10,
  'shipping_status' => 0,
  'pay_status' => 0,
  'consignee' => '陈鹏威',
  'country' => 1,
  'province' => 440000,
  'city' => 440100,
  'district' => 440113,
  'address' => '广东省广州市番禺区蝶舞10姐12栋4',
  'mobile' => '13826123474',
  'postscript' => '暂无留言',
  'shipping_fee' => '0.00',
  'pay_name' => '微信支付',
  'pay_id' => 1,
  'actual_price' => '0.00',
  'integral' => 0,
  'integral_money' => '0.00',
  'order_price' => '0.00',
  'goods_price' => '0.00',
  'add_time' => '2019-09-15 20:12:00',
  'confirm_time' => '1970-01-01 08:00:01',
  'pay_time' => 0,
  'freight_price' => 0,
  'coupon_id' => 0,
  'parent_id' => 0,
  'coupon_price' => '0.00',
  'callback_status' => 0,
  'shop_id' => 18,
  'created_at' => '2019-09-15 20:12:00',
  'updated_at' => '2019-09-15 20:12:00',
  'refund_number' => '',
  'refund_desc' => '',
  'bargain_id' => 0,
  'is_new' => 0,
  'group_id' => 28,
)  result:array (
  'return_code' => 'FAIL',
  'return_msg' => '缺少参数',
)
| GET:array (
  'order_id' => '244',
  'user_id' => '13',
  'code' => '023SXlyQ11k1p31062BQ1QBxyQ1SXlyn',
  'rawData' => '{"nickName":"叫我‘銘睿’可好","gender":1,"language":"zh_CN","city":"Guangzhou","province":"Guangdong","country":"China","avatarUrl":"https://wx.qlogo.cn/mmopen/vi_32/ZdHZ8vlDjCrn6x3YMx7sUicabLQoKj54A6eoicuxxL9KAKuXT4NoFA0RESlPLficA4gcUytKdf6UotlF1hCQLcO3Q/132"}',
)
20:14:40|json_preparearray (
  'return_code' => 'FAIL',
  'return_msg' => '缺少参数',
)
| GET:array (
  'order_id' => '244',
  'user_id' => '13',
  'code' => '023SXlyQ11k1p31062BQ1QBxyQ1SXlyn',
  'rawData' => '{"nickName":"叫我‘銘睿’可好","gender":1,"language":"zh_CN","city":"Guangzhou","province":"Guangdong","country":"China","avatarUrl":"https://wx.qlogo.cn/mmopen/vi_32/ZdHZ8vlDjCrn6x3YMx7sUicabLQoKj54A6eoicuxxL9KAKuXT4NoFA0RESlPLficA4gcUytKdf6UotlF1hCQLcO3Q/132"}',
)
20:15:09|order:array (
  'id' => 245,
  'order_sn' => '227062189370620801301',
  'trade_no' => '',
  'uid' => 13,
  'order_status' => 10,
  'shipping_status' => 0,
  'pay_status' => 0,
  'consignee' => '陈鹏威',
  'country' => 1,
  'province' => 440000,
  'city' => 440100,
  'district' => 440113,
  'address' => '广东省广州市番禺区蝶舞10姐12栋4',
  'mobile' => '13826123474',
  'postscript' => '暂无留言',
  'shipping_fee' => '0.00',
  'pay_name' => '微信支付',
  'pay_id' => 1,
  'actual_price' => '0.10',
  'integral' => 0,
  'integral_money' => '0.00',
  'order_price' => '0.10',
  'goods_price' => '0.10',
  'add_time' => '2019-09-15 20:15:06',
  'confirm_time' => '1970-01-01 08:00:01',
  'pay_time' => 0,
  'freight_price' => 0,
  'coupon_id' => 0,
  'parent_id' => 0,
  'coupon_price' => '0.00',
  'callback_status' => 0,
  'shop_id' => 18,
  'created_at' => '2019-09-15 20:15:06',
  'updated_at' => '2019-09-15 20:15:06',
  'refund_number' => '',
  'refund_desc' => '',
  'bargain_id' => 0,
  'is_new' => 0,
  'group_id' => 25,
)  result:array (
  'return_code' => 'SUCCESS',
  'return_msg' => 'OK',
  'appid' => 'wx6be14b9c1bbe7bc0',
  'mch_id' => '1543596541',
  'nonce_str' => 'DjOvIxwBf6dLMaHQ',
  'sign' => 'C26FD9DD6137FEE8F2FF80C2B81090D2',
  'result_code' => 'SUCCESS',
  'prepay_id' => 'wx15201509217065f72231ab291418906100',
  'trade_type' => 'JSAPI',
)
| GET:array (
  'order_id' => '245',
  'user_id' => '13',
  'code' => '023SXlyQ11k1p31062BQ1QBxyQ1SXlyn',
  'rawData' => '{"nickName":"叫我‘銘睿’可好","gender":1,"language":"zh_CN","city":"Guangzhou","province":"Guangdong","country":"China","avatarUrl":"https://wx.qlogo.cn/mmopen/vi_32/ZdHZ8vlDjCrn6x3YMx7sUicabLQoKj54A6eoicuxxL9KAKuXT4NoFA0RESlPLficA4gcUytKdf6UotlF1hCQLcO3Q/132"}',
)
20:15:21|order:array (
  'id' => 246,
  'order_sn' => '259062189371866001301',
  'trade_no' => '',
  'uid' => 13,
  'order_status' => 10,
  'shipping_status' => 0,
  'pay_status' => 0,
  'consignee' => '陈鹏威',
  'country' => 1,
  'province' => 440000,
  'city' => 440100,
  'district' => 440113,
  'address' => '广东省广州市番禺区蝶舞10姐12栋4',
  'mobile' => '13826123474',
  'postscript' => '暂无留言',
  'shipping_fee' => '0.00',
  'pay_name' => '微信支付',
  'pay_id' => 1,
  'actual_price' => '0.00',
  'integral' => 0,
  'integral_money' => '0.00',
  'order_price' => '0.00',
  'goods_price' => '0.00',
  'add_time' => '2019-09-15 20:15:18',
  'confirm_time' => '1970-01-01 08:00:01',
  'pay_time' => 0,
  'freight_price' => 0,
  'coupon_id' => 0,
  'parent_id' => 0,
  'coupon_price' => '0.00',
  'callback_status' => 0,
  'shop_id' => 18,
  'created_at' => '2019-09-15 20:15:18',
  'updated_at' => '2019-09-15 20:15:18',
  'refund_number' => '',
  'refund_desc' => '',
  'bargain_id' => 0,
  'is_new' => 0,
  'group_id' => 26,
)  result:array (
  'return_code' => 'FAIL',
  'return_msg' => '缺少参数',
)
| GET:array (
  'order_id' => '246',
  'user_id' => '13',
  'code' => '023SXlyQ11k1p31062BQ1QBxyQ1SXlyn',
  'rawData' => '{"nickName":"叫我‘銘睿’可好","gender":1,"language":"zh_CN","city":"Guangzhou","province":"Guangdong","country":"China","avatarUrl":"https://wx.qlogo.cn/mmopen/vi_32/ZdHZ8vlDjCrn6x3YMx7sUicabLQoKj54A6eoicuxxL9KAKuXT4NoFA0RESlPLficA4gcUytKdf6UotlF1hCQLcO3Q/132"}',
)
20:15:21|json_preparearray (
  'return_code' => 'FAIL',
  'return_msg' => '缺少参数',
)
| GET:array (
  'order_id' => '246',
  'user_id' => '13',
  'code' => '023SXlyQ11k1p31062BQ1QBxyQ1SXlyn',
  'rawData' => '{"nickName":"叫我‘銘睿’可好","gender":1,"language":"zh_CN","city":"Guangzhou","province":"Guangdong","country":"China","avatarUrl":"https://wx.qlogo.cn/mmopen/vi_32/ZdHZ8vlDjCrn6x3YMx7sUicabLQoKj54A6eoicuxxL9KAKuXT4NoFA0RESlPLficA4gcUytKdf6UotlF1hCQLcO3Q/132"}',
)
20:15:33|order:array (
  'id' => 246,
  'order_sn' => '259062189371866001301',
  'trade_no' => '',
  'uid' => 13,
  'order_status' => 10,
  'shipping_status' => 0,
  'pay_status' => 0,
  'consignee' => '陈鹏威',
  'country' => 1,
  'province' => 440000,
  'city' => 440100,
  'district' => 440113,
  'address' => '广东省广州市番禺区蝶舞10姐12栋4',
  'mobile' => '13826123474',
  'postscript' => '暂无留言',
  'shipping_fee' => '0.00',
  'pay_name' => '微信支付',
  'pay_id' => 1,
  'actual_price' => '0.00',
  'integral' => 0,
  'integral_money' => '0.00',
  'order_price' => '0.00',
  'goods_price' => '0.00',
  'add_time' => '2019-09-15 20:15:18',
  'confirm_time' => '1970-01-01 08:00:01',
  'pay_time' => 0,
  'freight_price' => 0,
  'coupon_id' => 0,
  'parent_id' => 0,
  'coupon_price' => '0.00',
  'callback_status' => 0,
  'shop_id' => 18,
  'created_at' => '2019-09-15 20:15:18',
  'updated_at' => '2019-09-15 20:15:18',
  'refund_number' => '',
  'refund_desc' => '',
  'bargain_id' => 0,
  'is_new' => 0,
  'group_id' => 26,
)  result:array (
  'return_code' => 'FAIL',
  'return_msg' => '缺少参数',
)
| GET:array (
  'order_id' => '246',
  'user_id' => '13',
  'code' => '023SXlyQ11k1p31062BQ1QBxyQ1SXlyn',
  'rawData' => '{"nickName":"叫我‘銘睿’可好","gender":1,"language":"zh_CN","city":"Guangzhou","province":"Guangdong","country":"China","avatarUrl":"https://wx.qlogo.cn/mmopen/vi_32/ZdHZ8vlDjCrn6x3YMx7sUicabLQoKj54A6eoicuxxL9KAKuXT4NoFA0RESlPLficA4gcUytKdf6UotlF1hCQLcO3Q/132"}',
)
20:15:33|json_preparearray (
  'return_code' => 'FAIL',
  'return_msg' => '缺少参数',
)
| GET:array (
  'order_id' => '246',
  'user_id' => '13',
  'code' => '023SXlyQ11k1p31062BQ1QBxyQ1SXlyn',
  'rawData' => '{"nickName":"叫我‘銘睿’可好","gender":1,"language":"zh_CN","city":"Guangzhou","province":"Guangdong","country":"China","avatarUrl":"https://wx.qlogo.cn/mmopen/vi_32/ZdHZ8vlDjCrn6x3YMx7sUicabLQoKj54A6eoicuxxL9KAKuXT4NoFA0RESlPLficA4gcUytKdf6UotlF1hCQLcO3Q/132"}',
)
20:15:35|order:array (
  'id' => 246,
  'order_sn' => '259062189371866001301',
  'trade_no' => '',
  'uid' => 13,
  'order_status' => 10,
  'shipping_status' => 0,
  'pay_status' => 0,
  'consignee' => '陈鹏威',
  'country' => 1,
  'province' => 440000,
  'city' => 440100,
  'district' => 440113,
  'address' => '广东省广州市番禺区蝶舞10姐12栋4',
  'mobile' => '13826123474',
  'postscript' => '暂无留言',
  'shipping_fee' => '0.00',
  'pay_name' => '微信支付',
  'pay_id' => 1,
  'actual_price' => '0.00',
  'integral' => 0,
  'integral_money' => '0.00',
  'order_price' => '0.00',
  'goods_price' => '0.00',
  'add_time' => '2019-09-15 20:15:18',
  'confirm_time' => '1970-01-01 08:00:01',
  'pay_time' => 0,
  'freight_price' => 0,
  'coupon_id' => 0,
  'parent_id' => 0,
  'coupon_price' => '0.00',
  'callback_status' => 0,
  'shop_id' => 18,
  'created_at' => '2019-09-15 20:15:18',
  'updated_at' => '2019-09-15 20:15:18',
  'refund_number' => '',
  'refund_desc' => '',
  'bargain_id' => 0,
  'is_new' => 0,
  'group_id' => 26,
)  result:array (
  'return_code' => 'FAIL',
  'return_msg' => '缺少参数',
)
| GET:array (
  'order_id' => '246',
  'user_id' => '13',
  'code' => '023SXlyQ11k1p31062BQ1QBxyQ1SXlyn',
  'rawData' => '{"nickName":"叫我‘銘睿’可好","gender":1,"language":"zh_CN","city":"Guangzhou","province":"Guangdong","country":"China","avatarUrl":"https://wx.qlogo.cn/mmopen/vi_32/ZdHZ8vlDjCrn6x3YMx7sUicabLQoKj54A6eoicuxxL9KAKuXT4NoFA0RESlPLficA4gcUytKdf6UotlF1hCQLcO3Q/132"}',
)
20:15:35|json_preparearray (
  'return_code' => 'FAIL',
  'return_msg' => '缺少参数',
)
| GET:array (
  'order_id' => '246',
  'user_id' => '13',
  'code' => '023SXlyQ11k1p31062BQ1QBxyQ1SXlyn',
  'rawData' => '{"nickName":"叫我‘銘睿’可好","gender":1,"language":"zh_CN","city":"Guangzhou","province":"Guangdong","country":"China","avatarUrl":"https://wx.qlogo.cn/mmopen/vi_32/ZdHZ8vlDjCrn6x3YMx7sUicabLQoKj54A6eoicuxxL9KAKuXT4NoFA0RESlPLficA4gcUytKdf6UotlF1hCQLcO3Q/132"}',
)
20:15:40|order:array (
  'id' => 245,
  'order_sn' => '227062189370620801301',
  'trade_no' => '',
  'uid' => 13,
  'order_status' => 10,
  'shipping_status' => 0,
  'pay_status' => 0,
  'consignee' => '陈鹏威',
  'country' => 1,
  'province' => 440000,
  'city' => 440100,
  'district' => 440113,
  'address' => '广东省广州市番禺区蝶舞10姐12栋4',
  'mobile' => '13826123474',
  'postscript' => '暂无留言',
  'shipping_fee' => '0.00',
  'pay_name' => '微信支付',
  'pay_id' => 1,
  'actual_price' => '0.10',
  'integral' => 0,
  'integral_money' => '0.00',
  'order_price' => '0.10',
  'goods_price' => '0.10',
  'add_time' => '2019-09-15 20:15:06',
  'confirm_time' => '1970-01-01 08:00:01',
  'pay_time' => 0,
  'freight_price' => 0,
  'coupon_id' => 0,
  'parent_id' => 0,
  'coupon_price' => '0.00',
  'callback_status' => 0,
  'shop_id' => 18,
  'created_at' => '2019-09-15 20:15:06',
  'updated_at' => '2019-09-15 20:15:06',
  'refund_number' => '',
  'refund_desc' => '',
  'bargain_id' => 0,
  'is_new' => 0,
  'group_id' => 25,
)  result:array (
  'return_code' => 'SUCCESS',
  'return_msg' => 'OK',
  'appid' => 'wx6be14b9c1bbe7bc0',
  'mch_id' => '1543596541',
  'nonce_str' => 'I4JusARHDP4zbJa5',
  'sign' => '4F5BD3FA256A5CBB8A021BCFE8F13F7E',
  'result_code' => 'SUCCESS',
  'prepay_id' => 'wx15201540879453f72231ab291308188900',
  'trade_type' => 'JSAPI',
)
| GET:array (
  'order_id' => '245',
  'user_id' => '13',
  'code' => '023SXlyQ11k1p31062BQ1QBxyQ1SXlyn',
  'rawData' => '{"nickName":"叫我‘銘睿’可好","gender":1,"language":"zh_CN","city":"Guangzhou","province":"Guangdong","country":"China","avatarUrl":"https://wx.qlogo.cn/mmopen/vi_32/ZdHZ8vlDjCrn6x3YMx7sUicabLQoKj54A6eoicuxxL9KAKuXT4NoFA0RESlPLficA4gcUytKdf6UotlF1hCQLcO3Q/132"}',
)
20:15:57|order:array (
  'id' => 244,
  'order_sn' => '231062189352075301301',
  'trade_no' => '',
  'uid' => 13,
  'order_status' => 10,
  'shipping_status' => 0,
  'pay_status' => 0,
  'consignee' => '陈鹏威',
  'country' => 1,
  'province' => 440000,
  'city' => 440100,
  'district' => 440113,
  'address' => '广东省广州市番禺区蝶舞10姐12栋4',
  'mobile' => '13826123474',
  'postscript' => '暂无留言',
  'shipping_fee' => '0.00',
  'pay_name' => '微信支付',
  'pay_id' => 1,
  'actual_price' => '0.00',
  'integral' => 0,
  'integral_money' => '0.00',
  'order_price' => '0.00',
  'goods_price' => '0.00',
  'add_time' => '2019-09-15 20:12:00',
  'confirm_time' => '1970-01-01 08:00:01',
  'pay_time' => 0,
  'freight_price' => 0,
  'coupon_id' => 0,
  'parent_id' => 0,
  'coupon_price' => '0.00',
  'callback_status' => 0,
  'shop_id' => 18,
  'created_at' => '2019-09-15 20:12:00',
  'updated_at' => '2019-09-15 20:12:00',
  'refund_number' => '',
  'refund_desc' => '',
  'bargain_id' => 0,
  'is_new' => 0,
  'group_id' => 28,
)  result:array (
  'return_code' => 'FAIL',
  'return_msg' => '缺少参数',
)
| GET:array (
  'order_id' => '244',
  'user_id' => '13',
  'code' => '023SXlyQ11k1p31062BQ1QBxyQ1SXlyn',
  'rawData' => '{"nickName":"叫我‘銘睿’可好","gender":1,"language":"zh_CN","city":"Guangzhou","province":"Guangdong","country":"China","avatarUrl":"https://wx.qlogo.cn/mmopen/vi_32/ZdHZ8vlDjCrn6x3YMx7sUicabLQoKj54A6eoicuxxL9KAKuXT4NoFA0RESlPLficA4gcUytKdf6UotlF1hCQLcO3Q/132"}',
)
20:15:57|json_preparearray (
  'return_code' => 'FAIL',
  'return_msg' => '缺少参数',
)
| GET:array (
  'order_id' => '244',
  'user_id' => '13',
  'code' => '023SXlyQ11k1p31062BQ1QBxyQ1SXlyn',
  'rawData' => '{"nickName":"叫我‘銘睿’可好","gender":1,"language":"zh_CN","city":"Guangzhou","province":"Guangdong","country":"China","avatarUrl":"https://wx.qlogo.cn/mmopen/vi_32/ZdHZ8vlDjCrn6x3YMx7sUicabLQoKj54A6eoicuxxL9KAKuXT4NoFA0RESlPLficA4gcUytKdf6UotlF1hCQLcO3Q/132"}',
)
20:15:59|order:array (
  'id' => 244,
  'order_sn' => '231062189352075301301',
  'trade_no' => '',
  'uid' => 13,
  'order_status' => 10,
  'shipping_status' => 0,
  'pay_status' => 0,
  'consignee' => '陈鹏威',
  'country' => 1,
  'province' => 440000,
  'city' => 440100,
  'district' => 440113,
  'address' => '广东省广州市番禺区蝶舞10姐12栋4',
  'mobile' => '13826123474',
  'postscript' => '暂无留言',
  'shipping_fee' => '0.00',
  'pay_name' => '微信支付',
  'pay_id' => 1,
  'actual_price' => '0.00',
  'integral' => 0,
  'integral_money' => '0.00',
  'order_price' => '0.00',
  'goods_price' => '0.00',
  'add_time' => '2019-09-15 20:12:00',
  'confirm_time' => '1970-01-01 08:00:01',
  'pay_time' => 0,
  'freight_price' => 0,
  'coupon_id' => 0,
  'parent_id' => 0,
  'coupon_price' => '0.00',
  'callback_status' => 0,
  'shop_id' => 18,
  'created_at' => '2019-09-15 20:12:00',
  'updated_at' => '2019-09-15 20:12:00',
  'refund_number' => '',
  'refund_desc' => '',
  'bargain_id' => 0,
  'is_new' => 0,
  'group_id' => 28,
)  result:array (
  'return_code' => 'FAIL',
  'return_msg' => '缺少参数',
)
| GET:array (
  'order_id' => '244',
  'user_id' => '13',
  'code' => '023SXlyQ11k1p31062BQ1QBxyQ1SXlyn',
  'rawData' => '{"nickName":"叫我‘銘睿’可好","gender":1,"language":"zh_CN","city":"Guangzhou","province":"Guangdong","country":"China","avatarUrl":"https://wx.qlogo.cn/mmopen/vi_32/ZdHZ8vlDjCrn6x3YMx7sUicabLQoKj54A6eoicuxxL9KAKuXT4NoFA0RESlPLficA4gcUytKdf6UotlF1hCQLcO3Q/132"}',
)
20:15:59|json_preparearray (
  'return_code' => 'FAIL',
  'return_msg' => '缺少参数',
)
| GET:array (
  'order_id' => '244',
  'user_id' => '13',
  'code' => '023SXlyQ11k1p31062BQ1QBxyQ1SXlyn',
  'rawData' => '{"nickName":"叫我‘銘睿’可好","gender":1,"language":"zh_CN","city":"Guangzhou","province":"Guangdong","country":"China","avatarUrl":"https://wx.qlogo.cn/mmopen/vi_32/ZdHZ8vlDjCrn6x3YMx7sUicabLQoKj54A6eoicuxxL9KAKuXT4NoFA0RESlPLficA4gcUytKdf6UotlF1hCQLcO3Q/132"}',
)
20:22:35|order:array (
  'id' => 248,
  'order_sn' => '240062189414918301401',
  'trade_no' => '',
  'uid' => 14,
  'order_status' => 10,
  'shipping_status' => 0,
  'pay_status' => 0,
  'consignee' => '黑我',
  'country' => 1,
  'province' => 440000,
  'city' => 440100,
  'district' => 440113,
  'address' => '广东省广州市番禺区算',
  'mobile' => '15976913762',
  'postscript' => '暂无留言',
  'shipping_fee' => '0.00',
  'pay_name' => '微信支付',
  'pay_id' => 1,
  'actual_price' => '0.00',
  'integral' => 0,
  'integral_money' => '0.00',
  'order_price' => '0.00',
  'goods_price' => '0.00',
  'add_time' => '2019-09-15 20:22:29',
  'confirm_time' => '1970-01-01 08:00:01',
  'pay_time' => 0,
  'freight_price' => 0,
  'coupon_id' => 0,
  'parent_id' => 0,
  'coupon_price' => '0.00',
  'callback_status' => 0,
  'shop_id' => 18,
  'created_at' => '2019-09-15 20:22:29',
  'updated_at' => '2019-09-15 20:22:29',
  'refund_number' => '',
  'refund_desc' => '',
  'bargain_id' => 0,
  'is_new' => 0,
  'group_id' => 26,
)  result:array (
  'return_code' => 'FAIL',
  'return_msg' => '缺少参数',
)
| GET:array (
  'order_id' => '248',
  'user_id' => '14',
  'code' => '023vQA7k2zLInE0dlc4k2qZL7k2vQA7l',
  'rawData' => '{"nickName":"第三杯免票","gender":1,"language":"zh_CN","city":"Guangzhou","province":"Guangdong","country":"China","avatarUrl":"https://wx.qlogo.cn/mmopen/vi_32/fKtJn1fWibuFaGsiambNRMIWc6rfDV7iaqePKjlBc4LGkIbJRbceictichvs9d6FhGFSx5kHqPgW6ryDRTWXqIX5l5g/132"}',
)
20:22:35|json_preparearray (
  'return_code' => 'FAIL',
  'return_msg' => '缺少参数',
)
| GET:array (
  'order_id' => '248',
  'user_id' => '14',
  'code' => '023vQA7k2zLInE0dlc4k2qZL7k2vQA7l',
  'rawData' => '{"nickName":"第三杯免票","gender":1,"language":"zh_CN","city":"Guangzhou","province":"Guangdong","country":"China","avatarUrl":"https://wx.qlogo.cn/mmopen/vi_32/fKtJn1fWibuFaGsiambNRMIWc6rfDV7iaqePKjlBc4LGkIbJRbceictichvs9d6FhGFSx5kHqPgW6ryDRTWXqIX5l5g/132"}',
)
20:30:47|order:array (
  'id' => 249,
  'order_sn' => '292062189464274503201',
  'trade_no' => '',
  'uid' => 32,
  'order_status' => 10,
  'shipping_status' => 0,
  'pay_status' => 0,
  'consignee' => '3',
  'country' => 1,
  'province' => 440000,
  'city' => 440100,
  'district' => 440113,
  'address' => '广东省广州市番禺区31',
  'mobile' => '13531513613',
  'postscript' => '暂无留言',
  'shipping_fee' => '0.00',
  'pay_name' => '微信支付',
  'pay_id' => 1,
  'actual_price' => '0.00',
  'integral' => 0,
  'integral_money' => '0.00',
  'order_price' => '0.00',
  'goods_price' => '0.00',
  'add_time' => '2019-09-15 20:30:42',
  'confirm_time' => '1970-01-01 08:00:01',
  'pay_time' => 0,
  'freight_price' => 0,
  'coupon_id' => 0,
  'parent_id' => 0,
  'coupon_price' => '0.00',
  'callback_status' => 0,
  'shop_id' => 18,
  'created_at' => '2019-09-15 20:30:42',
  'updated_at' => '2019-09-15 20:30:42',
  'refund_number' => '',
  'refund_desc' => '',
  'bargain_id' => 0,
  'is_new' => 0,
  'group_id' => 28,
)  result:array (
  'return_code' => 'FAIL',
  'return_msg' => '缺少参数',
)
| GET:array (
  'order_id' => '249',
  'user_id' => '32',
  'code' => '033NcAQd2LL9YE0QfORd2X4xQd2NcAQC',
  'rawData' => '{"nickName":"ovlia","gender":0,"language":"zh_CN","city":"","province":"","country":"","avatarUrl":"https://wx.qlogo.cn/mmopen/vi_32/tN4JzuyicspolYpqIwAxvrZdK61FKPm9vzrEOurmm2gkfpZOJdgcWetAyBZLOzvbkRhVF3Vs9l0yVfA71VBecJg/132"}',
)
20:30:47|json_preparearray (
  'return_code' => 'FAIL',
  'return_msg' => '缺少参数',
)
| GET:array (
  'order_id' => '249',
  'user_id' => '32',
  'code' => '033NcAQd2LL9YE0QfORd2X4xQd2NcAQC',
  'rawData' => '{"nickName":"ovlia","gender":0,"language":"zh_CN","city":"","province":"","country":"","avatarUrl":"https://wx.qlogo.cn/mmopen/vi_32/tN4JzuyicspolYpqIwAxvrZdK61FKPm9vzrEOurmm2gkfpZOJdgcWetAyBZLOzvbkRhVF3Vs9l0yVfA71VBecJg/132"}',
)
20:36:40|order:array (
  'id' => 249,
  'order_sn' => '292062189464274503201',
  'trade_no' => '',
  'uid' => 32,
  'order_status' => 10,
  'shipping_status' => 0,
  'pay_status' => 0,
  'consignee' => '3',
  'country' => 1,
  'province' => 440000,
  'city' => 440100,
  'district' => 440113,
  'address' => '广东省广州市番禺区31',
  'mobile' => '13531513613',
  'postscript' => '暂无留言',
  'shipping_fee' => '0.00',
  'pay_name' => '微信支付',
  'pay_id' => 1,
  'actual_price' => '0.00',
  'integral' => 0,
  'integral_money' => '0.00',
  'order_price' => '0.00',
  'goods_price' => '0.00',
  'add_time' => '2019-09-15 20:30:42',
  'confirm_time' => '1970-01-01 08:00:01',
  'pay_time' => 0,
  'freight_price' => 0,
  'coupon_id' => 0,
  'parent_id' => 0,
  'coupon_price' => '0.00',
  'callback_status' => 0,
  'shop_id' => 18,
  'created_at' => '2019-09-15 20:30:42',
  'updated_at' => '2019-09-15 20:30:42',
  'refund_number' => '',
  'refund_desc' => '',
  'bargain_id' => 0,
  'is_new' => 0,
  'group_id' => 28,
)  result:array (
  'return_code' => 'FAIL',
  'return_msg' => '缺少参数',
)
| GET:array (
  'order_id' => '249',
  'user_id' => '32',
  'code' => '033NcAQd2LL9YE0QfORd2X4xQd2NcAQC',
  'rawData' => '{"nickName":"ovlia","gender":0,"language":"zh_CN","city":"","province":"","country":"","avatarUrl":"https://wx.qlogo.cn/mmopen/vi_32/tN4JzuyicspolYpqIwAxvrZdK61FKPm9vzrEOurmm2gkfpZOJdgcWetAyBZLOzvbkRhVF3Vs9l0yVfA71VBecJg/132"}',
)
20:36:40|json_preparearray (
  'return_code' => 'FAIL',
  'return_msg' => '缺少参数',
)
| GET:array (
  'order_id' => '249',
  'user_id' => '32',
  'code' => '033NcAQd2LL9YE0QfORd2X4xQd2NcAQC',
  'rawData' => '{"nickName":"ovlia","gender":0,"language":"zh_CN","city":"","province":"","country":"","avatarUrl":"https://wx.qlogo.cn/mmopen/vi_32/tN4JzuyicspolYpqIwAxvrZdK61FKPm9vzrEOurmm2gkfpZOJdgcWetAyBZLOzvbkRhVF3Vs9l0yVfA71VBecJg/132"}',
)
20:39:20|order:array (
  'id' => 249,
  'order_sn' => '292062189464274503201',
  'trade_no' => '',
  'uid' => 32,
  'order_status' => 10,
  'shipping_status' => 0,
  'pay_status' => 0,
  'consignee' => '3',
  'country' => 1,
  'province' => 440000,
  'city' => 440100,
  'district' => 440113,
  'address' => '广东省广州市番禺区31',
  'mobile' => '13531513613',
  'postscript' => '暂无留言',
  'shipping_fee' => '0.00',
  'pay_name' => '微信支付',
  'pay_id' => 1,
  'actual_price' => '0.00',
  'integral' => 0,
  'integral_money' => '0.00',
  'order_price' => '0.00',
  'goods_price' => '0.00',
  'add_time' => '2019-09-15 20:30:42',
  'confirm_time' => '1970-01-01 08:00:01',
  'pay_time' => 0,
  'freight_price' => 0,
  'coupon_id' => 0,
  'parent_id' => 0,
  'coupon_price' => '0.00',
  'callback_status' => 0,
  'shop_id' => 18,
  'created_at' => '2019-09-15 20:30:42',
  'updated_at' => '2019-09-15 20:30:42',
  'refund_number' => '',
  'refund_desc' => '',
  'bargain_id' => 0,
  'is_new' => 0,
  'group_id' => 28,
)  result:array (
  'return_code' => 'FAIL',
  'return_msg' => '缺少参数',
)
| GET:array (
  'order_id' => '249',
  'user_id' => '32',
  'code' => '033NcAQd2LL9YE0QfORd2X4xQd2NcAQC',
  'rawData' => '{"nickName":"ovlia","gender":0,"language":"zh_CN","city":"","province":"","country":"","avatarUrl":"https://wx.qlogo.cn/mmopen/vi_32/tN4JzuyicspolYpqIwAxvrZdK61FKPm9vzrEOurmm2gkfpZOJdgcWetAyBZLOzvbkRhVF3Vs9l0yVfA71VBecJg/132"}',
)
20:39:20|json_preparearray (
  'return_code' => 'FAIL',
  'return_msg' => '缺少参数',
)
| GET:array (
  'order_id' => '249',
  'user_id' => '32',
  'code' => '033NcAQd2LL9YE0QfORd2X4xQd2NcAQC',
  'rawData' => '{"nickName":"ovlia","gender":0,"language":"zh_CN","city":"","province":"","country":"","avatarUrl":"https://wx.qlogo.cn/mmopen/vi_32/tN4JzuyicspolYpqIwAxvrZdK61FKPm9vzrEOurmm2gkfpZOJdgcWetAyBZLOzvbkRhVF3Vs9l0yVfA71VBecJg/132"}',
)
20:39:43|order:array (
  'id' => 249,
  'order_sn' => '292062189464274503201',
  'trade_no' => '',
  'uid' => 32,
  'order_status' => 10,
  'shipping_status' => 0,
  'pay_status' => 0,
  'consignee' => '3',
  'country' => 1,
  'province' => 440000,
  'city' => 440100,
  'district' => 440113,
  'address' => '广东省广州市番禺区31',
  'mobile' => '13531513613',
  'postscript' => '暂无留言',
  'shipping_fee' => '0.00',
  'pay_name' => '微信支付',
  'pay_id' => 1,
  'actual_price' => '0.00',
  'integral' => 0,
  'integral_money' => '0.00',
  'order_price' => '0.00',
  'goods_price' => '0.00',
  'add_time' => '2019-09-15 20:30:42',
  'confirm_time' => '1970-01-01 08:00:01',
  'pay_time' => 0,
  'freight_price' => 0,
  'coupon_id' => 0,
  'parent_id' => 0,
  'coupon_price' => '0.00',
  'callback_status' => 0,
  'shop_id' => 18,
  'created_at' => '2019-09-15 20:30:42',
  'updated_at' => '2019-09-15 20:30:42',
  'refund_number' => '',
  'refund_desc' => '',
  'bargain_id' => 0,
  'is_new' => 0,
  'group_id' => 28,
)  result:array (
  'return_code' => 'FAIL',
  'return_msg' => '缺少参数',
)
| GET:array (
  'order_id' => '249',
  'user_id' => '32',
  'code' => '033NcAQd2LL9YE0QfORd2X4xQd2NcAQC',
  'rawData' => '{"nickName":"ovlia","gender":0,"language":"zh_CN","city":"","province":"","country":"","avatarUrl":"https://wx.qlogo.cn/mmopen/vi_32/tN4JzuyicspolYpqIwAxvrZdK61FKPm9vzrEOurmm2gkfpZOJdgcWetAyBZLOzvbkRhVF3Vs9l0yVfA71VBecJg/132"}',
)
20:39:43|json_preparearray (
  'return_code' => 'FAIL',
  'return_msg' => '缺少参数',
)
| GET:array (
  'order_id' => '249',
  'user_id' => '32',
  'code' => '033NcAQd2LL9YE0QfORd2X4xQd2NcAQC',
  'rawData' => '{"nickName":"ovlia","gender":0,"language":"zh_CN","city":"","province":"","country":"","avatarUrl":"https://wx.qlogo.cn/mmopen/vi_32/tN4JzuyicspolYpqIwAxvrZdK61FKPm9vzrEOurmm2gkfpZOJdgcWetAyBZLOzvbkRhVF3Vs9l0yVfA71VBecJg/132"}',
)
20:40:14|order:array (
  'id' => 249,
  'order_sn' => '292062189464274503201',
  'trade_no' => '',
  'uid' => 32,
  'order_status' => 10,
  'shipping_status' => 0,
  'pay_status' => 0,
  'consignee' => '3',
  'country' => 1,
  'province' => 440000,
  'city' => 440100,
  'district' => 440113,
  'address' => '广东省广州市番禺区31',
  'mobile' => '13531513613',
  'postscript' => '暂无留言',
  'shipping_fee' => '0.00',
  'pay_name' => '微信支付',
  'pay_id' => 1,
  'actual_price' => '0.00',
  'integral' => 0,
  'integral_money' => '0.00',
  'order_price' => '0.00',
  'goods_price' => '0.00',
  'add_time' => '2019-09-15 20:30:42',
  'confirm_time' => '1970-01-01 08:00:01',
  'pay_time' => 0,
  'freight_price' => 0,
  'coupon_id' => 0,
  'parent_id' => 0,
  'coupon_price' => '0.00',
  'callback_status' => 0,
  'shop_id' => 18,
  'created_at' => '2019-09-15 20:30:42',
  'updated_at' => '2019-09-15 20:30:42',
  'refund_number' => '',
  'refund_desc' => '',
  'bargain_id' => 0,
  'is_new' => 0,
  'group_id' => 28,
)  result:array (
  'return_code' => 'FAIL',
  'return_msg' => '缺少参数',
)
| GET:array (
  'order_id' => '249',
  'user_id' => '32',
  'code' => '033NcAQd2LL9YE0QfORd2X4xQd2NcAQC',
  'rawData' => '{"nickName":"ovlia","gender":0,"language":"zh_CN","city":"","province":"","country":"","avatarUrl":"https://wx.qlogo.cn/mmopen/vi_32/tN4JzuyicspolYpqIwAxvrZdK61FKPm9vzrEOurmm2gkfpZOJdgcWetAyBZLOzvbkRhVF3Vs9l0yVfA71VBecJg/132"}',
)
20:40:14|json_preparearray (
  'return_code' => 'FAIL',
  'return_msg' => '缺少参数',
)
| GET:array (
  'order_id' => '249',
  'user_id' => '32',
  'code' => '033NcAQd2LL9YE0QfORd2X4xQd2NcAQC',
  'rawData' => '{"nickName":"ovlia","gender":0,"language":"zh_CN","city":"","province":"","country":"","avatarUrl":"https://wx.qlogo.cn/mmopen/vi_32/tN4JzuyicspolYpqIwAxvrZdK61FKPm9vzrEOurmm2gkfpZOJdgcWetAyBZLOzvbkRhVF3Vs9l0yVfA71VBecJg/132"}',
)
20:43:14|order:array (
  'id' => 249,
  'order_sn' => '292062189464274503201',
  'trade_no' => '',
  'uid' => 32,
  'order_status' => 10,
  'shipping_status' => 0,
  'pay_status' => 0,
  'consignee' => '3',
  'country' => 1,
  'province' => 440000,
  'city' => 440100,
  'district' => 440113,
  'address' => '广东省广州市番禺区31',
  'mobile' => '13531513613',
  'postscript' => '暂无留言',
  'shipping_fee' => '0.00',
  'pay_name' => '微信支付',
  'pay_id' => 1,
  'actual_price' => '0.00',
  'integral' => 0,
  'integral_money' => '0.00',
  'order_price' => '0.00',
  'goods_price' => '0.00',
  'add_time' => '2019-09-15 20:30:42',
  'confirm_time' => '1970-01-01 08:00:01',
  'pay_time' => 0,
  'freight_price' => 0,
  'coupon_id' => 0,
  'parent_id' => 0,
  'coupon_price' => '0.00',
  'callback_status' => 0,
  'shop_id' => 18,
  'created_at' => '2019-09-15 20:30:42',
  'updated_at' => '2019-09-15 20:30:42',
  'refund_number' => '',
  'refund_desc' => '',
  'bargain_id' => 0,
  'is_new' => 0,
  'group_id' => 28,
)  result:array (
  'return_code' => 'FAIL',
  'return_msg' => '缺少参数',
)
| GET:array (
  'order_id' => '249',
  'user_id' => '32',
  'code' => '033NcAQd2LL9YE0QfORd2X4xQd2NcAQC',
  'rawData' => '{"nickName":"ovlia","gender":0,"language":"zh_CN","city":"","province":"","country":"","avatarUrl":"https://wx.qlogo.cn/mmopen/vi_32/tN4JzuyicspolYpqIwAxvrZdK61FKPm9vzrEOurmm2gkfpZOJdgcWetAyBZLOzvbkRhVF3Vs9l0yVfA71VBecJg/132"}',
)
20:43:14|json_preparearray (
  'return_code' => 'FAIL',
  'return_msg' => '缺少参数',
)
| GET:array (
  'order_id' => '249',
  'user_id' => '32',
  'code' => '033NcAQd2LL9YE0QfORd2X4xQd2NcAQC',
  'rawData' => '{"nickName":"ovlia","gender":0,"language":"zh_CN","city":"","province":"","country":"","avatarUrl":"https://wx.qlogo.cn/mmopen/vi_32/tN4JzuyicspolYpqIwAxvrZdK61FKPm9vzrEOurmm2gkfpZOJdgcWetAyBZLOzvbkRhVF3Vs9l0yVfA71VBecJg/132"}',
)
20:47:28|order:array (
  'id' => 250,
  'order_sn' => '212062189564429603201',
  'trade_no' => '',
  'uid' => 32,
  'order_status' => 10,
  'shipping_status' => 0,
  'pay_status' => 0,
  'consignee' => '3',
  'country' => 1,
  'province' => 440000,
  'city' => 440100,
  'district' => 440113,
  'address' => '广东省广州市番禺区31',
  'mobile' => '13531513613',
  'postscript' => '暂无留言',
  'shipping_fee' => '0.00',
  'pay_name' => '微信支付',
  'pay_id' => 1,
  'actual_price' => '0.00',
  'integral' => 0,
  'integral_money' => '0.00',
  'order_price' => '0.00',
  'goods_price' => '0.00',
  'add_time' => '2019-09-15 20:47:24',
  'confirm_time' => '1970-01-01 08:00:01',
  'pay_time' => 0,
  'freight_price' => 0,
  'coupon_id' => 0,
  'parent_id' => 0,
  'coupon_price' => '0.00',
  'callback_status' => 0,
  'shop_id' => 18,
  'created_at' => '2019-09-15 20:47:24',
  'updated_at' => '2019-09-15 20:47:24',
  'refund_number' => '',
  'refund_desc' => '',
  'bargain_id' => 0,
  'is_new' => 0,
  'group_id' => 28,
)  result:array (
  'return_code' => 'FAIL',
  'return_msg' => '缺少参数',
)
| GET:array (
  'order_id' => '250',
  'user_id' => '32',
  'code' => '033NcAQd2LL9YE0QfORd2X4xQd2NcAQC',
  'rawData' => '{"nickName":"ovlia","gender":0,"language":"zh_CN","city":"","province":"","country":"","avatarUrl":"https://wx.qlogo.cn/mmopen/vi_32/tN4JzuyicspolYpqIwAxvrZdK61FKPm9vzrEOurmm2gkfpZOJdgcWetAyBZLOzvbkRhVF3Vs9l0yVfA71VBecJg/132"}',
)
20:47:28|json_preparearray (
  'return_code' => 'FAIL',
  'return_msg' => '缺少参数',
)
| GET:array (
  'order_id' => '250',
  'user_id' => '32',
  'code' => '033NcAQd2LL9YE0QfORd2X4xQd2NcAQC',
  'rawData' => '{"nickName":"ovlia","gender":0,"language":"zh_CN","city":"","province":"","country":"","avatarUrl":"https://wx.qlogo.cn/mmopen/vi_32/tN4JzuyicspolYpqIwAxvrZdK61FKPm9vzrEOurmm2gkfpZOJdgcWetAyBZLOzvbkRhVF3Vs9l0yVfA71VBecJg/132"}',
)
20:49:28|order:array (
  'id' => 250,
  'order_sn' => '212062189564429603201',
  'trade_no' => '',
  'uid' => 32,
  'order_status' => 10,
  'shipping_status' => 0,
  'pay_status' => 0,
  'consignee' => '3',
  'country' => 1,
  'province' => 440000,
  'city' => 440100,
  'district' => 440113,
  'address' => '广东省广州市番禺区31',
  'mobile' => '13531513613',
  'postscript' => '暂无留言',
  'shipping_fee' => '0.00',
  'pay_name' => '微信支付',
  'pay_id' => 1,
  'actual_price' => '0.00',
  'integral' => 0,
  'integral_money' => '0.00',
  'order_price' => '0.00',
  'goods_price' => '0.00',
  'add_time' => '2019-09-15 20:47:24',
  'confirm_time' => '1970-01-01 08:00:01',
  'pay_time' => 0,
  'freight_price' => 0,
  'coupon_id' => 0,
  'parent_id' => 0,
  'coupon_price' => '0.00',
  'callback_status' => 0,
  'shop_id' => 18,
  'created_at' => '2019-09-15 20:47:24',
  'updated_at' => '2019-09-15 20:47:24',
  'refund_number' => '',
  'refund_desc' => '',
  'bargain_id' => 0,
  'is_new' => 0,
  'group_id' => 28,
)  result:array (
  'return_code' => 'FAIL',
  'return_msg' => '缺少参数',
)
| GET:array (
  'order_id' => '250',
  'user_id' => '32',
  'code' => '033NcAQd2LL9YE0QfORd2X4xQd2NcAQC',
  'rawData' => '{"nickName":"ovlia","gender":0,"language":"zh_CN","city":"","province":"","country":"","avatarUrl":"https://wx.qlogo.cn/mmopen/vi_32/tN4JzuyicspolYpqIwAxvrZdK61FKPm9vzrEOurmm2gkfpZOJdgcWetAyBZLOzvbkRhVF3Vs9l0yVfA71VBecJg/132"}',
)
20:49:28|json_preparearray (
  'return_code' => 'FAIL',
  'return_msg' => '缺少参数',
)
| GET:array (
  'order_id' => '250',
  'user_id' => '32',
  'code' => '033NcAQd2LL9YE0QfORd2X4xQd2NcAQC',
  'rawData' => '{"nickName":"ovlia","gender":0,"language":"zh_CN","city":"","province":"","country":"","avatarUrl":"https://wx.qlogo.cn/mmopen/vi_32/tN4JzuyicspolYpqIwAxvrZdK61FKPm9vzrEOurmm2gkfpZOJdgcWetAyBZLOzvbkRhVF3Vs9l0yVfA71VBecJg/132"}',
)
20:50:16|order:array (
  'id' => 250,
  'order_sn' => '212062189564429603201',
  'trade_no' => '',
  'uid' => 32,
  'order_status' => 10,
  'shipping_status' => 0,
  'pay_status' => 0,
  'consignee' => '3',
  'country' => 1,
  'province' => 440000,
  'city' => 440100,
  'district' => 440113,
  'address' => '广东省广州市番禺区31',
  'mobile' => '13531513613',
  'postscript' => '暂无留言',
  'shipping_fee' => '0.00',
  'pay_name' => '微信支付',
  'pay_id' => 1,
  'actual_price' => '0.00',
  'integral' => 0,
  'integral_money' => '0.00',
  'order_price' => '0.00',
  'goods_price' => '0.00',
  'add_time' => '2019-09-15 20:47:24',
  'confirm_time' => '1970-01-01 08:00:01',
  'pay_time' => 0,
  'freight_price' => 0,
  'coupon_id' => 0,
  'parent_id' => 0,
  'coupon_price' => '0.00',
  'callback_status' => 0,
  'shop_id' => 18,
  'created_at' => '2019-09-15 20:47:24',
  'updated_at' => '2019-09-15 20:47:24',
  'refund_number' => '',
  'refund_desc' => '',
  'bargain_id' => 0,
  'is_new' => 0,
  'group_id' => 28,
)  result:array (
  'return_code' => 'FAIL',
  'return_msg' => '缺少参数',
)
| GET:array (
  'order_id' => '250',
  'user_id' => '32',
  'code' => '033NcAQd2LL9YE0QfORd2X4xQd2NcAQC',
  'rawData' => '{"nickName":"ovlia","gender":0,"language":"zh_CN","city":"","province":"","country":"","avatarUrl":"https://wx.qlogo.cn/mmopen/vi_32/tN4JzuyicspolYpqIwAxvrZdK61FKPm9vzrEOurmm2gkfpZOJdgcWetAyBZLOzvbkRhVF3Vs9l0yVfA71VBecJg/132"}',
)
20:50:16|json_preparearray (
  'return_code' => 'FAIL',
  'return_msg' => '缺少参数',
)
| GET:array (
  'order_id' => '250',
  'user_id' => '32',
  'code' => '033NcAQd2LL9YE0QfORd2X4xQd2NcAQC',
  'rawData' => '{"nickName":"ovlia","gender":0,"language":"zh_CN","city":"","province":"","country":"","avatarUrl":"https://wx.qlogo.cn/mmopen/vi_32/tN4JzuyicspolYpqIwAxvrZdK61FKPm9vzrEOurmm2gkfpZOJdgcWetAyBZLOzvbkRhVF3Vs9l0yVfA71VBecJg/132"}',
)
20:55:11|order:array (
  'id' => 241,
  'order_sn' => '219062189071526203201',
  'trade_no' => '',
  'uid' => 32,
  'order_status' => 10,
  'shipping_status' => 0,
  'pay_status' => 0,
  'consignee' => '3',
  'country' => 1,
  'province' => 440000,
  'city' => 440100,
  'district' => 440113,
  'address' => '广东省广州市番禺区31',
  'mobile' => '13531513613',
  'postscript' => '暂无留言',
  'shipping_fee' => '0.00',
  'pay_name' => '微信支付',
  'pay_id' => 1,
  'actual_price' => '0.10',
  'integral' => 0,
  'integral_money' => '0.00',
  'order_price' => '0.10',
  'goods_price' => '0.10',
  'add_time' => '2019-09-15 19:25:15',
  'confirm_time' => '1970-01-01 08:00:01',
  'pay_time' => 0,
  'freight_price' => 0,
  'coupon_id' => 0,
  'parent_id' => 0,
  'coupon_price' => '0.00',
  'callback_status' => 0,
  'shop_id' => 18,
  'created_at' => '2019-09-15 19:25:15',
  'updated_at' => '2019-09-15 19:46:38',
  'refund_number' => '',
  'refund_desc' => '',
  'bargain_id' => 0,
  'is_new' => 0,
  'group_id' => 25,
)  result:array (
  'return_code' => 'SUCCESS',
  'return_msg' => 'OK',
  'appid' => 'wx6be14b9c1bbe7bc0',
  'mch_id' => '1543596541',
  'nonce_str' => 'MgwHJiitwQ8CDKUa',
  'sign' => 'AF9238094626DBDD110ECF95FB26F52F',
  'result_code' => 'SUCCESS',
  'prepay_id' => 'wx15205511501071512de6ead31617408600',
  'trade_type' => 'JSAPI',
)
| GET:array (
  'order_id' => '241',
  'user_id' => '32',
  'code' => '033NcAQd2LL9YE0QfORd2X4xQd2NcAQC',
  'rawData' => '{"nickName":"ovlia","gender":0,"language":"zh_CN","city":"","province":"","country":"","avatarUrl":"https://wx.qlogo.cn/mmopen/vi_32/tN4JzuyicspolYpqIwAxvrZdK61FKPm9vzrEOurmm2gkfpZOJdgcWetAyBZLOzvbkRhVF3Vs9l0yVfA71VBecJg/132"}',
)
20:56:12|order:array (
  'id' => 251,
  'order_sn' => '230062189616782303201',
  'trade_no' => '',
  'uid' => 32,
  'order_status' => 10,
  'shipping_status' => 0,
  'pay_status' => 0,
  'consignee' => '3',
  'country' => 1,
  'province' => 440000,
  'city' => 440100,
  'district' => 440113,
  'address' => '广东省广州市番禺区31',
  'mobile' => '13531513613',
  'postscript' => '暂无留言',
  'shipping_fee' => '0.00',
  'pay_name' => '微信支付',
  'pay_id' => 1,
  'actual_price' => '0.00',
  'integral' => 0,
  'integral_money' => '0.00',
  'order_price' => '0.00',
  'goods_price' => '0.00',
  'add_time' => '2019-09-15 20:56:07',
  'confirm_time' => '1970-01-01 08:00:01',
  'pay_time' => 0,
  'freight_price' => 0,
  'coupon_id' => 0,
  'parent_id' => 0,
  'coupon_price' => '0.00',
  'callback_status' => 0,
  'shop_id' => 18,
  'created_at' => '2019-09-15 20:56:07',
  'updated_at' => '2019-09-15 20:56:07',
  'refund_number' => '',
  'refund_desc' => '',
  'bargain_id' => 0,
  'is_new' => 0,
  'group_id' => 26,
)  result:array (
  'return_code' => 'FAIL',
  'return_msg' => '缺少参数',
)
| GET:array (
  'order_id' => '251',
  'user_id' => '32',
  'code' => '033NcAQd2LL9YE0QfORd2X4xQd2NcAQC',
  'rawData' => '{"nickName":"ovlia","gender":0,"language":"zh_CN","city":"","province":"","country":"","avatarUrl":"https://wx.qlogo.cn/mmopen/vi_32/tN4JzuyicspolYpqIwAxvrZdK61FKPm9vzrEOurmm2gkfpZOJdgcWetAyBZLOzvbkRhVF3Vs9l0yVfA71VBecJg/132"}',
)
20:56:12|json_preparearray (
  'return_code' => 'FAIL',
  'return_msg' => '缺少参数',
)
| GET:array (
  'order_id' => '251',
  'user_id' => '32',
  'code' => '033NcAQd2LL9YE0QfORd2X4xQd2NcAQC',
  'rawData' => '{"nickName":"ovlia","gender":0,"language":"zh_CN","city":"","province":"","country":"","avatarUrl":"https://wx.qlogo.cn/mmopen/vi_32/tN4JzuyicspolYpqIwAxvrZdK61FKPm9vzrEOurmm2gkfpZOJdgcWetAyBZLOzvbkRhVF3Vs9l0yVfA71VBecJg/132"}',
)
20:56:28|order:array (
  'id' => 241,
  'order_sn' => '219062189071526203201',
  'trade_no' => '',
  'uid' => 32,
  'order_status' => 10,
  'shipping_status' => 0,
  'pay_status' => 0,
  'consignee' => '3',
  'country' => 1,
  'province' => 440000,
  'city' => 440100,
  'district' => 440113,
  'address' => '广东省广州市番禺区31',
  'mobile' => '13531513613',
  'postscript' => '暂无留言',
  'shipping_fee' => '0.00',
  'pay_name' => '微信支付',
  'pay_id' => 1,
  'actual_price' => '0.10',
  'integral' => 0,
  'integral_money' => '0.00',
  'order_price' => '0.10',
  'goods_price' => '0.10',
  'add_time' => '2019-09-15 19:25:15',
  'confirm_time' => '1970-01-01 08:00:01',
  'pay_time' => 0,
  'freight_price' => 0,
  'coupon_id' => 0,
  'parent_id' => 0,
  'coupon_price' => '0.00',
  'callback_status' => 0,
  'shop_id' => 18,
  'created_at' => '2019-09-15 19:25:15',
  'updated_at' => '2019-09-15 19:46:38',
  'refund_number' => '',
  'refund_desc' => '',
  'bargain_id' => 0,
  'is_new' => 0,
  'group_id' => 25,
)  result:array (
  'return_code' => 'SUCCESS',
  'return_msg' => 'OK',
  'appid' => 'wx6be14b9c1bbe7bc0',
  'mch_id' => '1543596541',
  'nonce_str' => 'nkKGCdCSxsK3UjGy',
  'sign' => 'E3F2A025492CB49A3C8E90566ABBBC9A',
  'result_code' => 'SUCCESS',
  'prepay_id' => 'wx15205628316893512de6ead31666457000',
  'trade_type' => 'JSAPI',
)
| GET:array (
  'order_id' => '241',
  'user_id' => '32',
  'code' => '033NcAQd2LL9YE0QfORd2X4xQd2NcAQC',
  'rawData' => '{"nickName":"ovlia","gender":0,"language":"zh_CN","city":"","province":"","country":"","avatarUrl":"https://wx.qlogo.cn/mmopen/vi_32/tN4JzuyicspolYpqIwAxvrZdK61FKPm9vzrEOurmm2gkfpZOJdgcWetAyBZLOzvbkRhVF3Vs9l0yVfA71VBecJg/132"}',
)
