13:26:34|order:array (
  'id' => 210,
  'order_sn' => '230061955312381903201',
  'trade_no' => '',
  'uid' => 32,
  'order_status' => 10,
  'shipping_status' => 0,
  'pay_status' => 0,
  'consignee' => '3',
  'country' => 1,
  'province' => 440000,
  'city' => 440100,
  'district' => 440113,
  'address' => '广东省广州市番禺区祈福新邨31',
  'mobile' => '13531513613',
  'postscript' => '暂无留言',
  'shipping_fee' => '0.00',
  'pay_name' => '微信支付',
  'pay_id' => 1,
  'actual_price' => '0.01',
  'integral' => 0,
  'integral_money' => '0.00',
  'order_price' => '0.01',
  'goods_price' => '0.01',
  'add_time' => '2019-08-19 18:05:23',
  'confirm_time' => '1970-01-01 08:00:01',
  'pay_time' => 0,
  'freight_price' => 0,
  'coupon_id' => 0,
  'parent_id' => 0,
  'coupon_price' => '0.00',
  'callback_status' => 0,
  'shop_id' => 9,
  'created_at' => '2019-08-19 18:05:23',
  'updated_at' => '2019-08-19 18:05:23',
  'bargain_id' => 0,
  'refund_number' => '',
  'refund_desc' => '',
  'is_new' => 0,
)  result:array (
  'return_code' => 'SUCCESS',
  'return_msg' => 'OK',
  'appid' => 'wx6be14b9c1bbe7bc0',
  'mch_id' => '1543596541',
  'nonce_str' => 'ogd8YAWtRlpHoM0Z',
  'sign' => '22AB9207149D03D9CE6E52ED615DF12F',
  'result_code' => 'SUCCESS',
  'prepay_id' => 'wx2013263477478585917d0bd81027192100',
  'trade_type' => 'JSAPI',
)
| GET:array (
  'order_id' => '210',
  'user_id' => '32',
  'code' => '023O1rk70IDgAF1mIJk70Cjok70O1rkw',
  'rawData' => '{"nickName":"ovlia","gender":0,"language":"zh_CN","city":"","province":"","country":"","avatarUrl":"https://wx.qlogo.cn/mmopen/vi_32/tN4JzuyicspolYpqIwAxvrZdK61FKPm9vzrEOurmm2gkfpZOJdgcWetAyBZLOzvbkRhVF3Vs9l0yVfA71VBecJg/132"}',
)
13:27:17|order:array (
  'id' => 210,
  'order_sn' => '230061955312381903201',
  'trade_no' => '4200000339201908205196832186',
  'uid' => 32,
  'order_status' => 22,
  'shipping_status' => 0,
  'pay_status' => 0,
  'consignee' => '3',
  'country' => 1,
  'province' => 440000,
  'city' => 440100,
  'district' => 440113,
  'address' => '广东省广州市番禺区祈福新邨31',
  'mobile' => '13531513613',
  'postscript' => '暂无留言',
  'shipping_fee' => '0.00',
  'pay_name' => '微信支付',
  'pay_id' => 1,
  'actual_price' => '0.01',
  'integral' => 0,
  'integral_money' => '0.00',
  'order_price' => '0.01',
  'goods_price' => '0.01',
  'add_time' => '2019-08-19 18:05:23',
  'confirm_time' => '1970-01-01 08:00:01',
  'pay_time' => 1566278824,
  'freight_price' => 0,
  'coupon_id' => 0,
  'parent_id' => 0,
  'coupon_price' => '0.00',
  'callback_status' => 0,
  'shop_id' => 9,
  'created_at' => '2019-08-19 18:05:23',
  'updated_at' => '2019-08-20 13:27:04',
  'bargain_id' => 0,
  'refund_number' => '',
  'refund_desc' => '',
  'is_new' => 1,
)  result:array (
  'return_code' => 'SUCCESS',
  'return_msg' => 'OK',
  'appid' => 'wx6be14b9c1bbe7bc0',
  'mch_id' => '1543596541',
  'nonce_str' => '2Yc2FWkCPc9DPCU2',
  'sign' => 'DDD6161C15DB58BD4CA230621A4E874E',
  'result_code' => 'FAIL',
  'err_code' => 'ORDERPAID',
  'err_code_des' => '该订单已支付',
)
| GET:array (
  'order_id' => '210',
  'user_id' => '32',
  'code' => '023O1rk70IDgAF1mIJk70Cjok70O1rkw',
  'rawData' => '{"nickName":"ovlia","gender":0,"language":"zh_CN","city":"","province":"","country":"","avatarUrl":"https://wx.qlogo.cn/mmopen/vi_32/tN4JzuyicspolYpqIwAxvrZdK61FKPm9vzrEOurmm2gkfpZOJdgcWetAyBZLOzvbkRhVF3Vs9l0yVfA71VBecJg/132"}',
)
13:27:17|json_preparearray (
  'return_code' => 'SUCCESS',
  'return_msg' => 'OK',
  'appid' => 'wx6be14b9c1bbe7bc0',
  'mch_id' => '1543596541',
  'nonce_str' => '2Yc2FWkCPc9DPCU2',
  'sign' => 'DDD6161C15DB58BD4CA230621A4E874E',
  'result_code' => 'FAIL',
  'err_code' => 'ORDERPAID',
  'err_code_des' => '该订单已支付',
)
| GET:array (
  'order_id' => '210',
  'user_id' => '32',
  'code' => '023O1rk70IDgAF1mIJk70Cjok70O1rkw',
  'rawData' => '{"nickName":"ovlia","gender":0,"language":"zh_CN","city":"","province":"","country":"","avatarUrl":"https://wx.qlogo.cn/mmopen/vi_32/tN4JzuyicspolYpqIwAxvrZdK61FKPm9vzrEOurmm2gkfpZOJdgcWetAyBZLOzvbkRhVF3Vs9l0yVfA71VBecJg/132"}',
)
13:32:27|order:array (
  'id' => 209,
  'order_sn' => '210061954990128903201',
  'trade_no' => '',
  'uid' => 32,
  'order_status' => 10,
  'shipping_status' => 0,
  'pay_status' => 0,
  'consignee' => '3',
  'country' => 1,
  'province' => 440000,
  'city' => 440100,
  'district' => 440113,
  'address' => '广东省广州市番禺区祈福新邨31',
  'mobile' => '13531513613',
  'postscript' => '暂无留言',
  'shipping_fee' => '0.00',
  'pay_name' => '微信支付',
  'pay_id' => 1,
  'actual_price' => '0.01',
  'integral' => 0,
  'integral_money' => '0.00',
  'order_price' => '0.01',
  'goods_price' => '0.01',
  'add_time' => '2019-08-19 17:11:41',
  'confirm_time' => '1970-01-01 08:00:01',
  'pay_time' => 0,
  'freight_price' => 0,
  'coupon_id' => 0,
  'parent_id' => 0,
  'coupon_price' => '0.00',
  'callback_status' => 0,
  'shop_id' => 9,
  'created_at' => '2019-08-19 17:11:41',
  'updated_at' => '2019-08-19 17:11:41',
  'bargain_id' => 0,
  'refund_number' => '',
  'refund_desc' => '',
  'is_new' => 0,
)  result:array (
  'return_code' => 'SUCCESS',
  'return_msg' => 'OK',
  'appid' => 'wx6be14b9c1bbe7bc0',
  'mch_id' => '1543596541',
  'nonce_str' => '2RGXiFHiV1aok9Fn',
  'sign' => '03936E8751004216ACC232836060330E',
  'result_code' => 'SUCCESS',
  'prepay_id' => 'wx20133227790355150f60b4dd1243477200',
  'trade_type' => 'JSAPI',
)
| GET:array (
  'order_id' => '209',
  'user_id' => '32',
  'code' => '023O1rk70IDgAF1mIJk70Cjok70O1rkw',
  'rawData' => '{"nickName":"ovlia","gender":0,"language":"zh_CN","city":"","province":"","country":"","avatarUrl":"https://wx.qlogo.cn/mmopen/vi_32/tN4JzuyicspolYpqIwAxvrZdK61FKPm9vzrEOurmm2gkfpZOJdgcWetAyBZLOzvbkRhVF3Vs9l0yVfA71VBecJg/132"}',
)
