13:46:26|order:array (
  'id' => 649,
  'order_sn' => '270062688158420101301',
  'trade_no' => '',
  'uid' => 13,
  'order_status' => 10,
  'shipping_status' => 0,
  'pay_status' => 0,
  'consignee' => 'é™ˆé¹å¨',
  'country' => 1,
  'province' => 440000,
  'city' => 440100,
  'district' => 440113,
  'address' => 'å¹¿ä¸œçœå¹¿å·žå¸‚ç•ªç¦ºåŒºç¥ˆç¦æ–°é‚¨è¶èˆž10å§12æ ‹4',
  'mobile' => '13826123474',
  'postscript' => 'æš‚æ— ç•™è¨€',
  'shipping_fee' => '0.00',
  'pay_name' => 'å¾®ä¿¡æ”¯ä»˜',
  'pay_id' => 1,
  'actual_price' => '9.90',
  'integral' => 0,
  'integral_money' => '0.00',
  'order_price' => '9.90',
  'goods_price' => '9.90',
  'add_time' => '2019-11-12 13:46:24',
  'confirm_time' => '1970-01-01 08:00:01',
  'pay_time' => 0,
  'freight_price' => 0,
  'coupon_id' => 0,
  'parent_id' => 0,
  'coupon_price' => '0.00',
  'callback_status' => 0,
  'shop_id' => 18,
  'created_at' => '2019-11-12 13:46:24',
  'updated_at' => '2019-11-12 13:46:24',
  'refund_number' => '',
  'refund_desc' => '',
  'bargain_id' => 0,
  'is_new' => 0,
  'group_id' => 0,
)  result:array (
  'return_code' => 'SUCCESS',
  'return_msg' => 'OK',
  'appid' => 'wx6be14b9c1bbe7bc0',
  'mch_id' => '1543596541',
  'nonce_str' => 'twvqw4HyPIQIxJFf',
  'sign' => '84484D78CE726F98CA7D0FA565D78BB0',
  'result_code' => 'SUCCESS',
  'prepay_id' => 'wx12134626481258eae95095b41148585500',
  'trade_type' => 'JSAPI',
)
| GET:array (
  'order_id' => '649',
  'user_id' => '13',
  'code' => '033mCWdS0EXmt52j8dgS0GBheS0mCWdL',
  'rawData' => '{"nickName":"é™³éŠ˜ç¿","gender":1,"language":"zh_CN","city":"Guangzhou","province":"Guangdong","country":"China","avatarUrl":"https://wx.qlogo.cn/mmopen/vi_32/ZdHZ8vlDjCrn6x3YMx7sUicabLQoKj54A6eoicuxxL9KAKuXT4NoFA0RESlPLficA4gcUytKdf6UotlF1hCQLcO3Q/132"}',
)
13:50:13|order:array (
  'id' => 650,
  'order_sn' => '219062688180640708301',
  'trade_no' => '',
  'uid' => 83,
  'order_status' => 10,
  'shipping_status' => 0,
  'pay_status' => 0,
  'consignee' => 'é¾™å»º',
  'country' => 1,
  'province' => 440000,
  'city' => 440100,
  'district' => 440113,
  'address' => 'å¹¿ä¸œçœå¹¿å·žå¸‚ç•ªç¦ºåŒºç¥ˆç¦æ–°é‚¨ç¥ˆç¦ç¼¤çº·æ±‡åå®¶äº”è¡—32å·æ°å…‹ç¼æ–¯',
  'mobile' => '13826123474',
  'postscript' => 'æš‚æ— ç•™è¨€',
  'shipping_fee' => '0.00',
  'pay_name' => 'å¾®ä¿¡æ”¯ä»˜',
  'pay_id' => 1,
  'actual_price' => '41.80',
  'integral' => 0,
  'integral_money' => '0.00',
  'order_price' => '41.80',
  'goods_price' => '41.80',
  'add_time' => '2019-11-12 13:50:06',
  'confirm_time' => '1970-01-01 08:00:01',
  'pay_time' => 0,
  'freight_price' => 0,
  'coupon_id' => 0,
  'parent_id' => 0,
  'coupon_price' => '0.00',
  'callback_status' => 0,
  'shop_id' => 18,
  'created_at' => '2019-11-12 13:50:06',
  'updated_at' => '2019-11-12 13:50:06',
  'refund_number' => '',
  'refund_desc' => '',
  'bargain_id' => 0,
  'is_new' => 0,
  'group_id' => 0,
)  result:array (
  'return_code' => 'SUCCESS',
  'return_msg' => 'OK',
  'appid' => 'wx6be14b9c1bbe7bc0',
  'mch_id' => '1543596541',
  'nonce_str' => 'YLGtwRwzkCv6xC3v',
  'sign' => '2A21A049DA65E2D099FD3BB92F0B1CC1',
  'result_code' => 'SUCCESS',
  'prepay_id' => 'wx12135013066411d80b05899d1888327600',
  'trade_type' => 'JSAPI',
)
| GET:array (
  'order_id' => '650',
  'user_id' => '83',
  'code' => '033yF4Lp19MLJi0wXcMp1YhdLp1yF4L9',
  'rawData' => '{"nickName":"ðŸ§¡ Long","gender":2,"language":"zh_CN","city":"Nanning","province":"Guangxi","country":"China","avatarUrl":"https://wx.qlogo.cn/mmopen/vi_32/IB8oLqEfaYkwic7ugScSTDygXfzVHjbxDkc1wpMXjtAUiaCeLvibRW2FbcDzbjICYKqfGVp76HVcU4pichQaUc21tg/132"}',
)
13:51:03|order:array (
  'id' => 651,
  'order_sn' => '261062688186130108301',
  'trade_no' => '',
  'uid' => 83,
  'order_status' => 10,
  'shipping_status' => 0,
  'pay_status' => 0,
  'consignee' => 'é¾™å»º',
  'country' => 1,
  'province' => 440000,
  'city' => 440100,
  'district' => 440113,
  'address' => 'å¹¿ä¸œçœå¹¿å·žå¸‚ç•ªç¦ºåŒºç¥ˆç¦æ–°é‚¨ç¥ˆç¦ç¼¤çº·æ±‡åå®¶äº”è¡—32å·æ°å…‹ç¼æ–¯',
  'mobile' => '13826123474',
  'postscript' => 'æš‚æ— ç•™è¨€',
  'shipping_fee' => '0.00',
  'pay_name' => 'å¾®ä¿¡æ”¯ä»˜',
  'pay_id' => 1,
  'actual_price' => '16.80',
  'integral' => 0,
  'integral_money' => '0.00',
  'order_price' => '16.80',
  'goods_price' => '16.80',
  'add_time' => '2019-11-12 13:51:01',
  'confirm_time' => '1970-01-01 08:00:01',
  'pay_time' => 0,
  'freight_price' => 0,
  'coupon_id' => 0,
  'parent_id' => 0,
  'coupon_price' => '0.00',
  'callback_status' => 0,
  'shop_id' => 9,
  'created_at' => '2019-11-12 13:51:01',
  'updated_at' => '2019-11-12 13:51:01',
  'refund_number' => '',
  'refund_desc' => '',
  'bargain_id' => 0,
  'is_new' => 0,
  'group_id' => 0,
)  result:array (
  'return_code' => 'SUCCESS',
  'return_msg' => 'OK',
  'appid' => 'wx6be14b9c1bbe7bc0',
  'mch_id' => '1543596541',
  'nonce_str' => 'qsy3GtJyalDG9lxl',
  'sign' => 'F3D54B6E39F3EBA69A94F36902D53051',
  'result_code' => 'SUCCESS',
  'prepay_id' => 'wx1213510333628261204eea691728095700',
  'trade_type' => 'JSAPI',
)
| GET:array (
  'order_id' => '651',
  'user_id' => '83',
  'code' => '033yF4Lp19MLJi0wXcMp1YhdLp1yF4L9',
  'rawData' => '{"nickName":"ðŸ§¡ Long","gender":2,"language":"zh_CN","city":"Nanning","province":"Guangxi","country":"China","avatarUrl":"https://wx.qlogo.cn/mmopen/vi_32/IB8oLqEfaYkwic7ugScSTDygXfzVHjbxDkc1wpMXjtAUiaCeLvibRW2FbcDzbjICYKqfGVp76HVcU4pichQaUc21tg/132"}',
)
13:51:51|order:array (
  'id' => 652,
  'order_sn' => '279062688190818305401',
  'trade_no' => '',
  'uid' => 54,
  'order_status' => 10,
  'shipping_status' => 0,
  'pay_status' => 0,
  'consignee' => 'é™ˆé¹å¨',
  'country' => 1,
  'province' => 440000,
  'city' => 440100,
  'district' => 440113,
  'address' => 'å¹¿ä¸œçœå¹¿å·žå¸‚ç•ªç¦ºåŒºç¥ˆç¦æ–°é‚¨15è¡—26å·',
  'mobile' => '13826123474',
  'postscript' => 'æš‚æ— ç•™è¨€',
  'shipping_fee' => '0.00',
  'pay_name' => 'å¾®ä¿¡æ”¯ä»˜',
  'pay_id' => 1,
  'actual_price' => '3.80',
  'integral' => 0,
  'integral_money' => '0.00',
  'order_price' => '3.80',
  'goods_price' => '3.80',
  'add_time' => '2019-11-12 13:51:48',
  'confirm_time' => '1970-01-01 08:00:01',
  'pay_time' => 0,
  'freight_price' => 0,
  'coupon_id' => 0,
  'parent_id' => 0,
  'coupon_price' => '0.00',
  'callback_status' => 0,
  'shop_id' => 18,
  'created_at' => '2019-11-12 13:51:48',
  'updated_at' => '2019-11-12 13:51:48',
  'refund_number' => '',
  'refund_desc' => '',
  'bargain_id' => 0,
  'is_new' => 0,
  'group_id' => 0,
)  result:array (
  'return_code' => 'SUCCESS',
  'return_msg' => 'OK',
  'appid' => 'wx6be14b9c1bbe7bc0',
  'mch_id' => '1543596541',
  'nonce_str' => 'LS3txYjGh4CJBj4V',
  'sign' => '37DFF58D4515890382F376C0C22BF436',
  'result_code' => 'SUCCESS',
  'prepay_id' => 'wx1213515109513450ec21f3681654656100',
  'trade_type' => 'JSAPI',
)
| GET:array (
  'order_id' => '652',
  'user_id' => '54',
  'code' => '043ea5QV0ipai22R5NQV0bfSPV0ea5Qe',
  'rawData' => '{"nickName":"æ— ä¸ºäº¦æœ‰æ‰€ä¸º","gender":1,"language":"zh_CN","city":"Guangzhou","province":"Guangdong","country":"China","avatarUrl":"https://wx.qlogo.cn/mmopen/vi_32/IVAjTlueibhJ0skCcialcLesro55297LtXictocVYh6ib4ru3icVE9QaqfaWSyNygKmmfh3bvibq6FPvYwjKCziaxzeIg/132"}',
)
