19:20:47|order:array (
  'id' => 154,
  'order_sn' => '264061670644664001301',
  'trade_no' => '',
  'uid' => 13,
  'order_status' => 10,
  'shipping_status' => 0,
  'pay_status' => 0,
  'consignee' => '陈鹏威',
  'country' => 1,
  'province' => 440000,
  'city' => 110100,
  'district' => 110111,
  'address' => '广东省市辖区房山区祈福新邨C区10栋4A',
  'mobile' => '13826123474',
  'postscript' => '暂无留言',
  'shipping_fee' => '0.00',
  'pay_name' => '微信支付',
  'pay_id' => 1,
  'actual_price' => '0.01',
  'integral' => 0,
  'integral_money' => '0.00',
  'order_price' => '0.01',
  'goods_price' => '0.01',
  'add_time' => '2019-07-17 19:20:46',
  'confirm_time' => '1970-01-01 08:00:01',
  'pay_time' => 0,
  'freight_price' => 0,
  'coupon_id' => 0,
  'parent_id' => 0,
  'coupon_price' => '0.00',
  'callback_status' => 0,
  'shop_id' => 18,
  'created_at' => '2019-07-17 19:20:46',
  'updated_at' => '2019-07-17 19:20:46',
  'bargain_id' => 0,
  'refund_number' => '',
  'refund_desc' => '',
  'is_new' => 0,
)  result:array (
  'return_code' => 'SUCCESS',
  'return_msg' => 'OK',
  'appid' => 'wx6be14b9c1bbe7bc0',
  'mch_id' => '1543596541',
  'nonce_str' => 'xSkZnubsYUZM4TA2',
  'sign' => '1D6983FC6C478F70F1386FB21BAAB231',
  'result_code' => 'SUCCESS',
  'prepay_id' => 'wx171920478394901d85e4a2221376709000',
  'trade_type' => 'JSAPI',
)
| GET:array (
  'order_id' => '154',
  'user_id' => '13',
  'code' => '0339Mra22Bb21V0yJt722OMEa229MraE',
  'rawData' => '{"nickName":"叫我‘銘睿’可好","gender":1,"language":"zh_CN","city":"Guangzhou","province":"Guangdong","country":"China","avatarUrl":"https://wx.qlogo.cn/mmopen/vi_32/ZdHZ8vlDjCrn6x3YMx7sUicabLQoKj54A6eoicuxxL9KAKuXT4NoFA0RESlPLficA4gcUytKdf6UotlF1hCQLcO3Q/132"}',
)
19:21:59|order:array (
  'id' => 155,
  'order_sn' => '252061670651845701301',
  'trade_no' => '',
  'uid' => 13,
  'order_status' => 10,
  'shipping_status' => 0,
  'pay_status' => 0,
  'consignee' => '陈鹏威',
  'country' => 1,
  'province' => 440000,
  'city' => 110100,
  'district' => 110111,
  'address' => '广东省市辖区房山区祈福新邨C区10栋4A',
  'mobile' => '13826123474',
  'postscript' => '暂无留言',
  'shipping_fee' => '0.00',
  'pay_name' => '微信支付',
  'pay_id' => 1,
  'actual_price' => '0.01',
  'integral' => 0,
  'integral_money' => '0.00',
  'order_price' => '0.01',
  'goods_price' => '0.01',
  'add_time' => '2019-07-17 19:21:58',
  'confirm_time' => '1970-01-01 08:00:01',
  'pay_time' => 0,
  'freight_price' => 0,
  'coupon_id' => 0,
  'parent_id' => 0,
  'coupon_price' => '0.00',
  'callback_status' => 0,
  'shop_id' => 18,
  'created_at' => '2019-07-17 19:21:58',
  'updated_at' => '2019-07-17 19:21:58',
  'bargain_id' => 0,
  'refund_number' => '',
  'refund_desc' => '',
  'is_new' => 0,
)  result:array (
  'return_code' => 'SUCCESS',
  'return_msg' => 'OK',
  'appid' => 'wx6be14b9c1bbe7bc0',
  'mch_id' => '1543596541',
  'nonce_str' => '1OUyFXtluYs6Jagq',
  'sign' => 'ED69E10B7D79AC8078920C039EDBBE2F',
  'result_code' => 'SUCCESS',
  'prepay_id' => 'wx17192159654447e2aa2929351529617200',
  'trade_type' => 'JSAPI',
)
| GET:array (
  'order_id' => '155',
  'user_id' => '13',
  'code' => '0339Mra22Bb21V0yJt722OMEa229MraE',
  'rawData' => '{"nickName":"叫我‘銘睿’可好","gender":1,"language":"zh_CN","city":"Guangzhou","province":"Guangdong","country":"China","avatarUrl":"https://wx.qlogo.cn/mmopen/vi_32/ZdHZ8vlDjCrn6x3YMx7sUicabLQoKj54A6eoicuxxL9KAKuXT4NoFA0RESlPLficA4gcUytKdf6UotlF1hCQLcO3Q/132"}',
)
20:36:15|order:array (
  'id' => 156,
  'order_sn' => '276061671097435804701',
  'trade_no' => '',
  'uid' => 47,
  'order_status' => 10,
  'shipping_status' => 0,
  'pay_status' => 0,
  'consignee' => 'fsa',
  'country' => 1,
  'province' => 440000,
  'city' => 440100,
  'district' => 440113,
  'address' => '广东省广州市番禺区祈福新邨fe',
  'mobile' => '13572513524',
  'postscript' => '暂无留言',
  'shipping_fee' => '0.00',
  'pay_name' => '微信支付',
  'pay_id' => 1,
  'actual_price' => '0.01',
  'integral' => 0,
  'integral_money' => '0.00',
  'order_price' => '0.01',
  'goods_price' => '0.01',
  'add_time' => '2019-07-17 20:36:14',
  'confirm_time' => '1970-01-01 08:00:01',
  'pay_time' => 0,
  'freight_price' => 0,
  'coupon_id' => 0,
  'parent_id' => 0,
  'coupon_price' => '0.00',
  'callback_status' => 0,
  'shop_id' => 9,
  'created_at' => '2019-07-17 20:36:14',
  'updated_at' => '2019-07-17 20:36:14',
  'bargain_id' => 0,
  'refund_number' => '',
  'refund_desc' => '',
  'is_new' => 0,
)  result:array (
  'return_code' => 'SUCCESS',
  'return_msg' => 'OK',
  'appid' => 'wx6be14b9c1bbe7bc0',
  'mch_id' => '1543596541',
  'nonce_str' => 'lFsQZRcXjxRdLXHT',
  'sign' => '53218B7C0937471892ACB96CBB3D1A05',
  'result_code' => 'SUCCESS',
  'prepay_id' => 'wx17203615495672756587e5c31944185400',
  'trade_type' => 'JSAPI',
)
| GET:array (
  'order_id' => '156',
  'user_id' => '47',
  'code' => '023wnXON1P0PT91c9VMN11IfPN1wnXOG',
  'rawData' => '{"nickName":"ovlia","gender":0,"language":"zh_CN","city":"","province":"","country":"","avatarUrl":""}',
)
20:44:53|order:array (
  'id' => 157,
  'order_sn' => '259061671149202403201',
  'trade_no' => '',
  'uid' => 32,
  'order_status' => 10,
  'shipping_status' => 0,
  'pay_status' => 0,
  'consignee' => '3',
  'country' => 1,
  'province' => 440000,
  'city' => 440100,
  'district' => 440113,
  'address' => '广东省广州市番禺区祈福新邨31',
  'mobile' => '13531513613',
  'postscript' => '暂无留言',
  'shipping_fee' => '0.00',
  'pay_name' => '微信支付',
  'pay_id' => 1,
  'actual_price' => '0.01',
  'integral' => 0,
  'integral_money' => '0.00',
  'order_price' => '0.01',
  'goods_price' => '0.01',
  'add_time' => '2019-07-17 20:44:52',
  'confirm_time' => '1970-01-01 08:00:01',
  'pay_time' => 0,
  'freight_price' => 0,
  'coupon_id' => 0,
  'parent_id' => 0,
  'coupon_price' => '0.00',
  'callback_status' => 0,
  'shop_id' => 9,
  'created_at' => '2019-07-17 20:44:52',
  'updated_at' => '2019-07-17 20:44:52',
  'bargain_id' => 0,
  'refund_number' => '',
  'refund_desc' => '',
  'is_new' => 0,
)  result:array (
  'return_code' => 'SUCCESS',
  'return_msg' => 'OK',
  'appid' => 'wx6be14b9c1bbe7bc0',
  'mch_id' => '1543596541',
  'nonce_str' => 'mkTnaYKNCphrl4dD',
  'sign' => '74D28214D493F454ABC196A9DBDD49C9',
  'result_code' => 'SUCCESS',
  'prepay_id' => 'wx172044532070626357f94c931683730700',
  'trade_type' => 'JSAPI',
)
| GET:array (
  'order_id' => '157',
  'user_id' => '32',
  'code' => '0235KEoi1KBjEv0pNfli1rrJoi15KEoI',
  'rawData' => '{"nickName":"ovlia","gender":0,"language":"zh_CN","city":"","province":"","country":"","avatarUrl":""}',
)
20:50:03|order:array (
  'id' => 158,
  'order_sn' => '285061671180239503201',
  'trade_no' => '',
  'uid' => 32,
  'order_status' => 10,
  'shipping_status' => 0,
  'pay_status' => 0,
  'consignee' => '3',
  'country' => 1,
  'province' => 440000,
  'city' => 440100,
  'district' => 440113,
  'address' => '广东省广州市番禺区祈福新邨31',
  'mobile' => '13531513613',
  'postscript' => '暂无留言',
  'shipping_fee' => '0.00',
  'pay_name' => '微信支付',
  'pay_id' => 1,
  'actual_price' => '0.01',
  'integral' => 0,
  'integral_money' => '0.00',
  'order_price' => '0.01',
  'goods_price' => '0.01',
  'add_time' => '2019-07-17 20:50:02',
  'confirm_time' => '1970-01-01 08:00:01',
  'pay_time' => 0,
  'freight_price' => 0,
  'coupon_id' => 0,
  'parent_id' => 0,
  'coupon_price' => '0.00',
  'callback_status' => 0,
  'shop_id' => 9,
  'created_at' => '2019-07-17 20:50:02',
  'updated_at' => '2019-07-17 20:50:02',
  'bargain_id' => 0,
  'refund_number' => '',
  'refund_desc' => '',
  'is_new' => 0,
)  result:array (
  'return_code' => 'SUCCESS',
  'return_msg' => 'OK',
  'appid' => 'wx6be14b9c1bbe7bc0',
  'mch_id' => '1543596541',
  'nonce_str' => '9HC1ks9kG2z2VpzR',
  'sign' => '4343B85C75F4B58A96557BB4E3AFF3E6',
  'result_code' => 'SUCCESS',
  'prepay_id' => 'wx17205003638392f86b1e28561717736600',
  'trade_type' => 'JSAPI',
)
| GET:array (
  'order_id' => '158',
  'user_id' => '32',
  'code' => '0235KEoi1KBjEv0pNfli1rrJoi15KEoI',
  'rawData' => '{"nickName":"ovlia","gender":0,"language":"zh_CN","city":"","province":"","country":"","avatarUrl":""}',
)
20:53:05|order:array (
  'id' => 161,
  'order_sn' => '262061671198278304901',
  'trade_no' => '',
  'uid' => 49,
  'order_status' => 10,
  'shipping_status' => 0,
  'pay_status' => 0,
  'consignee' => '班生',
  'country' => 1,
  'province' => 440000,
  'city' => 440100,
  'district' => 440113,
  'address' => '广东省广州市番禺区祈福新邨一号',
  'mobile' => '15697738224',
  'postscript' => '暂无留言',
  'shipping_fee' => '0.00',
  'pay_name' => '微信支付',
  'pay_id' => 1,
  'actual_price' => '0.01',
  'integral' => 0,
  'integral_money' => '0.00',
  'order_price' => '0.01',
  'goods_price' => '0.01',
  'add_time' => '2019-07-17 20:53:02',
  'confirm_time' => '1970-01-01 08:00:01',
  'pay_time' => 0,
  'freight_price' => 0,
  'coupon_id' => 0,
  'parent_id' => 0,
  'coupon_price' => '0.00',
  'callback_status' => 0,
  'shop_id' => 9,
  'created_at' => '2019-07-17 20:53:02',
  'updated_at' => '2019-07-17 20:53:02',
  'bargain_id' => 0,
  'refund_number' => '',
  'refund_desc' => '',
  'is_new' => 0,
)  result:array (
  'return_code' => 'SUCCESS',
  'return_msg' => 'OK',
  'appid' => 'wx6be14b9c1bbe7bc0',
  'mch_id' => '1543596541',
  'nonce_str' => '5kAhUO7ehEm0AbMq',
  'sign' => '47810BB501EE295F94BAC29D8233F482',
  'result_code' => 'SUCCESS',
  'prepay_id' => 'wx17205305287335d9e38a4dd81749430300',
  'trade_type' => 'JSAPI',
)
| GET:array (
  'order_id' => '161',
  'user_id' => '49',
  'code' => '071m8oyX0eN0DV1PcuAX0JoryX0m8oyb',
  'rawData' => '{"nickName":"Ben","gender":1,"language":"zh_TW","city":"","province":"","country":"Finland","avatarUrl":"https://wx.qlogo.cn/mmopen/vi_32/DYAIOgq83epILbOcVGhF0h9vE6mAxnza1v8OMyibbEHVa7Q1jD49EH3Eu99YNkZTYSWMEgdPCoHazZCrpvbR7dA/132"}',
)
20:53:09|order:array (
  'id' => 162,
  'order_sn' => '254061671198877003201',
  'trade_no' => '',
  'uid' => 32,
  'order_status' => 10,
  'shipping_status' => 0,
  'pay_status' => 0,
  'consignee' => '3',
  'country' => 1,
  'province' => 440000,
  'city' => 440100,
  'district' => 440113,
  'address' => '广东省广州市番禺区祈福新邨31',
  'mobile' => '13531513613',
  'postscript' => '暂无留言',
  'shipping_fee' => '0.00',
  'pay_name' => '微信支付',
  'pay_id' => 1,
  'actual_price' => '0.01',
  'integral' => 0,
  'integral_money' => '0.00',
  'order_price' => '0.01',
  'goods_price' => '0.01',
  'add_time' => '2019-07-17 20:53:08',
  'confirm_time' => '1970-01-01 08:00:01',
  'pay_time' => 0,
  'freight_price' => 0,
  'coupon_id' => 0,
  'parent_id' => 0,
  'coupon_price' => '0.00',
  'callback_status' => 0,
  'shop_id' => 9,
  'created_at' => '2019-07-17 20:53:08',
  'updated_at' => '2019-07-17 20:53:08',
  'bargain_id' => 0,
  'refund_number' => '',
  'refund_desc' => '',
  'is_new' => 0,
)  result:array (
  'return_code' => 'SUCCESS',
  'return_msg' => 'OK',
  'appid' => 'wx6be14b9c1bbe7bc0',
  'mch_id' => '1543596541',
  'nonce_str' => 'MvuscOi6jYcSwezV',
  'sign' => 'D3C624D404025CDB74AFFEDB641925DA',
  'result_code' => 'SUCCESS',
  'prepay_id' => 'wx17205309926688f3592a51881606701700',
  'trade_type' => 'JSAPI',
)
| GET:array (
  'order_id' => '162',
  'user_id' => '32',
  'code' => '0235KEoi1KBjEv0pNfli1rrJoi15KEoI',
  'rawData' => '{"nickName":"ovlia","gender":0,"language":"zh_CN","city":"","province":"","country":"","avatarUrl":""}',
)
21:00:01|order:array (
  'id' => 163,
  'order_sn' => '219061671240084703201',
  'trade_no' => '',
  'uid' => 32,
  'order_status' => 10,
  'shipping_status' => 0,
  'pay_status' => 0,
  'consignee' => '3',
  'country' => 1,
  'province' => 440000,
  'city' => 440100,
  'district' => 440113,
  'address' => '广东省广州市番禺区祈福新邨31',
  'mobile' => '13531513613',
  'postscript' => '暂无留言',
  'shipping_fee' => '0.00',
  'pay_name' => '微信支付',
  'pay_id' => 1,
  'actual_price' => '0.01',
  'integral' => 0,
  'integral_money' => '0.00',
  'order_price' => '0.01',
  'goods_price' => '0.01',
  'add_time' => '2019-07-17 21:00:00',
  'confirm_time' => '1970-01-01 08:00:01',
  'pay_time' => 0,
  'freight_price' => 0,
  'coupon_id' => 0,
  'parent_id' => 0,
  'coupon_price' => '0.00',
  'callback_status' => 0,
  'shop_id' => 9,
  'created_at' => '2019-07-17 21:00:00',
  'updated_at' => '2019-07-17 21:00:00',
  'bargain_id' => 0,
  'refund_number' => '',
  'refund_desc' => '',
  'is_new' => 0,
)  result:array (
  'return_code' => 'SUCCESS',
  'return_msg' => 'OK',
  'appid' => 'wx6be14b9c1bbe7bc0',
  'mch_id' => '1543596541',
  'nonce_str' => 'gnmEraEeouj0SOy3',
  'sign' => '47F937147C21FF4B204881E8A083782B',
  'result_code' => 'SUCCESS',
  'prepay_id' => 'wx172100018783837fe8cf66d51776680700',
  'trade_type' => 'JSAPI',
)
| GET:array (
  'order_id' => '163',
  'user_id' => '32',
  'code' => '0235KEoi1KBjEv0pNfli1rrJoi15KEoI',
  'rawData' => '{"nickName":"ovlia","gender":0,"language":"zh_CN","city":"","province":"","country":"","avatarUrl":""}',
)
