14:07:23|order:array (
  'id' => 606,
  'order_sn' => '298062524124224301301',
  'trade_no' => '',
  'uid' => 13,
  'order_status' => 10,
  'shipping_status' => 0,
  'pay_status' => 0,
  'consignee' => 'é™ˆéŠ˜ç¿',
  'country' => 1,
  'province' => 440000,
  'city' => 440100,
  'district' => 440113,
  'address' => 'å¹¿ä¸œçœå¹¿å·žå¸‚ç•ªç¦ºåŒº5æ¥¼506',
  'mobile' => '13826123474',
  'postscript' => 'æš‚æ— ç•™è¨€',
  'shipping_fee' => '0.00',
  'pay_name' => 'å¾®ä¿¡æ”¯ä»˜',
  'pay_id' => 1,
  'actual_price' => '0.01',
  'integral' => 0,
  'integral_money' => '0.00',
  'order_price' => '0.01',
  'goods_price' => '0.01',
  'add_time' => '2019-10-24 14:07:22',
  'confirm_time' => '1970-01-01 08:00:01',
  'pay_time' => 0,
  'freight_price' => 0,
  'coupon_id' => 0,
  'parent_id' => 0,
  'coupon_price' => '0.00',
  'callback_status' => 0,
  'shop_id' => 18,
  'created_at' => '2019-10-24 14:07:22',
  'updated_at' => '2019-10-24 14:07:22',
  'refund_number' => '',
  'refund_desc' => '',
  'bargain_id' => 0,
  'is_new' => 0,
  'group_id' => 0,
)  result:array (
  'return_code' => 'SUCCESS',
  'return_msg' => 'OK',
  'appid' => 'wx6be14b9c1bbe7bc0',
  'mch_id' => '1543596541',
  'nonce_str' => 'jVuxFVu0J62iUJSx',
  'sign' => '0198B36E566D0357F1A93B58C8A2CCD5',
  'result_code' => 'SUCCESS',
  'prepay_id' => 'wx241407236960958b691ddd281461447200',
  'trade_type' => 'JSAPI',
)
| GET:array (
  'order_id' => '606',
  'user_id' => '13',
  'code' => '023HF2ke0y9dau1aFbhe0xmake0HF2kL',
  'rawData' => '{"nickName":"é™³éŠ˜ç¿","gender":1,"language":"zh_CN","city":"Guangzhou","province":"Guangdong","country":"China","avatarUrl":"https://wx.qlogo.cn/mmopen/vi_32/ZdHZ8vlDjCrn6x3YMx7sUicabLQoKj54A6eoicuxxL9KAKuXT4NoFA0RESlPLficA4gcUytKdf6UotlF1hCQLcO3Q/132"}',
)
14:15:39|order:array (
  'id' => 607,
  'order_sn' => '246062524172929301301',
  'trade_no' => '',
  'uid' => 13,
  'order_status' => 10,
  'shipping_status' => 0,
  'pay_status' => 0,
  'consignee' => 'é™ˆé¹å¨',
  'country' => 1,
  'province' => 440000,
  'city' => 440100,
  'district' => 440113,
  'address' => 'å¹¿ä¸œçœå¹¿å·žå¸‚ç•ªç¦ºåŒº1024',
  'mobile' => '13826123474',
  'postscript' => 'æš‚æ— ç•™è¨€',
  'shipping_fee' => '0.00',
  'pay_name' => 'å¾®ä¿¡æ”¯ä»˜',
  'pay_id' => 1,
  'actual_price' => '0.01',
  'integral' => 0,
  'integral_money' => '0.00',
  'order_price' => '0.01',
  'goods_price' => '0.01',
  'add_time' => '2019-10-24 14:15:29',
  'confirm_time' => '1970-01-01 08:00:01',
  'pay_time' => 0,
  'freight_price' => 0,
  'coupon_id' => 0,
  'parent_id' => 0,
  'coupon_price' => '0.00',
  'callback_status' => 0,
  'shop_id' => 18,
  'created_at' => '2019-10-24 14:15:29',
  'updated_at' => '2019-10-24 14:15:29',
  'refund_number' => '',
  'refund_desc' => '',
  'bargain_id' => 0,
  'is_new' => 0,
  'group_id' => 0,
)  result:array (
  'return_code' => 'SUCCESS',
  'return_msg' => 'OK',
  'appid' => 'wx6be14b9c1bbe7bc0',
  'mch_id' => '1543596541',
  'nonce_str' => '7lrjalbSE0OZzzg8',
  'sign' => '56D318631522F0616A4D9F0A69C28022',
  'result_code' => 'SUCCESS',
  'prepay_id' => 'wx24141539064060219b7c0bd41973821800',
  'trade_type' => 'JSAPI',
)
| GET:array (
  'order_id' => '607',
  'user_id' => '13',
  'code' => '023HF2ke0y9dau1aFbhe0xmake0HF2kL',
  'rawData' => '{"nickName":"é™³éŠ˜ç¿","gender":1,"language":"zh_CN","city":"Guangzhou","province":"Guangdong","country":"China","avatarUrl":"https://wx.qlogo.cn/mmopen/vi_32/ZdHZ8vlDjCrn6x3YMx7sUicabLQoKj54A6eoicuxxL9KAKuXT4NoFA0RESlPLficA4gcUytKdf6UotlF1hCQLcO3Q/132"}',
)
18:38:07|order:array (
  'id' => 624,
  'order_sn' => '261062525724055006301',
  'trade_no' => '',
  'uid' => 63,
  'order_status' => 10,
  'shipping_status' => 0,
  'pay_status' => 0,
  'consignee' => 'é™ˆå®ˆå¿—',
  'country' => 1,
  'province' => 440000,
  'city' => 440100,
  'district' => 440113,
  'address' => 'å¹¿ä¸œçœå¹¿å·žå¸‚ç•ªç¦ºåŒº1024',
  'mobile' => '13826814452',
  'postscript' => 'æš‚æ— ç•™è¨€',
  'shipping_fee' => '0.00',
  'pay_name' => 'å¾®ä¿¡æ”¯ä»˜',
  'pay_id' => 1,
  'actual_price' => '6.50',
  'integral' => 0,
  'integral_money' => '0.00',
  'order_price' => '6.50',
  'goods_price' => '6.50',
  'add_time' => '2019-10-24 18:34:00',
  'confirm_time' => '1970-01-01 08:00:01',
  'pay_time' => 0,
  'freight_price' => 0,
  'coupon_id' => 0,
  'parent_id' => 0,
  'coupon_price' => '0.00',
  'callback_status' => 0,
  'shop_id' => 18,
  'created_at' => '2019-10-24 18:34:00',
  'updated_at' => '2019-10-24 18:34:00',
  'refund_number' => '',
  'refund_desc' => '',
  'bargain_id' => 0,
  'is_new' => 0,
  'group_id' => 0,
)  result:array (
  'return_code' => 'SUCCESS',
  'return_msg' => 'OK',
  'appid' => 'wx6be14b9c1bbe7bc0',
  'mch_id' => '1543596541',
  'nonce_str' => 'rvOfE1SzbARwJpYH',
  'sign' => '63154B06183564C1BCCF15A6C1F03B22',
  'result_code' => 'SUCCESS',
  'prepay_id' => 'wx24183807727110fefc9e8f201588931800',
  'trade_type' => 'JSAPI',
)
| GET:array (
  'order_id' => '624',
  'user_id' => '63',
  'code' => '0337M3yW1vuQ21120ixW1GDlyW17M3yZ',
  'rawData' => '{"nickName":"ðŸ˜£ ðŸ˜– ðŸ˜Š","gender":1,"language":"zh_CN","city":"","province":"Freiburg","country":"Switzerland","avatarUrl":"https://wx.qlogo.cn/mmopen/vi_32/ic70DfMDFkQkQ7OyTC2H5OjmGJcy2dDQD6Bib7xKf8micNAMRyUyJiaKoicD2E2L9AKOqsMqJQ6ibZCJloSZYoRd8ulg/132"}',
)
