11:58:14|order:array (
  'id' => 653,
  'order_sn' => '253062704788416401301',
  'trade_no' => '',
  'uid' => 13,
  'order_status' => 10,
  'shipping_status' => 0,
  'pay_status' => 0,
  'consignee' => '陈鹏威',
  'country' => 1,
  'province' => 440000,
  'city' => 440100,
  'district' => 440113,
  'address' => '广东省广州市番禺区祈福新邨1024',
  'mobile' => '13826123474',
  'postscript' => '暂无留言',
  'shipping_fee' => '0.00',
  'pay_name' => '微信支付',
  'pay_id' => 1,
  'actual_price' => '0.10',
  'integral' => 0,
  'integral_money' => '0.00',
  'order_price' => '0.10',
  'goods_price' => '0.10',
  'add_time' => '2019-11-14 11:58:04',
  'confirm_time' => '1970-01-01 08:00:01',
  'pay_time' => 0,
  'freight_price' => 0,
  'coupon_id' => 0,
  'parent_id' => 0,
  'coupon_price' => '0.00',
  'callback_status' => 0,
  'shop_id' => 18,
  'created_at' => '2019-11-14 11:58:04',
  'updated_at' => '2019-11-14 11:58:04',
  'refund_number' => '',
  'refund_desc' => '',
  'bargain_id' => 0,
  'is_new' => 0,
  'group_id' => 57,
)  result:array (
  'return_code' => 'SUCCESS',
  'return_msg' => 'OK',
  'appid' => 'wx6be14b9c1bbe7bc0',
  'mch_id' => '1543596541',
  'nonce_str' => 'd4iaBUHhg2zseRYY',
  'sign' => '28B57D1414AAF3E439EE8300E46F437F',
  'result_code' => 'SUCCESS',
  'prepay_id' => 'wx1411581462196647343a42d21138073900',
  'trade_type' => 'JSAPI',
)
| GET:array (
  'order_id' => '653',
  'user_id' => '13',
  'code' => '043r3yDw0WgNjc16UPDw0cVoDw0r3yDO',
  'rawData' => '{"nickName":"陳銘睿","gender":1,"language":"zh_CN","city":"Guangzhou","province":"Guangdong","country":"China","avatarUrl":"https://wx.qlogo.cn/mmopen/vi_32/ZdHZ8vlDjCrn6x3YMx7sUicabLQoKj54A6eoicuxxL9KAKuXT4NoFA0RESlPLficA4gcUytKdf6UotlF1hCQLcO3Q/132"}',
)
11:58:36|order:array (
  'id' => 653,
  'order_sn' => '253062704788416401301',
  'trade_no' => '4200000459201911146599570032',
  'uid' => 13,
  'order_status' => 22,
  'shipping_status' => 0,
  'pay_status' => 0,
  'consignee' => '陈鹏威',
  'country' => 1,
  'province' => 440000,
  'city' => 440100,
  'district' => 440113,
  'address' => '广东省广州市番禺区祈福新邨1024',
  'mobile' => '13826123474',
  'postscript' => '暂无留言',
  'shipping_fee' => '0.00',
  'pay_name' => '微信支付',
  'pay_id' => 1,
  'actual_price' => '0.10',
  'integral' => 0,
  'integral_money' => '0.00',
  'order_price' => '0.10',
  'goods_price' => '0.10',
  'add_time' => '2019-11-14 11:58:04',
  'confirm_time' => '1970-01-01 08:00:01',
  'pay_time' => 1573703905,
  'freight_price' => 0,
  'coupon_id' => 0,
  'parent_id' => 0,
  'coupon_price' => '0.00',
  'callback_status' => 0,
  'shop_id' => 18,
  'created_at' => '2019-11-14 11:58:04',
  'updated_at' => '2019-11-14 11:58:25',
  'refund_number' => '',
  'refund_desc' => '',
  'bargain_id' => 0,
  'is_new' => 1,
  'group_id' => 57,
)  result:array (
  'return_code' => 'SUCCESS',
  'return_msg' => 'OK',
  'appid' => 'wx6be14b9c1bbe7bc0',
  'mch_id' => '1543596541',
  'nonce_str' => 'oluKG1zVLOF44zdg',
  'sign' => '5082C3495CD1A94D6D526D5BDEC1573E',
  'result_code' => 'FAIL',
  'err_code' => 'ORDERPAID',
  'err_code_des' => '该订单已支付',
)
| GET:array (
  'order_id' => '653',
  'user_id' => '13',
  'code' => '043r3yDw0WgNjc16UPDw0cVoDw0r3yDO',
  'rawData' => '{"nickName":"陳銘睿","gender":1,"language":"zh_CN","city":"Guangzhou","province":"Guangdong","country":"China","avatarUrl":"https://wx.qlogo.cn/mmopen/vi_32/ZdHZ8vlDjCrn6x3YMx7sUicabLQoKj54A6eoicuxxL9KAKuXT4NoFA0RESlPLficA4gcUytKdf6UotlF1hCQLcO3Q/132"}',
)
11:58:36|json_preparearray (
  'return_code' => 'SUCCESS',
  'return_msg' => 'OK',
  'appid' => 'wx6be14b9c1bbe7bc0',
  'mch_id' => '1543596541',
  'nonce_str' => 'oluKG1zVLOF44zdg',
  'sign' => '5082C3495CD1A94D6D526D5BDEC1573E',
  'result_code' => 'FAIL',
  'err_code' => 'ORDERPAID',
  'err_code_des' => '该订单已支付',
)
| GET:array (
  'order_id' => '653',
  'user_id' => '13',
  'code' => '043r3yDw0WgNjc16UPDw0cVoDw0r3yDO',
  'rawData' => '{"nickName":"陳銘睿","gender":1,"language":"zh_CN","city":"Guangzhou","province":"Guangdong","country":"China","avatarUrl":"https://wx.qlogo.cn/mmopen/vi_32/ZdHZ8vlDjCrn6x3YMx7sUicabLQoKj54A6eoicuxxL9KAKuXT4NoFA0RESlPLficA4gcUytKdf6UotlF1hCQLcO3Q/132"}',
)
11:59:28|order:array (
  'id' => 654,
  'order_sn' => '251062704795952701301',
  'trade_no' => '',
  'uid' => 13,
  'order_status' => 10,
  'shipping_status' => 0,
  'pay_status' => 0,
  'consignee' => '陈鹏威',
  'country' => 1,
  'province' => 440000,
  'city' => 440100,
  'district' => 440113,
  'address' => '广东省广州市番禺区祈福新邨1024',
  'mobile' => '13826123474',
  'postscript' => '暂无留言',
  'shipping_fee' => '0.00',
  'pay_name' => '微信支付',
  'pay_id' => 1,
  'actual_price' => '0.10',
  'integral' => 0,
  'integral_money' => '0.00',
  'order_price' => '0.10',
  'goods_price' => '0.10',
  'add_time' => '2019-11-14 11:59:19',
  'confirm_time' => '1970-01-01 08:00:01',
  'pay_time' => 0,
  'freight_price' => 0,
  'coupon_id' => 0,
  'parent_id' => 0,
  'coupon_price' => '0.00',
  'callback_status' => 0,
  'shop_id' => 18,
  'created_at' => '2019-11-14 11:59:19',
  'updated_at' => '2019-11-14 11:59:19',
  'refund_number' => '',
  'refund_desc' => '',
  'bargain_id' => 0,
  'is_new' => 0,
  'group_id' => 57,
)  result:array (
  'return_code' => 'SUCCESS',
  'return_msg' => 'OK',
  'appid' => 'wx6be14b9c1bbe7bc0',
  'mch_id' => '1543596541',
  'nonce_str' => 'CG8jEfDYy6EnTIbJ',
  'sign' => '614A8B44402500BE1849523087700C52',
  'result_code' => 'SUCCESS',
  'prepay_id' => 'wx14115928630751167149cfbf1918678100',
  'trade_type' => 'JSAPI',
)
| GET:array (
  'order_id' => '654',
  'user_id' => '13',
  'code' => '043r3yDw0WgNjc16UPDw0cVoDw0r3yDO',
  'rawData' => '{"nickName":"陳銘睿","gender":1,"language":"zh_CN","city":"Guangzhou","province":"Guangdong","country":"China","avatarUrl":"https://wx.qlogo.cn/mmopen/vi_32/ZdHZ8vlDjCrn6x3YMx7sUicabLQoKj54A6eoicuxxL9KAKuXT4NoFA0RESlPLficA4gcUytKdf6UotlF1hCQLcO3Q/132"}',
)
12:23:54|order:array (
  'id' => 655,
  'order_sn' => '251062704942818701401',
  'trade_no' => '',
  'uid' => 14,
  'order_status' => 10,
  'shipping_status' => 0,
  'pay_status' => 0,
  'consignee' => 'asfw',
  'country' => 1,
  'province' => 440000,
  'city' => 440100,
  'district' => 440113,
  'address' => '广东省广州市番禺区长华创意谷asdw',
  'mobile' => '13513513241',
  'postscript' => '暂无留言',
  'shipping_fee' => '0.00',
  'pay_name' => '微信支付',
  'pay_id' => 1,
  'actual_price' => '0.10',
  'integral' => 0,
  'integral_money' => '0.00',
  'order_price' => '0.10',
  'goods_price' => '0.10',
  'add_time' => '2019-11-14 12:23:48',
  'confirm_time' => '1970-01-01 08:00:01',
  'pay_time' => 0,
  'freight_price' => 0,
  'coupon_id' => 0,
  'parent_id' => 0,
  'coupon_price' => '0.00',
  'callback_status' => 0,
  'shop_id' => 18,
  'created_at' => '2019-11-14 12:23:48',
  'updated_at' => '2019-11-14 12:23:48',
  'refund_number' => '',
  'refund_desc' => '',
  'bargain_id' => 0,
  'is_new' => 0,
  'group_id' => 57,
)  result:array (
  'return_code' => 'SUCCESS',
  'return_msg' => 'OK',
  'appid' => 'wx6be14b9c1bbe7bc0',
  'mch_id' => '1543596541',
  'nonce_str' => 'uKUrASDb78RToUkH',
  'sign' => '169B3AF71A63CB2E06E89524A11C1EEA',
  'result_code' => 'SUCCESS',
  'prepay_id' => 'wx14122354164203b7f89ba55f1426154800',
  'trade_type' => 'JSAPI',
)
| GET:array (
  'order_id' => '655',
  'user_id' => '14',
  'code' => '0433ijWP1JrfC318dkVP1fZkWP13ijWk',
  'rawData' => '{"nickName":"第三杯免票","gender":1,"language":"zh_CN","city":"Guangzhou","province":"Guangdong","country":"China","avatarUrl":"https://wx.qlogo.cn/mmopen/vi_32/fKtJn1fWibuFaGsiambNRMIWc6rfDV7iaqePKjlBc4LGkIbJRbceictichvs9d6FhGFSxd6wxBtmBuowTRQ0jaibISlQ/132"}',
)
12:44:36|order:array (
  'id' => 658,
  'order_sn' => '224062705066861101401',
  'trade_no' => '',
  'uid' => 14,
  'order_status' => 10,
  'shipping_status' => 0,
  'pay_status' => 0,
  'consignee' => 'asfw',
  'country' => 1,
  'province' => 440000,
  'city' => 440100,
  'district' => 440113,
  'address' => '广东省广州市番禺区长华创意谷asdw',
  'mobile' => '13513513241',
  'postscript' => '暂无留言',
  'shipping_fee' => '0.00',
  'pay_name' => '微信支付',
  'pay_id' => 1,
  'actual_price' => '0.10',
  'integral' => 0,
  'integral_money' => '0.00',
  'order_price' => '0.10',
  'goods_price' => '0.10',
  'add_time' => '2019-11-14 12:44:28',
  'confirm_time' => '1970-01-01 08:00:01',
  'pay_time' => 0,
  'freight_price' => 0,
  'coupon_id' => 0,
  'parent_id' => 0,
  'coupon_price' => '0.00',
  'callback_status' => 0,
  'shop_id' => 18,
  'created_at' => '2019-11-14 12:44:28',
  'updated_at' => '2019-11-14 12:44:28',
  'refund_number' => '',
  'refund_desc' => '',
  'bargain_id' => 0,
  'is_new' => 0,
  'group_id' => 57,
)  result:array (
  'return_code' => 'SUCCESS',
  'return_msg' => 'OK',
  'appid' => 'wx6be14b9c1bbe7bc0',
  'mch_id' => '1543596541',
  'nonce_str' => 'Cx04DsLuufQPJG7E',
  'sign' => 'B5F6377C17BCB658B427C16AC4AAE5B7',
  'result_code' => 'SUCCESS',
  'prepay_id' => 'wx141244361549920030d608d01287993200',
  'trade_type' => 'JSAPI',
)
| GET:array (
  'order_id' => '658',
  'user_id' => '14',
  'code' => '0433ijWP1JrfC318dkVP1fZkWP13ijWk',
  'rawData' => '{"nickName":"第三杯免票","gender":1,"language":"zh_CN","city":"Guangzhou","province":"Guangdong","country":"China","avatarUrl":"https://wx.qlogo.cn/mmopen/vi_32/fKtJn1fWibuFaGsiambNRMIWc6rfDV7iaqePKjlBc4LGkIbJRbceictichvs9d6FhGFSxd6wxBtmBuowTRQ0jaibISlQ/132"}',
)
12:50:02|order:array (
  'id' => 659,
  'order_sn' => '279062705099676901301',
  'trade_no' => '',
  'uid' => 13,
  'order_status' => 10,
  'shipping_status' => 0,
  'pay_status' => 0,
  'consignee' => '陈鹏威',
  'country' => 1,
  'province' => 440000,
  'city' => 440100,
  'district' => 440113,
  'address' => '广东省广州市番禺区祈福新邨1024',
  'mobile' => '13826123474',
  'postscript' => '暂无留言',
  'shipping_fee' => '0.00',
  'pay_name' => '微信支付',
  'pay_id' => 1,
  'actual_price' => '0.10',
  'integral' => 0,
  'integral_money' => '0.00',
  'order_price' => '0.10',
  'goods_price' => '0.10',
  'add_time' => '2019-11-14 12:49:56',
  'confirm_time' => '1970-01-01 08:00:01',
  'pay_time' => 0,
  'freight_price' => 0,
  'coupon_id' => 0,
  'parent_id' => 0,
  'coupon_price' => '0.00',
  'callback_status' => 0,
  'shop_id' => 18,
  'created_at' => '2019-11-14 12:49:56',
  'updated_at' => '2019-11-14 12:49:56',
  'refund_number' => '',
  'refund_desc' => '',
  'bargain_id' => 0,
  'is_new' => 0,
  'group_id' => 57,
)  result:array (
  'return_code' => 'SUCCESS',
  'return_msg' => 'OK',
  'appid' => 'wx6be14b9c1bbe7bc0',
  'mch_id' => '1543596541',
  'nonce_str' => '5qRnFYmifybblvsW',
  'sign' => 'B2C09BEDCD3B42B362A0CBD18A77A757',
  'result_code' => 'SUCCESS',
  'prepay_id' => 'wx1412500292758054e9e91db41768247500',
  'trade_type' => 'JSAPI',
)
| GET:array (
  'order_id' => '659',
  'user_id' => '13',
  'code' => '043r3yDw0WgNjc16UPDw0cVoDw0r3yDO',
  'rawData' => '{"nickName":"陳銘睿","gender":1,"language":"zh_CN","city":"Guangzhou","province":"Guangdong","country":"China","avatarUrl":"https://wx.qlogo.cn/mmopen/vi_32/ZdHZ8vlDjCrn6x3YMx7sUicabLQoKj54A6eoicuxxL9KAKuXT4NoFA0RESlPLficA4gcUytKdf6UotlF1hCQLcO3Q/132"}',
)
12:52:52|order:array (
  'id' => 660,
  'order_sn' => '234062705116792605401',
  'trade_no' => '',
  'uid' => 54,
  'order_status' => 10,
  'shipping_status' => 0,
  'pay_status' => 0,
  'consignee' => '陈鹏威',
  'country' => 1,
  'province' => 440000,
  'city' => 440100,
  'district' => 440113,
  'address' => '广东省广州市番禺区祈福新邨15街26号',
  'mobile' => '13826123474',
  'postscript' => '暂无留言',
  'shipping_fee' => '0.00',
  'pay_name' => '微信支付',
  'pay_id' => 1,
  'actual_price' => '0.10',
  'integral' => 0,
  'integral_money' => '0.00',
  'order_price' => '0.10',
  'goods_price' => '0.10',
  'add_time' => '2019-11-14 12:52:47',
  'confirm_time' => '1970-01-01 08:00:01',
  'pay_time' => 0,
  'freight_price' => 0,
  'coupon_id' => 0,
  'parent_id' => 0,
  'coupon_price' => '0.00',
  'callback_status' => 0,
  'shop_id' => 18,
  'created_at' => '2019-11-14 12:52:47',
  'updated_at' => '2019-11-14 12:52:47',
  'refund_number' => '',
  'refund_desc' => '',
  'bargain_id' => 0,
  'is_new' => 0,
  'group_id' => 57,
)  result:array (
  'return_code' => 'SUCCESS',
  'return_msg' => 'OK',
  'appid' => 'wx6be14b9c1bbe7bc0',
  'mch_id' => '1543596541',
  'nonce_str' => '8u5jVh8x03dPYRmK',
  'sign' => '26440CA79C6118BAE05407435DFD95ED',
  'result_code' => 'SUCCESS',
  'prepay_id' => 'wx141252522343640753e6a9ae1741140500',
  'trade_type' => 'JSAPI',
)
| GET:array (
  'order_id' => '660',
  'user_id' => '54',
  'code' => '0333c82D1fVoT50k69ZC1z7g2D13c82l',
  'rawData' => '{"nickName":"无为亦有所为","gender":1,"language":"zh_CN","city":"Guangzhou","province":"Guangdong","country":"China","avatarUrl":"https://wx.qlogo.cn/mmopen/vi_32/IVAjTlueibhJ0skCcialcLesro55297LtXictocVYh6ib4ru3icVE9QaqfaWSyNygKmmfh3bvibq6FPvYwjKCziaxzeIg/132"}',
)
13:31:15|order:array (
  'id' => 661,
  'order_sn' => '229062705347068501301',
  'trade_no' => '',
  'uid' => 13,
  'order_status' => 10,
  'shipping_status' => 0,
  'pay_status' => 0,
  'consignee' => '陈鹏威',
  'country' => 1,
  'province' => 440000,
  'city' => 440100,
  'district' => 440113,
  'address' => '广东省广州市番禺区祈福新邨蝶舞10姐12栋4',
  'mobile' => '13826123474',
  'postscript' => '暂无留言',
  'shipping_fee' => '0.00',
  'pay_name' => '微信支付',
  'pay_id' => 1,
  'actual_price' => '0.10',
  'integral' => 0,
  'integral_money' => '0.00',
  'order_price' => '0.10',
  'goods_price' => '0.10',
  'add_time' => '2019-11-14 13:31:10',
  'confirm_time' => '1970-01-01 08:00:01',
  'pay_time' => 0,
  'freight_price' => 0,
  'coupon_id' => 0,
  'parent_id' => 0,
  'coupon_price' => '0.00',
  'callback_status' => 0,
  'shop_id' => 18,
  'created_at' => '2019-11-14 13:31:10',
  'updated_at' => '2019-11-14 13:31:10',
  'refund_number' => '',
  'refund_desc' => '',
  'bargain_id' => 0,
  'is_new' => 0,
  'group_id' => 57,
)  result:array (
  'return_code' => 'SUCCESS',
  'return_msg' => 'OK',
  'appid' => 'wx6be14b9c1bbe7bc0',
  'mch_id' => '1543596541',
  'nonce_str' => 'CxOTD2IcJ36vSxjr',
  'sign' => '1BAECEC3362FB13D693D3F5831B355E3',
  'result_code' => 'SUCCESS',
  'prepay_id' => 'wx1413311543712751dab6cb8e1374629900',
  'trade_type' => 'JSAPI',
)
| GET:array (
  'order_id' => '661',
  'user_id' => '13',
  'code' => '033cRCdj1ku4Pt0cczdj1uZBdj1cRCdf',
  'rawData' => '{"nickName":"陳銘睿","gender":1,"language":"zh_CN","city":"Guangzhou","province":"Guangdong","country":"China","avatarUrl":"https://wx.qlogo.cn/mmopen/vi_32/ZdHZ8vlDjCrn6x3YMx7sUicabLQoKj54A6eoicuxxL9KAKuXT4NoFA0RESlPLficA4gcUytKdf6UotlF1hCQLcO3Q/132"}',
)
13:32:17|order:array (
  'id' => 662,
  'order_sn' => '245062705352877001301',
  'trade_no' => '',
  'uid' => 13,
  'order_status' => 10,
  'shipping_status' => 0,
  'pay_status' => 0,
  'consignee' => '陈鹏威',
  'country' => 1,
  'province' => 440000,
  'city' => 440100,
  'district' => 440113,
  'address' => '广东省广州市番禺区祈福新邨蝶舞10姐12栋4',
  'mobile' => '13826123474',
  'postscript' => '暂无留言',
  'shipping_fee' => '0.00',
  'pay_name' => '微信支付',
  'pay_id' => 1,
  'actual_price' => '3.80',
  'integral' => 0,
  'integral_money' => '0.00',
  'order_price' => '3.80',
  'goods_price' => '3.80',
  'add_time' => '2019-11-14 13:32:08',
  'confirm_time' => '1970-01-01 08:00:01',
  'pay_time' => 0,
  'freight_price' => 0,
  'coupon_id' => 0,
  'parent_id' => 0,
  'coupon_price' => '0.00',
  'callback_status' => 0,
  'shop_id' => 9,
  'created_at' => '2019-11-14 13:32:08',
  'updated_at' => '2019-11-14 13:32:08',
  'refund_number' => '',
  'refund_desc' => '',
  'bargain_id' => 0,
  'is_new' => 0,
  'group_id' => 0,
)  result:array (
  'return_code' => 'SUCCESS',
  'return_msg' => 'OK',
  'appid' => 'wx6be14b9c1bbe7bc0',
  'mch_id' => '1543596541',
  'nonce_str' => 'JlPkFgIWr0iQwbbJ',
  'sign' => '9AF36B0E6A6D8E13FDE89358B242F24E',
  'result_code' => 'SUCCESS',
  'prepay_id' => 'wx14133217226634e25b00fcc71671849900',
  'trade_type' => 'JSAPI',
)
| GET:array (
  'order_id' => '662',
  'user_id' => '13',
  'code' => '033cRCdj1ku4Pt0cczdj1uZBdj1cRCdf',
  'rawData' => '{"nickName":"陳銘睿","gender":1,"language":"zh_CN","city":"Guangzhou","province":"Guangdong","country":"China","avatarUrl":"https://wx.qlogo.cn/mmopen/vi_32/ZdHZ8vlDjCrn6x3YMx7sUicabLQoKj54A6eoicuxxL9KAKuXT4NoFA0RESlPLficA4gcUytKdf6UotlF1hCQLcO3Q/132"}',
)
19:15:20|order:array (
  'id' => 664,
  'order_sn' => '260062707411450108701',
  'trade_no' => '',
  'uid' => 87,
  'order_status' => 10,
  'shipping_status' => 0,
  'pay_status' => 0,
  'consignee' => '黎',
  'country' => 1,
  'province' => 440000,
  'city' => 440100,
  'district' => 440113,
  'address' => '广东省广州市番禺区祈福新邨祈福名家五街32号杰克琼斯',
  'mobile' => '15917804096',
  'postscript' => '暂无留言',
  'shipping_fee' => '0.00',
  'pay_name' => '微信支付',
  'pay_id' => 1,
  'actual_price' => '52.00',
  'integral' => 0,
  'integral_money' => '0.00',
  'order_price' => '52.00',
  'goods_price' => '52.00',
  'add_time' => '2019-11-14 19:15:14',
  'confirm_time' => '1970-01-01 08:00:01',
  'pay_time' => 0,
  'freight_price' => 0,
  'coupon_id' => 0,
  'parent_id' => 0,
  'coupon_price' => '0.00',
  'callback_status' => 0,
  'shop_id' => 18,
  'created_at' => '2019-11-14 19:15:14',
  'updated_at' => '2019-11-14 19:15:14',
  'refund_number' => '',
  'refund_desc' => '',
  'bargain_id' => 0,
  'is_new' => 0,
  'group_id' => 0,
)  result:array (
  'return_code' => 'SUCCESS',
  'return_msg' => 'OK',
  'appid' => 'wx6be14b9c1bbe7bc0',
  'mch_id' => '1543596541',
  'nonce_str' => '4ypgNs7fWs7gnlc5',
  'sign' => '1EB33C2D1F5A317586DB2EE629BA3647',
  'result_code' => 'SUCCESS',
  'prepay_id' => 'wx14191520892580e3b382166a1042702300',
  'trade_type' => 'JSAPI',
)
| GET:array (
  'order_id' => '664',
  'user_id' => '87',
  'code' => '011UvFCp16piaj0It7Dp1xRLCp1UvFC3',
  'rawData' => '{"nickName":"🐾","gender":2,"language":"zh_CN","city":"Guangzhou","province":"Guangdong","country":"China","avatarUrl":"https://wx.qlogo.cn/mmopen/vi_32/Q0j4TwGTfTKZQs5sz6OGTPwiarmAUicy7bsHpCwJIPJaiccyGLqX1WBV3HgsKe3icxElWeXX3sAGcpliadiacNfibUowQ/132"}',
)
