14:54:18|order:array (
  'id' => 341,
  'order_sn' => '216062308405288701301',
  'trade_no' => '',
  'uid' => 13,
  'order_status' => 10,
  'shipping_status' => 0,
  'pay_status' => 0,
  'consignee' => '陈鹏威',
  'country' => 1,
  'province' => 440000,
  'city' => 440100,
  'district' => 440113,
  'address' => '广东省广州市番禺区蝶舞10姐12栋4',
  'mobile' => '13826123474',
  'postscript' => '暂无留言',
  'shipping_fee' => '0.00',
  'pay_name' => '微信支付',
  'pay_id' => 1,
  'actual_price' => '0.10',
  'integral' => 0,
  'integral_money' => '0.00',
  'order_price' => '0.10',
  'goods_price' => '0.10',
  'add_time' => '2019-09-29 14:54:12',
  'confirm_time' => '1970-01-01 08:00:01',
  'pay_time' => 0,
  'freight_price' => 0,
  'coupon_id' => 0,
  'parent_id' => 0,
  'coupon_price' => '0.00',
  'callback_status' => 0,
  'shop_id' => 18,
  'created_at' => '2019-09-29 14:54:12',
  'updated_at' => '2019-09-29 14:54:12',
  'refund_number' => '',
  'refund_desc' => '',
  'bargain_id' => 0,
  'is_new' => 0,
  'group_id' => 47,
)  result:array (
  'return_code' => 'SUCCESS',
  'return_msg' => 'OK',
  'appid' => 'wx6be14b9c1bbe7bc0',
  'mch_id' => '1543596541',
  'nonce_str' => 'rQhSlPLk9gkM4W92',
  'sign' => 'DEA9A05B436A22FFFDFCF0C65F32176B',
  'result_code' => 'SUCCESS',
  'prepay_id' => 'wx2914541894650597df2d16151065387900',
  'trade_type' => 'JSAPI',
)
| GET:array (
  'order_id' => '341',
  'user_id' => '13',
  'code' => '023cYE1624issR0Vu2462VGv162cYE1f',
  'rawData' => '{"nickName":"叫我‘銘睿’可好","gender":1,"language":"zh_CN","city":"Guangzhou","province":"Guangdong","country":"China","avatarUrl":"https://wx.qlogo.cn/mmopen/vi_32/ZdHZ8vlDjCrn6x3YMx7sUicabLQoKj54A6eoicuxxL9KAKuXT4NoFA0RESlPLficA4gcUytKdf6UotlF1hCQLcO3Q/132"}',
)
21:50:29|order:array (
  'id' => 342,
  'order_sn' => '255062310902358304101',
  'trade_no' => '',
  'uid' => 41,
  'order_status' => 10,
  'shipping_status' => 0,
  'pay_status' => 0,
  'consignee' => 'myt',
  'country' => 1,
  'province' => 440000,
  'city' => 440100,
  'district' => 440113,
  'address' => '广东省广州市番禺区qqq',
  'mobile' => '15504055776',
  'postscript' => '暂无留言',
  'shipping_fee' => '0.00',
  'pay_name' => '微信支付',
  'pay_id' => 1,
  'actual_price' => '0.01',
  'integral' => 0,
  'integral_money' => '0.00',
  'order_price' => '0.01',
  'goods_price' => '0.01',
  'add_time' => '2019-09-29 21:50:23',
  'confirm_time' => '1970-01-01 08:00:01',
  'pay_time' => 0,
  'freight_price' => 0,
  'coupon_id' => 0,
  'parent_id' => 0,
  'coupon_price' => '0.00',
  'callback_status' => 0,
  'shop_id' => 9,
  'created_at' => '2019-09-29 21:50:23',
  'updated_at' => '2019-09-29 21:50:23',
  'refund_number' => '',
  'refund_desc' => '',
  'bargain_id' => 0,
  'is_new' => 0,
  'group_id' => 0,
)  result:array (
  'return_code' => 'SUCCESS',
  'return_msg' => 'OK',
  'appid' => 'wx6be14b9c1bbe7bc0',
  'mch_id' => '1543596541',
  'nonce_str' => 'v9aKtlBTAMlKNHCU',
  'sign' => '5EDD098DE19A744117CAE53EB4F58C8C',
  'result_code' => 'SUCCESS',
  'prepay_id' => 'wx29215029334795ad6d7083381966288100',
  'trade_type' => 'JSAPI',
)
| GET:array (
  'order_id' => '342',
  'user_id' => '41',
  'code' => '001qDzWK0ZE3M72U4mXK0XmGWK0qDzWj',
  'rawData' => '{"nickName":"v1","gender":0,"language":"zh_CN","city":"Guangzhou","province":"Guangdong","country":"China","avatarUrl":"https://wx.qlogo.cn/mmopen/vi_32/Q0j4TwGTfTLia2EwyyEVs3s1IoAHIn5XLmwRQGkGQ78N2gfEH49KQES6h1fno9v8yPT1827xcD8uno0IwKQTIew/132"}',
)
