14:27:20|order:array (
  'id' => 216,
  'order_sn' => '264062126803891701301',
  'trade_no' => '',
  'uid' => 13,
  'order_status' => 10,
  'shipping_status' => 0,
  'pay_status' => 0,
  'consignee' => '陈銘睿',
  'country' => 1,
  'province' => 440000,
  'city' => 440100,
  'district' => 440113,
  'address' => '广东省广州市番禺区长华创意谷20栋4',
  'mobile' => '13826123474',
  'postscript' => '暂无留言',
  'shipping_fee' => '0.00',
  'pay_name' => '微信支付',
  'pay_id' => 1,
  'actual_price' => '93999.90',
  'integral' => 0,
  'integral_money' => '0.00',
  'order_price' => '93999.90',
  'goods_price' => '93999.90',
  'add_time' => '2019-09-08 14:27:18',
  'confirm_time' => '1970-01-01 08:00:01',
  'pay_time' => 0,
  'freight_price' => 0,
  'coupon_id' => 0,
  'parent_id' => 0,
  'coupon_price' => '0.00',
  'callback_status' => 0,
  'shop_id' => 13,
  'created_at' => '2019-09-08 14:27:18',
  'updated_at' => '2019-09-08 14:27:18',
  'bargain_id' => 0,
  'refund_number' => '',
  'refund_desc' => '',
  'is_new' => 0,
)  result:array (
  'return_code' => 'SUCCESS',
  'return_msg' => 'OK',
  'appid' => 'wx6be14b9c1bbe7bc0',
  'mch_id' => '1543596541',
  'nonce_str' => 'LIV2NOabFl1uACs8',
  'sign' => 'D7BE6F04CFAE2465257A0F3D878AD80D',
  'result_code' => 'SUCCESS',
  'prepay_id' => 'wx081427205583104c104654ad1491304100',
  'trade_type' => 'JSAPI',
)
| GET:array (
  'order_id' => '216',
  'user_id' => '13',
  'code' => '023hhHQ91BtxnN1BDzO91DxpQ91hhHQu',
  'rawData' => '{"nickName":"叫我‘銘睿’可好","gender":1,"language":"zh_CN","city":"Guangzhou","province":"Guangdong","country":"China","avatarUrl":"https://wx.qlogo.cn/mmopen/vi_32/ZdHZ8vlDjCrn6x3YMx7sUicabLQoKj54A6eoicuxxL9KAKuXT4NoFA0RESlPLficA4gcUytKdf6UotlF1hCQLcO3Q/132"}',
)
14:30:14|order:array (
  'id' => 217,
  'order_sn' => '224062126821326701301',
  'trade_no' => '',
  'uid' => 13,
  'order_status' => 10,
  'shipping_status' => 0,
  'pay_status' => 0,
  'consignee' => '陈銘睿',
  'country' => 1,
  'province' => 440000,
  'city' => 440100,
  'district' => 440113,
  'address' => '广东省广州市番禺区长华创意谷20栋4',
  'mobile' => '13826123474',
  'postscript' => '暂无留言',
  'shipping_fee' => '0.00',
  'pay_name' => '微信支付',
  'pay_id' => 1,
  'actual_price' => '49999.90',
  'integral' => 0,
  'integral_money' => '0.00',
  'order_price' => '49999.90',
  'goods_price' => '49999.90',
  'add_time' => '2019-09-08 14:30:13',
  'confirm_time' => '1970-01-01 08:00:01',
  'pay_time' => 0,
  'freight_price' => 0,
  'coupon_id' => 0,
  'parent_id' => 0,
  'coupon_price' => '0.00',
  'callback_status' => 0,
  'shop_id' => 13,
  'created_at' => '2019-09-08 14:30:13',
  'updated_at' => '2019-09-08 14:30:13',
  'bargain_id' => 0,
  'refund_number' => '',
  'refund_desc' => '',
  'is_new' => 0,
)  result:array (
  'return_code' => 'SUCCESS',
  'return_msg' => 'OK',
  'appid' => 'wx6be14b9c1bbe7bc0',
  'mch_id' => '1543596541',
  'nonce_str' => 'VyAJi97vMLfXlf1m',
  'sign' => 'EB960342E311E8A96ABFABB97FC0BBE0',
  'result_code' => 'SUCCESS',
  'prepay_id' => 'wx081430147447354c9713ab011019708300',
  'trade_type' => 'JSAPI',
)
| GET:array (
  'order_id' => '217',
  'user_id' => '13',
  'code' => '023hhHQ91BtxnN1BDzO91DxpQ91hhHQu',
  'rawData' => '{"nickName":"叫我‘銘睿’可好","gender":1,"language":"zh_CN","city":"Guangzhou","province":"Guangdong","country":"China","avatarUrl":"https://wx.qlogo.cn/mmopen/vi_32/ZdHZ8vlDjCrn6x3YMx7sUicabLQoKj54A6eoicuxxL9KAKuXT4NoFA0RESlPLficA4gcUytKdf6UotlF1hCQLcO3Q/132"}',
)
