12:52:58|order:array (
  'id' => 351,
  'order_sn' => '274062437277522901301',
  'trade_no' => '',
  'uid' => 13,
  'order_status' => 10,
  'shipping_status' => 0,
  'pay_status' => 0,
  'consignee' => '陈銘睿',
  'country' => 1,
  'province' => 440000,
  'city' => 440100,
  'district' => 440113,
  'address' => '广东省广州市番禺区20栋4',
  'mobile' => '13826123474',
  'postscript' => '暂无留言',
  'shipping_fee' => '0.00',
  'pay_name' => '微信支付',
  'pay_id' => 1,
  'actual_price' => '0.10',
  'integral' => 0,
  'integral_money' => '0.00',
  'order_price' => '0.10',
  'goods_price' => '0.10',
  'add_time' => '2019-10-14 12:52:55',
  'confirm_time' => '1970-01-01 08:00:01',
  'pay_time' => 0,
  'freight_price' => 0,
  'coupon_id' => 0,
  'parent_id' => 0,
  'coupon_price' => '0.00',
  'callback_status' => 0,
  'shop_id' => 18,
  'created_at' => '2019-10-14 12:52:55',
  'updated_at' => '2019-10-14 12:52:55',
  'refund_number' => '',
  'refund_desc' => '',
  'bargain_id' => 0,
  'is_new' => 0,
  'group_id' => 52,
)  result:array (
  'return_code' => 'SUCCESS',
  'return_msg' => 'OK',
  'appid' => 'wx6be14b9c1bbe7bc0',
  'mch_id' => '1543596541',
  'nonce_str' => 'AErMq3SPOTfBAH0m',
  'sign' => 'F12213CFDC16246AD3CB2F9D81CFD651',
  'result_code' => 'SUCCESS',
  'prepay_id' => 'wx1412525880457339457b01f01825109200',
  'trade_type' => 'JSAPI',
)
| GET:array (
  'order_id' => '351',
  'user_id' => '13',
  'code' => '023xPd310QPl6I1Q7NZ000Hq310xPd3w',
  'rawData' => '{"nickName":"叫我‘銘睿’可好","gender":1,"language":"zh_CN","city":"Guangzhou","province":"Guangdong","country":"China","avatarUrl":"https://wx.qlogo.cn/mmopen/vi_32/ZdHZ8vlDjCrn6x3YMx7sUicabLQoKj54A6eoicuxxL9KAKuXT4NoFA0RESlPLficA4gcUytKdf6UotlF1hCQLcO3Q/132"}',
)
12:53:12|order:array (
  'id' => 351,
  'order_sn' => '274062437277522901301',
  'trade_no' => '4200000409201910144872199017',
  'uid' => 13,
  'order_status' => 22,
  'shipping_status' => 0,
  'pay_status' => 0,
  'consignee' => '陈銘睿',
  'country' => 1,
  'province' => 440000,
  'city' => 440100,
  'district' => 440113,
  'address' => '广东省广州市番禺区20栋4',
  'mobile' => '13826123474',
  'postscript' => '暂无留言',
  'shipping_fee' => '0.00',
  'pay_name' => '微信支付',
  'pay_id' => 1,
  'actual_price' => '0.10',
  'integral' => 0,
  'integral_money' => '0.00',
  'order_price' => '0.10',
  'goods_price' => '0.10',
  'add_time' => '2019-10-14 12:52:55',
  'confirm_time' => '1970-01-01 08:00:01',
  'pay_time' => 1571028785,
  'freight_price' => 0,
  'coupon_id' => 0,
  'parent_id' => 0,
  'coupon_price' => '0.00',
  'callback_status' => 0,
  'shop_id' => 18,
  'created_at' => '2019-10-14 12:52:55',
  'updated_at' => '2019-10-14 12:53:05',
  'refund_number' => '',
  'refund_desc' => '',
  'bargain_id' => 0,
  'is_new' => 1,
  'group_id' => 52,
)  result:array (
  'return_code' => 'SUCCESS',
  'return_msg' => 'OK',
  'appid' => 'wx6be14b9c1bbe7bc0',
  'mch_id' => '1543596541',
  'nonce_str' => 'takiVFMsG59M2s8p',
  'sign' => '08A4F98AA6D3CE795AB9C1CD2D50132B',
  'result_code' => 'FAIL',
  'err_code' => 'ORDERPAID',
  'err_code_des' => '该订单已支付',
)
| GET:array (
  'order_id' => '351',
  'user_id' => '13',
  'code' => '023xPd310QPl6I1Q7NZ000Hq310xPd3w',
  'rawData' => '{"nickName":"叫我‘銘睿’可好","gender":1,"language":"zh_CN","city":"Guangzhou","province":"Guangdong","country":"China","avatarUrl":"https://wx.qlogo.cn/mmopen/vi_32/ZdHZ8vlDjCrn6x3YMx7sUicabLQoKj54A6eoicuxxL9KAKuXT4NoFA0RESlPLficA4gcUytKdf6UotlF1hCQLcO3Q/132"}',
)
12:53:12|json_preparearray (
  'return_code' => 'SUCCESS',
  'return_msg' => 'OK',
  'appid' => 'wx6be14b9c1bbe7bc0',
  'mch_id' => '1543596541',
  'nonce_str' => 'takiVFMsG59M2s8p',
  'sign' => '08A4F98AA6D3CE795AB9C1CD2D50132B',
  'result_code' => 'FAIL',
  'err_code' => 'ORDERPAID',
  'err_code_des' => '该订单已支付',
)
| GET:array (
  'order_id' => '351',
  'user_id' => '13',
  'code' => '023xPd310QPl6I1Q7NZ000Hq310xPd3w',
  'rawData' => '{"nickName":"叫我‘銘睿’可好","gender":1,"language":"zh_CN","city":"Guangzhou","province":"Guangdong","country":"China","avatarUrl":"https://wx.qlogo.cn/mmopen/vi_32/ZdHZ8vlDjCrn6x3YMx7sUicabLQoKj54A6eoicuxxL9KAKuXT4NoFA0RESlPLficA4gcUytKdf6UotlF1hCQLcO3Q/132"}',
)
19:38:42|order:array (
  'id' => 351,
  'order_sn' => '274062437277522901301',
  'trade_no' => '4200000409201910144872199017',
  'uid' => 13,
  'order_status' => 22,
  'shipping_status' => 0,
  'pay_status' => 0,
  'consignee' => '陈銘睿',
  'country' => 1,
  'province' => 440000,
  'city' => 440100,
  'district' => 440113,
  'address' => '广东省广州市番禺区20栋4',
  'mobile' => '13826123474',
  'postscript' => '暂无留言',
  'shipping_fee' => '0.00',
  'pay_name' => '微信支付',
  'pay_id' => 1,
  'actual_price' => '0.10',
  'integral' => 0,
  'integral_money' => '0.00',
  'order_price' => '0.10',
  'goods_price' => '0.10',
  'add_time' => '2019-10-14 12:52:55',
  'confirm_time' => '1970-01-01 08:00:01',
  'pay_time' => 1571028785,
  'freight_price' => 0,
  'coupon_id' => 0,
  'parent_id' => 0,
  'coupon_price' => '0.00',
  'callback_status' => 0,
  'shop_id' => 18,
  'created_at' => '2019-10-14 12:52:55',
  'updated_at' => '2019-10-14 12:53:05',
  'refund_number' => '',
  'refund_desc' => '',
  'bargain_id' => 0,
  'is_new' => 1,
  'group_id' => 52,
)  result:array (
  'return_code' => 'SUCCESS',
  'return_msg' => 'OK',
  'appid' => 'wx6be14b9c1bbe7bc0',
  'mch_id' => '1543596541',
  'nonce_str' => 'gWIvF71GorahIoiP',
  'sign' => 'EC1F323FDA0F68247C42A46C81CC7B5E',
  'result_code' => 'FAIL',
  'err_code' => 'ORDERPAID',
  'err_code_des' => '该订单已支付',
)
| GET:array (
  'order_id' => '351',
  'user_id' => '13',
  'code' => '023xPd310QPl6I1Q7NZ000Hq310xPd3w',
  'rawData' => '{"nickName":"叫我‘銘睿’可好","gender":1,"language":"zh_CN","city":"Guangzhou","province":"Guangdong","country":"China","avatarUrl":"https://wx.qlogo.cn/mmopen/vi_32/ZdHZ8vlDjCrn6x3YMx7sUicabLQoKj54A6eoicuxxL9KAKuXT4NoFA0RESlPLficA4gcUytKdf6UotlF1hCQLcO3Q/132"}',
)
19:38:42|json_preparearray (
  'return_code' => 'SUCCESS',
  'return_msg' => 'OK',
  'appid' => 'wx6be14b9c1bbe7bc0',
  'mch_id' => '1543596541',
  'nonce_str' => 'gWIvF71GorahIoiP',
  'sign' => 'EC1F323FDA0F68247C42A46C81CC7B5E',
  'result_code' => 'FAIL',
  'err_code' => 'ORDERPAID',
  'err_code_des' => '该订单已支付',
)
| GET:array (
  'order_id' => '351',
  'user_id' => '13',
  'code' => '023xPd310QPl6I1Q7NZ000Hq310xPd3w',
  'rawData' => '{"nickName":"叫我‘銘睿’可好","gender":1,"language":"zh_CN","city":"Guangzhou","province":"Guangdong","country":"China","avatarUrl":"https://wx.qlogo.cn/mmopen/vi_32/ZdHZ8vlDjCrn6x3YMx7sUicabLQoKj54A6eoicuxxL9KAKuXT4NoFA0RESlPLficA4gcUytKdf6UotlF1hCQLcO3Q/132"}',
)
19:38:44|order:array (
  'id' => 351,
  'order_sn' => '274062437277522901301',
  'trade_no' => '4200000409201910144872199017',
  'uid' => 13,
  'order_status' => 22,
  'shipping_status' => 0,
  'pay_status' => 0,
  'consignee' => '陈銘睿',
  'country' => 1,
  'province' => 440000,
  'city' => 440100,
  'district' => 440113,
  'address' => '广东省广州市番禺区20栋4',
  'mobile' => '13826123474',
  'postscript' => '暂无留言',
  'shipping_fee' => '0.00',
  'pay_name' => '微信支付',
  'pay_id' => 1,
  'actual_price' => '0.10',
  'integral' => 0,
  'integral_money' => '0.00',
  'order_price' => '0.10',
  'goods_price' => '0.10',
  'add_time' => '2019-10-14 12:52:55',
  'confirm_time' => '1970-01-01 08:00:01',
  'pay_time' => 1571028785,
  'freight_price' => 0,
  'coupon_id' => 0,
  'parent_id' => 0,
  'coupon_price' => '0.00',
  'callback_status' => 0,
  'shop_id' => 18,
  'created_at' => '2019-10-14 12:52:55',
  'updated_at' => '2019-10-14 12:53:05',
  'refund_number' => '',
  'refund_desc' => '',
  'bargain_id' => 0,
  'is_new' => 1,
  'group_id' => 52,
)  result:array (
  'return_code' => 'SUCCESS',
  'return_msg' => 'OK',
  'appid' => 'wx6be14b9c1bbe7bc0',
  'mch_id' => '1543596541',
  'nonce_str' => '8nQVxGskzuTZONUb',
  'sign' => '0A614713DCFC01862FDD4C0FA57D0E6B',
  'result_code' => 'FAIL',
  'err_code' => 'ORDERPAID',
  'err_code_des' => '该订单已支付',
)
| GET:array (
  'order_id' => '351',
  'user_id' => '13',
  'code' => '023xPd310QPl6I1Q7NZ000Hq310xPd3w',
  'rawData' => '{"nickName":"叫我‘銘睿’可好","gender":1,"language":"zh_CN","city":"Guangzhou","province":"Guangdong","country":"China","avatarUrl":"https://wx.qlogo.cn/mmopen/vi_32/ZdHZ8vlDjCrn6x3YMx7sUicabLQoKj54A6eoicuxxL9KAKuXT4NoFA0RESlPLficA4gcUytKdf6UotlF1hCQLcO3Q/132"}',
)
19:38:44|json_preparearray (
  'return_code' => 'SUCCESS',
  'return_msg' => 'OK',
  'appid' => 'wx6be14b9c1bbe7bc0',
  'mch_id' => '1543596541',
  'nonce_str' => '8nQVxGskzuTZONUb',
  'sign' => '0A614713DCFC01862FDD4C0FA57D0E6B',
  'result_code' => 'FAIL',
  'err_code' => 'ORDERPAID',
  'err_code_des' => '该订单已支付',
)
| GET:array (
  'order_id' => '351',
  'user_id' => '13',
  'code' => '023xPd310QPl6I1Q7NZ000Hq310xPd3w',
  'rawData' => '{"nickName":"叫我‘銘睿’可好","gender":1,"language":"zh_CN","city":"Guangzhou","province":"Guangdong","country":"China","avatarUrl":"https://wx.qlogo.cn/mmopen/vi_32/ZdHZ8vlDjCrn6x3YMx7sUicabLQoKj54A6eoicuxxL9KAKuXT4NoFA0RESlPLficA4gcUytKdf6UotlF1hCQLcO3Q/132"}',
)
19:43:24|order:array (
  'id' => 351,
  'order_sn' => '274062437277522901301',
  'trade_no' => '4200000409201910144872199017',
  'uid' => 13,
  'order_status' => 22,
  'shipping_status' => 0,
  'pay_status' => 0,
  'consignee' => '陈銘睿',
  'country' => 1,
  'province' => 440000,
  'city' => 440100,
  'district' => 440113,
  'address' => '广东省广州市番禺区20栋4',
  'mobile' => '13826123474',
  'postscript' => '暂无留言',
  'shipping_fee' => '0.00',
  'pay_name' => '微信支付',
  'pay_id' => 1,
  'actual_price' => '0.10',
  'integral' => 0,
  'integral_money' => '0.00',
  'order_price' => '0.10',
  'goods_price' => '0.10',
  'add_time' => '2019-10-14 12:52:55',
  'confirm_time' => '1970-01-01 08:00:01',
  'pay_time' => 1571028785,
  'freight_price' => 0,
  'coupon_id' => 0,
  'parent_id' => 0,
  'coupon_price' => '0.00',
  'callback_status' => 0,
  'shop_id' => 18,
  'created_at' => '2019-10-14 12:52:55',
  'updated_at' => '2019-10-14 12:53:05',
  'refund_number' => '',
  'refund_desc' => '',
  'bargain_id' => 0,
  'is_new' => 1,
  'group_id' => 52,
)  result:array (
  'return_code' => 'SUCCESS',
  'return_msg' => 'OK',
  'appid' => 'wx6be14b9c1bbe7bc0',
  'mch_id' => '1543596541',
  'nonce_str' => 'VeErXBIt1fTrYppR',
  'sign' => 'D0DCE8E95441E8E65DB75D05FD90CDD1',
  'result_code' => 'FAIL',
  'err_code' => 'ORDERPAID',
  'err_code_des' => '该订单已支付',
)
| GET:array (
  'order_id' => '351',
  'user_id' => '13',
  'code' => '023xPd310QPl6I1Q7NZ000Hq310xPd3w',
  'rawData' => '{"nickName":"叫我‘銘睿’可好","gender":1,"language":"zh_CN","city":"Guangzhou","province":"Guangdong","country":"China","avatarUrl":"https://wx.qlogo.cn/mmopen/vi_32/ZdHZ8vlDjCrn6x3YMx7sUicabLQoKj54A6eoicuxxL9KAKuXT4NoFA0RESlPLficA4gcUytKdf6UotlF1hCQLcO3Q/132"}',
)
19:43:24|json_preparearray (
  'return_code' => 'SUCCESS',
  'return_msg' => 'OK',
  'appid' => 'wx6be14b9c1bbe7bc0',
  'mch_id' => '1543596541',
  'nonce_str' => 'VeErXBIt1fTrYppR',
  'sign' => 'D0DCE8E95441E8E65DB75D05FD90CDD1',
  'result_code' => 'FAIL',
  'err_code' => 'ORDERPAID',
  'err_code_des' => '该订单已支付',
)
| GET:array (
  'order_id' => '351',
  'user_id' => '13',
  'code' => '023xPd310QPl6I1Q7NZ000Hq310xPd3w',
  'rawData' => '{"nickName":"叫我‘銘睿’可好","gender":1,"language":"zh_CN","city":"Guangzhou","province":"Guangdong","country":"China","avatarUrl":"https://wx.qlogo.cn/mmopen/vi_32/ZdHZ8vlDjCrn6x3YMx7sUicabLQoKj54A6eoicuxxL9KAKuXT4NoFA0RESlPLficA4gcUytKdf6UotlF1hCQLcO3Q/132"}',
)
19:43:35|order:array (
  'id' => 353,
  'order_sn' => '267062439741330101301',
  'trade_no' => '',
  'uid' => 13,
  'order_status' => 10,
  'shipping_status' => 0,
  'pay_status' => 0,
  'consignee' => '陈銘睿',
  'country' => 1,
  'province' => 440000,
  'city' => 440100,
  'district' => 440113,
  'address' => '广东省广州市番禺区20栋4',
  'mobile' => '13826123474',
  'postscript' => '暂无留言',
  'shipping_fee' => '0.00',
  'pay_name' => '微信支付',
  'pay_id' => 1,
  'actual_price' => '0.10',
  'integral' => 0,
  'integral_money' => '0.00',
  'order_price' => '0.10',
  'goods_price' => '0.10',
  'add_time' => '2019-10-14 19:43:33',
  'confirm_time' => '1970-01-01 08:00:01',
  'pay_time' => 0,
  'freight_price' => 0,
  'coupon_id' => 0,
  'parent_id' => 0,
  'coupon_price' => '0.00',
  'callback_status' => 0,
  'shop_id' => 18,
  'created_at' => '2019-10-14 19:43:33',
  'updated_at' => '2019-10-14 19:43:33',
  'refund_number' => '',
  'refund_desc' => '',
  'bargain_id' => 0,
  'is_new' => 0,
  'group_id' => 51,
)  result:array (
  'return_code' => 'SUCCESS',
  'return_msg' => 'OK',
  'appid' => 'wx6be14b9c1bbe7bc0',
  'mch_id' => '1543596541',
  'nonce_str' => '5bV8Hb7jbQixGJEh',
  'sign' => '4FD3F6B8FE22CADC0CA6DAD90B5A757C',
  'result_code' => 'SUCCESS',
  'prepay_id' => 'wx14194335481685115c875f641241946200',
  'trade_type' => 'JSAPI',
)
| GET:array (
  'order_id' => '353',
  'user_id' => '13',
  'code' => '023xPd310QPl6I1Q7NZ000Hq310xPd3w',
  'rawData' => '{"nickName":"叫我‘銘睿’可好","gender":1,"language":"zh_CN","city":"Guangzhou","province":"Guangdong","country":"China","avatarUrl":"https://wx.qlogo.cn/mmopen/vi_32/ZdHZ8vlDjCrn6x3YMx7sUicabLQoKj54A6eoicuxxL9KAKuXT4NoFA0RESlPLficA4gcUytKdf6UotlF1hCQLcO3Q/132"}',
)
19:43:54|order:array (
  'id' => 353,
  'order_sn' => '267062439741330101301',
  'trade_no' => '4200000412201910144584559206',
  'uid' => 13,
  'order_status' => 22,
  'shipping_status' => 0,
  'pay_status' => 0,
  'consignee' => '陈銘睿',
  'country' => 1,
  'province' => 440000,
  'city' => 440100,
  'district' => 440113,
  'address' => '广东省广州市番禺区20栋4',
  'mobile' => '13826123474',
  'postscript' => '暂无留言',
  'shipping_fee' => '0.00',
  'pay_name' => '微信支付',
  'pay_id' => 1,
  'actual_price' => '0.10',
  'integral' => 0,
  'integral_money' => '0.00',
  'order_price' => '0.10',
  'goods_price' => '0.10',
  'add_time' => '2019-10-14 19:43:33',
  'confirm_time' => '1970-01-01 08:00:01',
  'pay_time' => 1571053430,
  'freight_price' => 0,
  'coupon_id' => 0,
  'parent_id' => 0,
  'coupon_price' => '0.00',
  'callback_status' => 0,
  'shop_id' => 18,
  'created_at' => '2019-10-14 19:43:33',
  'updated_at' => '2019-10-14 19:43:50',
  'refund_number' => '',
  'refund_desc' => '',
  'bargain_id' => 0,
  'is_new' => 1,
  'group_id' => 51,
)  result:array (
  'return_code' => 'SUCCESS',
  'return_msg' => 'OK',
  'appid' => 'wx6be14b9c1bbe7bc0',
  'mch_id' => '1543596541',
  'nonce_str' => 'CwLYVxmWII8eKt6V',
  'sign' => '56412FF04860B5B6B84D2FB859BC6620',
  'result_code' => 'FAIL',
  'err_code' => 'ORDERPAID',
  'err_code_des' => '该订单已支付',
)
| GET:array (
  'order_id' => '353',
  'user_id' => '13',
  'code' => '023xPd310QPl6I1Q7NZ000Hq310xPd3w',
  'rawData' => '{"nickName":"叫我‘銘睿’可好","gender":1,"language":"zh_CN","city":"Guangzhou","province":"Guangdong","country":"China","avatarUrl":"https://wx.qlogo.cn/mmopen/vi_32/ZdHZ8vlDjCrn6x3YMx7sUicabLQoKj54A6eoicuxxL9KAKuXT4NoFA0RESlPLficA4gcUytKdf6UotlF1hCQLcO3Q/132"}',
)
19:43:54|json_preparearray (
  'return_code' => 'SUCCESS',
  'return_msg' => 'OK',
  'appid' => 'wx6be14b9c1bbe7bc0',
  'mch_id' => '1543596541',
  'nonce_str' => 'CwLYVxmWII8eKt6V',
  'sign' => '56412FF04860B5B6B84D2FB859BC6620',
  'result_code' => 'FAIL',
  'err_code' => 'ORDERPAID',
  'err_code_des' => '该订单已支付',
)
| GET:array (
  'order_id' => '353',
  'user_id' => '13',
  'code' => '023xPd310QPl6I1Q7NZ000Hq310xPd3w',
  'rawData' => '{"nickName":"叫我‘銘睿’可好","gender":1,"language":"zh_CN","city":"Guangzhou","province":"Guangdong","country":"China","avatarUrl":"https://wx.qlogo.cn/mmopen/vi_32/ZdHZ8vlDjCrn6x3YMx7sUicabLQoKj54A6eoicuxxL9KAKuXT4NoFA0RESlPLficA4gcUytKdf6UotlF1hCQLcO3Q/132"}',
)
19:47:20|order:array (
  'id' => 354,
  'order_sn' => '265062439763480504101',
  'trade_no' => '',
  'uid' => 41,
  'order_status' => 10,
  'shipping_status' => 0,
  'pay_status' => 0,
  'consignee' => 'myt',
  'country' => 1,
  'province' => 440000,
  'city' => 440100,
  'district' => 440113,
  'address' => '广东省广州市番禺区qqq',
  'mobile' => '15504055776',
  'postscript' => '暂无留言',
  'shipping_fee' => '0.00',
  'pay_name' => '微信支付',
  'pay_id' => 1,
  'actual_price' => '0.10',
  'integral' => 0,
  'integral_money' => '0.00',
  'order_price' => '0.10',
  'goods_price' => '0.10',
  'add_time' => '2019-10-14 19:47:14',
  'confirm_time' => '1970-01-01 08:00:01',
  'pay_time' => 0,
  'freight_price' => 0,
  'coupon_id' => 0,
  'parent_id' => 0,
  'coupon_price' => '0.00',
  'callback_status' => 0,
  'shop_id' => 18,
  'created_at' => '2019-10-14 19:47:14',
  'updated_at' => '2019-10-14 19:47:14',
  'refund_number' => '',
  'refund_desc' => '',
  'bargain_id' => 0,
  'is_new' => 0,
  'group_id' => 52,
)  result:array (
  'return_code' => 'SUCCESS',
  'return_msg' => 'OK',
  'appid' => 'wx6be14b9c1bbe7bc0',
  'mch_id' => '1543596541',
  'nonce_str' => '7OZyUD7kZrXkWMOt',
  'sign' => 'CE7220E003F4C29D20E2468B5BB03EB9',
  'result_code' => 'SUCCESS',
  'prepay_id' => 'wx14194720847971ad87ed779e1291031800',
  'trade_type' => 'JSAPI',
)
| GET:array (
  'order_id' => '354',
  'user_id' => '41',
  'code' => '001qDzWK0ZE3M72U4mXK0XmGWK0qDzWj',
  'rawData' => '{"nickName":"v1","gender":0,"language":"zh_CN","city":"Guangzhou","province":"Guangdong","country":"China","avatarUrl":"https://wx.qlogo.cn/mmopen/vi_32/Q0j4TwGTfTLia2EwyyEVs3s1IoAHIn5XLmwRQGkGQ78N2gfEH49KQES6h1fno9v8yPT1827xcD8uno0IwKQTIew/132"}',
)
19:47:38|order:array (
  'id' => 354,
  'order_sn' => '265062439763480504101',
  'trade_no' => '4200000404201910140434182218',
  'uid' => 41,
  'order_status' => 22,
  'shipping_status' => 0,
  'pay_status' => 0,
  'consignee' => 'myt',
  'country' => 1,
  'province' => 440000,
  'city' => 440100,
  'district' => 440113,
  'address' => '广东省广州市番禺区qqq',
  'mobile' => '15504055776',
  'postscript' => '暂无留言',
  'shipping_fee' => '0.00',
  'pay_name' => '微信支付',
  'pay_id' => 1,
  'actual_price' => '0.10',
  'integral' => 0,
  'integral_money' => '0.00',
  'order_price' => '0.10',
  'goods_price' => '0.10',
  'add_time' => '2019-10-14 19:47:14',
  'confirm_time' => '1970-01-01 08:00:01',
  'pay_time' => 1571053646,
  'freight_price' => 0,
  'coupon_id' => 0,
  'parent_id' => 0,
  'coupon_price' => '0.00',
  'callback_status' => 0,
  'shop_id' => 18,
  'created_at' => '2019-10-14 19:47:14',
  'updated_at' => '2019-10-14 19:47:26',
  'refund_number' => '',
  'refund_desc' => '',
  'bargain_id' => 0,
  'is_new' => 1,
  'group_id' => 52,
)  result:array (
  'return_code' => 'SUCCESS',
  'return_msg' => 'OK',
  'appid' => 'wx6be14b9c1bbe7bc0',
  'mch_id' => '1543596541',
  'nonce_str' => 'rnAON9NRLRFLmwKA',
  'sign' => 'C9B358AFC934F309266CAB0E306E6CFC',
  'result_code' => 'FAIL',
  'err_code' => 'ORDERPAID',
  'err_code_des' => '该订单已支付',
)
| GET:array (
  'order_id' => '354',
  'user_id' => '41',
  'code' => '001qDzWK0ZE3M72U4mXK0XmGWK0qDzWj',
  'rawData' => '{"nickName":"v1","gender":0,"language":"zh_CN","city":"Guangzhou","province":"Guangdong","country":"China","avatarUrl":"https://wx.qlogo.cn/mmopen/vi_32/Q0j4TwGTfTLia2EwyyEVs3s1IoAHIn5XLmwRQGkGQ78N2gfEH49KQES6h1fno9v8yPT1827xcD8uno0IwKQTIew/132"}',
)
19:47:38|json_preparearray (
  'return_code' => 'SUCCESS',
  'return_msg' => 'OK',
  'appid' => 'wx6be14b9c1bbe7bc0',
  'mch_id' => '1543596541',
  'nonce_str' => 'rnAON9NRLRFLmwKA',
  'sign' => 'C9B358AFC934F309266CAB0E306E6CFC',
  'result_code' => 'FAIL',
  'err_code' => 'ORDERPAID',
  'err_code_des' => '该订单已支付',
)
| GET:array (
  'order_id' => '354',
  'user_id' => '41',
  'code' => '001qDzWK0ZE3M72U4mXK0XmGWK0qDzWj',
  'rawData' => '{"nickName":"v1","gender":0,"language":"zh_CN","city":"Guangzhou","province":"Guangdong","country":"China","avatarUrl":"https://wx.qlogo.cn/mmopen/vi_32/Q0j4TwGTfTLia2EwyyEVs3s1IoAHIn5XLmwRQGkGQ78N2gfEH49KQES6h1fno9v8yPT1827xcD8uno0IwKQTIew/132"}',
)
19:51:27|order:array (
  'id' => 353,
  'order_sn' => '267062439741330101301',
  'trade_no' => '4200000412201910144584559206',
  'uid' => 13,
  'order_status' => 22,
  'shipping_status' => 0,
  'pay_status' => 0,
  'consignee' => '陈銘睿',
  'country' => 1,
  'province' => 440000,
  'city' => 440100,
  'district' => 440113,
  'address' => '广东省广州市番禺区20栋4',
  'mobile' => '13826123474',
  'postscript' => '暂无留言',
  'shipping_fee' => '0.00',
  'pay_name' => '微信支付',
  'pay_id' => 1,
  'actual_price' => '0.10',
  'integral' => 0,
  'integral_money' => '0.00',
  'order_price' => '0.10',
  'goods_price' => '0.10',
  'add_time' => '2019-10-14 19:43:33',
  'confirm_time' => '1970-01-01 08:00:01',
  'pay_time' => 1571053430,
  'freight_price' => 0,
  'coupon_id' => 0,
  'parent_id' => 0,
  'coupon_price' => '0.00',
  'callback_status' => 0,
  'shop_id' => 18,
  'created_at' => '2019-10-14 19:43:33',
  'updated_at' => '2019-10-14 19:43:50',
  'refund_number' => '',
  'refund_desc' => '',
  'bargain_id' => 0,
  'is_new' => 1,
  'group_id' => 51,
)  result:array (
  'return_code' => 'SUCCESS',
  'return_msg' => 'OK',
  'appid' => 'wx6be14b9c1bbe7bc0',
  'mch_id' => '1543596541',
  'nonce_str' => 'rQp6wbt1R5QLhLAZ',
  'sign' => '9154DB0073B99AA04F95F835E191C7E7',
  'result_code' => 'FAIL',
  'err_code' => 'ORDERPAID',
  'err_code_des' => '该订单已支付',
)
| GET:array (
  'order_id' => '353',
  'user_id' => '13',
  'code' => '023xPd310QPl6I1Q7NZ000Hq310xPd3w',
  'rawData' => '{"nickName":"叫我‘銘睿’可好","gender":1,"language":"zh_CN","city":"Guangzhou","province":"Guangdong","country":"China","avatarUrl":"https://wx.qlogo.cn/mmopen/vi_32/ZdHZ8vlDjCrn6x3YMx7sUicabLQoKj54A6eoicuxxL9KAKuXT4NoFA0RESlPLficA4gcUytKdf6UotlF1hCQLcO3Q/132"}',
)
19:51:27|json_preparearray (
  'return_code' => 'SUCCESS',
  'return_msg' => 'OK',
  'appid' => 'wx6be14b9c1bbe7bc0',
  'mch_id' => '1543596541',
  'nonce_str' => 'rQp6wbt1R5QLhLAZ',
  'sign' => '9154DB0073B99AA04F95F835E191C7E7',
  'result_code' => 'FAIL',
  'err_code' => 'ORDERPAID',
  'err_code_des' => '该订单已支付',
)
| GET:array (
  'order_id' => '353',
  'user_id' => '13',
  'code' => '023xPd310QPl6I1Q7NZ000Hq310xPd3w',
  'rawData' => '{"nickName":"叫我‘銘睿’可好","gender":1,"language":"zh_CN","city":"Guangzhou","province":"Guangdong","country":"China","avatarUrl":"https://wx.qlogo.cn/mmopen/vi_32/ZdHZ8vlDjCrn6x3YMx7sUicabLQoKj54A6eoicuxxL9KAKuXT4NoFA0RESlPLficA4gcUytKdf6UotlF1hCQLcO3Q/132"}',
)
19:55:57|order:array (
  'id' => 355,
  'order_sn' => '282062439814694404101',
  'trade_no' => '',
  'uid' => 41,
  'order_status' => 10,
  'shipping_status' => 0,
  'pay_status' => 0,
  'consignee' => 'myt',
  'country' => 1,
  'province' => 440000,
  'city' => 440100,
  'district' => 440113,
  'address' => '广东省广州市番禺区qqq',
  'mobile' => '15504055776',
  'postscript' => '暂无留言',
  'shipping_fee' => '0.00',
  'pay_name' => '微信支付',
  'pay_id' => 1,
  'actual_price' => '0.10',
  'integral' => 0,
  'integral_money' => '0.00',
  'order_price' => '0.10',
  'goods_price' => '0.10',
  'add_time' => '2019-10-14 19:55:46',
  'confirm_time' => '1970-01-01 08:00:01',
  'pay_time' => 0,
  'freight_price' => 0,
  'coupon_id' => 0,
  'parent_id' => 0,
  'coupon_price' => '0.00',
  'callback_status' => 0,
  'shop_id' => 18,
  'created_at' => '2019-10-14 19:55:46',
  'updated_at' => '2019-10-14 19:55:46',
  'refund_number' => '',
  'refund_desc' => '',
  'bargain_id' => 0,
  'is_new' => 0,
  'group_id' => 51,
)  result:array (
  'return_code' => 'SUCCESS',
  'return_msg' => 'OK',
  'appid' => 'wx6be14b9c1bbe7bc0',
  'mch_id' => '1543596541',
  'nonce_str' => 'NUfYtOgxZ3eYz7Sw',
  'sign' => 'BC0F619BEB1FE956CC308F648D6F6C6D',
  'result_code' => 'SUCCESS',
  'prepay_id' => 'wx141955572437366aeb8324321449842600',
  'trade_type' => 'JSAPI',
)
| GET:array (
  'order_id' => '355',
  'user_id' => '41',
  'code' => '001qDzWK0ZE3M72U4mXK0XmGWK0qDzWj',
  'rawData' => '{"nickName":"v1","gender":0,"language":"zh_CN","city":"Guangzhou","province":"Guangdong","country":"China","avatarUrl":"https://wx.qlogo.cn/mmopen/vi_32/Q0j4TwGTfTLia2EwyyEVs3s1IoAHIn5XLmwRQGkGQ78N2gfEH49KQES6h1fno9v8yPT1827xcD8uno0IwKQTIew/132"}',
)
19:56:12|order:array (
  'id' => 355,
  'order_sn' => '282062439814694404101',
  'trade_no' => '',
  'uid' => 41,
  'order_status' => 10,
  'shipping_status' => 0,
  'pay_status' => 0,
  'consignee' => 'myt',
  'country' => 1,
  'province' => 440000,
  'city' => 440100,
  'district' => 440113,
  'address' => '广东省广州市番禺区qqq',
  'mobile' => '15504055776',
  'postscript' => '暂无留言',
  'shipping_fee' => '0.00',
  'pay_name' => '微信支付',
  'pay_id' => 1,
  'actual_price' => '0.10',
  'integral' => 0,
  'integral_money' => '0.00',
  'order_price' => '0.10',
  'goods_price' => '0.10',
  'add_time' => '2019-10-14 19:55:46',
  'confirm_time' => '1970-01-01 08:00:01',
  'pay_time' => 0,
  'freight_price' => 0,
  'coupon_id' => 0,
  'parent_id' => 0,
  'coupon_price' => '0.00',
  'callback_status' => 0,
  'shop_id' => 18,
  'created_at' => '2019-10-14 19:55:46',
  'updated_at' => '2019-10-14 19:55:46',
  'refund_number' => '',
  'refund_desc' => '',
  'bargain_id' => 0,
  'is_new' => 0,
  'group_id' => 51,
)  result:array (
  'return_code' => 'SUCCESS',
  'return_msg' => 'OK',
  'appid' => 'wx6be14b9c1bbe7bc0',
  'mch_id' => '1543596541',
  'nonce_str' => 'j5M3DZZbSUMhgGeS',
  'sign' => '551CFFD764AE858177672DCA2CD9741E',
  'result_code' => 'SUCCESS',
  'prepay_id' => 'wx141956125123826aeb8324321155518900',
  'trade_type' => 'JSAPI',
)
| GET:array (
  'order_id' => '355',
  'user_id' => '41',
  'code' => '001qDzWK0ZE3M72U4mXK0XmGWK0qDzWj',
  'rawData' => '{"nickName":"v1","gender":0,"language":"zh_CN","city":"Guangzhou","province":"Guangdong","country":"China","avatarUrl":"https://wx.qlogo.cn/mmopen/vi_32/Q0j4TwGTfTLia2EwyyEVs3s1IoAHIn5XLmwRQGkGQ78N2gfEH49KQES6h1fno9v8yPT1827xcD8uno0IwKQTIew/132"}',
)
19:56:26|order:array (
  'id' => 355,
  'order_sn' => '282062439814694404101',
  'trade_no' => '',
  'uid' => 41,
  'order_status' => 10,
  'shipping_status' => 0,
  'pay_status' => 0,
  'consignee' => 'myt',
  'country' => 1,
  'province' => 440000,
  'city' => 440100,
  'district' => 440113,
  'address' => '广东省广州市番禺区qqq',
  'mobile' => '15504055776',
  'postscript' => '暂无留言',
  'shipping_fee' => '0.00',
  'pay_name' => '微信支付',
  'pay_id' => 1,
  'actual_price' => '0.10',
  'integral' => 0,
  'integral_money' => '0.00',
  'order_price' => '0.10',
  'goods_price' => '0.10',
  'add_time' => '2019-10-14 19:55:46',
  'confirm_time' => '1970-01-01 08:00:01',
  'pay_time' => 0,
  'freight_price' => 0,
  'coupon_id' => 0,
  'parent_id' => 0,
  'coupon_price' => '0.00',
  'callback_status' => 0,
  'shop_id' => 18,
  'created_at' => '2019-10-14 19:55:46',
  'updated_at' => '2019-10-14 19:55:46',
  'refund_number' => '',
  'refund_desc' => '',
  'bargain_id' => 0,
  'is_new' => 0,
  'group_id' => 51,
)  result:array (
  'return_code' => 'SUCCESS',
  'return_msg' => 'OK',
  'appid' => 'wx6be14b9c1bbe7bc0',
  'mch_id' => '1543596541',
  'nonce_str' => 'tCawlZqSXeQnFyuL',
  'sign' => 'A8653762824ED39F2C69DEC3D96A8A90',
  'result_code' => 'SUCCESS',
  'prepay_id' => 'wx141956267826636aeb8324321618161400',
  'trade_type' => 'JSAPI',
)
| GET:array (
  'order_id' => '355',
  'user_id' => '41',
  'code' => '001qDzWK0ZE3M72U4mXK0XmGWK0qDzWj',
  'rawData' => '{"nickName":"v1","gender":0,"language":"zh_CN","city":"Guangzhou","province":"Guangdong","country":"China","avatarUrl":"https://wx.qlogo.cn/mmopen/vi_32/Q0j4TwGTfTLia2EwyyEVs3s1IoAHIn5XLmwRQGkGQ78N2gfEH49KQES6h1fno9v8yPT1827xcD8uno0IwKQTIew/132"}',
)
19:56:48|order:array (
  'id' => 355,
  'order_sn' => '282062439814694404101',
  'trade_no' => '',
  'uid' => 41,
  'order_status' => 10,
  'shipping_status' => 0,
  'pay_status' => 0,
  'consignee' => 'myt',
  'country' => 1,
  'province' => 440000,
  'city' => 440100,
  'district' => 440113,
  'address' => '广东省广州市番禺区qqq',
  'mobile' => '15504055776',
  'postscript' => '暂无留言',
  'shipping_fee' => '0.00',
  'pay_name' => '微信支付',
  'pay_id' => 1,
  'actual_price' => '0.10',
  'integral' => 0,
  'integral_money' => '0.00',
  'order_price' => '0.10',
  'goods_price' => '0.10',
  'add_time' => '2019-10-14 19:55:46',
  'confirm_time' => '1970-01-01 08:00:01',
  'pay_time' => 0,
  'freight_price' => 0,
  'coupon_id' => 0,
  'parent_id' => 0,
  'coupon_price' => '0.00',
  'callback_status' => 0,
  'shop_id' => 18,
  'created_at' => '2019-10-14 19:55:46',
  'updated_at' => '2019-10-14 19:55:46',
  'refund_number' => '',
  'refund_desc' => '',
  'bargain_id' => 0,
  'is_new' => 0,
  'group_id' => 51,
)  result:array (
  'return_code' => 'SUCCESS',
  'return_msg' => 'OK',
  'appid' => 'wx6be14b9c1bbe7bc0',
  'mch_id' => '1543596541',
  'nonce_str' => 'ngudpvAngYsMLFS0',
  'sign' => '3870C688712F1E171DBFD40168666358',
  'result_code' => 'SUCCESS',
  'prepay_id' => 'wx141956486141186aeb8324321789254100',
  'trade_type' => 'JSAPI',
)
| GET:array (
  'order_id' => '355',
  'user_id' => '41',
  'code' => '001qDzWK0ZE3M72U4mXK0XmGWK0qDzWj',
  'rawData' => '{"nickName":"v1","gender":0,"language":"zh_CN","city":"Guangzhou","province":"Guangdong","country":"China","avatarUrl":"https://wx.qlogo.cn/mmopen/vi_32/Q0j4TwGTfTLia2EwyyEVs3s1IoAHIn5XLmwRQGkGQ78N2gfEH49KQES6h1fno9v8yPT1827xcD8uno0IwKQTIew/132"}',
)
19:57:13|order:array (
  'id' => 354,
  'order_sn' => '265062439763480504101',
  'trade_no' => '4200000404201910140434182218',
  'uid' => 41,
  'order_status' => 22,
  'shipping_status' => 0,
  'pay_status' => 0,
  'consignee' => 'myt',
  'country' => 1,
  'province' => 440000,
  'city' => 440100,
  'district' => 440113,
  'address' => '广东省广州市番禺区qqq',
  'mobile' => '15504055776',
  'postscript' => '暂无留言',
  'shipping_fee' => '0.00',
  'pay_name' => '微信支付',
  'pay_id' => 1,
  'actual_price' => '0.10',
  'integral' => 0,
  'integral_money' => '0.00',
  'order_price' => '0.10',
  'goods_price' => '0.10',
  'add_time' => '2019-10-14 19:47:14',
  'confirm_time' => '1970-01-01 08:00:01',
  'pay_time' => 1571053646,
  'freight_price' => 0,
  'coupon_id' => 0,
  'parent_id' => 0,
  'coupon_price' => '0.00',
  'callback_status' => 0,
  'shop_id' => 18,
  'created_at' => '2019-10-14 19:47:14',
  'updated_at' => '2019-10-14 19:47:26',
  'refund_number' => '',
  'refund_desc' => '',
  'bargain_id' => 0,
  'is_new' => 1,
  'group_id' => 52,
)  result:array (
  'return_code' => 'SUCCESS',
  'return_msg' => 'OK',
  'appid' => 'wx6be14b9c1bbe7bc0',
  'mch_id' => '1543596541',
  'nonce_str' => 'A15Pviy9MeLcOi7T',
  'sign' => '7495E93FF16D54688B3A455FAA893B72',
  'result_code' => 'FAIL',
  'err_code' => 'ORDERPAID',
  'err_code_des' => '该订单已支付',
)
| GET:array (
  'order_id' => '354',
  'user_id' => '41',
  'code' => '001qDzWK0ZE3M72U4mXK0XmGWK0qDzWj',
  'rawData' => '{"nickName":"v1","gender":0,"language":"zh_CN","city":"Guangzhou","province":"Guangdong","country":"China","avatarUrl":"https://wx.qlogo.cn/mmopen/vi_32/Q0j4TwGTfTLia2EwyyEVs3s1IoAHIn5XLmwRQGkGQ78N2gfEH49KQES6h1fno9v8yPT1827xcD8uno0IwKQTIew/132"}',
)
19:57:13|json_preparearray (
  'return_code' => 'SUCCESS',
  'return_msg' => 'OK',
  'appid' => 'wx6be14b9c1bbe7bc0',
  'mch_id' => '1543596541',
  'nonce_str' => 'A15Pviy9MeLcOi7T',
  'sign' => '7495E93FF16D54688B3A455FAA893B72',
  'result_code' => 'FAIL',
  'err_code' => 'ORDERPAID',
  'err_code_des' => '该订单已支付',
)
| GET:array (
  'order_id' => '354',
  'user_id' => '41',
  'code' => '001qDzWK0ZE3M72U4mXK0XmGWK0qDzWj',
  'rawData' => '{"nickName":"v1","gender":0,"language":"zh_CN","city":"Guangzhou","province":"Guangdong","country":"China","avatarUrl":"https://wx.qlogo.cn/mmopen/vi_32/Q0j4TwGTfTLia2EwyyEVs3s1IoAHIn5XLmwRQGkGQ78N2gfEH49KQES6h1fno9v8yPT1827xcD8uno0IwKQTIew/132"}',
)
19:57:20|order:array (
  'id' => 354,
  'order_sn' => '265062439763480504101',
  'trade_no' => '4200000404201910140434182218',
  'uid' => 41,
  'order_status' => 22,
  'shipping_status' => 0,
  'pay_status' => 0,
  'consignee' => 'myt',
  'country' => 1,
  'province' => 440000,
  'city' => 440100,
  'district' => 440113,
  'address' => '广东省广州市番禺区qqq',
  'mobile' => '15504055776',
  'postscript' => '暂无留言',
  'shipping_fee' => '0.00',
  'pay_name' => '微信支付',
  'pay_id' => 1,
  'actual_price' => '0.10',
  'integral' => 0,
  'integral_money' => '0.00',
  'order_price' => '0.10',
  'goods_price' => '0.10',
  'add_time' => '2019-10-14 19:47:14',
  'confirm_time' => '1970-01-01 08:00:01',
  'pay_time' => 1571053646,
  'freight_price' => 0,
  'coupon_id' => 0,
  'parent_id' => 0,
  'coupon_price' => '0.00',
  'callback_status' => 0,
  'shop_id' => 18,
  'created_at' => '2019-10-14 19:47:14',
  'updated_at' => '2019-10-14 19:47:26',
  'refund_number' => '',
  'refund_desc' => '',
  'bargain_id' => 0,
  'is_new' => 1,
  'group_id' => 52,
)  result:array (
  'return_code' => 'SUCCESS',
  'return_msg' => 'OK',
  'appid' => 'wx6be14b9c1bbe7bc0',
  'mch_id' => '1543596541',
  'nonce_str' => '85jXuXmZDrzonHOB',
  'sign' => '7F04445DB66139BA28EE29269205FD3A',
  'result_code' => 'FAIL',
  'err_code' => 'ORDERPAID',
  'err_code_des' => '该订单已支付',
)
| GET:array (
  'order_id' => '354',
  'user_id' => '41',
  'code' => '001qDzWK0ZE3M72U4mXK0XmGWK0qDzWj',
  'rawData' => '{"nickName":"v1","gender":0,"language":"zh_CN","city":"Guangzhou","province":"Guangdong","country":"China","avatarUrl":"https://wx.qlogo.cn/mmopen/vi_32/Q0j4TwGTfTLia2EwyyEVs3s1IoAHIn5XLmwRQGkGQ78N2gfEH49KQES6h1fno9v8yPT1827xcD8uno0IwKQTIew/132"}',
)
19:57:20|json_preparearray (
  'return_code' => 'SUCCESS',
  'return_msg' => 'OK',
  'appid' => 'wx6be14b9c1bbe7bc0',
  'mch_id' => '1543596541',
  'nonce_str' => '85jXuXmZDrzonHOB',
  'sign' => '7F04445DB66139BA28EE29269205FD3A',
  'result_code' => 'FAIL',
  'err_code' => 'ORDERPAID',
  'err_code_des' => '该订单已支付',
)
| GET:array (
  'order_id' => '354',
  'user_id' => '41',
  'code' => '001qDzWK0ZE3M72U4mXK0XmGWK0qDzWj',
  'rawData' => '{"nickName":"v1","gender":0,"language":"zh_CN","city":"Guangzhou","province":"Guangdong","country":"China","avatarUrl":"https://wx.qlogo.cn/mmopen/vi_32/Q0j4TwGTfTLia2EwyyEVs3s1IoAHIn5XLmwRQGkGQ78N2gfEH49KQES6h1fno9v8yPT1827xcD8uno0IwKQTIew/132"}',
)
19:57:23|order:array (
  'id' => 354,
  'order_sn' => '265062439763480504101',
  'trade_no' => '4200000404201910140434182218',
  'uid' => 41,
  'order_status' => 22,
  'shipping_status' => 0,
  'pay_status' => 0,
  'consignee' => 'myt',
  'country' => 1,
  'province' => 440000,
  'city' => 440100,
  'district' => 440113,
  'address' => '广东省广州市番禺区qqq',
  'mobile' => '15504055776',
  'postscript' => '暂无留言',
  'shipping_fee' => '0.00',
  'pay_name' => '微信支付',
  'pay_id' => 1,
  'actual_price' => '0.10',
  'integral' => 0,
  'integral_money' => '0.00',
  'order_price' => '0.10',
  'goods_price' => '0.10',
  'add_time' => '2019-10-14 19:47:14',
  'confirm_time' => '1970-01-01 08:00:01',
  'pay_time' => 1571053646,
  'freight_price' => 0,
  'coupon_id' => 0,
  'parent_id' => 0,
  'coupon_price' => '0.00',
  'callback_status' => 0,
  'shop_id' => 18,
  'created_at' => '2019-10-14 19:47:14',
  'updated_at' => '2019-10-14 19:47:26',
  'refund_number' => '',
  'refund_desc' => '',
  'bargain_id' => 0,
  'is_new' => 1,
  'group_id' => 52,
)  result:array (
  'return_code' => 'SUCCESS',
  'return_msg' => 'OK',
  'appid' => 'wx6be14b9c1bbe7bc0',
  'mch_id' => '1543596541',
  'nonce_str' => 'X76pNnCRIqFfxPcS',
  'sign' => '4B31D57941CBCE89BA87ACE2B99A0554',
  'result_code' => 'FAIL',
  'err_code' => 'ORDERPAID',
  'err_code_des' => '该订单已支付',
)
| GET:array (
  'order_id' => '354',
  'user_id' => '41',
  'code' => '001qDzWK0ZE3M72U4mXK0XmGWK0qDzWj',
  'rawData' => '{"nickName":"v1","gender":0,"language":"zh_CN","city":"Guangzhou","province":"Guangdong","country":"China","avatarUrl":"https://wx.qlogo.cn/mmopen/vi_32/Q0j4TwGTfTLia2EwyyEVs3s1IoAHIn5XLmwRQGkGQ78N2gfEH49KQES6h1fno9v8yPT1827xcD8uno0IwKQTIew/132"}',
)
19:57:23|json_preparearray (
  'return_code' => 'SUCCESS',
  'return_msg' => 'OK',
  'appid' => 'wx6be14b9c1bbe7bc0',
  'mch_id' => '1543596541',
  'nonce_str' => 'X76pNnCRIqFfxPcS',
  'sign' => '4B31D57941CBCE89BA87ACE2B99A0554',
  'result_code' => 'FAIL',
  'err_code' => 'ORDERPAID',
  'err_code_des' => '该订单已支付',
)
| GET:array (
  'order_id' => '354',
  'user_id' => '41',
  'code' => '001qDzWK0ZE3M72U4mXK0XmGWK0qDzWj',
  'rawData' => '{"nickName":"v1","gender":0,"language":"zh_CN","city":"Guangzhou","province":"Guangdong","country":"China","avatarUrl":"https://wx.qlogo.cn/mmopen/vi_32/Q0j4TwGTfTLia2EwyyEVs3s1IoAHIn5XLmwRQGkGQ78N2gfEH49KQES6h1fno9v8yPT1827xcD8uno0IwKQTIew/132"}',
)
19:57:37|order:array (
  'id' => 354,
  'order_sn' => '265062439763480504101',
  'trade_no' => '4200000404201910140434182218',
  'uid' => 41,
  'order_status' => 22,
  'shipping_status' => 0,
  'pay_status' => 0,
  'consignee' => 'myt',
  'country' => 1,
  'province' => 440000,
  'city' => 440100,
  'district' => 440113,
  'address' => '广东省广州市番禺区qqq',
  'mobile' => '15504055776',
  'postscript' => '暂无留言',
  'shipping_fee' => '0.00',
  'pay_name' => '微信支付',
  'pay_id' => 1,
  'actual_price' => '0.10',
  'integral' => 0,
  'integral_money' => '0.00',
  'order_price' => '0.10',
  'goods_price' => '0.10',
  'add_time' => '2019-10-14 19:47:14',
  'confirm_time' => '1970-01-01 08:00:01',
  'pay_time' => 1571053646,
  'freight_price' => 0,
  'coupon_id' => 0,
  'parent_id' => 0,
  'coupon_price' => '0.00',
  'callback_status' => 0,
  'shop_id' => 18,
  'created_at' => '2019-10-14 19:47:14',
  'updated_at' => '2019-10-14 19:47:26',
  'refund_number' => '',
  'refund_desc' => '',
  'bargain_id' => 0,
  'is_new' => 1,
  'group_id' => 52,
)  result:array (
  'return_code' => 'SUCCESS',
  'return_msg' => 'OK',
  'appid' => 'wx6be14b9c1bbe7bc0',
  'mch_id' => '1543596541',
  'nonce_str' => 'NtXoy3t1N84MGxrc',
  'sign' => '5E77F58729CA64BFC2ECCD02FFAA49F9',
  'result_code' => 'FAIL',
  'err_code' => 'ORDERPAID',
  'err_code_des' => '该订单已支付',
)
| GET:array (
  'order_id' => '354',
  'user_id' => '41',
  'code' => '001qDzWK0ZE3M72U4mXK0XmGWK0qDzWj',
  'rawData' => '{"nickName":"v1","gender":0,"language":"zh_CN","city":"Guangzhou","province":"Guangdong","country":"China","avatarUrl":"https://wx.qlogo.cn/mmopen/vi_32/Q0j4TwGTfTLia2EwyyEVs3s1IoAHIn5XLmwRQGkGQ78N2gfEH49KQES6h1fno9v8yPT1827xcD8uno0IwKQTIew/132"}',
)
19:57:37|json_preparearray (
  'return_code' => 'SUCCESS',
  'return_msg' => 'OK',
  'appid' => 'wx6be14b9c1bbe7bc0',
  'mch_id' => '1543596541',
  'nonce_str' => 'NtXoy3t1N84MGxrc',
  'sign' => '5E77F58729CA64BFC2ECCD02FFAA49F9',
  'result_code' => 'FAIL',
  'err_code' => 'ORDERPAID',
  'err_code_des' => '该订单已支付',
)
| GET:array (
  'order_id' => '354',
  'user_id' => '41',
  'code' => '001qDzWK0ZE3M72U4mXK0XmGWK0qDzWj',
  'rawData' => '{"nickName":"v1","gender":0,"language":"zh_CN","city":"Guangzhou","province":"Guangdong","country":"China","avatarUrl":"https://wx.qlogo.cn/mmopen/vi_32/Q0j4TwGTfTLia2EwyyEVs3s1IoAHIn5XLmwRQGkGQ78N2gfEH49KQES6h1fno9v8yPT1827xcD8uno0IwKQTIew/132"}',
)
19:58:36|order:array (
  'id' => 354,
  'order_sn' => '265062439763480504101',
  'trade_no' => '4200000404201910140434182218',
  'uid' => 41,
  'order_status' => 22,
  'shipping_status' => 0,
  'pay_status' => 0,
  'consignee' => 'myt',
  'country' => 1,
  'province' => 440000,
  'city' => 440100,
  'district' => 440113,
  'address' => '广东省广州市番禺区qqq',
  'mobile' => '15504055776',
  'postscript' => '暂无留言',
  'shipping_fee' => '0.00',
  'pay_name' => '微信支付',
  'pay_id' => 1,
  'actual_price' => '0.10',
  'integral' => 0,
  'integral_money' => '0.00',
  'order_price' => '0.10',
  'goods_price' => '0.10',
  'add_time' => '2019-10-14 19:47:14',
  'confirm_time' => '1970-01-01 08:00:01',
  'pay_time' => 1571053646,
  'freight_price' => 0,
  'coupon_id' => 0,
  'parent_id' => 0,
  'coupon_price' => '0.00',
  'callback_status' => 0,
  'shop_id' => 18,
  'created_at' => '2019-10-14 19:47:14',
  'updated_at' => '2019-10-14 19:47:26',
  'refund_number' => '',
  'refund_desc' => '',
  'bargain_id' => 0,
  'is_new' => 1,
  'group_id' => 52,
)  result:array (
  'return_code' => 'SUCCESS',
  'return_msg' => 'OK',
  'appid' => 'wx6be14b9c1bbe7bc0',
  'mch_id' => '1543596541',
  'nonce_str' => 'JLUSj1pKLIHJ5Y9H',
  'sign' => 'C5D31CE29B2E06730AEE2170414A069D',
  'result_code' => 'FAIL',
  'err_code' => 'ORDERPAID',
  'err_code_des' => '该订单已支付',
)
| GET:array (
  'order_id' => '354',
  'user_id' => '41',
  'code' => '001qDzWK0ZE3M72U4mXK0XmGWK0qDzWj',
  'rawData' => '{"nickName":"v1","gender":0,"language":"zh_CN","city":"Guangzhou","province":"Guangdong","country":"China","avatarUrl":"https://wx.qlogo.cn/mmopen/vi_32/Q0j4TwGTfTLia2EwyyEVs3s1IoAHIn5XLmwRQGkGQ78N2gfEH49KQES6h1fno9v8yPT1827xcD8uno0IwKQTIew/132"}',
)
19:58:36|json_preparearray (
  'return_code' => 'SUCCESS',
  'return_msg' => 'OK',
  'appid' => 'wx6be14b9c1bbe7bc0',
  'mch_id' => '1543596541',
  'nonce_str' => 'JLUSj1pKLIHJ5Y9H',
  'sign' => 'C5D31CE29B2E06730AEE2170414A069D',
  'result_code' => 'FAIL',
  'err_code' => 'ORDERPAID',
  'err_code_des' => '该订单已支付',
)
| GET:array (
  'order_id' => '354',
  'user_id' => '41',
  'code' => '001qDzWK0ZE3M72U4mXK0XmGWK0qDzWj',
  'rawData' => '{"nickName":"v1","gender":0,"language":"zh_CN","city":"Guangzhou","province":"Guangdong","country":"China","avatarUrl":"https://wx.qlogo.cn/mmopen/vi_32/Q0j4TwGTfTLia2EwyyEVs3s1IoAHIn5XLmwRQGkGQ78N2gfEH49KQES6h1fno9v8yPT1827xcD8uno0IwKQTIew/132"}',
)
19:58:43|order:array (
  'id' => 354,
  'order_sn' => '265062439763480504101',
  'trade_no' => '4200000404201910140434182218',
  'uid' => 41,
  'order_status' => 22,
  'shipping_status' => 0,
  'pay_status' => 0,
  'consignee' => 'myt',
  'country' => 1,
  'province' => 440000,
  'city' => 440100,
  'district' => 440113,
  'address' => '广东省广州市番禺区qqq',
  'mobile' => '15504055776',
  'postscript' => '暂无留言',
  'shipping_fee' => '0.00',
  'pay_name' => '微信支付',
  'pay_id' => 1,
  'actual_price' => '0.10',
  'integral' => 0,
  'integral_money' => '0.00',
  'order_price' => '0.10',
  'goods_price' => '0.10',
  'add_time' => '2019-10-14 19:47:14',
  'confirm_time' => '1970-01-01 08:00:01',
  'pay_time' => 1571053646,
  'freight_price' => 0,
  'coupon_id' => 0,
  'parent_id' => 0,
  'coupon_price' => '0.00',
  'callback_status' => 0,
  'shop_id' => 18,
  'created_at' => '2019-10-14 19:47:14',
  'updated_at' => '2019-10-14 19:47:26',
  'refund_number' => '',
  'refund_desc' => '',
  'bargain_id' => 0,
  'is_new' => 1,
  'group_id' => 52,
)  result:array (
  'return_code' => 'SUCCESS',
  'return_msg' => 'OK',
  'appid' => 'wx6be14b9c1bbe7bc0',
  'mch_id' => '1543596541',
  'nonce_str' => 'gjCYTUjMIGxZwl7n',
  'sign' => '8BDF4BBC750D015DC11FA655FCE84AD2',
  'result_code' => 'FAIL',
  'err_code' => 'ORDERPAID',
  'err_code_des' => '该订单已支付',
)
| GET:array (
  'order_id' => '354',
  'user_id' => '41',
  'code' => '001qDzWK0ZE3M72U4mXK0XmGWK0qDzWj',
  'rawData' => '{"nickName":"v1","gender":0,"language":"zh_CN","city":"Guangzhou","province":"Guangdong","country":"China","avatarUrl":"https://wx.qlogo.cn/mmopen/vi_32/Q0j4TwGTfTLia2EwyyEVs3s1IoAHIn5XLmwRQGkGQ78N2gfEH49KQES6h1fno9v8yPT1827xcD8uno0IwKQTIew/132"}',
)
19:58:43|json_preparearray (
  'return_code' => 'SUCCESS',
  'return_msg' => 'OK',
  'appid' => 'wx6be14b9c1bbe7bc0',
  'mch_id' => '1543596541',
  'nonce_str' => 'gjCYTUjMIGxZwl7n',
  'sign' => '8BDF4BBC750D015DC11FA655FCE84AD2',
  'result_code' => 'FAIL',
  'err_code' => 'ORDERPAID',
  'err_code_des' => '该订单已支付',
)
| GET:array (
  'order_id' => '354',
  'user_id' => '41',
  'code' => '001qDzWK0ZE3M72U4mXK0XmGWK0qDzWj',
  'rawData' => '{"nickName":"v1","gender":0,"language":"zh_CN","city":"Guangzhou","province":"Guangdong","country":"China","avatarUrl":"https://wx.qlogo.cn/mmopen/vi_32/Q0j4TwGTfTLia2EwyyEVs3s1IoAHIn5XLmwRQGkGQ78N2gfEH49KQES6h1fno9v8yPT1827xcD8uno0IwKQTIew/132"}',
)
19:58:45|order:array (
  'id' => 354,
  'order_sn' => '265062439763480504101',
  'trade_no' => '4200000404201910140434182218',
  'uid' => 41,
  'order_status' => 22,
  'shipping_status' => 0,
  'pay_status' => 0,
  'consignee' => 'myt',
  'country' => 1,
  'province' => 440000,
  'city' => 440100,
  'district' => 440113,
  'address' => '广东省广州市番禺区qqq',
  'mobile' => '15504055776',
  'postscript' => '暂无留言',
  'shipping_fee' => '0.00',
  'pay_name' => '微信支付',
  'pay_id' => 1,
  'actual_price' => '0.10',
  'integral' => 0,
  'integral_money' => '0.00',
  'order_price' => '0.10',
  'goods_price' => '0.10',
  'add_time' => '2019-10-14 19:47:14',
  'confirm_time' => '1970-01-01 08:00:01',
  'pay_time' => 1571053646,
  'freight_price' => 0,
  'coupon_id' => 0,
  'parent_id' => 0,
  'coupon_price' => '0.00',
  'callback_status' => 0,
  'shop_id' => 18,
  'created_at' => '2019-10-14 19:47:14',
  'updated_at' => '2019-10-14 19:47:26',
  'refund_number' => '',
  'refund_desc' => '',
  'bargain_id' => 0,
  'is_new' => 1,
  'group_id' => 52,
)  result:array (
  'return_code' => 'SUCCESS',
  'return_msg' => 'OK',
  'appid' => 'wx6be14b9c1bbe7bc0',
  'mch_id' => '1543596541',
  'nonce_str' => 'fcbDmOF2TbUsMYIm',
  'sign' => '737A9D5C189E1D3DBFF88A38F3EB3B4D',
  'result_code' => 'FAIL',
  'err_code' => 'ORDERPAID',
  'err_code_des' => '该订单已支付',
)
| GET:array (
  'order_id' => '354',
  'user_id' => '41',
  'code' => '001qDzWK0ZE3M72U4mXK0XmGWK0qDzWj',
  'rawData' => '{"nickName":"v1","gender":0,"language":"zh_CN","city":"Guangzhou","province":"Guangdong","country":"China","avatarUrl":"https://wx.qlogo.cn/mmopen/vi_32/Q0j4TwGTfTLia2EwyyEVs3s1IoAHIn5XLmwRQGkGQ78N2gfEH49KQES6h1fno9v8yPT1827xcD8uno0IwKQTIew/132"}',
)
19:58:45|json_preparearray (
  'return_code' => 'SUCCESS',
  'return_msg' => 'OK',
  'appid' => 'wx6be14b9c1bbe7bc0',
  'mch_id' => '1543596541',
  'nonce_str' => 'fcbDmOF2TbUsMYIm',
  'sign' => '737A9D5C189E1D3DBFF88A38F3EB3B4D',
  'result_code' => 'FAIL',
  'err_code' => 'ORDERPAID',
  'err_code_des' => '该订单已支付',
)
| GET:array (
  'order_id' => '354',
  'user_id' => '41',
  'code' => '001qDzWK0ZE3M72U4mXK0XmGWK0qDzWj',
  'rawData' => '{"nickName":"v1","gender":0,"language":"zh_CN","city":"Guangzhou","province":"Guangdong","country":"China","avatarUrl":"https://wx.qlogo.cn/mmopen/vi_32/Q0j4TwGTfTLia2EwyyEVs3s1IoAHIn5XLmwRQGkGQ78N2gfEH49KQES6h1fno9v8yPT1827xcD8uno0IwKQTIew/132"}',
)
20:02:16|order:array (
  'id' => 354,
  'order_sn' => '265062439763480504101',
  'trade_no' => '4200000404201910140434182218',
  'uid' => 41,
  'order_status' => 22,
  'shipping_status' => 0,
  'pay_status' => 0,
  'consignee' => 'myt',
  'country' => 1,
  'province' => 440000,
  'city' => 440100,
  'district' => 440113,
  'address' => '广东省广州市番禺区qqq',
  'mobile' => '15504055776',
  'postscript' => '暂无留言',
  'shipping_fee' => '0.00',
  'pay_name' => '微信支付',
  'pay_id' => 1,
  'actual_price' => '0.10',
  'integral' => 0,
  'integral_money' => '0.00',
  'order_price' => '0.10',
  'goods_price' => '0.10',
  'add_time' => '2019-10-14 19:47:14',
  'confirm_time' => '1970-01-01 08:00:01',
  'pay_time' => 1571053646,
  'freight_price' => 0,
  'coupon_id' => 0,
  'parent_id' => 0,
  'coupon_price' => '0.00',
  'callback_status' => 0,
  'shop_id' => 18,
  'created_at' => '2019-10-14 19:47:14',
  'updated_at' => '2019-10-14 19:47:26',
  'refund_number' => '',
  'refund_desc' => '',
  'bargain_id' => 0,
  'is_new' => 1,
  'group_id' => 52,
)  result:array (
  'return_code' => 'SUCCESS',
  'return_msg' => 'OK',
  'appid' => 'wx6be14b9c1bbe7bc0',
  'mch_id' => '1543596541',
  'nonce_str' => 'GwtyiKeUVWP8VbKZ',
  'sign' => '409E80F935B55CFF0EB28C9AE10ECD61',
  'result_code' => 'FAIL',
  'err_code' => 'ORDERPAID',
  'err_code_des' => '该订单已支付',
)
| GET:array (
  'order_id' => '354',
  'user_id' => '41',
  'code' => '001qDzWK0ZE3M72U4mXK0XmGWK0qDzWj',
  'rawData' => '{"nickName":"v1","gender":0,"language":"zh_CN","city":"Guangzhou","province":"Guangdong","country":"China","avatarUrl":"https://wx.qlogo.cn/mmopen/vi_32/Q0j4TwGTfTLia2EwyyEVs3s1IoAHIn5XLmwRQGkGQ78N2gfEH49KQES6h1fno9v8yPT1827xcD8uno0IwKQTIew/132"}',
)
20:02:16|json_preparearray (
  'return_code' => 'SUCCESS',
  'return_msg' => 'OK',
  'appid' => 'wx6be14b9c1bbe7bc0',
  'mch_id' => '1543596541',
  'nonce_str' => 'GwtyiKeUVWP8VbKZ',
  'sign' => '409E80F935B55CFF0EB28C9AE10ECD61',
  'result_code' => 'FAIL',
  'err_code' => 'ORDERPAID',
  'err_code_des' => '该订单已支付',
)
| GET:array (
  'order_id' => '354',
  'user_id' => '41',
  'code' => '001qDzWK0ZE3M72U4mXK0XmGWK0qDzWj',
  'rawData' => '{"nickName":"v1","gender":0,"language":"zh_CN","city":"Guangzhou","province":"Guangdong","country":"China","avatarUrl":"https://wx.qlogo.cn/mmopen/vi_32/Q0j4TwGTfTLia2EwyyEVs3s1IoAHIn5XLmwRQGkGQ78N2gfEH49KQES6h1fno9v8yPT1827xcD8uno0IwKQTIew/132"}',
)
20:03:30|order:array (
  'id' => 354,
  'order_sn' => '265062439763480504101',
  'trade_no' => '4200000404201910140434182218',
  'uid' => 41,
  'order_status' => 22,
  'shipping_status' => 0,
  'pay_status' => 0,
  'consignee' => 'myt',
  'country' => 1,
  'province' => 440000,
  'city' => 440100,
  'district' => 440113,
  'address' => '广东省广州市番禺区qqq',
  'mobile' => '15504055776',
  'postscript' => '暂无留言',
  'shipping_fee' => '0.00',
  'pay_name' => '微信支付',
  'pay_id' => 1,
  'actual_price' => '0.10',
  'integral' => 0,
  'integral_money' => '0.00',
  'order_price' => '0.10',
  'goods_price' => '0.10',
  'add_time' => '2019-10-14 19:47:14',
  'confirm_time' => '1970-01-01 08:00:01',
  'pay_time' => 1571053646,
  'freight_price' => 0,
  'coupon_id' => 0,
  'parent_id' => 0,
  'coupon_price' => '0.00',
  'callback_status' => 0,
  'shop_id' => 18,
  'created_at' => '2019-10-14 19:47:14',
  'updated_at' => '2019-10-14 19:47:26',
  'refund_number' => '',
  'refund_desc' => '',
  'bargain_id' => 0,
  'is_new' => 1,
  'group_id' => 52,
)  result:array (
  'return_code' => 'SUCCESS',
  'return_msg' => 'OK',
  'appid' => 'wx6be14b9c1bbe7bc0',
  'mch_id' => '1543596541',
  'nonce_str' => 'vpUO5bu8oQ07Bf47',
  'sign' => 'E0B5861B83E4B843A74C79D5C6FA795F',
  'result_code' => 'FAIL',
  'err_code' => 'ORDERPAID',
  'err_code_des' => '该订单已支付',
)
| GET:array (
  'order_id' => '354',
  'user_id' => '41',
  'code' => '001qDzWK0ZE3M72U4mXK0XmGWK0qDzWj',
  'rawData' => '{"nickName":"v1","gender":0,"language":"zh_CN","city":"Guangzhou","province":"Guangdong","country":"China","avatarUrl":"https://wx.qlogo.cn/mmopen/vi_32/Q0j4TwGTfTLia2EwyyEVs3s1IoAHIn5XLmwRQGkGQ78N2gfEH49KQES6h1fno9v8yPT1827xcD8uno0IwKQTIew/132"}',
)
20:03:30|json_preparearray (
  'return_code' => 'SUCCESS',
  'return_msg' => 'OK',
  'appid' => 'wx6be14b9c1bbe7bc0',
  'mch_id' => '1543596541',
  'nonce_str' => 'vpUO5bu8oQ07Bf47',
  'sign' => 'E0B5861B83E4B843A74C79D5C6FA795F',
  'result_code' => 'FAIL',
  'err_code' => 'ORDERPAID',
  'err_code_des' => '该订单已支付',
)
| GET:array (
  'order_id' => '354',
  'user_id' => '41',
  'code' => '001qDzWK0ZE3M72U4mXK0XmGWK0qDzWj',
  'rawData' => '{"nickName":"v1","gender":0,"language":"zh_CN","city":"Guangzhou","province":"Guangdong","country":"China","avatarUrl":"https://wx.qlogo.cn/mmopen/vi_32/Q0j4TwGTfTLia2EwyyEVs3s1IoAHIn5XLmwRQGkGQ78N2gfEH49KQES6h1fno9v8yPT1827xcD8uno0IwKQTIew/132"}',
)
20:03:38|order:array (
  'id' => 354,
  'order_sn' => '265062439763480504101',
  'trade_no' => '4200000404201910140434182218',
  'uid' => 41,
  'order_status' => 22,
  'shipping_status' => 0,
  'pay_status' => 0,
  'consignee' => 'myt',
  'country' => 1,
  'province' => 440000,
  'city' => 440100,
  'district' => 440113,
  'address' => '广东省广州市番禺区qqq',
  'mobile' => '15504055776',
  'postscript' => '暂无留言',
  'shipping_fee' => '0.00',
  'pay_name' => '微信支付',
  'pay_id' => 1,
  'actual_price' => '0.10',
  'integral' => 0,
  'integral_money' => '0.00',
  'order_price' => '0.10',
  'goods_price' => '0.10',
  'add_time' => '2019-10-14 19:47:14',
  'confirm_time' => '1970-01-01 08:00:01',
  'pay_time' => 1571053646,
  'freight_price' => 0,
  'coupon_id' => 0,
  'parent_id' => 0,
  'coupon_price' => '0.00',
  'callback_status' => 0,
  'shop_id' => 18,
  'created_at' => '2019-10-14 19:47:14',
  'updated_at' => '2019-10-14 19:47:26',
  'refund_number' => '',
  'refund_desc' => '',
  'bargain_id' => 0,
  'is_new' => 1,
  'group_id' => 52,
)  result:array (
  'return_code' => 'SUCCESS',
  'return_msg' => 'OK',
  'appid' => 'wx6be14b9c1bbe7bc0',
  'mch_id' => '1543596541',
  'nonce_str' => 'HxMFCaZz4KgeNeve',
  'sign' => '39E7236F7FC402CCA33EA35C560E6CB3',
  'result_code' => 'FAIL',
  'err_code' => 'ORDERPAID',
  'err_code_des' => '该订单已支付',
)
| GET:array (
  'order_id' => '354',
  'user_id' => '41',
  'code' => '001qDzWK0ZE3M72U4mXK0XmGWK0qDzWj',
  'rawData' => '{"nickName":"v1","gender":0,"language":"zh_CN","city":"Guangzhou","province":"Guangdong","country":"China","avatarUrl":"https://wx.qlogo.cn/mmopen/vi_32/Q0j4TwGTfTLia2EwyyEVs3s1IoAHIn5XLmwRQGkGQ78N2gfEH49KQES6h1fno9v8yPT1827xcD8uno0IwKQTIew/132"}',
)
20:03:38|json_preparearray (
  'return_code' => 'SUCCESS',
  'return_msg' => 'OK',
  'appid' => 'wx6be14b9c1bbe7bc0',
  'mch_id' => '1543596541',
  'nonce_str' => 'HxMFCaZz4KgeNeve',
  'sign' => '39E7236F7FC402CCA33EA35C560E6CB3',
  'result_code' => 'FAIL',
  'err_code' => 'ORDERPAID',
  'err_code_des' => '该订单已支付',
)
| GET:array (
  'order_id' => '354',
  'user_id' => '41',
  'code' => '001qDzWK0ZE3M72U4mXK0XmGWK0qDzWj',
  'rawData' => '{"nickName":"v1","gender":0,"language":"zh_CN","city":"Guangzhou","province":"Guangdong","country":"China","avatarUrl":"https://wx.qlogo.cn/mmopen/vi_32/Q0j4TwGTfTLia2EwyyEVs3s1IoAHIn5XLmwRQGkGQ78N2gfEH49KQES6h1fno9v8yPT1827xcD8uno0IwKQTIew/132"}',
)
20:04:51|order:array (
  'id' => 354,
  'order_sn' => '265062439763480504101',
  'trade_no' => '4200000404201910140434182218',
  'uid' => 41,
  'order_status' => 22,
  'shipping_status' => 0,
  'pay_status' => 0,
  'consignee' => 'myt',
  'country' => 1,
  'province' => 440000,
  'city' => 440100,
  'district' => 440113,
  'address' => '广东省广州市番禺区qqq',
  'mobile' => '15504055776',
  'postscript' => '暂无留言',
  'shipping_fee' => '0.00',
  'pay_name' => '微信支付',
  'pay_id' => 1,
  'actual_price' => '0.10',
  'integral' => 0,
  'integral_money' => '0.00',
  'order_price' => '0.10',
  'goods_price' => '0.10',
  'add_time' => '2019-10-14 19:47:14',
  'confirm_time' => '1970-01-01 08:00:01',
  'pay_time' => 1571053646,
  'freight_price' => 0,
  'coupon_id' => 0,
  'parent_id' => 0,
  'coupon_price' => '0.00',
  'callback_status' => 0,
  'shop_id' => 18,
  'created_at' => '2019-10-14 19:47:14',
  'updated_at' => '2019-10-14 19:47:26',
  'refund_number' => '',
  'refund_desc' => '',
  'bargain_id' => 0,
  'is_new' => 1,
  'group_id' => 52,
)  result:array (
  'return_code' => 'SUCCESS',
  'return_msg' => 'OK',
  'appid' => 'wx6be14b9c1bbe7bc0',
  'mch_id' => '1543596541',
  'nonce_str' => 'cLaRf89m27lDF2xe',
  'sign' => 'E3DF01CB53A5799CEFC854123B969716',
  'result_code' => 'FAIL',
  'err_code' => 'ORDERPAID',
  'err_code_des' => '该订单已支付',
)
| GET:array (
  'order_id' => '354',
  'user_id' => '41',
  'code' => '001qDzWK0ZE3M72U4mXK0XmGWK0qDzWj',
  'rawData' => '{"nickName":"v1","gender":0,"language":"zh_CN","city":"Guangzhou","province":"Guangdong","country":"China","avatarUrl":"https://wx.qlogo.cn/mmopen/vi_32/Q0j4TwGTfTLia2EwyyEVs3s1IoAHIn5XLmwRQGkGQ78N2gfEH49KQES6h1fno9v8yPT1827xcD8uno0IwKQTIew/132"}',
)
20:04:51|json_preparearray (
  'return_code' => 'SUCCESS',
  'return_msg' => 'OK',
  'appid' => 'wx6be14b9c1bbe7bc0',
  'mch_id' => '1543596541',
  'nonce_str' => 'cLaRf89m27lDF2xe',
  'sign' => 'E3DF01CB53A5799CEFC854123B969716',
  'result_code' => 'FAIL',
  'err_code' => 'ORDERPAID',
  'err_code_des' => '该订单已支付',
)
| GET:array (
  'order_id' => '354',
  'user_id' => '41',
  'code' => '001qDzWK0ZE3M72U4mXK0XmGWK0qDzWj',
  'rawData' => '{"nickName":"v1","gender":0,"language":"zh_CN","city":"Guangzhou","province":"Guangdong","country":"China","avatarUrl":"https://wx.qlogo.cn/mmopen/vi_32/Q0j4TwGTfTLia2EwyyEVs3s1IoAHIn5XLmwRQGkGQ78N2gfEH49KQES6h1fno9v8yPT1827xcD8uno0IwKQTIew/132"}',
)
20:06:18|order:array (
  'id' => 354,
  'order_sn' => '265062439763480504101',
  'trade_no' => '4200000404201910140434182218',
  'uid' => 41,
  'order_status' => 22,
  'shipping_status' => 0,
  'pay_status' => 0,
  'consignee' => 'myt',
  'country' => 1,
  'province' => 440000,
  'city' => 440100,
  'district' => 440113,
  'address' => '广东省广州市番禺区qqq',
  'mobile' => '15504055776',
  'postscript' => '暂无留言',
  'shipping_fee' => '0.00',
  'pay_name' => '微信支付',
  'pay_id' => 1,
  'actual_price' => '0.10',
  'integral' => 0,
  'integral_money' => '0.00',
  'order_price' => '0.10',
  'goods_price' => '0.10',
  'add_time' => '2019-10-14 19:47:14',
  'confirm_time' => '1970-01-01 08:00:01',
  'pay_time' => 1571053646,
  'freight_price' => 0,
  'coupon_id' => 0,
  'parent_id' => 0,
  'coupon_price' => '0.00',
  'callback_status' => 0,
  'shop_id' => 18,
  'created_at' => '2019-10-14 19:47:14',
  'updated_at' => '2019-10-14 19:47:26',
  'refund_number' => '',
  'refund_desc' => '',
  'bargain_id' => 0,
  'is_new' => 1,
  'group_id' => 52,
)  result:array (
  'return_code' => 'SUCCESS',
  'return_msg' => 'OK',
  'appid' => 'wx6be14b9c1bbe7bc0',
  'mch_id' => '1543596541',
  'nonce_str' => 'GLRvNSj2Wq8Ztpvc',
  'sign' => 'DED0115E1AB7B4448CFE77F7408EB179',
  'result_code' => 'FAIL',
  'err_code' => 'ORDERPAID',
  'err_code_des' => '该订单已支付',
)
| GET:array (
  'order_id' => '354',
  'user_id' => '41',
  'code' => '001qDzWK0ZE3M72U4mXK0XmGWK0qDzWj',
  'rawData' => '{"nickName":"v1","gender":0,"language":"zh_CN","city":"Guangzhou","province":"Guangdong","country":"China","avatarUrl":"https://wx.qlogo.cn/mmopen/vi_32/Q0j4TwGTfTLia2EwyyEVs3s1IoAHIn5XLmwRQGkGQ78N2gfEH49KQES6h1fno9v8yPT1827xcD8uno0IwKQTIew/132"}',
)
20:06:18|json_preparearray (
  'return_code' => 'SUCCESS',
  'return_msg' => 'OK',
  'appid' => 'wx6be14b9c1bbe7bc0',
  'mch_id' => '1543596541',
  'nonce_str' => 'GLRvNSj2Wq8Ztpvc',
  'sign' => 'DED0115E1AB7B4448CFE77F7408EB179',
  'result_code' => 'FAIL',
  'err_code' => 'ORDERPAID',
  'err_code_des' => '该订单已支付',
)
| GET:array (
  'order_id' => '354',
  'user_id' => '41',
  'code' => '001qDzWK0ZE3M72U4mXK0XmGWK0qDzWj',
  'rawData' => '{"nickName":"v1","gender":0,"language":"zh_CN","city":"Guangzhou","province":"Guangdong","country":"China","avatarUrl":"https://wx.qlogo.cn/mmopen/vi_32/Q0j4TwGTfTLia2EwyyEVs3s1IoAHIn5XLmwRQGkGQ78N2gfEH49KQES6h1fno9v8yPT1827xcD8uno0IwKQTIew/132"}',
)
20:10:13|order:array (
  'id' => 356,
  'order_sn' => '267062439900951701401',
  'trade_no' => '',
  'uid' => 14,
  'order_status' => 10,
  'shipping_status' => 0,
  'pay_status' => 0,
  'consignee' => '黑我',
  'country' => 1,
  'province' => 440000,
  'city' => 440100,
  'district' => 440113,
  'address' => '广东省广州市番禺区算',
  'mobile' => '15976913762',
  'postscript' => '暂无留言',
  'shipping_fee' => '0.00',
  'pay_name' => '微信支付',
  'pay_id' => 1,
  'actual_price' => '0.10',
  'integral' => 0,
  'integral_money' => '0.00',
  'order_price' => '0.10',
  'goods_price' => '0.10',
  'add_time' => '2019-10-14 20:10:09',
  'confirm_time' => '1970-01-01 08:00:01',
  'pay_time' => 0,
  'freight_price' => 0,
  'coupon_id' => 0,
  'parent_id' => 0,
  'coupon_price' => '0.00',
  'callback_status' => 0,
  'shop_id' => 18,
  'created_at' => '2019-10-14 20:10:09',
  'updated_at' => '2019-10-14 20:10:09',
  'refund_number' => '',
  'refund_desc' => '',
  'bargain_id' => 0,
  'is_new' => 0,
  'group_id' => 51,
)  result:array (
  'return_code' => 'SUCCESS',
  'return_msg' => 'OK',
  'appid' => 'wx6be14b9c1bbe7bc0',
  'mch_id' => '1543596541',
  'nonce_str' => 'B3G7iv5eRykdEgQu',
  'sign' => '172BEF62C37699E2B9E4FB9DC1CB3187',
  'result_code' => 'SUCCESS',
  'prepay_id' => 'wx1420101296842208d4c5ac561482083600',
  'trade_type' => 'JSAPI',
)
| GET:array (
  'order_id' => '356',
  'user_id' => '14',
  'code' => '0438ycSk1rWalo0iYxPk1JbbSk18ycSW',
  'rawData' => '{"nickName":"第三杯免票","gender":1,"language":"zh_CN","city":"Guangzhou","province":"Guangdong","country":"China","avatarUrl":"https://wx.qlogo.cn/mmopen/vi_32/fKtJn1fWibuFaGsiambNRMIWc6rfDV7iaqePKjlBc4LGkIbJRbceictichvs9d6FhGFSxd6wxBtmBuowTRQ0jaibISlQ/132"}',
)
20:13:24|order:array (
  'id' => 357,
  'order_sn' => '214062439919616906301',
  'trade_no' => '',
  'uid' => 63,
  'order_status' => 10,
  'shipping_status' => 0,
  'pay_status' => 0,
  'consignee' => '陈守志',
  'country' => 1,
  'province' => 440000,
  'city' => 440100,
  'district' => 440113,
  'address' => '广东省广州市番禺区祈福新村总站',
  'mobile' => '13826123456',
  'postscript' => '暂无留言',
  'shipping_fee' => '0.00',
  'pay_name' => '微信支付',
  'pay_id' => 1,
  'actual_price' => '0.10',
  'integral' => 0,
  'integral_money' => '0.00',
  'order_price' => '0.10',
  'goods_price' => '0.10',
  'add_time' => '2019-10-14 20:13:16',
  'confirm_time' => '1970-01-01 08:00:01',
  'pay_time' => 0,
  'freight_price' => 0,
  'coupon_id' => 0,
  'parent_id' => 0,
  'coupon_price' => '0.00',
  'callback_status' => 0,
  'shop_id' => 18,
  'created_at' => '2019-10-14 20:13:16',
  'updated_at' => '2019-10-14 20:13:16',
  'refund_number' => '',
  'refund_desc' => '',
  'bargain_id' => 0,
  'is_new' => 0,
  'group_id' => 51,
)  result:array (
  'return_code' => 'SUCCESS',
  'return_msg' => 'OK',
  'appid' => 'wx6be14b9c1bbe7bc0',
  'mch_id' => '1543596541',
  'nonce_str' => '4euEv91bZJ1bPe8E',
  'sign' => '044DAE641B39C2E4554372CAF12C26A7',
  'result_code' => 'SUCCESS',
  'prepay_id' => 'wx14201324668847d9606082b81670800600',
  'trade_type' => 'JSAPI',
)
| GET:array (
  'order_id' => '357',
  'user_id' => '63',
  'code' => '033nMA8d2mNxtG0ZjS6d26xs8d2nMA8y',
  'rawData' => '{"nickName":"😣 😖 😊","gender":1,"language":"zh_CN","city":"","province":"Freiburg","country":"Switzerland","avatarUrl":"https://wx.qlogo.cn/mmopen/vi_32/ic70DfMDFkQkQ7OyTC2H5OjmGJcy2dDQD6Bib7xKf8micNAMRyUyJiaKoicD2E2L9AKOqsMqJQ6ibZCJloSZYoRd8ulg/132"}',
)
