17:23:10|'<xml><appid><![CDATA[wx6be14b9c1bbe7bc0]]></appid>
<bank_type><![CDATA[CFT]]></bank_type>
<cash_fee><![CDATA[10]]></cash_fee>
<fee_type><![CDATA[CNY]]></fee_type>
<is_subscribe><![CDATA[N]]></is_subscribe>
<mch_id><![CDATA[1543596541]]></mch_id>
<nonce_str><![CDATA[5d206868ce387]]></nonce_str>
<openid><![CDATA[oGq4g5ekbVvIikoDx8wppZjMuSSc]]></openid>
<out_trade_no><![CDATA[248061560118988901401]]></out_trade_no>
<result_code><![CDATA[SUCCESS]]></result_code>
<return_code><![CDATA[SUCCESS]]></return_code>
<sign><![CDATA[1649512A94D2E1E129FA5252DBE943F5]]></sign>
<time_end><![CDATA[20190706172309]]></time_end>
<total_fee>10</total_fee>
<trade_type><![CDATA[JSAPI]]></trade_type>
<transaction_id><![CDATA[4200000296201907062121783942]]></transaction_id>
</xml>'
| GET:array (
)
17:23:10|notify  array (
  'appid' => 'wx6be14b9c1bbe7bc0',
  'bank_type' => 'CFT',
  'cash_fee' => '10',
  'fee_type' => 'CNY',
  'is_subscribe' => 'N',
  'mch_id' => '1543596541',
  'nonce_str' => '5d206868ce387',
  'openid' => 'oGq4g5ekbVvIikoDx8wppZjMuSSc',
  'out_trade_no' => '248061560118988901401',
  'result_code' => 'SUCCESS',
  'return_code' => 'SUCCESS',
  'sign' => '1649512A94D2E1E129FA5252DBE943F5',
  'time_end' => '20190706172309',
  'total_fee' => '10',
  'trade_type' => 'JSAPI',
  'transaction_id' => '4200000296201907062121783942',
)
| GET:array (
)
20:35:16|'<xml><appid><![CDATA[wx6be14b9c1bbe7bc0]]></appid>
<bank_type><![CDATA[CFT]]></bank_type>
<cash_fee><![CDATA[1]]></cash_fee>
<fee_type><![CDATA[CNY]]></fee_type>
<is_subscribe><![CDATA[N]]></is_subscribe>
<mch_id><![CDATA[1543596541]]></mch_id>
<nonce_str><![CDATA[5d2095699e24e]]></nonce_str>
<openid><![CDATA[oGq4g5ekbVvIikoDx8wppZjMuSSc]]></openid>
<out_trade_no><![CDATA[267061576048726001401]]></out_trade_no>
<result_code><![CDATA[SUCCESS]]></result_code>
<return_code><![CDATA[SUCCESS]]></return_code>
<sign><![CDATA[CBAAA42CB6955F9681F5A7FF6BC5ACF4]]></sign>
<time_end><![CDATA[20190706203515]]></time_end>
<total_fee>1</total_fee>
<trade_type><![CDATA[JSAPI]]></trade_type>
<transaction_id><![CDATA[4200000303201907065543591203]]></transaction_id>
</xml>'
| GET:array (
)
20:35:16|notify  array (
  'appid' => 'wx6be14b9c1bbe7bc0',
  'bank_type' => 'CFT',
  'cash_fee' => '1',
  'fee_type' => 'CNY',
  'is_subscribe' => 'N',
  'mch_id' => '1543596541',
  'nonce_str' => '5d2095699e24e',
  'openid' => 'oGq4g5ekbVvIikoDx8wppZjMuSSc',
  'out_trade_no' => '267061576048726001401',
  'result_code' => 'SUCCESS',
  'return_code' => 'SUCCESS',
  'sign' => 'CBAAA42CB6955F9681F5A7FF6BC5ACF4',
  'time_end' => '20190706203515',
  'total_fee' => '1',
  'trade_type' => 'JSAPI',
  'transaction_id' => '4200000303201907065543591203',
)
| GET:array (
)
20:39:55|'<xml><appid><![CDATA[wx6be14b9c1bbe7bc0]]></appid>
<bank_type><![CDATA[HXB_CREDIT]]></bank_type>
<cash_fee><![CDATA[1]]></cash_fee>
<fee_type><![CDATA[CNY]]></fee_type>
<is_subscribe><![CDATA[N]]></is_subscribe>
<mch_id><![CDATA[1543596541]]></mch_id>
<nonce_str><![CDATA[5d20968f122f9]]></nonce_str>
<openid><![CDATA[oGq4g5YflK3OAWlSEC11BMc6hk4U]]></openid>
<out_trade_no><![CDATA[233061576078200301301]]></out_trade_no>
<result_code><![CDATA[SUCCESS]]></result_code>
<return_code><![CDATA[SUCCESS]]></return_code>
<sign><![CDATA[17002E9AA0D4BDDC905ED1122BEE1D75]]></sign>
<time_end><![CDATA[20190706203954]]></time_end>
<total_fee>1</total_fee>
<trade_type><![CDATA[JSAPI]]></trade_type>
<transaction_id><![CDATA[4200000308201907067563310994]]></transaction_id>
</xml>'
| GET:array (
)
20:39:55|notify  array (
  'appid' => 'wx6be14b9c1bbe7bc0',
  'bank_type' => 'HXB_CREDIT',
  'cash_fee' => '1',
  'fee_type' => 'CNY',
  'is_subscribe' => 'N',
  'mch_id' => '1543596541',
  'nonce_str' => '5d20968f122f9',
  'openid' => 'oGq4g5YflK3OAWlSEC11BMc6hk4U',
  'out_trade_no' => '233061576078200301301',
  'result_code' => 'SUCCESS',
  'return_code' => 'SUCCESS',
  'sign' => '17002E9AA0D4BDDC905ED1122BEE1D75',
  'time_end' => '20190706203954',
  'total_fee' => '1',
  'trade_type' => 'JSAPI',
  'transaction_id' => '4200000308201907067563310994',
)
| GET:array (
)
