17:01:41|order:array (
  'id' => 55,
  'order_sn' => '253061560119321201401',
  'trade_no' => '',
  'uid' => 14,
  'order_status' => 10,
  'shipping_status' => 0,
  'pay_status' => 0,
  'consignee' => 'asfw',
  'country' => 1,
  'province' => 440000,
  'city' => 440100,
  'district' => 440113,
  'address' => 'asdw',
  'mobile' => '13513513241',
  'postscript' => '暂无留言',
  'shipping_fee' => '0.00',
  'pay_name' => '微信支付',
  'pay_id' => 1,
  'actual_price' => '55.20',
  'integral' => 0,
  'integral_money' => '0.00',
  'order_price' => '55.20',
  'goods_price' => '55.20',
  'add_time' => '2019-07-05 00:19:53',
  'confirm_time' => '1970-01-01 08:00:01',
  'pay_time' => 0,
  'freight_price' => 0,
  'coupon_id' => 0,
  'parent_id' => 0,
  'coupon_price' => '0.00',
  'callback_status' => 0,
  'shop_id' => 10,
  'created_at' => '2019-07-05 00:19:53',
  'updated_at' => '2019-07-05 00:19:53',
  'bargain_id' => 0,
)  result:array (
  'return_code' => 'SUCCESS',
  'return_msg' => 'OK',
  'appid' => 'wx6be14b9c1bbe7bc0',
  'mch_id' => '1543596541',
  'nonce_str' => 'up4cUsXFuRZvaeAV',
  'sign' => 'B009CA83525AE7DF37B2C39A29A342CB',
  'result_code' => 'SUCCESS',
  'prepay_id' => 'wx061701413545819c45a7770c1363904900',
  'trade_type' => 'JSAPI',
)
| GET:array (
)
17:05:18|order:array (
  'id' => 55,
  'order_sn' => '253061560119321201401',
  'trade_no' => '',
  'uid' => 14,
  'order_status' => 10,
  'shipping_status' => 0,
  'pay_status' => 0,
  'consignee' => 'asfw',
  'country' => 1,
  'province' => 440000,
  'city' => 440100,
  'district' => 440113,
  'address' => 'asdw',
  'mobile' => '13513513241',
  'postscript' => '暂无留言',
  'shipping_fee' => '0.00',
  'pay_name' => '微信支付',
  'pay_id' => 1,
  'actual_price' => '55.20',
  'integral' => 0,
  'integral_money' => '0.00',
  'order_price' => '55.20',
  'goods_price' => '55.20',
  'add_time' => '2019-07-05 00:19:53',
  'confirm_time' => '1970-01-01 08:00:01',
  'pay_time' => 0,
  'freight_price' => 0,
  'coupon_id' => 0,
  'parent_id' => 0,
  'coupon_price' => '0.00',
  'callback_status' => 0,
  'shop_id' => 10,
  'created_at' => '2019-07-05 00:19:53',
  'updated_at' => '2019-07-05 00:19:53',
  'bargain_id' => 0,
)  result:array (
  'return_code' => 'SUCCESS',
  'return_msg' => 'OK',
  'appid' => 'wx6be14b9c1bbe7bc0',
  'mch_id' => '1543596541',
  'nonce_str' => 'NWmZDscBzAcpiHKY',
  'sign' => '2C28CEC64348071785CD2CF0349FBF42',
  'result_code' => 'SUCCESS',
  'prepay_id' => 'wx061705188033439c45a7770c1733698200',
  'trade_type' => 'JSAPI',
)
| GET:array (
)
17:09:38|order:array (
  'id' => 55,
  'order_sn' => '253061560119321201401',
  'trade_no' => '',
  'uid' => 14,
  'order_status' => 10,
  'shipping_status' => 0,
  'pay_status' => 0,
  'consignee' => 'asfw',
  'country' => 1,
  'province' => 440000,
  'city' => 440100,
  'district' => 440113,
  'address' => 'asdw',
  'mobile' => '13513513241',
  'postscript' => '暂无留言',
  'shipping_fee' => '0.00',
  'pay_name' => '微信支付',
  'pay_id' => 1,
  'actual_price' => '55.20',
  'integral' => 0,
  'integral_money' => '0.00',
  'order_price' => '55.20',
  'goods_price' => '55.20',
  'add_time' => '2019-07-05 00:19:53',
  'confirm_time' => '1970-01-01 08:00:01',
  'pay_time' => 0,
  'freight_price' => 0,
  'coupon_id' => 0,
  'parent_id' => 0,
  'coupon_price' => '0.00',
  'callback_status' => 0,
  'shop_id' => 10,
  'created_at' => '2019-07-05 00:19:53',
  'updated_at' => '2019-07-05 00:19:53',
  'bargain_id' => 0,
)  result:array (
  'return_code' => 'SUCCESS',
  'return_msg' => 'OK',
  'appid' => 'wx6be14b9c1bbe7bc0',
  'mch_id' => '1543596541',
  'nonce_str' => 'Owv5GXHYYexlaiLC',
  'sign' => '35BFF34A7E62E12CF34D6442AA15EB2C',
  'result_code' => 'SUCCESS',
  'prepay_id' => 'wx061709381344879c45a7770c1403028000',
  'trade_type' => 'JSAPI',
)
| GET:array (
  'code' => '043ZhhYw1kcHIg0Cki0x1zTsYw1ZhhYw',
  'rawData' => '{"nickName":"第三杯免票","gender":1,"language":"zh_CN","city":"Guangzhou","province":"Guangdong","country":"China","avatarUrl":"https://wx.qlogo.cn/mmopen/vi_32/fKtJn1fWibuFaGsiambNRMIWc6rfDV7iaqePKjlBc4LGkIbJRbceictichvs9d6FhGFSx5kHqPgW6ryDRTWXqIX5l5g/132"}',
)
17:16:55|order:array (
  'id' => 55,
  'order_sn' => '253061560119321201401',
  'trade_no' => '',
  'uid' => 14,
  'order_status' => 10,
  'shipping_status' => 0,
  'pay_status' => 0,
  'consignee' => 'asfw',
  'country' => 1,
  'province' => 440000,
  'city' => 440100,
  'district' => 440113,
  'address' => 'asdw',
  'mobile' => '13513513241',
  'postscript' => '暂无留言',
  'shipping_fee' => '0.00',
  'pay_name' => '微信支付',
  'pay_id' => 1,
  'actual_price' => '55.20',
  'integral' => 0,
  'integral_money' => '0.00',
  'order_price' => '55.20',
  'goods_price' => '55.20',
  'add_time' => '2019-07-05 00:19:53',
  'confirm_time' => '1970-01-01 08:00:01',
  'pay_time' => 0,
  'freight_price' => 0,
  'coupon_id' => 0,
  'parent_id' => 0,
  'coupon_price' => '0.00',
  'callback_status' => 0,
  'shop_id' => 10,
  'created_at' => '2019-07-05 00:19:53',
  'updated_at' => '2019-07-05 00:19:53',
  'bargain_id' => 0,
)  result:array (
  'return_code' => 'SUCCESS',
  'return_msg' => 'OK',
  'appid' => 'wx6be14b9c1bbe7bc0',
  'mch_id' => '1543596541',
  'nonce_str' => 'vQA2nYcBumdZvS57',
  'sign' => '5F24367248CB811E94C5CCFD58B0E049',
  'result_code' => 'SUCCESS',
  'prepay_id' => 'wx061716554236929c45a7770c1324082700',
  'trade_type' => 'JSAPI',
)
| GET:array (
  'code' => '043ZhhYw1kcHIg0Cki0x1zTsYw1ZhhYw',
  'rawData' => '{"nickName":"第三杯免票","gender":1,"language":"zh_CN","city":"Guangzhou","province":"Guangdong","country":"China","avatarUrl":"https://wx.qlogo.cn/mmopen/vi_32/fKtJn1fWibuFaGsiambNRMIWc6rfDV7iaqePKjlBc4LGkIbJRbceictichvs9d6FhGFSx5kHqPgW6ryDRTWXqIX5l5g/132"}',
)
17:18:36|order:array (
  'id' => 55,
  'order_sn' => '253061560119321201401',
  'trade_no' => '',
  'uid' => 14,
  'order_status' => 10,
  'shipping_status' => 0,
  'pay_status' => 0,
  'consignee' => 'asfw',
  'country' => 1,
  'province' => 440000,
  'city' => 440100,
  'district' => 440113,
  'address' => 'asdw',
  'mobile' => '13513513241',
  'postscript' => '暂无留言',
  'shipping_fee' => '0.00',
  'pay_name' => '微信支付',
  'pay_id' => 1,
  'actual_price' => '0.10',
  'integral' => 0,
  'integral_money' => '0.00',
  'order_price' => '55.20',
  'goods_price' => '55.20',
  'add_time' => '2019-07-05 00:19:53',
  'confirm_time' => '1970-01-01 08:00:01',
  'pay_time' => 0,
  'freight_price' => 0,
  'coupon_id' => 0,
  'parent_id' => 0,
  'coupon_price' => '0.00',
  'callback_status' => 0,
  'shop_id' => 10,
  'created_at' => '2019-07-05 00:19:53',
  'updated_at' => '2019-07-05 00:19:53',
  'bargain_id' => 0,
)  result:array (
  'return_code' => 'SUCCESS',
  'return_msg' => 'OK',
  'appid' => 'wx6be14b9c1bbe7bc0',
  'mch_id' => '1543596541',
  'nonce_str' => 'dwXouTaOco8yuVkU',
  'sign' => 'FD94BE67BD151DE85C6ACBB1B133AD78',
  'result_code' => 'FAIL',
  'err_code' => 'INVALID_REQUEST',
  'err_code_des' => '201 商户订单号重复',
)
| GET:array (
  'code' => '043ZhhYw1kcHIg0Cki0x1zTsYw1ZhhYw',
  'rawData' => '{"nickName":"第三杯免票","gender":1,"language":"zh_CN","city":"Guangzhou","province":"Guangdong","country":"China","avatarUrl":"https://wx.qlogo.cn/mmopen/vi_32/fKtJn1fWibuFaGsiambNRMIWc6rfDV7iaqePKjlBc4LGkIbJRbceictichvs9d6FhGFSx5kHqPgW6ryDRTWXqIX5l5g/132"}',
)
17:18:36|json_preparearray (
  'return_code' => 'SUCCESS',
  'return_msg' => 'OK',
  'appid' => 'wx6be14b9c1bbe7bc0',
  'mch_id' => '1543596541',
  'nonce_str' => 'dwXouTaOco8yuVkU',
  'sign' => 'FD94BE67BD151DE85C6ACBB1B133AD78',
  'result_code' => 'FAIL',
  'err_code' => 'INVALID_REQUEST',
  'err_code_des' => '201 商户订单号重复',
)
| GET:array (
  'code' => '043ZhhYw1kcHIg0Cki0x1zTsYw1ZhhYw',
  'rawData' => '{"nickName":"第三杯免票","gender":1,"language":"zh_CN","city":"Guangzhou","province":"Guangdong","country":"China","avatarUrl":"https://wx.qlogo.cn/mmopen/vi_32/fKtJn1fWibuFaGsiambNRMIWc6rfDV7iaqePKjlBc4LGkIbJRbceictichvs9d6FhGFSx5kHqPgW6ryDRTWXqIX5l5g/132"}',
)
17:19:51|order:array (
  'id' => 55,
  'order_sn' => '253061560119321201401',
  'trade_no' => '',
  'uid' => 14,
  'order_status' => 10,
  'shipping_status' => 0,
  'pay_status' => 0,
  'consignee' => 'asfw',
  'country' => 1,
  'province' => 440000,
  'city' => 440100,
  'district' => 440113,
  'address' => 'asdw',
  'mobile' => '13513513241',
  'postscript' => '暂无留言',
  'shipping_fee' => '0.00',
  'pay_name' => '微信支付',
  'pay_id' => 1,
  'actual_price' => '0.10',
  'integral' => 0,
  'integral_money' => '0.00',
  'order_price' => '55.20',
  'goods_price' => '55.20',
  'add_time' => '2019-07-05 00:19:53',
  'confirm_time' => '1970-01-01 08:00:01',
  'pay_time' => 0,
  'freight_price' => 0,
  'coupon_id' => 0,
  'parent_id' => 0,
  'coupon_price' => '0.00',
  'callback_status' => 0,
  'shop_id' => 10,
  'created_at' => '2019-07-05 00:19:53',
  'updated_at' => '2019-07-05 00:19:53',
  'bargain_id' => 0,
)  result:array (
  'return_code' => 'SUCCESS',
  'return_msg' => 'OK',
  'appid' => 'wx6be14b9c1bbe7bc0',
  'mch_id' => '1543596541',
  'nonce_str' => 'TO4WAEkBCzh9zBcg',
  'sign' => '06B6DF1D4CF6C76FB4A184C81B9009D6',
  'result_code' => 'FAIL',
  'err_code' => 'INVALID_REQUEST',
  'err_code_des' => '201 商户订单号重复',
)
| GET:array (
  'code' => '043ZhhYw1kcHIg0Cki0x1zTsYw1ZhhYw',
  'rawData' => '{"nickName":"第三杯免票","gender":1,"language":"zh_CN","city":"Guangzhou","province":"Guangdong","country":"China","avatarUrl":"https://wx.qlogo.cn/mmopen/vi_32/fKtJn1fWibuFaGsiambNRMIWc6rfDV7iaqePKjlBc4LGkIbJRbceictichvs9d6FhGFSx5kHqPgW6ryDRTWXqIX5l5g/132"}',
)
17:19:51|json_preparearray (
  'return_code' => 'SUCCESS',
  'return_msg' => 'OK',
  'appid' => 'wx6be14b9c1bbe7bc0',
  'mch_id' => '1543596541',
  'nonce_str' => 'TO4WAEkBCzh9zBcg',
  'sign' => '06B6DF1D4CF6C76FB4A184C81B9009D6',
  'result_code' => 'FAIL',
  'err_code' => 'INVALID_REQUEST',
  'err_code_des' => '201 商户订单号重复',
)
| GET:array (
  'code' => '043ZhhYw1kcHIg0Cki0x1zTsYw1ZhhYw',
  'rawData' => '{"nickName":"第三杯免票","gender":1,"language":"zh_CN","city":"Guangzhou","province":"Guangdong","country":"China","avatarUrl":"https://wx.qlogo.cn/mmopen/vi_32/fKtJn1fWibuFaGsiambNRMIWc6rfDV7iaqePKjlBc4LGkIbJRbceictichvs9d6FhGFSx5kHqPgW6ryDRTWXqIX5l5g/132"}',
)
17:22:06|order:array (
  'id' => 54,
  'order_sn' => '248061560118988901401',
  'trade_no' => '',
  'uid' => 14,
  'order_status' => 10,
  'shipping_status' => 0,
  'pay_status' => 0,
  'consignee' => 'asfw',
  'country' => 1,
  'province' => 440000,
  'city' => 440100,
  'district' => 440113,
  'address' => 'asdw',
  'mobile' => '13513513241',
  'postscript' => '暂无留言',
  'shipping_fee' => '0.00',
  'pay_name' => '微信支付',
  'pay_id' => 1,
  'actual_price' => '0.10',
  'integral' => 0,
  'integral_money' => '0.00',
  'order_price' => '5994.00',
  'goods_price' => '5994.00',
  'add_time' => '2019-07-05 00:19:49',
  'confirm_time' => '1970-01-01 08:00:01',
  'pay_time' => 0,
  'freight_price' => 0,
  'coupon_id' => 0,
  'parent_id' => 0,
  'coupon_price' => '0.00',
  'callback_status' => 0,
  'shop_id' => 13,
  'created_at' => '2019-07-05 00:19:49',
  'updated_at' => '2019-07-05 00:19:49',
  'bargain_id' => 0,
)  result:array (
  'return_code' => 'SUCCESS',
  'return_msg' => 'OK',
  'appid' => 'wx6be14b9c1bbe7bc0',
  'mch_id' => '1543596541',
  'nonce_str' => 'U0LOgVCAMRgF32XC',
  'sign' => '34BB15B7B7AA485E175CCDEE30391260',
  'result_code' => 'SUCCESS',
  'prepay_id' => 'wx06172206010837c3979dd9951527060400',
  'trade_type' => 'JSAPI',
)
| GET:array (
  'code' => '043ZhhYw1kcHIg0Cki0x1zTsYw1ZhhYw',
  'rawData' => '{"nickName":"第三杯免票","gender":1,"language":"zh_CN","city":"Guangzhou","province":"Guangdong","country":"China","avatarUrl":"https://wx.qlogo.cn/mmopen/vi_32/fKtJn1fWibuFaGsiambNRMIWc6rfDV7iaqePKjlBc4LGkIbJRbceictichvs9d6FhGFSx5kHqPgW6ryDRTWXqIX5l5g/132"}',
)
17:22:33|order:array (
  'id' => 54,
  'order_sn' => '248061560118988901401',
  'trade_no' => '',
  'uid' => 14,
  'order_status' => 10,
  'shipping_status' => 0,
  'pay_status' => 0,
  'consignee' => 'asfw',
  'country' => 1,
  'province' => 440000,
  'city' => 440100,
  'district' => 440113,
  'address' => 'asdw',
  'mobile' => '13513513241',
  'postscript' => '暂无留言',
  'shipping_fee' => '0.00',
  'pay_name' => '微信支付',
  'pay_id' => 1,
  'actual_price' => '0.10',
  'integral' => 0,
  'integral_money' => '0.00',
  'order_price' => '5994.00',
  'goods_price' => '5994.00',
  'add_time' => '2019-07-05 00:19:49',
  'confirm_time' => '1970-01-01 08:00:01',
  'pay_time' => 0,
  'freight_price' => 0,
  'coupon_id' => 0,
  'parent_id' => 0,
  'coupon_price' => '0.00',
  'callback_status' => 0,
  'shop_id' => 13,
  'created_at' => '2019-07-05 00:19:49',
  'updated_at' => '2019-07-05 00:19:49',
  'bargain_id' => 0,
)  result:array (
  'return_code' => 'SUCCESS',
  'return_msg' => 'OK',
  'appid' => 'wx6be14b9c1bbe7bc0',
  'mch_id' => '1543596541',
  'nonce_str' => 'Jd7mTA51QZLq5aTV',
  'sign' => '342002C6448696C213E5A7AAB24F2613',
  'result_code' => 'SUCCESS',
  'prepay_id' => 'wx06172233522649c3979dd9951413300000',
  'trade_type' => 'JSAPI',
)
| GET:array (
  'code' => '043ZhhYw1kcHIg0Cki0x1zTsYw1ZhhYw',
  'rawData' => '{"nickName":"第三杯免票","gender":1,"language":"zh_CN","city":"Guangzhou","province":"Guangdong","country":"China","avatarUrl":"https://wx.qlogo.cn/mmopen/vi_32/fKtJn1fWibuFaGsiambNRMIWc6rfDV7iaqePKjlBc4LGkIbJRbceictichvs9d6FhGFSx5kHqPgW6ryDRTWXqIX5l5g/132"}',
)
17:22:49|order:array (
  'id' => 54,
  'order_sn' => '248061560118988901401',
  'trade_no' => '',
  'uid' => 14,
  'order_status' => 10,
  'shipping_status' => 0,
  'pay_status' => 0,
  'consignee' => 'asfw',
  'country' => 1,
  'province' => 440000,
  'city' => 440100,
  'district' => 440113,
  'address' => 'asdw',
  'mobile' => '13513513241',
  'postscript' => '暂无留言',
  'shipping_fee' => '0.00',
  'pay_name' => '微信支付',
  'pay_id' => 1,
  'actual_price' => '0.10',
  'integral' => 0,
  'integral_money' => '0.00',
  'order_price' => '5994.00',
  'goods_price' => '5994.00',
  'add_time' => '2019-07-05 00:19:49',
  'confirm_time' => '1970-01-01 08:00:01',
  'pay_time' => 0,
  'freight_price' => 0,
  'coupon_id' => 0,
  'parent_id' => 0,
  'coupon_price' => '0.00',
  'callback_status' => 0,
  'shop_id' => 13,
  'created_at' => '2019-07-05 00:19:49',
  'updated_at' => '2019-07-05 00:19:49',
  'bargain_id' => 0,
)  result:array (
  'return_code' => 'SUCCESS',
  'return_msg' => 'OK',
  'appid' => 'wx6be14b9c1bbe7bc0',
  'mch_id' => '1543596541',
  'nonce_str' => 'vGknuof5D3KP8sXB',
  'sign' => '325FBCD1976BBA301FC660C92C9A961B',
  'result_code' => 'SUCCESS',
  'prepay_id' => 'wx06172249046874c3979dd9951629234800',
  'trade_type' => 'JSAPI',
)
| GET:array (
  'code' => '043ZhhYw1kcHIg0Cki0x1zTsYw1ZhhYw',
  'rawData' => '{"nickName":"第三杯免票","gender":1,"language":"zh_CN","city":"Guangzhou","province":"Guangdong","country":"China","avatarUrl":"https://wx.qlogo.cn/mmopen/vi_32/fKtJn1fWibuFaGsiambNRMIWc6rfDV7iaqePKjlBc4LGkIbJRbceictichvs9d6FhGFSx5kHqPgW6ryDRTWXqIX5l5g/132"}',
)
17:25:03|order:array (
  'id' => 53,
  'order_sn' => '264061560118049101401',
  'trade_no' => '',
  'uid' => 14,
  'order_status' => 10,
  'shipping_status' => 0,
  'pay_status' => 0,
  'consignee' => 'asfw',
  'country' => 1,
  'province' => 440000,
  'city' => 440100,
  'district' => 440113,
  'address' => 'asdw',
  'mobile' => '13513513241',
  'postscript' => '暂无留言',
  'shipping_fee' => '0.00',
  'pay_name' => '微信支付',
  'pay_id' => 1,
  'actual_price' => '0.10',
  'integral' => 0,
  'integral_money' => '0.00',
  'order_price' => '134.40',
  'goods_price' => '134.40',
  'add_time' => '2019-07-05 00:19:40',
  'confirm_time' => '1970-01-01 08:00:01',
  'pay_time' => 0,
  'freight_price' => 0,
  'coupon_id' => 0,
  'parent_id' => 0,
  'coupon_price' => '0.00',
  'callback_status' => 0,
  'shop_id' => 14,
  'created_at' => '2019-07-05 00:19:40',
  'updated_at' => '2019-07-05 00:19:40',
  'bargain_id' => 0,
)  result:array (
  'return_code' => 'SUCCESS',
  'return_msg' => 'OK',
  'appid' => 'wx6be14b9c1bbe7bc0',
  'mch_id' => '1543596541',
  'nonce_str' => 'RbqWQfpiG3qJpHUO',
  'sign' => '803D535438DA3927CC3A11079C9B7466',
  'result_code' => 'SUCCESS',
  'prepay_id' => 'wx06172503228078cf0a12abcc1644638900',
  'trade_type' => 'JSAPI',
)
| GET:array (
  'code' => '033zIV5d2kgjJG0oLv2d2BuU5d2zIV5N',
  'rawData' => '{"nickName":"第三杯免票","gender":1,"language":"zh_CN","city":"Guangzhou","province":"Guangdong","country":"China","avatarUrl":"https://wx.qlogo.cn/mmopen/vi_32/fKtJn1fWibuFaGsiambNRMIWc6rfDV7iaqePKjlBc4LGkIbJRbceictichvs9d6FhGFSx5kHqPgW6ryDRTWXqIX5l5g/132"}',
)
20:34:49|order:array (
  'id' => 60,
  'order_sn' => '267061576048726001401',
  'trade_no' => '',
  'uid' => 14,
  'order_status' => 10,
  'shipping_status' => 0,
  'pay_status' => 0,
  'consignee' => '黑我',
  'country' => 1,
  'province' => 440000,
  'city' => 440100,
  'district' => 440113,
  'address' => '算',
  'mobile' => '15976913762',
  'postscript' => '暂无留言',
  'shipping_fee' => '0.00',
  'pay_name' => '微信支付',
  'pay_id' => 1,
  'actual_price' => '0.01',
  'integral' => 0,
  'integral_money' => '0.00',
  'order_price' => '0.01',
  'goods_price' => '0.01',
  'add_time' => '2019-07-06 20:34:47',
  'confirm_time' => '1970-01-01 08:00:01',
  'pay_time' => 0,
  'freight_price' => 0,
  'coupon_id' => 0,
  'parent_id' => 0,
  'coupon_price' => '0.00',
  'callback_status' => 0,
  'shop_id' => 9,
  'created_at' => '2019-07-06 20:34:47',
  'updated_at' => '2019-07-06 20:34:47',
  'bargain_id' => 0,
)  result:array (
  'return_code' => 'SUCCESS',
  'return_msg' => 'OK',
  'appid' => 'wx6be14b9c1bbe7bc0',
  'mch_id' => '1543596541',
  'nonce_str' => 'mk3aJrWUkAjN2wbE',
  'sign' => '437853C539604C5634663F45823FCE70',
  'result_code' => 'SUCCESS',
  'prepay_id' => 'wx06203449849340d86321edf71889265100',
  'trade_type' => 'JSAPI',
)
| GET:array (
  'order_id' => '60',
  'user_id' => '14',
  'code' => '043ZhhYw1kcHIg0Cki0x1zTsYw1ZhhYw',
  'rawData' => '{"nickName":"第三杯免票","gender":1,"language":"zh_CN","city":"Guangzhou","province":"Guangdong","country":"China","avatarUrl":"https://wx.qlogo.cn/mmopen/vi_32/fKtJn1fWibuFaGsiambNRMIWc6rfDV7iaqePKjlBc4LGkIbJRbceictichvs9d6FhGFSx5kHqPgW6ryDRTWXqIX5l5g/132"}',
)
20:39:43|order:array (
  'id' => 62,
  'order_sn' => '233061576078200301301',
  'trade_no' => '',
  'uid' => 13,
  'order_status' => 10,
  'shipping_status' => 0,
  'pay_status' => 0,
  'consignee' => '陈鹏威',
  'country' => 1,
  'province' => 440000,
  'city' => 110100,
  'district' => 110111,
  'address' => 'C区10栋4A',
  'mobile' => '13826123474',
  'postscript' => '暂无留言',
  'shipping_fee' => '0.00',
  'pay_name' => '微信支付',
  'pay_id' => 1,
  'actual_price' => '0.01',
  'integral' => 0,
  'integral_money' => '0.00',
  'order_price' => '0.01',
  'goods_price' => '0.01',
  'add_time' => '2019-07-06 20:39:42',
  'confirm_time' => '1970-01-01 08:00:01',
  'pay_time' => 0,
  'freight_price' => 0,
  'coupon_id' => 0,
  'parent_id' => 0,
  'coupon_price' => '0.00',
  'callback_status' => 0,
  'shop_id' => 9,
  'created_at' => '2019-07-06 20:39:42',
  'updated_at' => '2019-07-06 20:39:42',
  'bargain_id' => 0,
)  result:array (
  'return_code' => 'SUCCESS',
  'return_msg' => 'OK',
  'appid' => 'wx6be14b9c1bbe7bc0',
  'mch_id' => '1543596541',
  'nonce_str' => 'ob4Sk3iVeCT25Vqn',
  'sign' => '1C83756CCBB19001463C3BA6F1956CAA',
  'result_code' => 'SUCCESS',
  'prepay_id' => 'wx06203943275400a88e926f471690553100',
  'trade_type' => 'JSAPI',
)
| GET:array (
  'order_id' => '62',
  'user_id' => '13',
  'code' => '023HwXLR0JZCJ521wPJR02jWLR0HwXLg',
  'rawData' => '{"nickName":"叫我‘銘睿’可好","gender":1,"language":"zh_CN","city":"Guangzhou","province":"Guangdong","country":"China","avatarUrl":"https://wx.qlogo.cn/mmopen/vi_32/ZdHZ8vlDjCrn6x3YMx7sUicabLQoKj54A6eoicuxxL9KAKuXT4NoFA0RESlPLficA4gcUytKdf6UotlF1hCQLcO3Q/132"}',
)
22:37:10|order:array (
  'id' => 73,
  'order_sn' => '297061576782029801401',
  'trade_no' => '',
  'uid' => 14,
  'order_status' => 10,
  'shipping_status' => 0,
  'pay_status' => 0,
  'consignee' => '黑我',
  'country' => 1,
  'province' => 440000,
  'city' => 440100,
  'district' => 440113,
  'address' => '广东省广州市番禺区算',
  'mobile' => '15976913762',
  'postscript' => '暂无留言',
  'shipping_fee' => '0.00',
  'pay_name' => '微信支付',
  'pay_id' => 1,
  'actual_price' => '28.80',
  'integral' => 0,
  'integral_money' => '0.00',
  'order_price' => '28.80',
  'goods_price' => '28.80',
  'add_time' => '2019-07-06 22:37:00',
  'confirm_time' => '1970-01-01 08:00:01',
  'pay_time' => 0,
  'freight_price' => 0,
  'coupon_id' => 0,
  'parent_id' => 0,
  'coupon_price' => '0.00',
  'callback_status' => 0,
  'shop_id' => 9,
  'created_at' => '2019-07-06 22:37:00',
  'updated_at' => '2019-07-06 22:37:00',
  'bargain_id' => 0,
)  result:array (
  'return_code' => 'SUCCESS',
  'return_msg' => 'OK',
  'appid' => 'wx6be14b9c1bbe7bc0',
  'mch_id' => '1543596541',
  'nonce_str' => 'pLXpXFNySFVfAxYB',
  'sign' => '7E8CA802DE0C18B0074CB4C85499ED92',
  'result_code' => 'SUCCESS',
  'prepay_id' => 'wx06223710285396504e0726c21652053400',
  'trade_type' => 'JSAPI',
)
| GET:array (
  'order_id' => '73',
  'user_id' => '14',
  'code' => '043ZhhYw1kcHIg0Cki0x1zTsYw1ZhhYw',
  'rawData' => '{"nickName":"第三杯免票","gender":1,"language":"zh_CN","city":"Guangzhou","province":"Guangdong","country":"China","avatarUrl":"https://wx.qlogo.cn/mmopen/vi_32/fKtJn1fWibuFaGsiambNRMIWc6rfDV7iaqePKjlBc4LGkIbJRbceictichvs9d6FhGFSx5kHqPgW6ryDRTWXqIX5l5g/132"}',
)
