16:13:35|order:array (
  'id' => 74,
  'order_sn' => '210061583109048303201',
  'trade_no' => '',
  'uid' => 32,
  'order_status' => 10,
  'shipping_status' => 0,
  'pay_status' => 0,
  'consignee' => '3',
  'country' => 1,
  'province' => 440000,
  'city' => 440100,
  'district' => 440113,
  'address' => '广东省广州市番禺区31',
  'mobile' => '13531513613',
  'postscript' => '暂无留言',
  'shipping_fee' => '0.00',
  'pay_name' => '微信支付',
  'pay_id' => 1,
  'actual_price' => '0.01',
  'integral' => 0,
  'integral_money' => '0.00',
  'order_price' => '0.01',
  'goods_price' => '0.01',
  'add_time' => '2019-07-07 16:11:30',
  'confirm_time' => '1970-01-01 08:00:01',
  'pay_time' => 0,
  'freight_price' => 0,
  'coupon_id' => 0,
  'parent_id' => 0,
  'coupon_price' => '0.00',
  'callback_status' => 0,
  'shop_id' => 9,
  'created_at' => '2019-07-07 16:11:30',
  'updated_at' => '2019-07-07 16:11:30',
  'bargain_id' => 0,
)  result:array (
  'return_code' => 'SUCCESS',
  'return_msg' => 'OK',
  'appid' => 'wx6be14b9c1bbe7bc0',
  'mch_id' => '1543596541',
  'nonce_str' => 'bPiDAz4Z2l4fHFFp',
  'sign' => 'AF5D6E4095EC8163AD96D83C76202D24',
  'result_code' => 'SUCCESS',
  'prepay_id' => 'wx071613358183098b1afdd0371672187700',
  'trade_type' => 'JSAPI',
)
| GET:array (
  'order_id' => '74',
  'user_id' => '32',
  'code' => '023j8AKc1419Tw0jI2Kc1KfZKc1j8AKJ',
  'rawData' => '{"nickName":"ovlia","gender":0,"language":"zh_CN","city":"","province":"","country":"","avatarUrl":""}',
)
16:24:31|order:array (
  'id' => 75,
  'order_sn' => '256061583186570103201',
  'trade_no' => '',
  'uid' => 32,
  'order_status' => 10,
  'shipping_status' => 0,
  'pay_status' => 0,
  'consignee' => '3',
  'country' => 1,
  'province' => 440000,
  'city' => 440100,
  'district' => 440113,
  'address' => '广东省广州市番禺区祈福新邨31',
  'mobile' => '13531513613',
  'postscript' => '暂无留言',
  'shipping_fee' => '0.00',
  'pay_name' => '微信支付',
  'pay_id' => 1,
  'actual_price' => '0.01',
  'integral' => 0,
  'integral_money' => '0.00',
  'order_price' => '0.01',
  'goods_price' => '0.01',
  'add_time' => '2019-07-07 16:24:25',
  'confirm_time' => '1970-01-01 08:00:01',
  'pay_time' => 0,
  'freight_price' => 0,
  'coupon_id' => 0,
  'parent_id' => 0,
  'coupon_price' => '0.00',
  'callback_status' => 0,
  'shop_id' => 9,
  'created_at' => '2019-07-07 16:24:25',
  'updated_at' => '2019-07-07 16:24:25',
  'bargain_id' => 0,
)  result:array (
  'return_code' => 'SUCCESS',
  'return_msg' => 'OK',
  'appid' => 'wx6be14b9c1bbe7bc0',
  'mch_id' => '1543596541',
  'nonce_str' => 'PaqY0yVVHe7KOhyL',
  'sign' => '9718CC57FF7C42DFA573ABA423B7ACF5',
  'result_code' => 'SUCCESS',
  'prepay_id' => 'wx0716243185307506033ace561977270700',
  'trade_type' => 'JSAPI',
)
| GET:array (
  'order_id' => '75',
  'user_id' => '32',
  'code' => '023j8AKc1419Tw0jI2Kc1KfZKc1j8AKJ',
  'rawData' => '{"nickName":"ovlia","gender":0,"language":"zh_CN","city":"","province":"","country":"","avatarUrl":""}',
)
18:09:57|order:array (
  'id' => 76,
  'order_sn' => '223061583819614703201',
  'trade_no' => '',
  'uid' => 32,
  'order_status' => 10,
  'shipping_status' => 0,
  'pay_status' => 0,
  'consignee' => '3',
  'country' => 1,
  'province' => 440000,
  'city' => 440100,
  'district' => 440113,
  'address' => '广东省广州市番禺区祈福新邨31',
  'mobile' => '13531513613',
  'postscript' => '暂无留言',
  'shipping_fee' => '0.00',
  'pay_name' => '微信支付',
  'pay_id' => 1,
  'actual_price' => '0.01',
  'integral' => 0,
  'integral_money' => '0.00',
  'order_price' => '0.01',
  'goods_price' => '0.01',
  'add_time' => '2019-07-07 18:09:56',
  'confirm_time' => '1970-01-01 08:00:01',
  'pay_time' => 0,
  'freight_price' => 0,
  'coupon_id' => 0,
  'parent_id' => 0,
  'coupon_price' => '0.00',
  'callback_status' => 0,
  'shop_id' => 9,
  'created_at' => '2019-07-07 18:09:56',
  'updated_at' => '2019-07-07 18:09:56',
  'bargain_id' => 0,
)  result:array (
  'return_code' => 'SUCCESS',
  'return_msg' => 'OK',
  'appid' => 'wx6be14b9c1bbe7bc0',
  'mch_id' => '1543596541',
  'nonce_str' => 'hSA7ACTHpT7McJAt',
  'sign' => '96D1BA579AFD365A718951E5223A0DDD',
  'result_code' => 'SUCCESS',
  'prepay_id' => 'wx07180957892833efe8c984231629710700',
  'trade_type' => 'JSAPI',
)
| GET:array (
  'order_id' => '76',
  'user_id' => '32',
  'code' => '023j8AKc1419Tw0jI2Kc1KfZKc1j8AKJ',
  'rawData' => '{"nickName":"ovlia","gender":0,"language":"zh_CN","city":"","province":"","country":"","avatarUrl":""}',
)
